#
# A fatal error has been detected by the Java Runtime Environment:
#
#  EXCEPTION_ACCESS_VIOLATION (0xc0000005) at pc=0x00007ff91e216a87, pid=29316, tid=23148
#
# JRE version: Java(TM) SE Runtime Environment (17.0.2+8) (build 17.0.2+8-LTS-86)
# Java VM: Java HotSpot(TM) 64-Bit Server VM (17.0.2+8-LTS-86, mixed mode, sharing, tiered, compressed oops, compressed class ptrs, g1 gc, windows-amd64)
# Problematic frame:
# C  [glass.dll+0x26a87]
#
# No core dump will be written. Minidumps are not enabled by default on client versions of Windows
#
# If you would like to submit a bug report, please visit:
#   https://bugreport.java.com/bugreport/crash.jsp
#

---------------  S U M M A R Y ------------

Command Line: -javaagent:C:\Program Files\JetBrains\IntelliJ IDEA Community Edition 2021.3.2\lib\idea_rt.jar=64482:C:\Program Files\JetBrains\IntelliJ IDEA Community Edition 2021.3.2\bin -Dfile.encoding=UTF-8 --module-path=C:\Users\яв \.m2\repository\org\openjfx\javafx-graphics\17.0.1\javafx-graphics-17.0.1-win.jar;C:\Users\яв \.m2\repository\org\openjfx\javafx-base\17.0.1\javafx-base-17.0.1-win.jar;D:\BD\target\classes;C:\Users\яв \.m2\repository\org\openjfx\javafx-fxml\17.0.1\javafx-fxml-17.0.1-win.jar;C:\Users\яв \.m2\repository\org\openjfx\javafx-controls\17.0.1\javafx-controls-17.0.1-win.jar -Djdk.module.main=com.example.bd com.example.bd/com.example.bd.HelloApplication

Host: Intel(R) Core(TM) i5-8265U CPU @ 1.60GHz, 8 cores, 15G,  Windows 10 , 64 bit Build 19041 (10.0.19041.2251)
Time: Fri Dec 16 00:56:07 2022  Windows 10 , 64 bit Build 19041 (10.0.19041.2251) elapsed time: 116.805190 seconds (0d 0h 1m 56s)

---------------  T H R E A D  ---------------

Current thread (0x000002152414c770):  VMThread "VM Thread" [stack: 0x000000798d200000,0x000000798d300000] [id=23148]

Stack: [0x000000798d200000,0x000000798d300000],  sp=0x000000798d2ff400,  free space=1021k
Native frames: (J=compiled Java code, j=interpreted, Vv=VM code, C=native code)
C  [glass.dll+0x26a87]


siginfo: EXCEPTION_ACCESS_VIOLATION (0xc0000005), reading address 0x0000000000000000


Register to memory mapping:

RIP=0x00007ff91e216a87 glass.dll
RAX=0x0 is NULL
RBX=0x000002152415c728 is a global jni handle
RCX=0x000002152414c770 points into unknown readable memory: 0x00007ff8f9b9e890 | 90 e8 b9 f9 f8 7f 00 00
RDX=0x000000798d2ff400 points into unknown readable memory: 0x0000000000000000 | 00 00 00 00 00 00 00 00
RSP=0x000000798d2ff400 points into unknown readable memory: 0x0000000000000000 | 00 00 00 00 00 00 00 00
RBP=0x00000215255a61e8 points into unknown readable memory: 0x00000beb81d2c338 | 38 c3 d2 81 eb 0b 00 00
RSI=0x00000215255a61c0 points into unknown readable memory: 0x6c000b9478cce206 | 06 e2 cc 78 94 0b 00 6c
RDI=0x00000beb81d2c338 is an unknown value
R8 =0x0000000000010002 is an unknown value
R9 =0x00000beb81d2c338 is an unknown value
R10=0x0000000000008000 is an unknown value
R11=0x000000798d2ff390 points into unknown readable memory: 0x00000215255a61c0 | c0 61 5a 25 15 02 00 00
R12=0x00007ff91e214354 glass.dll
R13=0x00007ff8f9d449d0 jvm.dll
R14=0x000000798d2ff4f8 points into unknown readable memory: 0x000000798d2ff4e0 | e0 f4 2f 8d 79 00 00 00
R15=0x00000215255a61c0 points into unknown readable memory: 0x6c000b9478cce206 | 06 e2 cc 78 94 0b 00 6c


Registers:
RAX=0x0000000000000000, RBX=0x000002152415c728, RCX=0x000002152414c770, RDX=0x000000798d2ff400
RSP=0x000000798d2ff400, RBP=0x00000215255a61e8, RSI=0x00000215255a61c0, RDI=0x00000beb81d2c338
R8 =0x0000000000010002, R9 =0x00000beb81d2c338, R10=0x0000000000008000, R11=0x000000798d2ff390
R12=0x00007ff91e214354, R13=0x00007ff8f9d449d0, R14=0x000000798d2ff4f8, R15=0x00000215255a61c0
RIP=0x00007ff91e216a87, EFLAGS=0x0000000000010202

Top of Stack: (sp=0x000000798d2ff400)
0x000000798d2ff400:   0000000000000000 00000215255a61c0
0x000000798d2ff410:   00007ff8f9d449d0 00007ff91e214354
0x000000798d2ff420:   00000215255a61c8 00007ff9401d42d6
0x000000798d2ff430:   00000beb81d2c338 0000021500000000
0x000000798d2ff440:   00000215255a61e8 00000215255a61c0
0x000000798d2ff450:   fffffffffffffffe 0000000000000000
0x000000798d2ff460:   0000000000000001 00007ff91e1f0000
0x000000798d2ff470:   000000798d2ff4e8 00007ff9401d41fb
0x000000798d2ff480:   0000000000000000 000000798d2ff4f8
0x000000798d2ff490:   000000798d2ff7c0 00007ff9402b0e40
0x000000798d2ff4a0:   0000000000000001 00007ff9401d41b4
0x000000798d2ff4b0:   0000000000000000 0000000000000001
0x000000798d2ff4c0:   00007ff800000001 000000798d2ff4e8
0x000000798d2ff4d0:   0000000000000000 00007ff91e2141e1
0x000000798d2ff4e0:   00007ff91e22a138 00007ff900000002
0x000000798d2ff4f0:   0000000000000002 000000798d2ff4e0 

Instructions: (pc=0x00007ff91e216a87)
0x00007ff91e216987:   8b 4d 58 e8 01 cf ff ff 48 8b 4d 60 e8 f8 ce ff
0x00007ff91e216997:   ff 48 8b 95 80 00 00 00 48 8b 8d 18 01 00 00 e8
0x00007ff91e2169a7:   c6 c3 ff ff 33 d2 33 c9 e8 3c e1 ff ff 90 48 89
0x00007ff91e2169b7:   54 24 10 55 48 83 ec 20 48 8b ea 48 b8 00 00 00
0x00007ff91e2169c7:   00 00 00 00 00 48 83 c4 20 5d c3 cc 40 55 48 8b
0x00007ff91e2169d7:   ea 48 8b 01 33 c9 81 38 05 00 00 c0 0f 94 c1 8b
0x00007ff91e2169e7:   c1 5d c3 cc 40 55 48 83 ec 20 48 8b ea 8a 4d 40
0x00007ff91e2169f7:   48 83 c4 20 5d e9 f7 d2 ff ff cc 40 55 48 83 ec
0x00007ff91e216a07:   20 48 8b ea 8a 4d 20 e8 e5 d2 ff ff 90 48 83 c4
0x00007ff91e216a17:   20 5d c3 cc 40 55 48 83 ec 20 48 8b ea 48 83 c4
0x00007ff91e216a27:   20 5d e9 46 d1 ff ff cc 40 55 48 83 ec 30 48 8b
0x00007ff91e216a37:   ea 48 8b 01 8b 10 48 89 4c 24 28 89 54 24 20 4c
0x00007ff91e216a47:   8d 0d e7 d5 ff ff 4c 8b 45 70 8b 55 68 48 8b 4d
0x00007ff91e216a57:   60 e8 87 d0 ff ff 90 48 83 c4 30 5d c3 cc cc cc
0x00007ff91e216a67:   cc cc cc cc cc cc cc cc cc 40 53 48 83 ec 20 48
0x00007ff91e216a77:   8b 1d b3 30 01 00 48 85 db 74 16 e8 09 8b ff ff
0x00007ff91e216a87:   4c 8b 00 48 8b d3 48 8b c8 41 ff 90 b0 00 00 00
0x00007ff91e216a97:   90 48 83 c4 20 5b c3 cc cc 40 53 48 83 ec 20 48
0x00007ff91e216aa7:   8b 1d 2b 32 01 00 48 85 db 74 57 b8 ff ff ff ff
0x00007ff91e216ab7:   f0 0f c1 43 10 83 f8 01 75 3d 48 85 db 74 38 48
0x00007ff91e216ac7:   8b 0b 48 85 c9 74 0d ff 15 d4 07 00 00 48 c7 03
0x00007ff91e216ad7:   00 00 00 00 48 8b 4b 08 48 85 c9 74 0d e8 a7 cd
0x00007ff91e216ae7:   ff ff 48 c7 43 08 00 00 00 00 ba 18 00 00 00 48
0x00007ff91e216af7:   8b cb e8 92 cd ff ff 48 c7 05 cf 31 01 00 00 00
0x00007ff91e216b07:   00 00 48 83 c4 20 5b c3 cc 40 53 48 83 ec 20 48
0x00007ff91e216b17:   8b 1d 9b 31 01 00 48 85 db 74 57 b8 ff ff ff ff
0x00007ff91e216b27:   f0 0f c1 43 10 83 f8 01 75 3d 48 85 db 74 38 48
0x00007ff91e216b37:   8b 0b 48 85 c9 74 0d ff 15 64 07 00 00 48 c7 03
0x00007ff91e216b47:   00 00 00 00 48 8b 4b 08 48 85 c9 74 0d e8 37 cd
0x00007ff91e216b57:   ff ff 48 c7 43 08 00 00 00 00 ba 18 00 00 00 48
0x00007ff91e216b67:   8b cb e8 22 cd ff ff 48 c7 05 3f 31 01 00 00 00
0x00007ff91e216b77:   00 00 48 83 c4 20 5b c3 cc 40 53 48 83 ec 20 48 


Stack slot to memory mapping:
stack at sp + 0 slots: 0x0 is NULL
stack at sp + 1 slots: 0x00000215255a61c0 points into unknown readable memory: 0x6c000b9478cce206 | 06 e2 cc 78 94 0b 00 6c
stack at sp + 2 slots: 0x00007ff8f9d449d0 jvm.dll
stack at sp + 3 slots: 0x00007ff91e214354 glass.dll
stack at sp + 4 slots: 0x00000215255a61c8 points into unknown readable memory: 0x00000beb81d2c338 | 38 c3 d2 81 eb 0b 00 00
stack at sp + 5 slots: 0x00007ff9401d42d6 ucrtbase.dll
stack at sp + 6 slots: 0x00000beb81d2c338 is an unknown value
stack at sp + 7 slots: 0x0000021500000000 points into unknown readable memory: 0x0000000000001400 | 00 14 00 00 00 00 00 00

VM_Operation (0x000000798c9fee80): Exit, mode: safepoint, requested by thread 0x000002152a0d6250


---------------  P R O C E S S  ---------------

Threads class SMR info:
_java_thread_list=0x00000215250b5160, length=21, elements={
0x000002157f960a40, 0x0000021524151770, 0x00000215241525e0, 0x000002152416ac00,
0x000002152416d9c0, 0x000002152416e370, 0x000002152416ed20, 0x000002152416fab0,
0x0000021524170550, 0x0000021524172f50, 0x000002152413cd40, 0x0000021525442070,
0x000002152536f2f0, 0x000002152556ded0, 0x0000021525612050, 0x0000021525615560,
0x0000021529c108a0, 0x0000021529c31eb0, 0x0000021529e3d3b0, 0x000002152a0d6bf0,
0x000002152a0d6250
}

Java Threads: ( => current thread )
  0x000002157f960a40 JavaThread "main" [_thread_blocked, id=28232, stack(0x000000798cc00000,0x000000798cd00000)]
  0x0000021524151770 JavaThread "Reference Handler" daemon [_thread_blocked, id=38584, stack(0x000000798d300000,0x000000798d400000)]
  0x00000215241525e0 JavaThread "Finalizer" daemon [_thread_blocked, id=19608, stack(0x000000798d400000,0x000000798d500000)]
  0x000002152416ac00 JavaThread "Signal Dispatcher" daemon [_thread_blocked, id=39764, stack(0x000000798d500000,0x000000798d600000)]
  0x000002152416d9c0 JavaThread "Attach Listener" daemon [_thread_blocked, id=17576, stack(0x000000798d600000,0x000000798d700000)]
  0x000002152416e370 JavaThread "Service Thread" daemon [_thread_blocked, id=26588, stack(0x000000798d700000,0x000000798d800000)]
  0x000002152416ed20 JavaThread "Monitor Deflation Thread" daemon [_thread_blocked, id=16012, stack(0x000000798d800000,0x000000798d900000)]
  0x000002152416fab0 JavaThread "C2 CompilerThread0" daemon [_thread_blocked, id=34384, stack(0x000000798d900000,0x000000798da00000)]
  0x0000021524170550 JavaThread "C1 CompilerThread0" daemon [_thread_blocked, id=7064, stack(0x000000798da00000,0x000000798db00000)]
  0x0000021524172f50 JavaThread "Sweeper thread" daemon [_thread_blocked, id=39852, stack(0x000000798db00000,0x000000798dc00000)]
  0x000002152413cd40 JavaThread "Common-Cleaner" daemon [_thread_blocked, id=26584, stack(0x000000798dc00000,0x000000798dd00000)]
  0x0000021525442070 JavaThread "Monitor Ctrl-Break" daemon [_thread_in_native, id=22620, stack(0x000000798df00000,0x000000798e000000)]
  0x000002152536f2f0 JavaThread "Notification Thread" daemon [_thread_blocked, id=36660, stack(0x000000798e000000,0x000000798e100000)]
  0x000002152556ded0 JavaThread "QuantumRenderer-0" daemon [_thread_blocked, id=33164, stack(0x000000798dd00000,0x000000798de00000)]
  0x0000021525612050 JavaThread "InvokeLaterDispatcher" daemon [_thread_blocked, id=38756, stack(0x000000798de00000,0x000000798df00000)]
  0x0000021525615560 JavaThread "JavaFX Application Thread" [_thread_in_native, id=27992, stack(0x000000798e200000,0x000000798e300000)]
  0x0000021529c108a0 JavaThread "Thread-1" daemon [_thread_in_native, id=17448, stack(0x000000798e600000,0x000000798e700000)]
  0x0000021529c31eb0 JavaThread "JavaFX-Launcher" [_thread_blocked, id=26116, stack(0x000000798e700000,0x000000798e800000)]
  0x0000021529e3d3b0 JavaThread "Prism Font Disposer" daemon [_thread_blocked, id=36424, stack(0x000000798f300000,0x000000798f400000)]
  0x000002152a0d6bf0 JavaThread "Cleaner-0" daemon [_thread_blocked, id=39372, stack(0x000000798f400000,0x000000798f500000)]
  0x000002152a0d6250 JavaThread "SIGINT handler" daemon [_thread_blocked, id=23940, stack(0x000000798c900000,0x000000798ca00000)]

Other Threads:
=>0x000002152414c770 VMThread "VM Thread" [stack: 0x000000798d200000,0x000000798d300000] [id=23148]
  0x000002157f9af9a0 GCTaskThread "GC Thread#0" [stack: 0x000000798cd00000,0x000000798ce00000] [id=36940]
  0x0000021529cbdc00 GCTaskThread "GC Thread#1" [stack: 0x000000798e800000,0x000000798e900000] [id=23904]
  0x0000021529bc3370 GCTaskThread "GC Thread#2" [stack: 0x000000798e900000,0x000000798ea00000] [id=23320]
  0x0000021529c90130 GCTaskThread "GC Thread#3" [stack: 0x000000798ea00000,0x000000798eb00000] [id=17160]
  0x0000021529bc6b20 GCTaskThread "GC Thread#4" [stack: 0x000000798eb00000,0x000000798ec00000] [id=26864]
  0x0000021529cb87b0 GCTaskThread "GC Thread#5" [stack: 0x000000798ec00000,0x000000798ed00000] [id=37100]
  0x0000021529d15c60 GCTaskThread "GC Thread#6" [stack: 0x000000798ed00000,0x000000798ee00000] [id=29676]
  0x0000021529d15f10 GCTaskThread "GC Thread#7" [stack: 0x000000798ee00000,0x000000798ef00000] [id=11212]
  0x000002157f9c0560 ConcurrentGCThread "G1 Main Marker" terminated
  0x000002157f9c1710 ConcurrentGCThread "G1 Conc#0" [stack: 0x000000798cf00000,0x000000798d000000] [id=17248]
  0x000002157fa3da40 ConcurrentGCThread "G1 Refine#0" terminated
  0x000002157fa3e460 ConcurrentGCThread "G1 Service" terminated

Threads with active compile tasks:

VM state: at safepoint (shutting down)

VM Mutex/Monitor currently owned by a thread:  ([mutex/lock_event])
[0x000002157f95ce90] Threads_lock - owner thread: 0x000002152414c770
[0x000002157f95c980] Heap_lock - owner thread: 0x000002152a0d6250

Heap address: 0x0000000703800000, size: 4040 MB, Compressed Oops mode: Zero based, Oop shift amount: 3

CDS archive(s) mapped at: [0x0000000800000000-0x0000000800bc0000-0x0000000800bc0000), size 12320768, SharedBaseAddress: 0x0000000800000000, ArchiveRelocationMode: 0.
Compressed class space mapped at: 0x0000000800c00000-0x0000000840c00000, reserved size: 1073741824
Narrow klass base: 0x0000000800000000, Narrow klass shift: 0, Narrow klass range: 0x100000000

GC Precious Log:
 CPUs: 8 total, 8 available
 Memory: 16155M
 Large Page Support: Disabled
 NUMA Support: Disabled
 Compressed Oops: Enabled (Zero based)
 Heap Region Size: 2M
 Heap Min Capacity: 8M
 Heap Initial Capacity: 254M
 Heap Max Capacity: 4040M
 Pre-touch: Disabled
 Parallel Workers: 8
 Concurrent Workers: 2
 Concurrent Refinement Workers: 8
 Periodic GC: Disabled

Heap:
 garbage-first heap   total 260096K, used 48389K [0x0000000703800000, 0x0000000800000000)
  region size 2048K, 23 young (47104K), 3 survivors (6144K)
 Metaspace       used 21039K, committed 21312K, reserved 1073152K
  class space    used 2887K, committed 3008K, reserved 1048576K

Heap Regions: E=young(eden), S=young(survivor), O=old, HS=humongous(starts), HC=humongous(continues), CS=collection set, F=free, OA=open archive, CA=closed archive, TAMS=top-at-mark-start (previous, next)
|   0|0x0000000703800000, 0x0000000703a00000, 0x0000000703a00000|100%| O|  |TAMS 0x0000000703800000, 0x0000000703800000| Untracked 
|   1|0x0000000703a00000, 0x0000000703b0c200, 0x0000000703c00000| 52%| O|  |TAMS 0x0000000703a00000, 0x0000000703a00000| Untracked 
|   2|0x0000000703c00000, 0x0000000703e00000, 0x0000000703e00000|100%|HS|  |TAMS 0x0000000703c00000, 0x0000000703c00000| Complete 
|   3|0x0000000703e00000, 0x0000000703e00000, 0x0000000704000000|  0%| F|  |TAMS 0x0000000703e00000, 0x0000000703e00000| Untracked 
|   4|0x0000000704000000, 0x0000000704000000, 0x0000000704200000|  0%| F|  |TAMS 0x0000000704000000, 0x0000000704000000| Untracked 
|   5|0x0000000704200000, 0x0000000704200000, 0x0000000704400000|  0%| F|  |TAMS 0x0000000704200000, 0x0000000704200000| Untracked 
|   6|0x0000000704400000, 0x0000000704400000, 0x0000000704600000|  0%| F|  |TAMS 0x0000000704400000, 0x0000000704400000| Untracked 
|   7|0x0000000704600000, 0x0000000704600000, 0x0000000704800000|  0%| F|  |TAMS 0x0000000704600000, 0x0000000704600000| Untracked 
|   8|0x0000000704800000, 0x0000000704800000, 0x0000000704a00000|  0%| F|  |TAMS 0x0000000704800000, 0x0000000704800000| Untracked 
|   9|0x0000000704a00000, 0x0000000704a00000, 0x0000000704c00000|  0%| F|  |TAMS 0x0000000704a00000, 0x0000000704a00000| Untracked 
|  10|0x0000000704c00000, 0x0000000704c00000, 0x0000000704e00000|  0%| F|  |TAMS 0x0000000704c00000, 0x0000000704c00000| Untracked 
|  11|0x0000000704e00000, 0x0000000704e00000, 0x0000000705000000|  0%| F|  |TAMS 0x0000000704e00000, 0x0000000704e00000| Untracked 
|  12|0x0000000705000000, 0x0000000705000000, 0x0000000705200000|  0%| F|  |TAMS 0x0000000705000000, 0x0000000705000000| Untracked 
|  13|0x0000000705200000, 0x0000000705200000, 0x0000000705400000|  0%| F|  |TAMS 0x0000000705200000, 0x0000000705200000| Untracked 
|  14|0x0000000705400000, 0x0000000705400000, 0x0000000705600000|  0%| F|  |TAMS 0x0000000705400000, 0x0000000705400000| Untracked 
|  15|0x0000000705600000, 0x0000000705600000, 0x0000000705800000|  0%| F|  |TAMS 0x0000000705600000, 0x0000000705600000| Untracked 
|  16|0x0000000705800000, 0x0000000705800000, 0x0000000705a00000|  0%| F|  |TAMS 0x0000000705800000, 0x0000000705800000| Untracked 
|  17|0x0000000705a00000, 0x0000000705a00000, 0x0000000705c00000|  0%| F|  |TAMS 0x0000000705a00000, 0x0000000705a00000| Untracked 
|  18|0x0000000705c00000, 0x0000000705c00000, 0x0000000705e00000|  0%| F|  |TAMS 0x0000000705c00000, 0x0000000705c00000| Untracked 
|  19|0x0000000705e00000, 0x0000000705e00000, 0x0000000706000000|  0%| F|  |TAMS 0x0000000705e00000, 0x0000000705e00000| Untracked 
|  20|0x0000000706000000, 0x0000000706000000, 0x0000000706200000|  0%| F|  |TAMS 0x0000000706000000, 0x0000000706000000| Untracked 
|  21|0x0000000706200000, 0x0000000706200000, 0x0000000706400000|  0%| F|  |TAMS 0x0000000706200000, 0x0000000706200000| Untracked 
|  22|0x0000000706400000, 0x0000000706400000, 0x0000000706600000|  0%| F|  |TAMS 0x0000000706400000, 0x0000000706400000| Untracked 
|  23|0x0000000706600000, 0x0000000706600000, 0x0000000706800000|  0%| F|  |TAMS 0x0000000706600000, 0x0000000706600000| Untracked 
|  24|0x0000000706800000, 0x0000000706800000, 0x0000000706a00000|  0%| F|  |TAMS 0x0000000706800000, 0x0000000706800000| Untracked 
|  25|0x0000000706a00000, 0x0000000706a00000, 0x0000000706c00000|  0%| F|  |TAMS 0x0000000706a00000, 0x0000000706a00000| Untracked 
|  26|0x0000000706c00000, 0x0000000706c00000, 0x0000000706e00000|  0%| F|  |TAMS 0x0000000706c00000, 0x0000000706c00000| Untracked 
|  27|0x0000000706e00000, 0x0000000706e00000, 0x0000000707000000|  0%| F|  |TAMS 0x0000000706e00000, 0x0000000706e00000| Untracked 
|  28|0x0000000707000000, 0x0000000707000000, 0x0000000707200000|  0%| F|  |TAMS 0x0000000707000000, 0x0000000707000000| Untracked 
|  29|0x0000000707200000, 0x0000000707200000, 0x0000000707400000|  0%| F|  |TAMS 0x0000000707200000, 0x0000000707200000| Untracked 
|  30|0x0000000707400000, 0x0000000707400000, 0x0000000707600000|  0%| F|  |TAMS 0x0000000707400000, 0x0000000707400000| Untracked 
|  31|0x0000000707600000, 0x0000000707600000, 0x0000000707800000|  0%| F|  |TAMS 0x0000000707600000, 0x0000000707600000| Untracked 
|  32|0x0000000707800000, 0x0000000707800000, 0x0000000707a00000|  0%| F|  |TAMS 0x0000000707800000, 0x0000000707800000| Untracked 
|  33|0x0000000707a00000, 0x0000000707a00000, 0x0000000707c00000|  0%| F|  |TAMS 0x0000000707a00000, 0x0000000707a00000| Untracked 
|  34|0x0000000707c00000, 0x0000000707c00000, 0x0000000707e00000|  0%| F|  |TAMS 0x0000000707c00000, 0x0000000707c00000| Untracked 
|  35|0x0000000707e00000, 0x0000000707e00000, 0x0000000708000000|  0%| F|  |TAMS 0x0000000707e00000, 0x0000000707e00000| Untracked 
|  36|0x0000000708000000, 0x0000000708000000, 0x0000000708200000|  0%| F|  |TAMS 0x0000000708000000, 0x0000000708000000| Untracked 
|  37|0x0000000708200000, 0x0000000708200000, 0x0000000708400000|  0%| F|  |TAMS 0x0000000708200000, 0x0000000708200000| Untracked 
|  38|0x0000000708400000, 0x0000000708400000, 0x0000000708600000|  0%| F|  |TAMS 0x0000000708400000, 0x0000000708400000| Untracked 
|  39|0x0000000708600000, 0x0000000708600000, 0x0000000708800000|  0%| F|  |TAMS 0x0000000708600000, 0x0000000708600000| Untracked 
|  40|0x0000000708800000, 0x0000000708800000, 0x0000000708a00000|  0%| F|  |TAMS 0x0000000708800000, 0x0000000708800000| Untracked 
|  41|0x0000000708a00000, 0x0000000708a00000, 0x0000000708c00000|  0%| F|  |TAMS 0x0000000708a00000, 0x0000000708a00000| Untracked 
|  42|0x0000000708c00000, 0x0000000708c00000, 0x0000000708e00000|  0%| F|  |TAMS 0x0000000708c00000, 0x0000000708c00000| Untracked 
|  43|0x0000000708e00000, 0x0000000708e00000, 0x0000000709000000|  0%| F|  |TAMS 0x0000000708e00000, 0x0000000708e00000| Untracked 
|  44|0x0000000709000000, 0x0000000709000000, 0x0000000709200000|  0%| F|  |TAMS 0x0000000709000000, 0x0000000709000000| Untracked 
|  45|0x0000000709200000, 0x0000000709200000, 0x0000000709400000|  0%| F|  |TAMS 0x0000000709200000, 0x0000000709200000| Untracked 
|  46|0x0000000709400000, 0x0000000709400000, 0x0000000709600000|  0%| F|  |TAMS 0x0000000709400000, 0x0000000709400000| Untracked 
|  47|0x0000000709600000, 0x0000000709600000, 0x0000000709800000|  0%| F|  |TAMS 0x0000000709600000, 0x0000000709600000| Untracked 
|  48|0x0000000709800000, 0x0000000709800000, 0x0000000709a00000|  0%| F|  |TAMS 0x0000000709800000, 0x0000000709800000| Untracked 
|  49|0x0000000709a00000, 0x0000000709a00000, 0x0000000709c00000|  0%| F|  |TAMS 0x0000000709a00000, 0x0000000709a00000| Untracked 
|  50|0x0000000709c00000, 0x0000000709c00000, 0x0000000709e00000|  0%| F|  |TAMS 0x0000000709c00000, 0x0000000709c00000| Untracked 
|  51|0x0000000709e00000, 0x0000000709e00000, 0x000000070a000000|  0%| F|  |TAMS 0x0000000709e00000, 0x0000000709e00000| Untracked 
|  52|0x000000070a000000, 0x000000070a000000, 0x000000070a200000|  0%| F|  |TAMS 0x000000070a000000, 0x000000070a000000| Untracked 
|  53|0x000000070a200000, 0x000000070a200000, 0x000000070a400000|  0%| F|  |TAMS 0x000000070a200000, 0x000000070a200000| Untracked 
|  54|0x000000070a400000, 0x000000070a400000, 0x000000070a600000|  0%| F|  |TAMS 0x000000070a400000, 0x000000070a400000| Untracked 
|  55|0x000000070a600000, 0x000000070a600000, 0x000000070a800000|  0%| F|  |TAMS 0x000000070a600000, 0x000000070a600000| Untracked 
|  56|0x000000070a800000, 0x000000070a800000, 0x000000070aa00000|  0%| F|  |TAMS 0x000000070a800000, 0x000000070a800000| Untracked 
|  57|0x000000070aa00000, 0x000000070aa00000, 0x000000070ac00000|  0%| F|  |TAMS 0x000000070aa00000, 0x000000070aa00000| Untracked 
|  58|0x000000070ac00000, 0x000000070ac00000, 0x000000070ae00000|  0%| F|  |TAMS 0x000000070ac00000, 0x000000070ac00000| Untracked 
|  59|0x000000070ae00000, 0x000000070ae00000, 0x000000070b000000|  0%| F|  |TAMS 0x000000070ae00000, 0x000000070ae00000| Untracked 
|  60|0x000000070b000000, 0x000000070b000000, 0x000000070b200000|  0%| F|  |TAMS 0x000000070b000000, 0x000000070b000000| Untracked 
|  61|0x000000070b200000, 0x000000070b200000, 0x000000070b400000|  0%| F|  |TAMS 0x000000070b200000, 0x000000070b200000| Untracked 
|  62|0x000000070b400000, 0x000000070b400000, 0x000000070b600000|  0%| F|  |TAMS 0x000000070b400000, 0x000000070b400000| Untracked 
|  63|0x000000070b600000, 0x000000070b600000, 0x000000070b800000|  0%| F|  |TAMS 0x000000070b600000, 0x000000070b600000| Untracked 
|  64|0x000000070b800000, 0x000000070b800000, 0x000000070ba00000|  0%| F|  |TAMS 0x000000070b800000, 0x000000070b800000| Untracked 
|  65|0x000000070ba00000, 0x000000070ba00000, 0x000000070bc00000|  0%| F|  |TAMS 0x000000070ba00000, 0x000000070ba00000| Untracked 
|  66|0x000000070bc00000, 0x000000070bc00000, 0x000000070be00000|  0%| F|  |TAMS 0x000000070bc00000, 0x000000070bc00000| Untracked 
|  67|0x000000070be00000, 0x000000070be00000, 0x000000070c000000|  0%| F|  |TAMS 0x000000070be00000, 0x000000070be00000| Untracked 
|  68|0x000000070c000000, 0x000000070c000000, 0x000000070c200000|  0%| F|  |TAMS 0x000000070c000000, 0x000000070c000000| Untracked 
|  69|0x000000070c200000, 0x000000070c200000, 0x000000070c400000|  0%| F|  |TAMS 0x000000070c200000, 0x000000070c200000| Untracked 
|  70|0x000000070c400000, 0x000000070c400000, 0x000000070c600000|  0%| F|  |TAMS 0x000000070c400000, 0x000000070c400000| Untracked 
|  71|0x000000070c600000, 0x000000070c600000, 0x000000070c800000|  0%| F|  |TAMS 0x000000070c600000, 0x000000070c600000| Untracked 
|  72|0x000000070c800000, 0x000000070c800000, 0x000000070ca00000|  0%| F|  |TAMS 0x000000070c800000, 0x000000070c800000| Untracked 
|  73|0x000000070ca00000, 0x000000070ca00000, 0x000000070cc00000|  0%| F|  |TAMS 0x000000070ca00000, 0x000000070ca00000| Untracked 
|  74|0x000000070cc00000, 0x000000070cc00000, 0x000000070ce00000|  0%| F|  |TAMS 0x000000070cc00000, 0x000000070cc00000| Untracked 
|  75|0x000000070ce00000, 0x000000070ce00000, 0x000000070d000000|  0%| F|  |TAMS 0x000000070ce00000, 0x000000070ce00000| Untracked 
|  76|0x000000070d000000, 0x000000070d000000, 0x000000070d200000|  0%| F|  |TAMS 0x000000070d000000, 0x000000070d000000| Untracked 
|  77|0x000000070d200000, 0x000000070d200000, 0x000000070d400000|  0%| F|  |TAMS 0x000000070d200000, 0x000000070d200000| Untracked 
|  78|0x000000070d400000, 0x000000070d400000, 0x000000070d600000|  0%| F|  |TAMS 0x000000070d400000, 0x000000070d400000| Untracked 
|  79|0x000000070d600000, 0x000000070d600000, 0x000000070d800000|  0%| F|  |TAMS 0x000000070d600000, 0x000000070d600000| Untracked 
|  80|0x000000070d800000, 0x000000070d800000, 0x000000070da00000|  0%| F|  |TAMS 0x000000070d800000, 0x000000070d800000| Untracked 
|  81|0x000000070da00000, 0x000000070da00000, 0x000000070dc00000|  0%| F|  |TAMS 0x000000070da00000, 0x000000070da00000| Untracked 
|  82|0x000000070dc00000, 0x000000070dc00000, 0x000000070de00000|  0%| F|  |TAMS 0x000000070dc00000, 0x000000070dc00000| Untracked 
|  83|0x000000070de00000, 0x000000070de00000, 0x000000070e000000|  0%| F|  |TAMS 0x000000070de00000, 0x000000070de00000| Untracked 
|  84|0x000000070e000000, 0x000000070e000000, 0x000000070e200000|  0%| F|  |TAMS 0x000000070e000000, 0x000000070e000000| Untracked 
|  85|0x000000070e200000, 0x000000070e200000, 0x000000070e400000|  0%| F|  |TAMS 0x000000070e200000, 0x000000070e200000| Untracked 
|  86|0x000000070e400000, 0x000000070e400000, 0x000000070e600000|  0%| F|  |TAMS 0x000000070e400000, 0x000000070e400000| Untracked 
|  87|0x000000070e600000, 0x000000070e600000, 0x000000070e800000|  0%| F|  |TAMS 0x000000070e600000, 0x000000070e600000| Untracked 
|  88|0x000000070e800000, 0x000000070e800000, 0x000000070ea00000|  0%| F|  |TAMS 0x000000070e800000, 0x000000070e800000| Untracked 
|  89|0x000000070ea00000, 0x000000070ea00000, 0x000000070ec00000|  0%| F|  |TAMS 0x000000070ea00000, 0x000000070ea00000| Untracked 
|  90|0x000000070ec00000, 0x000000070ec00000, 0x000000070ee00000|  0%| F|  |TAMS 0x000000070ec00000, 0x000000070ec00000| Untracked 
|  91|0x000000070ee00000, 0x000000070ee00000, 0x000000070f000000|  0%| F|  |TAMS 0x000000070ee00000, 0x000000070ee00000| Untracked 
|  92|0x000000070f000000, 0x000000070f000000, 0x000000070f200000|  0%| F|  |TAMS 0x000000070f000000, 0x000000070f000000| Untracked 
|  93|0x000000070f200000, 0x000000070f200000, 0x000000070f400000|  0%| F|  |TAMS 0x000000070f200000, 0x000000070f200000| Untracked 
|  94|0x000000070f400000, 0x000000070f400000, 0x000000070f600000|  0%| F|  |TAMS 0x000000070f400000, 0x000000070f400000| Untracked 
|  95|0x000000070f600000, 0x000000070f600000, 0x000000070f800000|  0%| F|  |TAMS 0x000000070f600000, 0x000000070f600000| Untracked 
|  96|0x000000070f800000, 0x000000070f800000, 0x000000070fa00000|  0%| F|  |TAMS 0x000000070f800000, 0x000000070f800000| Untracked 
|  97|0x000000070fa00000, 0x000000070fa00000, 0x000000070fc00000|  0%| F|  |TAMS 0x000000070fa00000, 0x000000070fa00000| Untracked 
|  98|0x000000070fc00000, 0x000000070fc00000, 0x000000070fe00000|  0%| F|  |TAMS 0x000000070fc00000, 0x000000070fc00000| Untracked 
|  99|0x000000070fe00000, 0x000000070fe00000, 0x0000000710000000|  0%| F|  |TAMS 0x000000070fe00000, 0x000000070fe00000| Untracked 
| 100|0x0000000710000000, 0x0000000710000000, 0x0000000710200000|  0%| F|  |TAMS 0x0000000710000000, 0x0000000710000000| Untracked 
| 101|0x0000000710200000, 0x0000000710200000, 0x0000000710400000|  0%| F|  |TAMS 0x0000000710200000, 0x0000000710200000| Untracked 
| 102|0x0000000710400000, 0x0000000710400000, 0x0000000710600000|  0%| F|  |TAMS 0x0000000710400000, 0x0000000710400000| Untracked 
| 103|0x0000000710600000, 0x0000000710600000, 0x0000000710800000|  0%| F|  |TAMS 0x0000000710600000, 0x0000000710600000| Untracked 
| 104|0x0000000710800000, 0x00000007109c1090, 0x0000000710a00000| 87%| E|  |TAMS 0x0000000710800000, 0x0000000710800000| Complete 
| 105|0x0000000710a00000, 0x0000000710c00000, 0x0000000710c00000|100%| E|CS|TAMS 0x0000000710a00000, 0x0000000710a00000| Complete 
| 106|0x0000000710c00000, 0x0000000710c35310, 0x0000000710e00000| 10%| S|CS|TAMS 0x0000000710c00000, 0x0000000710c00000| Complete 
| 107|0x0000000710e00000, 0x0000000711000000, 0x0000000711000000|100%| S|CS|TAMS 0x0000000710e00000, 0x0000000710e00000| Complete 
| 108|0x0000000711000000, 0x0000000711200000, 0x0000000711200000|100%| S|CS|TAMS 0x0000000711000000, 0x0000000711000000| Complete 
| 109|0x0000000711200000, 0x0000000711400000, 0x0000000711400000|100%| E|CS|TAMS 0x0000000711200000, 0x0000000711200000| Complete 
| 110|0x0000000711400000, 0x0000000711600000, 0x0000000711600000|100%| E|CS|TAMS 0x0000000711400000, 0x0000000711400000| Complete 
| 111|0x0000000711600000, 0x0000000711800000, 0x0000000711800000|100%| E|CS|TAMS 0x0000000711600000, 0x0000000711600000| Complete 
| 112|0x0000000711800000, 0x0000000711a00000, 0x0000000711a00000|100%| E|CS|TAMS 0x0000000711800000, 0x0000000711800000| Complete 
| 113|0x0000000711a00000, 0x0000000711c00000, 0x0000000711c00000|100%| E|CS|TAMS 0x0000000711a00000, 0x0000000711a00000| Complete 
| 114|0x0000000711c00000, 0x0000000711e00000, 0x0000000711e00000|100%| E|CS|TAMS 0x0000000711c00000, 0x0000000711c00000| Complete 
| 115|0x0000000711e00000, 0x0000000712000000, 0x0000000712000000|100%| E|CS|TAMS 0x0000000711e00000, 0x0000000711e00000| Complete 
| 116|0x0000000712000000, 0x0000000712200000, 0x0000000712200000|100%| E|CS|TAMS 0x0000000712000000, 0x0000000712000000| Complete 
| 117|0x0000000712200000, 0x0000000712400000, 0x0000000712400000|100%| E|CS|TAMS 0x0000000712200000, 0x0000000712200000| Complete 
| 118|0x0000000712400000, 0x0000000712600000, 0x0000000712600000|100%| E|CS|TAMS 0x0000000712400000, 0x0000000712400000| Complete 
| 119|0x0000000712600000, 0x0000000712800000, 0x0000000712800000|100%| E|CS|TAMS 0x0000000712600000, 0x0000000712600000| Complete 
| 120|0x0000000712800000, 0x0000000712a00000, 0x0000000712a00000|100%| E|CS|TAMS 0x0000000712800000, 0x0000000712800000| Complete 
| 121|0x0000000712a00000, 0x0000000712c00000, 0x0000000712c00000|100%| E|CS|TAMS 0x0000000712a00000, 0x0000000712a00000| Complete 
| 122|0x0000000712c00000, 0x0000000712e00000, 0x0000000712e00000|100%| E|CS|TAMS 0x0000000712c00000, 0x0000000712c00000| Complete 
| 123|0x0000000712e00000, 0x0000000713000000, 0x0000000713000000|100%| E|CS|TAMS 0x0000000712e00000, 0x0000000712e00000| Complete 
| 124|0x0000000713000000, 0x0000000713200000, 0x0000000713200000|100%| E|CS|TAMS 0x0000000713000000, 0x0000000713000000| Complete 
| 125|0x0000000713200000, 0x0000000713400000, 0x0000000713400000|100%| E|CS|TAMS 0x0000000713200000, 0x0000000713200000| Complete 
| 126|0x0000000713400000, 0x0000000713600000, 0x0000000713600000|100%| E|CS|TAMS 0x0000000713400000, 0x0000000713400000| Complete 

Card table byte_map: [0x00000215188e0000,0x00000215190d0000] _byte_map_base: 0x00000215150c4000

Marking Bits (Prev, Next): (CMBitMap*) 0x000002157f9affb0, (CMBitMap*) 0x000002157f9afff0
 Prev Bits: [0x00000215198c0000, 0x000002151d7e0000)
 Next Bits: [0x000002151d7e0000, 0x0000021521700000)

Polling page: 0x000002157f4f0000

Metaspace:

Usage:
  Non-class:     17.73 MB used.
      Class:      2.82 MB used.
       Both:     20.55 MB used.

Virtual space:
  Non-class space:       24.00 MB reserved,      17.88 MB ( 74%) committed,  3 nodes.
      Class space:        1.00 GB reserved,       2.94 MB ( <1%) committed,  1 nodes.
             Both:        1.02 GB reserved,      20.81 MB (  2%) committed. 

Chunk freelists:
   Non-Class:  1.91 MB
       Class:  1.08 MB
        Both:  2.99 MB

MaxMetaspaceSize: unlimited
CompressedClassSpaceSize: 1.00 GB
Initial GC threshold: 21.00 MB
Current GC threshold: 21.00 MB
CDS: on
MetaspaceReclaimPolicy: balanced
 - commit_granule_bytes: 65536.
 - commit_granule_words: 8192.
 - virtual_space_node_default_size: 1048576.
 - enlarge_chunks_in_place: 1.
 - new_chunks_are_fully_committed: 0.
 - uncommit_free_chunks: 1.
 - use_allocation_guard: 0.
 - handle_deallocations: 1.


Internal statistics:

num_allocs_failed_limit: 0.
num_arena_births: 266.
num_arena_deaths: 0.
num_vsnodes_births: 4.
num_vsnodes_deaths: 0.
num_space_committed: 333.
num_space_uncommitted: 0.
num_chunks_returned_to_freelist: 0.
num_chunks_taken_from_freelist: 937.
num_chunk_merges: 0.
num_chunk_splits: 636.
num_chunks_enlarged: 491.
num_purges: 0.
num_inconsistent_stats: 0.

CodeHeap 'non-profiled nmethods': size=120000Kb used=1652Kb max_used=1652Kb free=118347Kb
 bounds [0x0000021510660000, 0x00000215108d0000, 0x0000021517b90000]
CodeHeap 'profiled nmethods': size=120000Kb used=7943Kb max_used=7943Kb free=112056Kb
 bounds [0x0000021509130000, 0x0000021509900000, 0x0000021510660000]
CodeHeap 'non-nmethods': size=5760Kb used=1460Kb max_used=1517Kb free=4299Kb
 bounds [0x0000021508b90000, 0x0000021508e00000, 0x0000021509130000]
 total_blobs=4758 nmethods=3927 adapters=742
 compilation: enabled
              stopped_count=0, restarted_count=0
 full_count=0

Compilation events (20 events):
Event: 27.191 Thread 0x0000021524170550 3928       3       javafx.scene.Scene$ScenePeerListener::mouseEvent (54 bytes)
Event: 27.192 Thread 0x0000021524170550 nmethod 3928 0x00000215098ef790 code [0x00000215098ef940, 0x00000215098efcf8]
Event: 27.192 Thread 0x0000021524170550 3929       3       javafx.scene.Scene::processMouseEvent (10 bytes)
Event: 27.192 Thread 0x0000021524170550 nmethod 3929 0x00000215098eff10 code [0x00000215098f00c0, 0x00000215098f0208]
Event: 27.192 Thread 0x0000021524170550 3930       3       java.util.EnumMap::values (25 bytes)
Event: 27.193 Thread 0x0000021524170550 nmethod 3930 0x00000215098f0310 code [0x00000215098f04c0, 0x00000215098f0858]
Event: 27.193 Thread 0x0000021524170550 3931       3       java.util.EnumMap$Values::iterator (12 bytes)
Event: 27.194 Thread 0x0000021524170550 nmethod 3931 0x00000215098f0990 code [0x00000215098f0b40, 0x00000215098f0e98]
Event: 27.194 Thread 0x0000021524170550 3932       3       java.util.EnumMap$ValueIterator::<init> (11 bytes)
Event: 27.194 Thread 0x0000021524170550 nmethod 3932 0x00000215098f0f90 code [0x00000215098f1140, 0x00000215098f13d8]
Event: 27.194 Thread 0x0000021524170550 3933       3       java.util.EnumMap$EnumMapIterator::<init> (20 bytes)
Event: 27.194 Thread 0x0000021524170550 nmethod 3933 0x00000215098f1510 code [0x00000215098f16a0, 0x00000215098f1878]
Event: 27.222 Thread 0x0000021524170550 3934       3       com.sun.javafx.util.Logging::getInputLogger (18 bytes)
Event: 27.222 Thread 0x0000021524170550 nmethod 3934 0x00000215098f1910 code [0x00000215098f1ac0, 0x00000215098f1ca8]
Event: 27.229 Thread 0x000002152416fab0 3935       4       com.sun.javafx.event.EventHandlerManager::dispatchCapturingEvent (41 bytes)
Event: 27.251 Thread 0x000002152416fab0 nmethod 3935 0x00000215107fb890 code [0x00000215107fba60, 0x00000215107fbec0]
Event: 86.657 Thread 0x000002152416fab0 3936       4       com.sun.javafx.tk.quantum.QuantumToolkit::postPulse (133 bytes)
Event: 86.671 Thread 0x000002152416fab0 nmethod 3936 0x00000215107fc390 code [0x00000215107fc540, 0x00000215107fc7b8]
Event: 87.282 Thread 0x000002152416fab0 3937       4       com.sun.javafx.tk.quantum.QuantumToolkit$$Lambda$85/0x0000000800c38410::run (8 bytes)
Event: 87.298 Thread 0x000002152416fab0 nmethod 3937 0x00000215107fcb10 code [0x00000215107fcce0, 0x00000215107fcfa8]

GC Heap History (4 events):
Event: 1.367 GC heap before
{Heap before GC invocations=0 (full 0):
 garbage-first heap   total 260096K, used 20480K [0x0000000703800000, 0x0000000800000000)
  region size 2048K, 11 young (22528K), 0 survivors (0K)
 Metaspace       used 5144K, committed 5248K, reserved 1056768K
  class space    used 595K, committed 640K, reserved 1048576K
}
Event: 1.374 GC heap after
{Heap after GC invocations=1 (full 0):
 garbage-first heap   total 260096K, used 3294K [0x0000000703800000, 0x0000000800000000)
  region size 2048K, 2 young (4096K), 2 survivors (4096K)
 Metaspace       used 5144K, committed 5248K, reserved 1056768K
  class space    used 595K, committed 640K, reserved 1048576K
}
Event: 2.591 GC heap before
{Heap before GC invocations=1 (full 0):
 garbage-first heap   total 260096K, used 36062K [0x0000000703800000, 0x0000000800000000)
  region size 2048K, 18 young (36864K), 2 survivors (4096K)
 Metaspace       used 13160K, committed 13376K, reserved 1064960K
  class space    used 1949K, committed 2048K, reserved 1048576K
}
Event: 2.600 GC heap after
{Heap after GC invocations=2 (full 0):
 garbage-first heap   total 260096K, used 7429K [0x0000000703800000, 0x0000000800000000)
  region size 2048K, 3 young (6144K), 3 survivors (6144K)
 Metaspace       used 13160K, committed 13376K, reserved 1064960K
  class space    used 1949K, committed 2048K, reserved 1048576K
}

Deoptimization events (20 events):
Event: 16.327 Thread 0x0000021525615560 DEOPT PACKING pc=0x00000215107b0a0c sp=0x000000798e2f8c90
Event: 16.327 Thread 0x0000021525615560 DEOPT UNPACKING pc=0x0000021508be23a3 sp=0x000000798e2f8bf0 mode 2
Event: 16.562 Thread 0x0000021525615560 DEOPT PACKING pc=0x00000215096ff374 sp=0x000000798e2f99e0
Event: 16.562 Thread 0x0000021525615560 DEOPT UNPACKING pc=0x0000021508be2b43 sp=0x000000798e2f8e68 mode 0
Event: 16.795 Thread 0x000002152556ded0 Uncommon trap: trap_request=0xffffff45 fr.pc=0x000002151074bda8 relative=0x0000000000002e88
Event: 16.795 Thread 0x000002152556ded0 Uncommon trap: reason=unstable_if action=reinterpret pc=0x000002151074bda8 method=com.sun.marlin.Renderer._endRendering(IILcom/sun/marlin/MarlinAlphaConsumer;)V @ 1092 c2
Event: 16.795 Thread 0x000002152556ded0 DEOPT PACKING pc=0x000002151074bda8 sp=0x000000798ddfcad0
Event: 16.795 Thread 0x000002152556ded0 DEOPT UNPACKING pc=0x0000021508be23a3 sp=0x000000798ddfc950 mode 2
Event: 16.828 Thread 0x000002152556ded0 Uncommon trap: trap_request=0xffffff45 fr.pc=0x0000021510737724 relative=0x0000000000002a24
Event: 16.828 Thread 0x000002152556ded0 Uncommon trap: reason=unstable_if action=reinterpret pc=0x0000021510737724 method=com.sun.marlin.Renderer._endRendering(IILcom/sun/marlin/MarlinAlphaConsumer;)V @ 325 c2
Event: 16.828 Thread 0x000002152556ded0 DEOPT PACKING pc=0x0000021510737724 sp=0x000000798ddfca50
Event: 16.828 Thread 0x000002152556ded0 DEOPT UNPACKING pc=0x0000021508be23a3 sp=0x000000798ddfc958 mode 2
Event: 19.823 Thread 0x0000021525615560 Uncommon trap: trap_request=0xffffffde fr.pc=0x000002151075925c relative=0x00000000000011bc
Event: 19.823 Thread 0x0000021525615560 Uncommon trap: reason=class_check action=maybe_recompile pc=0x000002151075925c method=javafx.scene.Node.updateLocalToParentTransform()V @ 11 c2
Event: 19.824 Thread 0x0000021525615560 DEOPT PACKING pc=0x000002151075925c sp=0x000000798e2f5d20
Event: 19.824 Thread 0x0000021525615560 DEOPT UNPACKING pc=0x0000021508be23a3 sp=0x000000798e2f5ce0 mode 2
Event: 21.670 Thread 0x0000021525615560 Uncommon trap: trap_request=0xffffff45 fr.pc=0x00000215107efb28 relative=0x00000000000002c8
Event: 21.670 Thread 0x0000021525615560 Uncommon trap: reason=unstable_if action=reinterpret pc=0x00000215107efb28 method=com.sun.javafx.event.EventHandlerManager.dispatchCapturingEvent(Ljavafx/event/EventType;Ljavafx/event/Event;)Ljavafx/event/Event; @ 22 c2
Event: 21.670 Thread 0x0000021525615560 DEOPT PACKING pc=0x00000215107efb28 sp=0x000000798e2f9210
Event: 21.670 Thread 0x0000021525615560 DEOPT UNPACKING pc=0x0000021508be23a3 sp=0x000000798e2f91c0 mode 2

Classes unloaded (0 events):
No events

Classes redefined (0 events):
No events

Internal exceptions (20 events):
Event: 2.717 Thread 0x0000021525615560 Exception <a 'java/lang/NoSuchMethodError'{0x0000000713339078}: 'java.lang.Object java.lang.invoke.Invokers$Holder.linkToTargetMethod(java.lang.Object, long, java.lang.Object)'> (0x0000000713339078) 
thrown [t:\workspace\open\src\hotspot\share\interpreter\linkResolver.cpp, line 766]
Event: 14.878 Thread 0x0000021525615560 Exception <a 'sun/nio/fs/WindowsException'{0x0000000712b00740}> (0x0000000712b00740) 
thrown [t:\workspace\open\src\hotspot\share\prims\jni.cpp, line 516]
Event: 14.890 Thread 0x0000021525615560 Exception <a 'sun/nio/fs/WindowsException'{0x0000000712b2e140}> (0x0000000712b2e140) 
thrown [t:\workspace\open\src\hotspot\share\prims\jni.cpp, line 516]
Event: 14.897 Thread 0x0000021525615560 Exception <a 'java/lang/NoSuchMethodError'{0x0000000712b34270}: 'java.lang.Object java.lang.invoke.DirectMethodHandle$Holder.invokeVirtual(java.lang.Object, java.lang.Object, java.lang.Object, java.lang.Object)'> (0x0000000712b34270) 
thrown [t:\workspace\open\src\hotspot\share\interpreter\linkResolver.cpp, line 766]
Event: 14.927 Thread 0x0000021525615560 Exception <a 'java/lang/NoSuchMethodError'{0x0000000712b81230}: 'int java.lang.invoke.DirectMethodHandle$Holder.invokeStatic(java.lang.Object, java.lang.Object, java.lang.Object, java.lang.Object)'> (0x0000000712b81230) 
thrown [t:\workspace\open\src\hotspot\share\interpreter\linkResolver.cpp, line 766]
Event: 14.927 Thread 0x0000021525615560 Exception <a 'java/lang/NoSuchMethodError'{0x0000000712b84f88}: 'int java.lang.invoke.DirectMethodHandle$Holder.invokeStaticInit(java.lang.Object, java.lang.Object, java.lang.Object, java.lang.Object)'> (0x0000000712b84f88) 
thrown [t:\workspace\open\src\hotspot\share\interpreter\linkResolver.cpp, line 766]
Event: 14.931 Thread 0x0000021525615560 Exception <a 'java/lang/NoSuchMethodError'{0x0000000712b8ea00}: 'java.lang.Object java.lang.invoke.DirectMethodHandle$Holder.invokeInterface(java.lang.Object, java.lang.Object)'> (0x0000000712b8ea00) 
thrown [t:\workspace\open\src\hotspot\share\interpreter\linkResolver.cpp, line 766]
Event: 14.932 Thread 0x0000021525615560 Exception <a 'java/lang/IncompatibleClassChangeError'{0x0000000712b92748}: Found class java.lang.Object, but interface was expected> (0x0000000712b92748) 
thrown [t:\workspace\open\src\hotspot\share\interpreter\linkResolver.cpp, line 833]
Event: 15.058 Thread 0x0000021525615560 Exception <a 'java/lang/NoSuchMethodError'{0x000000071284f970}: 'int java.lang.invoke.DirectMethodHandle$Holder.invokeSpecial(java.lang.Object, java.lang.Object, java.lang.Object)'> (0x000000071284f970) 
thrown [t:\workspace\open\src\hotspot\share\interpreter\linkResolver.cpp, line 766]
Event: 15.186 Thread 0x0000021525615560 Exception <a 'java/lang/NoSuchMethodError'{0x00000007128b8038}: 'java.lang.Object java.lang.invoke.DirectMethodHandle$Holder.invokeStaticInit(java.lang.Object, int, int, int, int)'> (0x00000007128b8038) 
thrown [t:\workspace\open\src\hotspot\share\interpreter\linkResolver.cpp, line 766]
Event: 15.278 Thread 0x0000021525615560 Exception <a 'java/lang/NoSuchMethodError'{0x00000007129a3ab8}: 'java.lang.Object java.lang.invoke.DirectMethodHandle$Holder.invokeStaticInit(java.lang.Object, java.lang.Object, int, int, int, int)'> (0x00000007129a3ab8) 
thrown [t:\workspace\open\src\hotspot\share\interpreter\linkResolver.cpp, line 766]
Event: 15.366 Thread 0x0000021525615560 Exception <a 'sun/nio/fs/WindowsException'{0x000000071271dff0}> (0x000000071271dff0) 
thrown [t:\workspace\open\src\hotspot\share\prims\jni.cpp, line 516]
Event: 15.375 Thread 0x0000021525615560 Exception <a 'sun/nio/fs/WindowsException'{0x00000007127325d0}> (0x00000007127325d0) 
thrown [t:\workspace\open\src\hotspot\share\prims\jni.cpp, line 516]
Event: 15.458 Thread 0x0000021525615560 Implicit null exception at 0x000002151077d5d3 to 0x000002151077df24
Event: 15.846 Thread 0x0000021525615560 Implicit null exception at 0x000002151077c053 to 0x000002151077c874
Event: 16.780 Thread 0x000002152556ded0 Exception <a 'java/lang/NoSuchMethodError'{0x000000071131c508}: 'java.lang.Object java.lang.invoke.DirectMethodHandle$Holder.invokeStaticInit(java.lang.Object, int)'> (0x000000071131c508) 
thrown [t:\workspace\open\src\hotspot\share\interpreter\linkResolver.cpp, line 766]
Event: 19.810 Thread 0x0000021525615560 Exception <a 'java/lang/NoSuchMethodError'{0x0000000710b0b1f0}: 'java.lang.Object java.lang.invoke.DirectMethodHandle$Holder.newInvokeSpecial(java.lang.Object, java.lang.Object, java.lang.Object, double, double, double, double, int, int, int, int, int, int, int, int, int)'> (0x0000000710b0b1f0) 
thrown [t:\workspace\open\src\hotspot\share\interpreter\linkResolver.cpp, line 766]
Event: 21.980 Thread 0x0000021525615560 Exception <a 'java/lang/NoSuchMethodError'{0x0000000710b5b568}: 'java.lang.Object java.lang.invoke.DirectMethodHandle$Holder.newInvokeSpecial(java.lang.Object, java.lang.Object, int, int, int, int, int, java.lang.Object)'> (0x0000000710b5b568) 
thrown [t:\workspace\open\src\hotspot\share\interpreter\linkResolver.cpp, line 766]
Event: 21.982 Thread 0x0000021525615560 Exception <a 'java/lang/NoSuchMethodError'{0x0000000710b6ed40}: 'java.lang.Object java.lang.invoke.DirectMethodHandle$Holder.newInvokeSpecial(java.lang.Object, java.lang.Object, java.lang.Object, int, int, int, int, int)'> (0x0000000710b6ed40) 
thrown [t:\workspace\open\src\hotspot\share\interpreter\linkResolver.cpp, line 766]
Event: 21.983 Thread 0x0000021525615560 Exception <a 'java/lang/NoSuchMethodError'{0x0000000710b77040}: 'java.lang.Object java.lang.invoke.Invokers$Holder.linkToTargetMethod(java.lang.Object, java.lang.Object, int, int, int, int, int, java.lang.Object)'> (0x0000000710b77040) 
thrown [t:\workspace\open\src\hotspot\share\interpreter\linkResolver.cpp, line 766]

VM Operations (20 events):
Event: 16.526 Executing VM operation: ICBufferFull done
Event: 16.715 Executing VM operation: HandshakeAllThreads
Event: 16.715 Executing VM operation: HandshakeAllThreads done
Event: 16.747 Executing VM operation: HandshakeAllThreads
Event: 16.747 Executing VM operation: HandshakeAllThreads done
Event: 17.747 Executing VM operation: Cleanup
Event: 17.748 Executing VM operation: Cleanup done
Event: 18.748 Executing VM operation: Cleanup
Event: 18.748 Executing VM operation: Cleanup done
Event: 20.749 Executing VM operation: Cleanup
Event: 20.749 Executing VM operation: Cleanup done
Event: 22.750 Executing VM operation: Cleanup
Event: 22.750 Executing VM operation: Cleanup done
Event: 24.750 Executing VM operation: Cleanup
Event: 24.750 Executing VM operation: Cleanup done
Event: 26.751 Executing VM operation: Cleanup
Event: 26.751 Executing VM operation: Cleanup done
Event: 28.751 Executing VM operation: Cleanup
Event: 28.751 Executing VM operation: Cleanup done
Event: 116.451 Executing VM operation: Exit

Events (20 events):
Event: 15.724 loading class sun/reflect/generics/reflectiveObjects/WildcardTypeImpl done
Event: 15.846 Thread 0x0000021529d564b0 Thread exited: 0x0000021529d564b0
Event: 16.129 loading class java/io/StringWriter
Event: 16.129 loading class java/io/StringWriter done
Event: 16.129 loading class java/io/PrintWriter
Event: 16.129 loading class java/io/PrintWriter done
Event: 16.130 loading class java/lang/Throwable$WrappedPrintWriter
Event: 16.130 loading class java/lang/Throwable$PrintStreamOrWriter
Event: 16.130 loading class java/lang/Throwable$PrintStreamOrWriter done
Event: 16.130 loading class java/lang/Throwable$WrappedPrintWriter done
Event: 16.338 Thread 0x0000021529d55a90 Thread added: 0x0000021529d55a90
Event: 17.279 Thread 0x0000021529d55a90 Thread exited: 0x0000021529d55a90
Event: 17.279 Thread 0x0000021529d578f0 Thread exited: 0x0000021529d578f0
Event: 116.442 loading class jdk/internal/misc/Signal$1
Event: 116.442 loading class jdk/internal/misc/Signal$1 done
Event: 116.443 Thread 0x000002152a0d6250 Thread added: 0x000002152a0d6250
Event: 116.445 Thread 0x000002152a0d4a40 Thread added: 0x000002152a0d4a40
Event: 116.445 Thread 0x000002152a0d40a0 Thread added: 0x000002152a0d40a0
Event: 116.447 Thread 0x000002152a0d4a40 Thread exited: 0x000002152a0d4a40
Event: 116.450 Thread 0x000002152a0d40a0 Thread exited: 0x000002152a0d40a0


Dynamic libraries:
0x00007ff6cbd80000 - 0x00007ff6cbd90000 	C:\Program Files\Java\jdk-17.0.2\bin\java.exe
0x00007ff942550000 - 0x00007ff942748000 	C:\WINDOWS\SYSTEM32\ntdll.dll
0x00007ff941cb0000 - 0x00007ff941d6f000 	C:\WINDOWS\System32\KERNEL32.DLL
0x00007ff93fc50000 - 0x00007ff93ff22000 	C:\WINDOWS\System32\KERNELBASE.dll
0x00007ff9401c0000 - 0x00007ff9402c0000 	C:\WINDOWS\System32\ucrtbase.dll
0x00007ff93a8b0000 - 0x00007ff93a8ca000 	C:\Program Files\Java\jdk-17.0.2\bin\VCRUNTIME140.dll
0x00007ff93a8d0000 - 0x00007ff93a8e8000 	C:\Program Files\Java\jdk-17.0.2\bin\jli.dll
0x00007ff940be0000 - 0x00007ff940c8e000 	C:\WINDOWS\System32\ADVAPI32.dll
0x00007ff942190000 - 0x00007ff94222e000 	C:\WINDOWS\System32\msvcrt.dll
0x00007ff940dc0000 - 0x00007ff940e5c000 	C:\WINDOWS\System32\sechost.dll
0x00007ff9405a0000 - 0x00007ff9406c5000 	C:\WINDOWS\System32\RPCRT4.dll
0x00007ff9422f0000 - 0x00007ff94248d000 	C:\WINDOWS\System32\USER32.dll
0x00007ff91b880000 - 0x00007ff91bb1a000 	C:\WINDOWS\WinSxS\amd64_microsoft.windows.common-controls_6595b64144ccf1df_6.0.19041.1110_none_60b5254171f9507e\COMCTL32.dll
0x00007ff93ffe0000 - 0x00007ff940002000 	C:\WINDOWS\System32\win32u.dll
0x00007ff941000000 - 0x00007ff94102b000 	C:\WINDOWS\System32\GDI32.dll
0x00007ff9400b0000 - 0x00007ff9401bf000 	C:\WINDOWS\System32\gdi32full.dll
0x00007ff940010000 - 0x00007ff9400ad000 	C:\WINDOWS\System32\msvcp_win.dll
0x00007ff9374a0000 - 0x00007ff9374aa000 	C:\WINDOWS\SYSTEM32\VERSION.dll
0x00007ff940e60000 - 0x00007ff940e92000 	C:\WINDOWS\System32\IMM32.DLL
0x00007ff93a8a0000 - 0x00007ff93a8ac000 	C:\Program Files\Java\jdk-17.0.2\bin\vcruntime140_1.dll
0x00007ff917af0000 - 0x00007ff917b7d000 	C:\Program Files\Java\jdk-17.0.2\bin\msvcp140.dll
0x00007ff8f9220000 - 0x00007ff8f9de1000 	C:\Program Files\Java\jdk-17.0.2\bin\server\jvm.dll
0x00007ff941f20000 - 0x00007ff941f28000 	C:\WINDOWS\System32\PSAPI.DLL
0x00007ff916c40000 - 0x00007ff916c67000 	C:\WINDOWS\SYSTEM32\WINMM.dll
0x00007ff929c50000 - 0x00007ff929c59000 	C:\WINDOWS\SYSTEM32\WSOCK32.dll
0x00007ff9424a0000 - 0x00007ff94250b000 	C:\WINDOWS\System32\WS2_32.dll
0x00007ff93dcb0000 - 0x00007ff93dcc2000 	C:\WINDOWS\SYSTEM32\kernel.appcore.dll
0x00007ff93a890000 - 0x00007ff93a89a000 	C:\Program Files\Java\jdk-17.0.2\bin\jimage.dll
0x00007ff93d860000 - 0x00007ff93da44000 	C:\WINDOWS\SYSTEM32\DBGHELP.DLL
0x00007ff92d440000 - 0x00007ff92d46c000 	C:\WINDOWS\SYSTEM32\dbgcore.DLL
0x00007ff940380000 - 0x00007ff940402000 	C:\WINDOWS\System32\bcryptPrimitives.dll
0x00007ff93a800000 - 0x00007ff93a80e000 	C:\Program Files\Java\jdk-17.0.2\bin\instrument.dll
0x00007ff937160000 - 0x00007ff937185000 	C:\Program Files\Java\jdk-17.0.2\bin\java.dll
0x00007ff917890000 - 0x00007ff917966000 	C:\Program Files\Java\jdk-17.0.2\bin\jsvml.dll
0x00007ff941030000 - 0x00007ff941773000 	C:\WINDOWS\System32\SHELL32.dll
0x00007ff93dcd0000 - 0x00007ff93e462000 	C:\WINDOWS\SYSTEM32\windows.storage.dll
0x00007ff940880000 - 0x00007ff940bd4000 	C:\WINDOWS\System32\combase.dll
0x00007ff93f5d0000 - 0x00007ff93f600000 	C:\WINDOWS\SYSTEM32\Wldp.dll
0x00007ff941f30000 - 0x00007ff941fdd000 	C:\WINDOWS\System32\SHCORE.dll
0x00007ff942290000 - 0x00007ff9422e5000 	C:\WINDOWS\System32\shlwapi.dll
0x00007ff93fb90000 - 0x00007ff93fbaf000 	C:\WINDOWS\SYSTEM32\profapi.dll
0x00007ff9372c0000 - 0x00007ff9372d9000 	C:\Program Files\Java\jdk-17.0.2\bin\net.dll
0x00007ff9392c0000 - 0x00007ff9393cc000 	C:\WINDOWS\SYSTEM32\WINHTTP.dll
0x00007ff93f3b0000 - 0x00007ff93f41a000 	C:\WINDOWS\system32\mswsock.dll
0x00007ff937140000 - 0x00007ff937156000 	C:\Program Files\Java\jdk-17.0.2\bin\nio.dll
0x00007ff92cc80000 - 0x00007ff92cc98000 	C:\Program Files\Java\jdk-17.0.2\bin\zip.dll
0x00007ff928cc0000 - 0x00007ff928cda000 	C:\Program Files\JetBrains\IntelliJ IDEA Community Edition 2021.3.2\bin\breakgen64.dll
0x00000215242b0000 - 0x00000215242b3000 	C:\Users\яв \.openjfx\cache\17.0.1\api-ms-win-core-console-l1-1-0.dll
0x00000215242c0000 - 0x00000215242c3000 	C:\Users\яв \.openjfx\cache\17.0.1\api-ms-win-core-console-l1-2-0.dll
0x00000215242d0000 - 0x00000215242d3000 	C:\Users\яв \.openjfx\cache\17.0.1\api-ms-win-core-datetime-l1-1-0.dll
0x00000215242e0000 - 0x00000215242e3000 	C:\Users\яв \.openjfx\cache\17.0.1\api-ms-win-core-debug-l1-1-0.dll
0x00000215242f0000 - 0x00000215242f3000 	C:\Users\яв \.openjfx\cache\17.0.1\api-ms-win-core-errorhandling-l1-1-0.dll
0x0000021524300000 - 0x0000021524304000 	C:\Users\яв \.openjfx\cache\17.0.1\api-ms-win-core-file-l1-1-0.dll
0x0000021524310000 - 0x0000021524313000 	C:\Users\яв \.openjfx\cache\17.0.1\api-ms-win-core-file-l1-2-0.dll
0x0000021524320000 - 0x0000021524323000 	C:\Users\яв \.openjfx\cache\17.0.1\api-ms-win-core-file-l2-1-0.dll
0x0000021524330000 - 0x0000021524333000 	C:\Users\яв \.openjfx\cache\17.0.1\api-ms-win-core-handle-l1-1-0.dll
0x0000021524340000 - 0x0000021524343000 	C:\Users\яв \.openjfx\cache\17.0.1\api-ms-win-core-heap-l1-1-0.dll
0x0000021524350000 - 0x0000021524353000 	C:\Users\яв \.openjfx\cache\17.0.1\api-ms-win-core-interlocked-l1-1-0.dll
0x0000021524360000 - 0x0000021524363000 	C:\Users\яв \.openjfx\cache\17.0.1\api-ms-win-core-libraryloader-l1-1-0.dll
0x0000021524370000 - 0x0000021524373000 	C:\Users\яв \.openjfx\cache\17.0.1\api-ms-win-core-localization-l1-2-0.dll
0x0000021524380000 - 0x0000021524383000 	C:\Users\яв \.openjfx\cache\17.0.1\api-ms-win-core-memory-l1-1-0.dll
0x0000021524390000 - 0x0000021524393000 	C:\Users\яв \.openjfx\cache\17.0.1\api-ms-win-core-namedpipe-l1-1-0.dll
0x00000215243a0000 - 0x00000215243a3000 	C:\Users\яв \.openjfx\cache\17.0.1\api-ms-win-core-processenvironment-l1-1-0.dll
0x00000215243b0000 - 0x00000215243b3000 	C:\Users\яв \.openjfx\cache\17.0.1\api-ms-win-core-processthreads-l1-1-0.dll
0x00000215243c0000 - 0x00000215243c3000 	C:\Users\яв \.openjfx\cache\17.0.1\api-ms-win-core-processthreads-l1-1-1.dll
0x00000215243d0000 - 0x00000215243d3000 	C:\Users\яв \.openjfx\cache\17.0.1\api-ms-win-core-profile-l1-1-0.dll
0x00000215243e0000 - 0x00000215243e3000 	C:\Users\яв \.openjfx\cache\17.0.1\api-ms-win-core-rtlsupport-l1-1-0.dll
0x00000215243f0000 - 0x00000215243f3000 	C:\Users\яв \.openjfx\cache\17.0.1\api-ms-win-core-string-l1-1-0.dll
0x0000021525800000 - 0x0000021525803000 	C:\Users\яв \.openjfx\cache\17.0.1\api-ms-win-core-synch-l1-1-0.dll
0x0000021525810000 - 0x0000021525813000 	C:\Users\яв \.openjfx\cache\17.0.1\api-ms-win-core-synch-l1-2-0.dll
0x0000021525820000 - 0x0000021525823000 	C:\Users\яв \.openjfx\cache\17.0.1\api-ms-win-core-sysinfo-l1-1-0.dll
0x0000021525830000 - 0x0000021525833000 	C:\Users\яв \.openjfx\cache\17.0.1\api-ms-win-core-timezone-l1-1-0.dll
0x0000021525840000 - 0x0000021525843000 	C:\Users\яв \.openjfx\cache\17.0.1\api-ms-win-core-util-l1-1-0.dll
0x0000021525850000 - 0x0000021525853000 	C:\Users\яв \.openjfx\cache\17.0.1\api-ms-win-crt-conio-l1-1-0.dll
0x0000021525860000 - 0x0000021525864000 	C:\Users\яв \.openjfx\cache\17.0.1\api-ms-win-crt-convert-l1-1-0.dll
0x0000021525870000 - 0x0000021525873000 	C:\Users\яв \.openjfx\cache\17.0.1\api-ms-win-crt-environment-l1-1-0.dll
0x0000021525880000 - 0x0000021525883000 	C:\Users\яв \.openjfx\cache\17.0.1\api-ms-win-crt-filesystem-l1-1-0.dll
0x0000021525890000 - 0x0000021525893000 	C:\Users\яв \.openjfx\cache\17.0.1\api-ms-win-crt-heap-l1-1-0.dll
0x00000215258a0000 - 0x00000215258a3000 	C:\Users\яв \.openjfx\cache\17.0.1\api-ms-win-crt-locale-l1-1-0.dll
0x00000215258b0000 - 0x00000215258b5000 	C:\Users\яв \.openjfx\cache\17.0.1\api-ms-win-crt-math-l1-1-0.dll
0x00000215258c0000 - 0x00000215258c5000 	C:\Users\яв \.openjfx\cache\17.0.1\api-ms-win-crt-multibyte-l1-1-0.dll
0x00000215258d0000 - 0x00000215258e0000 	C:\Users\яв \.openjfx\cache\17.0.1\api-ms-win-crt-private-l1-1-0.dll
0x00000215258e0000 - 0x00000215258e3000 	C:\Users\яв \.openjfx\cache\17.0.1\api-ms-win-crt-process-l1-1-0.dll
0x00000215258f0000 - 0x00000215258f4000 	C:\Users\яв \.openjfx\cache\17.0.1\api-ms-win-crt-runtime-l1-1-0.dll
0x0000021525900000 - 0x0000021525904000 	C:\Users\яв \.openjfx\cache\17.0.1\api-ms-win-crt-stdio-l1-1-0.dll
0x0000021525910000 - 0x0000021525914000 	C:\Users\яв \.openjfx\cache\17.0.1\api-ms-win-crt-string-l1-1-0.dll
0x0000021525920000 - 0x0000021525923000 	C:\Users\яв \.openjfx\cache\17.0.1\api-ms-win-crt-time-l1-1-0.dll
0x0000021525930000 - 0x0000021525933000 	C:\Users\яв \.openjfx\cache\17.0.1\api-ms-win-crt-utility-l1-1-0.dll
0x00007ff915d60000 - 0x00007ff915e5c000 	C:\Users\яв \.openjfx\cache\17.0.1\ucrtbase.dll
0x00007ff927f00000 - 0x00007ff927f1a000 	C:\Users\яв \.openjfx\cache\17.0.1\vcruntime140.dll
0x00007ff928c90000 - 0x00007ff928c9c000 	C:\Users\яв \.openjfx\cache\17.0.1\vcruntime140_1.dll
0x00007ff915cd0000 - 0x00007ff915d5d000 	C:\Users\яв \.openjfx\cache\17.0.1\msvcp140.dll
0x00007ff927ed0000 - 0x00007ff927efa000 	C:\Users\яв \.openjfx\cache\17.0.1\prism_d3d.dll
0x00007ff8d0de0000 - 0x00007ff8d0faf000 	C:\WINDOWS\system32\d3d9.dll
0x00007ff93d420000 - 0x00007ff93d44f000 	C:\WINDOWS\SYSTEM32\dwmapi.dll
0x00007ff93c1e0000 - 0x00007ff93c27e000 	C:\WINDOWS\system32\uxtheme.dll
0x00007ff8d0c30000 - 0x00007ff8d0dd2000 	C:\WINDOWS\System32\DriverStore\FileRepository\iigd_dch.inf_amd64_52ad2da9d64c0488\igdumdim64.dll
0x00007ff940c90000 - 0x00007ff940dba000 	C:\WINDOWS\System32\ole32.dll
0x00007ff8ccbc0000 - 0x00007ff8d07d0000 	C:\WINDOWS\System32\DriverStore\FileRepository\iigd_dch.inf_amd64_52ad2da9d64c0488\igd9dxva64.dll
0x00007ff941d70000 - 0x00007ff941e3d000 	C:\WINDOWS\System32\OLEAUT32.dll
0x00007ff941780000 - 0x00007ff941be8000 	C:\WINDOWS\System32\SETUPAPI.dll
0x00007ff9402c0000 - 0x00007ff94030e000 	C:\WINDOWS\System32\cfgmgr32.dll
0x00007ff940410000 - 0x00007ff940437000 	C:\WINDOWS\System32\bcrypt.dll
0x00007ff9224b0000 - 0x00007ff922877000 	C:\WINDOWS\System32\DriverStore\FileRepository\iigd_dch.inf_amd64_52ad2da9d64c0488\igdgmm64.dll
0x00007ff91e1f0000 - 0x00007ff91e232000 	C:\Users\яв \.openjfx\cache\17.0.1\glass.dll
0x00007ff941e40000 - 0x00007ff941f1a000 	C:\WINDOWS\System32\COMDLG32.dll
0x00007ff941fe0000 - 0x00007ff9420f5000 	C:\WINDOWS\System32\MSCTF.dll
0x00007ff8e7f90000 - 0x00007ff8e7fb7000 	C:\WINDOWS\System32\DriverStore\FileRepository\iigd_dch.inf_amd64_52ad2da9d64c0488\igdinfo64.dll
0x00007ff93f610000 - 0x00007ff93f628000 	C:\WINDOWS\SYSTEM32\CRYPTSP.dll
0x00007ff93ec80000 - 0x00007ff93ecb4000 	C:\WINDOWS\system32\rsaenh.dll
0x00007ff93f540000 - 0x00007ff93f54c000 	C:\WINDOWS\SYSTEM32\CRYPTBASE.dll
0x00007ff91ec90000 - 0x00007ff922242000 	C:\WINDOWS\System32\DriverStore\FileRepository\iigd_dch.inf_amd64_52ad2da9d64c0488\igc64.dll
0x00007ff938fc0000 - 0x00007ff938ffb000 	C:\WINDOWS\SYSTEM32\dxcore.dll
0x00007ff917db0000 - 0x00007ff917dc4000 	C:\Users\яв \.openjfx\cache\17.0.1\javafx_font.dll
0x00007ff922880000 - 0x00007ff922aff000 	C:\WINDOWS\SYSTEM32\dwrite.dll
0x00007ff929f60000 - 0x00007ff92a114000 	C:\WINDOWS\SYSTEM32\WindowsCodecs.dll
0x00007ff906eb0000 - 0x00007ff906eee000 	C:\WINDOWS\system32\dataexchange.dll
0x00007ff93b5d0000 - 0x00007ff93b7b3000 	C:\WINDOWS\system32\dcomp.dll
0x00007ff93b360000 - 0x00007ff93b5c3000 	C:\WINDOWS\system32\d3d11.dll
0x00007ff93e4d0000 - 0x00007ff93e5c3000 	C:\WINDOWS\system32\dxgi.dll
0x00007ff9364b0000 - 0x00007ff9366b0000 	C:\WINDOWS\system32\twinapi.appcore.dll
0x00007ff902480000 - 0x00007ff9024b4000 	C:\Program Files\Common Files\Microsoft Shared\Ink\rtscom.dll
0x00007ff927930000 - 0x00007ff927a29000 	C:\WINDOWS\SYSTEM32\textinputframework.dll
0x00007ff93bb40000 - 0x00007ff93bc32000 	C:\WINDOWS\System32\CoreMessaging.dll
0x00007ff93bc40000 - 0x00007ff93bf9e000 	C:\WINDOWS\System32\CoreUIComponents.dll
0x00007ff93eda0000 - 0x00007ff93edd3000 	C:\WINDOWS\SYSTEM32\ntmarta.dll
0x00007ff93c430000 - 0x00007ff93c584000 	C:\WINDOWS\SYSTEM32\wintypes.dll
0x00007ff906420000 - 0x00007ff906444000 	C:\WINDOWS\SYSTEM32\edputil.dll

dbghelp: loaded successfully - version: 4.0.5 - missing functions: none
symbol engine: initialized successfully - sym options: 0x614 - pdb path: .;C:\Program Files\Java\jdk-17.0.2\bin;C:\WINDOWS\SYSTEM32;C:\WINDOWS\WinSxS\amd64_microsoft.windows.common-controls_6595b64144ccf1df_6.0.19041.1110_none_60b5254171f9507e;C:\Program Files\Java\jdk-17.0.2\bin\server;C:\Program Files\JetBrains\IntelliJ IDEA Community Edition 2021.3.2\bin;C:\Users\яв \.openjfx\cache\17.0.1;C:\WINDOWS\System32\DriverStore\FileRepository\iigd_dch.inf_amd64_52ad2da9d64c0488;C:\Program Files\Common Files\Microsoft Shared\Ink

VM Arguments:
jvm_args: -javaagent:C:\Program Files\JetBrains\IntelliJ IDEA Community Edition 2021.3.2\lib\idea_rt.jar=64482:C:\Program Files\JetBrains\IntelliJ IDEA Community Edition 2021.3.2\bin -Dfile.encoding=UTF-8 --module-path=C:\Users\яв \.m2\repository\org\openjfx\javafx-graphics\17.0.1\javafx-graphics-17.0.1-win.jar;C:\Users\яв \.m2\repository\org\openjfx\javafx-base\17.0.1\javafx-base-17.0.1-win.jar;D:\BD\target\classes;C:\Users\яв \.m2\repository\org\openjfx\javafx-fxml\17.0.1\javafx-fxml-17.0.1-win.jar;C:\Users\яв \.m2\repository\org\openjfx\javafx-controls\17.0.1\javafx-controls-17.0.1-win.jar -Djdk.module.main=com.example.bd 
java_command: com.example.bd/com.example.bd.HelloApplication
java_class_path (initial): C:\Users\яв \.m2\repository\org\openjfx\javafx-controls\17.0.1\javafx-controls-17.0.1.jar;C:\Users\яв \.m2\repository\org\openjfx\javafx-graphics\17.0.1\javafx-graphics-17.0.1.jar;C:\Users\яв \.m2\repository\org\openjfx\javafx-base\17.0.1\javafx-base-17.0.1.jar;C:\Users\яв \.m2\repository\org\openjfx\javafx-fxml\17.0.1\javafx-fxml-17.0.1.jar;D:\postgresql-42.5.1.jar
Launcher Type: SUN_STANDARD

[Global flags]
     intx CICompilerCount                          = 4                                         {product} {ergonomic}
     uint ConcGCThreads                            = 2                                         {product} {ergonomic}
     uint G1ConcRefinementThreads                  = 8                                         {product} {ergonomic}
   size_t G1HeapRegionSize                         = 2097152                                   {product} {ergonomic}
    uintx GCDrainStackTargetSize                   = 64                                        {product} {ergonomic}
   size_t InitialHeapSize                          = 266338304                                 {product} {ergonomic}
   size_t MarkStackSize                            = 4194304                                   {product} {ergonomic}
   size_t MaxHeapSize                              = 4236247040                                {product} {ergonomic}
   size_t MaxNewSize                               = 2541748224                                {product} {ergonomic}
   size_t MinHeapDeltaBytes                        = 2097152                                   {product} {ergonomic}
   size_t MinHeapSize                              = 8388608                                   {product} {ergonomic}
    uintx NonNMethodCodeHeapSize                   = 5839372                                {pd product} {ergonomic}
    uintx NonProfiledCodeHeapSize                  = 122909434                              {pd product} {ergonomic}
    uintx ProfiledCodeHeapSize                     = 122909434                              {pd product} {ergonomic}
    uintx ReservedCodeCacheSize                    = 251658240                              {pd product} {ergonomic}
     bool SegmentedCodeCache                       = true                                      {product} {ergonomic}
   size_t SoftMaxHeapSize                          = 4236247040                             {manageable} {ergonomic}
     bool UseCompressedClassPointers               = true                           {product lp64_product} {ergonomic}
     bool UseCompressedOops                        = true                           {product lp64_product} {ergonomic}
     bool UseG1GC                                  = true                                      {product} {ergonomic}
     bool UseLargePagesIndividualAllocation        = false                                  {pd product} {ergonomic}

Logging:
Log output configuration:
 #0: stdout all=off uptime,level,tags
 #1: stderr all=off uptime,level,tags

Environment Variables:
PATH=C:\Program Files\Microsoft\jdk-11.0.12.7-hotspot\bin;C:\Program Files\Common Files\Oracle\Java\javapath;C:\Program Files (x86)\Embarcadero\Studio\20.0\bin;C:\Users\Public\Documents\Embarcadero\Studio\20.0\Bpl;C:\Program Files (x86)\Embarcadero\Studio\20.0\bin64;C:\Users\Public\Documents\Embarcadero\Studio\20.0\Bpl\Win64;C:\WINDOWS\system32;C:\WINDOWS;C:\WINDOWS\System32\Wbem;C:\WINDOWS\System32\WindowsPowerShell\v1.0\;C:\WINDOWS\System32\OpenSSH\;C:\Program Files\dotnet\;C:\Program Files\Microsoft SQL Server\130\Tools\Binn\;C:\Program Files\Microsoft SQL Server\Client SDK\ODBC\170\Tools\Binn\;C:\Program Files (x86)\Windows Kits\10\Windows Performance Toolkit\;C:\Program Files\Microsoft SQL Server\120\Tools\Binn\;C:\Program Files\Docker\Docker\resources\bin;C:\ProgramData\DockerDesktop\version-bin;C:\Program Files\Git\cmd;C:\Program Files\PuTTY\;C:\Program Files\Microsoft SQL Server\150\Tools\Binn\;C:\Users\яв \AppData\Local\Programs\Python\Python310\Scripts\;C:\Users\яв \AppData\Local\Programs\Python\Python310\;C:\Users\яв \AppData\Local\Microsoft\WindowsApps;C:\Users\яв \.dotnet\tools;C:\Users\яв \AppData\Local\GitHubDesktop\bin;;C:\Users\яв \AppData\Local\Programs\Microsoft VS Code\bin;C:\Program Files\JetBrains\IntelliJ IDEA 2021.3.2\bin;;C:\Program Files\JetBrains\IntelliJ IDEA Community Edition 2021.3.2\bin;;C:\Program Files\JetBrains\PyCharm Community Edition 2021.3.2\bin;;C:\intelFPGA_lite\21.1\questa_fse\win64;C:\intelFPGA_lite\18.0\modelsim_ase\win32aloem;C:\Users\яв \AppData\Local\JetBrains\PyCharm 2022.1.1\bin;;C:\Program Files\heroku\bin
USERNAME=яв 
OS=Windows_NT
PROCESSOR_IDENTIFIER=Intel64 Family 6 Model 142 Stepping 12, GenuineIntel



---------------  S Y S T E M  ---------------

OS:
 Windows 10 , 64 bit Build 19041 (10.0.19041.2251)
OS uptime: 4 days 14:58 hours
Hyper-V role detected

CPU: total 8 (initial active 8) (4 cores per cpu, 2 threads per core) family 6 model 142 stepping 12 microcode 0xde, cx8, cmov, fxsr, ht, mmx, 3dnowpref, sse, sse2, sse3, ssse3, sse4.1, sse4.2, popcnt, lzcnt, tsc, tscinvbit, avx, avx2, aes, erms, clmul, bmi1, bmi2, adx, fma, vzeroupper, clflush, clflushopt, hv

Memory: 4k page, system-wide physical 16155M (1756M free)
TotalPageFile size 65088M (AvailPageFile size 599M)
current process WorkingSet (physical memory assigned to process): 178M, peak: 203M
current process commit charge ("private bytes"): 422M, peak: 451M

vm_info: Java HotSpot(TM) 64-Bit Server VM (17.0.2+8-LTS-86) for windows-amd64 JRE (17.0.2+8-LTS-86), built on Dec  7 2021 21:51:03 by "mach5one" with MS VC++ 16.8 / 16.9 (VS2019)

END.
