#
# A fatal error has been detected by the Java Runtime Environment:
#
#  EXCEPTION_ACCESS_VIOLATION (0xc0000005) at pc=0x00007ff91e216a87, pid=15800, tid=23356
#
# JRE version: Java(TM) SE Runtime Environment (17.0.2+8) (build 17.0.2+8-LTS-86)
# Java VM: Java HotSpot(TM) 64-Bit Server VM (17.0.2+8-LTS-86, mixed mode, sharing, tiered, compressed oops, compressed class ptrs, g1 gc, windows-amd64)
# Problematic frame:
# C  [glass.dll+0x26a87]
#
# No core dump will be written. Minidumps are not enabled by default on client versions of Windows
#
# If you would like to submit a bug report, please visit:
#   https://bugreport.java.com/bugreport/crash.jsp
#

---------------  S U M M A R Y ------------

Command Line: -javaagent:C:\Program Files\JetBrains\IntelliJ IDEA Community Edition 2021.3.2\lib\idea_rt.jar=51591:C:\Program Files\JetBrains\IntelliJ IDEA Community Edition 2021.3.2\bin -Dfile.encoding=UTF-8 --module-path=C:\Users\яв \.m2\repository\org\openjfx\javafx-graphics\17.0.1\javafx-graphics-17.0.1-win.jar;C:\Users\яв \.m2\repository\org\openjfx\javafx-base\17.0.1\javafx-base-17.0.1-win.jar;D:\BD\target\classes;C:\Users\яв \.m2\repository\org\openjfx\javafx-fxml\17.0.1\javafx-fxml-17.0.1-win.jar;C:\Users\яв \.m2\repository\org\openjfx\javafx-controls\17.0.1\javafx-controls-17.0.1-win.jar -Djdk.module.main=com.example.bd com.example.bd/com.example.bd.HelloApplication

Host: Intel(R) Core(TM) i5-8265U CPU @ 1.60GHz, 8 cores, 15G,  Windows 10 , 64 bit Build 19041 (10.0.19041.2251)
Time: Fri Dec 16 00:49:59 2022  Windows 10 , 64 bit Build 19041 (10.0.19041.2251) elapsed time: 97.916358 seconds (0d 0h 1m 37s)

---------------  T H R E A D  ---------------

Current thread (0x00000233ffd7f350):  VMThread "VM Thread" [stack: 0x000000a707f00000,0x000000a708000000] [id=23356]

Stack: [0x000000a707f00000,0x000000a708000000],  sp=0x000000a707ffef70,  free space=1019k
Native frames: (J=compiled Java code, j=interpreted, Vv=VM code, C=native code)
C  [glass.dll+0x26a87]


siginfo: EXCEPTION_ACCESS_VIOLATION (0xc0000005), reading address 0x0000000000000000


Register to memory mapping:

RIP=0x00007ff91e216a87 glass.dll
RAX=0x0 is NULL
RBX=0x00000233ffd95db8 is a global jni handle
RCX=0x00000233ffd7f350 points into unknown readable memory: 0x00007ff8f9b9e890 | 90 e8 b9 f9 f8 7f 00 00
RDX=0x000000a707ffef70 points into unknown readable memory: 0x0000000000000000 | 00 00 00 00 00 00 00 00
RSP=0x000000a707ffef70 points into unknown readable memory: 0x0000000000000000 | 00 00 00 00 00 00 00 00
RBP=0x0000023398207318 points into unknown readable memory: 0x00008ca532c26c19 | 19 6c c2 32 a5 8c 00 00
RSI=0x00000233982072f0 points into unknown readable memory: 0xf23cced9eac26ce6 | e6 6c c2 ea d9 ce 3c f2
RDI=0x00008ca532c26c19 is an unknown value
R8 =0x0000000000010002 is an unknown value
R9 =0x00008ca532c26c19 is an unknown value
R10=0x0000000000008000 is an unknown value
R11=0x000000a707ffef00 points into unknown readable memory: 0x00000233982072f0 | f0 72 20 98 33 02 00 00
R12=0x00007ff91e214354 glass.dll
R13=0x00007ff8f9d449d0 jvm.dll
R14=0x000000a707fff068 points into unknown readable memory: 0x000000a707fff050 | 50 f0 ff 07 a7 00 00 00
R15=0x00000233982072f0 points into unknown readable memory: 0xf23cced9eac26ce6 | e6 6c c2 ea d9 ce 3c f2


Registers:
RAX=0x0000000000000000, RBX=0x00000233ffd95db8, RCX=0x00000233ffd7f350, RDX=0x000000a707ffef70
RSP=0x000000a707ffef70, RBP=0x0000023398207318, RSI=0x00000233982072f0, RDI=0x00008ca532c26c19
R8 =0x0000000000010002, R9 =0x00008ca532c26c19, R10=0x0000000000008000, R11=0x000000a707ffef00
R12=0x00007ff91e214354, R13=0x00007ff8f9d449d0, R14=0x000000a707fff068, R15=0x00000233982072f0
RIP=0x00007ff91e216a87, EFLAGS=0x0000000000010202

Top of Stack: (sp=0x000000a707ffef70)
0x000000a707ffef70:   0000000000000000 00000233982072f0
0x000000a707ffef80:   00007ff8f9d449d0 00007ff91e214354
0x000000a707ffef90:   00000233982072f8 00007ff9401d42d6
0x000000a707ffefa0:   00008ca532c26c19 0000023300000000
0x000000a707ffefb0:   0000023398207318 00000233982072f0
0x000000a707ffefc0:   fffffffffffffffe 0000000000000000
0x000000a707ffefd0:   0000000000000001 00007ff91e1f0000
0x000000a707ffefe0:   000000a707fff058 00007ff9401d41fb
0x000000a707ffeff0:   0000000000000000 000000a707fff068
0x000000a707fff000:   000000a707fff330 00007ff9402b0e40
0x000000a707fff010:   0000000000000001 00007ff9401d41b4
0x000000a707fff020:   0000000000000000 0000000000000001
0x000000a707fff030:   00007ff800000001 000000a707fff058
0x000000a707fff040:   0000000000000000 00007ff91e2141e1
0x000000a707fff050:   00007ff91e22a138 00007ff900000002
0x000000a707fff060:   0000000000000002 000000a707fff050 

Instructions: (pc=0x00007ff91e216a87)
0x00007ff91e216987:   8b 4d 58 e8 01 cf ff ff 48 8b 4d 60 e8 f8 ce ff
0x00007ff91e216997:   ff 48 8b 95 80 00 00 00 48 8b 8d 18 01 00 00 e8
0x00007ff91e2169a7:   c6 c3 ff ff 33 d2 33 c9 e8 3c e1 ff ff 90 48 89
0x00007ff91e2169b7:   54 24 10 55 48 83 ec 20 48 8b ea 48 b8 00 00 00
0x00007ff91e2169c7:   00 00 00 00 00 48 83 c4 20 5d c3 cc 40 55 48 8b
0x00007ff91e2169d7:   ea 48 8b 01 33 c9 81 38 05 00 00 c0 0f 94 c1 8b
0x00007ff91e2169e7:   c1 5d c3 cc 40 55 48 83 ec 20 48 8b ea 8a 4d 40
0x00007ff91e2169f7:   48 83 c4 20 5d e9 f7 d2 ff ff cc 40 55 48 83 ec
0x00007ff91e216a07:   20 48 8b ea 8a 4d 20 e8 e5 d2 ff ff 90 48 83 c4
0x00007ff91e216a17:   20 5d c3 cc 40 55 48 83 ec 20 48 8b ea 48 83 c4
0x00007ff91e216a27:   20 5d e9 46 d1 ff ff cc 40 55 48 83 ec 30 48 8b
0x00007ff91e216a37:   ea 48 8b 01 8b 10 48 89 4c 24 28 89 54 24 20 4c
0x00007ff91e216a47:   8d 0d e7 d5 ff ff 4c 8b 45 70 8b 55 68 48 8b 4d
0x00007ff91e216a57:   60 e8 87 d0 ff ff 90 48 83 c4 30 5d c3 cc cc cc
0x00007ff91e216a67:   cc cc cc cc cc cc cc cc cc 40 53 48 83 ec 20 48
0x00007ff91e216a77:   8b 1d b3 30 01 00 48 85 db 74 16 e8 09 8b ff ff
0x00007ff91e216a87:   4c 8b 00 48 8b d3 48 8b c8 41 ff 90 b0 00 00 00
0x00007ff91e216a97:   90 48 83 c4 20 5b c3 cc cc 40 53 48 83 ec 20 48
0x00007ff91e216aa7:   8b 1d 2b 32 01 00 48 85 db 74 57 b8 ff ff ff ff
0x00007ff91e216ab7:   f0 0f c1 43 10 83 f8 01 75 3d 48 85 db 74 38 48
0x00007ff91e216ac7:   8b 0b 48 85 c9 74 0d ff 15 d4 07 00 00 48 c7 03
0x00007ff91e216ad7:   00 00 00 00 48 8b 4b 08 48 85 c9 74 0d e8 a7 cd
0x00007ff91e216ae7:   ff ff 48 c7 43 08 00 00 00 00 ba 18 00 00 00 48
0x00007ff91e216af7:   8b cb e8 92 cd ff ff 48 c7 05 cf 31 01 00 00 00
0x00007ff91e216b07:   00 00 48 83 c4 20 5b c3 cc 40 53 48 83 ec 20 48
0x00007ff91e216b17:   8b 1d 9b 31 01 00 48 85 db 74 57 b8 ff ff ff ff
0x00007ff91e216b27:   f0 0f c1 43 10 83 f8 01 75 3d 48 85 db 74 38 48
0x00007ff91e216b37:   8b 0b 48 85 c9 74 0d ff 15 64 07 00 00 48 c7 03
0x00007ff91e216b47:   00 00 00 00 48 8b 4b 08 48 85 c9 74 0d e8 37 cd
0x00007ff91e216b57:   ff ff 48 c7 43 08 00 00 00 00 ba 18 00 00 00 48
0x00007ff91e216b67:   8b cb e8 22 cd ff ff 48 c7 05 3f 31 01 00 00 00
0x00007ff91e216b77:   00 00 48 83 c4 20 5b c3 cc 40 53 48 83 ec 20 48 


Stack slot to memory mapping:
stack at sp + 0 slots: 0x0 is NULL
stack at sp + 1 slots: 0x00000233982072f0 points into unknown readable memory: 0xf23cced9eac26ce6 | e6 6c c2 ea d9 ce 3c f2
stack at sp + 2 slots: 0x00007ff8f9d449d0 jvm.dll
stack at sp + 3 slots: 0x00007ff91e214354 glass.dll
stack at sp + 4 slots: 0x00000233982072f8 points into unknown readable memory: 0x00008ca532c26c19 | 19 6c c2 32 a5 8c 00 00
stack at sp + 5 slots: 0x00007ff9401d42d6 ucrtbase.dll
stack at sp + 6 slots: 0x00008ca532c26c19 is an unknown value
stack at sp + 7 slots: 0x0000023300000000 is an unknown value

VM_Operation (0x000000a7076fef80): Exit, mode: safepoint, requested by thread 0x000002339cb02790


---------------  P R O C E S S  ---------------

Threads class SMR info:
_java_thread_list=0x000002339c88db00, length=21, elements={
0x00000233f4001c00, 0x00000233ffd853b0, 0x00000233ffd889d0, 0x00000233ffd9f7e0,
0x00000233ffda26b0, 0x00000233ffda51a0, 0x00000233ffda6e80, 0x00000233ffda9360,
0x00000233ffdae410, 0x00000233ffdc8ac0, 0x00000233ffda64e0, 0x00000233ffda69b0,
0x00000233ffda3e60, 0x00000233ffda7350, 0x00000233ffda5670, 0x00000233ffda4800,
0x00000233ffda7820, 0x00000233ffda4330, 0x00000233ffda5b40, 0x00000233ffda6010,
0x000002339cb02790
}

Java Threads: ( => current thread )
  0x00000233f4001c00 JavaThread "main" [_thread_blocked, id=20728, stack(0x000000a707900000,0x000000a707a00000)]
  0x00000233ffd853b0 JavaThread "Reference Handler" daemon [_thread_blocked, id=35216, stack(0x000000a708000000,0x000000a708100000)]
  0x00000233ffd889d0 JavaThread "Finalizer" daemon [_thread_blocked, id=23064, stack(0x000000a708100000,0x000000a708200000)]
  0x00000233ffd9f7e0 JavaThread "Signal Dispatcher" daemon [_thread_blocked, id=1756, stack(0x000000a708200000,0x000000a708300000)]
  0x00000233ffda26b0 JavaThread "Attach Listener" daemon [_thread_blocked, id=30588, stack(0x000000a708300000,0x000000a708400000)]
  0x00000233ffda51a0 JavaThread "Service Thread" daemon [_thread_blocked, id=9276, stack(0x000000a708400000,0x000000a708500000)]
  0x00000233ffda6e80 JavaThread "Monitor Deflation Thread" daemon [_thread_blocked, id=38112, stack(0x000000a708500000,0x000000a708600000)]
  0x00000233ffda9360 JavaThread "C2 CompilerThread0" daemon [_thread_blocked, id=26080, stack(0x000000a708600000,0x000000a708700000)]
  0x00000233ffdae410 JavaThread "C1 CompilerThread0" daemon [_thread_blocked, id=22580, stack(0x000000a708700000,0x000000a708800000)]
  0x00000233ffdc8ac0 JavaThread "Sweeper thread" daemon [_thread_blocked, id=37148, stack(0x000000a708800000,0x000000a708900000)]
  0x00000233ffda64e0 JavaThread "Common-Cleaner" daemon [_thread_blocked, id=35908, stack(0x000000a708900000,0x000000a708a00000)]
  0x00000233ffda69b0 JavaThread "Monitor Ctrl-Break" daemon [_thread_in_native, id=34628, stack(0x000000a708c00000,0x000000a708d00000)]
  0x00000233ffda3e60 JavaThread "Notification Thread" daemon [_thread_blocked, id=34472, stack(0x000000a708d00000,0x000000a708e00000)]
  0x00000233ffda7350 JavaThread "QuantumRenderer-0" daemon [_thread_blocked, id=36468, stack(0x000000a708b00000,0x000000a708c00000)]
  0x00000233ffda5670 JavaThread "InvokeLaterDispatcher" daemon [_thread_blocked, id=21988, stack(0x000000a708f00000,0x000000a709000000)]
  0x00000233ffda4800 JavaThread "JavaFX Application Thread" [_thread_in_native, id=24104, stack(0x000000a709000000,0x000000a709100000)]
  0x00000233ffda7820 JavaThread "Thread-1" daemon [_thread_in_native, id=18408, stack(0x000000a709500000,0x000000a709600000)]
  0x00000233ffda4330 JavaThread "JavaFX-Launcher" [_thread_blocked, id=21652, stack(0x000000a709400000,0x000000a709500000)]
  0x00000233ffda5b40 JavaThread "Prism Font Disposer" daemon [_thread_blocked, id=39236, stack(0x000000a70a000000,0x000000a70a100000)]
  0x00000233ffda6010 JavaThread "Cleaner-0" daemon [_thread_blocked, id=19844, stack(0x000000a70a100000,0x000000a70a200000)]
  0x000002339cb02790 JavaThread "SIGINT handler" daemon [_thread_blocked, id=28560, stack(0x000000a707600000,0x000000a707700000)]

Other Threads:
=>0x00000233ffd7f350 VMThread "VM Thread" [stack: 0x000000a707f00000,0x000000a708000000] [id=23356]
  0x00000233f4050d70 GCTaskThread "GC Thread#0" [stack: 0x000000a707a00000,0x000000a707b00000] [id=36824]
  0x000002339c8bc5e0 GCTaskThread "GC Thread#1" [stack: 0x000000a709600000,0x000000a709700000] [id=32488]
  0x000002339c8d0ee0 GCTaskThread "GC Thread#2" [stack: 0x000000a709700000,0x000000a709800000] [id=10576]
  0x000002339c8bd500 GCTaskThread "GC Thread#3" [stack: 0x000000a709800000,0x000000a709900000] [id=18892]
  0x000002339c8bd7b0 GCTaskThread "GC Thread#4" [stack: 0x000000a709900000,0x000000a709a00000] [id=38904]
  0x000002339c8968b0 GCTaskThread "GC Thread#5" [stack: 0x000000a709a00000,0x000000a709b00000] [id=35964]
  0x000002339c919db0 GCTaskThread "GC Thread#6" [stack: 0x000000a709b00000,0x000000a709c00000] [id=30224]
  0x000002339c9116f0 GCTaskThread "GC Thread#7" [stack: 0x000000a709c00000,0x000000a709d00000] [id=33468]
  0x00000233f4061930 ConcurrentGCThread "G1 Main Marker" terminated
  0x00000233f4062ae0 ConcurrentGCThread "G1 Conc#0" [stack: 0x000000a707c00000,0x000000a707d00000] [id=16716]
  0x00000233ffc424c0 ConcurrentGCThread "G1 Refine#0" terminated
  0x00000233ffc42ee0 ConcurrentGCThread "G1 Service" terminated

Threads with active compile tasks:

VM state: at safepoint (shutting down)

VM Mutex/Monitor currently owned by a thread:  ([mutex/lock_event])
[0x00000233f3ffcfb0] Threads_lock - owner thread: 0x00000233ffd7f350
[0x00000233f3ffc980] Heap_lock - owner thread: 0x000002339cb02790

Heap address: 0x0000000703800000, size: 4040 MB, Compressed Oops mode: Zero based, Oop shift amount: 3

CDS archive(s) mapped at: [0x0000000800000000-0x0000000800bc0000-0x0000000800bc0000), size 12320768, SharedBaseAddress: 0x0000000800000000, ArchiveRelocationMode: 0.
Compressed class space mapped at: 0x0000000800c00000-0x0000000840c00000, reserved size: 1073741824
Narrow klass base: 0x0000000800000000, Narrow klass shift: 0, Narrow klass range: 0x100000000

GC Precious Log:
 CPUs: 8 total, 8 available
 Memory: 16155M
 Large Page Support: Disabled
 NUMA Support: Disabled
 Compressed Oops: Enabled (Zero based)
 Heap Region Size: 2M
 Heap Min Capacity: 8M
 Heap Initial Capacity: 254M
 Heap Max Capacity: 4040M
 Pre-touch: Disabled
 Parallel Workers: 8
 Concurrent Workers: 2
 Concurrent Refinement Workers: 8
 Periodic GC: Disabled

Heap:
 garbage-first heap   total 260096K, used 42215K [0x0000000703800000, 0x0000000800000000)
  region size 2048K, 20 young (40960K), 3 survivors (6144K)
 Metaspace       used 20474K, committed 20736K, reserved 1073152K
  class space    used 2821K, committed 2944K, reserved 1048576K

Heap Regions: E=young(eden), S=young(survivor), O=old, HS=humongous(starts), HC=humongous(continues), CS=collection set, F=free, OA=open archive, CA=closed archive, TAMS=top-at-mark-start (previous, next)
|   0|0x0000000703800000, 0x0000000703a00000, 0x0000000703a00000|100%| O|  |TAMS 0x0000000703800000, 0x0000000703800000| Untracked 
|   1|0x0000000703a00000, 0x0000000703b05a00, 0x0000000703c00000| 51%| O|  |TAMS 0x0000000703a00000, 0x0000000703a00000| Untracked 
|   2|0x0000000703c00000, 0x0000000703e00000, 0x0000000703e00000|100%|HS|  |TAMS 0x0000000703c00000, 0x0000000703c00000| Complete 
|   3|0x0000000703e00000, 0x0000000703e00000, 0x0000000704000000|  0%| F|  |TAMS 0x0000000703e00000, 0x0000000703e00000| Untracked 
|   4|0x0000000704000000, 0x0000000704000000, 0x0000000704200000|  0%| F|  |TAMS 0x0000000704000000, 0x0000000704000000| Untracked 
|   5|0x0000000704200000, 0x0000000704200000, 0x0000000704400000|  0%| F|  |TAMS 0x0000000704200000, 0x0000000704200000| Untracked 
|   6|0x0000000704400000, 0x0000000704400000, 0x0000000704600000|  0%| F|  |TAMS 0x0000000704400000, 0x0000000704400000| Untracked 
|   7|0x0000000704600000, 0x0000000704600000, 0x0000000704800000|  0%| F|  |TAMS 0x0000000704600000, 0x0000000704600000| Untracked 
|   8|0x0000000704800000, 0x0000000704800000, 0x0000000704a00000|  0%| F|  |TAMS 0x0000000704800000, 0x0000000704800000| Untracked 
|   9|0x0000000704a00000, 0x0000000704a00000, 0x0000000704c00000|  0%| F|  |TAMS 0x0000000704a00000, 0x0000000704a00000| Untracked 
|  10|0x0000000704c00000, 0x0000000704c00000, 0x0000000704e00000|  0%| F|  |TAMS 0x0000000704c00000, 0x0000000704c00000| Untracked 
|  11|0x0000000704e00000, 0x0000000704e00000, 0x0000000705000000|  0%| F|  |TAMS 0x0000000704e00000, 0x0000000704e00000| Untracked 
|  12|0x0000000705000000, 0x0000000705000000, 0x0000000705200000|  0%| F|  |TAMS 0x0000000705000000, 0x0000000705000000| Untracked 
|  13|0x0000000705200000, 0x0000000705200000, 0x0000000705400000|  0%| F|  |TAMS 0x0000000705200000, 0x0000000705200000| Untracked 
|  14|0x0000000705400000, 0x0000000705400000, 0x0000000705600000|  0%| F|  |TAMS 0x0000000705400000, 0x0000000705400000| Untracked 
|  15|0x0000000705600000, 0x0000000705600000, 0x0000000705800000|  0%| F|  |TAMS 0x0000000705600000, 0x0000000705600000| Untracked 
|  16|0x0000000705800000, 0x0000000705800000, 0x0000000705a00000|  0%| F|  |TAMS 0x0000000705800000, 0x0000000705800000| Untracked 
|  17|0x0000000705a00000, 0x0000000705a00000, 0x0000000705c00000|  0%| F|  |TAMS 0x0000000705a00000, 0x0000000705a00000| Untracked 
|  18|0x0000000705c00000, 0x0000000705c00000, 0x0000000705e00000|  0%| F|  |TAMS 0x0000000705c00000, 0x0000000705c00000| Untracked 
|  19|0x0000000705e00000, 0x0000000705e00000, 0x0000000706000000|  0%| F|  |TAMS 0x0000000705e00000, 0x0000000705e00000| Untracked 
|  20|0x0000000706000000, 0x0000000706000000, 0x0000000706200000|  0%| F|  |TAMS 0x0000000706000000, 0x0000000706000000| Untracked 
|  21|0x0000000706200000, 0x0000000706200000, 0x0000000706400000|  0%| F|  |TAMS 0x0000000706200000, 0x0000000706200000| Untracked 
|  22|0x0000000706400000, 0x0000000706400000, 0x0000000706600000|  0%| F|  |TAMS 0x0000000706400000, 0x0000000706400000| Untracked 
|  23|0x0000000706600000, 0x0000000706600000, 0x0000000706800000|  0%| F|  |TAMS 0x0000000706600000, 0x0000000706600000| Untracked 
|  24|0x0000000706800000, 0x0000000706800000, 0x0000000706a00000|  0%| F|  |TAMS 0x0000000706800000, 0x0000000706800000| Untracked 
|  25|0x0000000706a00000, 0x0000000706a00000, 0x0000000706c00000|  0%| F|  |TAMS 0x0000000706a00000, 0x0000000706a00000| Untracked 
|  26|0x0000000706c00000, 0x0000000706c00000, 0x0000000706e00000|  0%| F|  |TAMS 0x0000000706c00000, 0x0000000706c00000| Untracked 
|  27|0x0000000706e00000, 0x0000000706e00000, 0x0000000707000000|  0%| F|  |TAMS 0x0000000706e00000, 0x0000000706e00000| Untracked 
|  28|0x0000000707000000, 0x0000000707000000, 0x0000000707200000|  0%| F|  |TAMS 0x0000000707000000, 0x0000000707000000| Untracked 
|  29|0x0000000707200000, 0x0000000707200000, 0x0000000707400000|  0%| F|  |TAMS 0x0000000707200000, 0x0000000707200000| Untracked 
|  30|0x0000000707400000, 0x0000000707400000, 0x0000000707600000|  0%| F|  |TAMS 0x0000000707400000, 0x0000000707400000| Untracked 
|  31|0x0000000707600000, 0x0000000707600000, 0x0000000707800000|  0%| F|  |TAMS 0x0000000707600000, 0x0000000707600000| Untracked 
|  32|0x0000000707800000, 0x0000000707800000, 0x0000000707a00000|  0%| F|  |TAMS 0x0000000707800000, 0x0000000707800000| Untracked 
|  33|0x0000000707a00000, 0x0000000707a00000, 0x0000000707c00000|  0%| F|  |TAMS 0x0000000707a00000, 0x0000000707a00000| Untracked 
|  34|0x0000000707c00000, 0x0000000707c00000, 0x0000000707e00000|  0%| F|  |TAMS 0x0000000707c00000, 0x0000000707c00000| Untracked 
|  35|0x0000000707e00000, 0x0000000707e00000, 0x0000000708000000|  0%| F|  |TAMS 0x0000000707e00000, 0x0000000707e00000| Untracked 
|  36|0x0000000708000000, 0x0000000708000000, 0x0000000708200000|  0%| F|  |TAMS 0x0000000708000000, 0x0000000708000000| Untracked 
|  37|0x0000000708200000, 0x0000000708200000, 0x0000000708400000|  0%| F|  |TAMS 0x0000000708200000, 0x0000000708200000| Untracked 
|  38|0x0000000708400000, 0x0000000708400000, 0x0000000708600000|  0%| F|  |TAMS 0x0000000708400000, 0x0000000708400000| Untracked 
|  39|0x0000000708600000, 0x0000000708600000, 0x0000000708800000|  0%| F|  |TAMS 0x0000000708600000, 0x0000000708600000| Untracked 
|  40|0x0000000708800000, 0x0000000708800000, 0x0000000708a00000|  0%| F|  |TAMS 0x0000000708800000, 0x0000000708800000| Untracked 
|  41|0x0000000708a00000, 0x0000000708a00000, 0x0000000708c00000|  0%| F|  |TAMS 0x0000000708a00000, 0x0000000708a00000| Untracked 
|  42|0x0000000708c00000, 0x0000000708c00000, 0x0000000708e00000|  0%| F|  |TAMS 0x0000000708c00000, 0x0000000708c00000| Untracked 
|  43|0x0000000708e00000, 0x0000000708e00000, 0x0000000709000000|  0%| F|  |TAMS 0x0000000708e00000, 0x0000000708e00000| Untracked 
|  44|0x0000000709000000, 0x0000000709000000, 0x0000000709200000|  0%| F|  |TAMS 0x0000000709000000, 0x0000000709000000| Untracked 
|  45|0x0000000709200000, 0x0000000709200000, 0x0000000709400000|  0%| F|  |TAMS 0x0000000709200000, 0x0000000709200000| Untracked 
|  46|0x0000000709400000, 0x0000000709400000, 0x0000000709600000|  0%| F|  |TAMS 0x0000000709400000, 0x0000000709400000| Untracked 
|  47|0x0000000709600000, 0x0000000709600000, 0x0000000709800000|  0%| F|  |TAMS 0x0000000709600000, 0x0000000709600000| Untracked 
|  48|0x0000000709800000, 0x0000000709800000, 0x0000000709a00000|  0%| F|  |TAMS 0x0000000709800000, 0x0000000709800000| Untracked 
|  49|0x0000000709a00000, 0x0000000709a00000, 0x0000000709c00000|  0%| F|  |TAMS 0x0000000709a00000, 0x0000000709a00000| Untracked 
|  50|0x0000000709c00000, 0x0000000709c00000, 0x0000000709e00000|  0%| F|  |TAMS 0x0000000709c00000, 0x0000000709c00000| Untracked 
|  51|0x0000000709e00000, 0x0000000709e00000, 0x000000070a000000|  0%| F|  |TAMS 0x0000000709e00000, 0x0000000709e00000| Untracked 
|  52|0x000000070a000000, 0x000000070a000000, 0x000000070a200000|  0%| F|  |TAMS 0x000000070a000000, 0x000000070a000000| Untracked 
|  53|0x000000070a200000, 0x000000070a200000, 0x000000070a400000|  0%| F|  |TAMS 0x000000070a200000, 0x000000070a200000| Untracked 
|  54|0x000000070a400000, 0x000000070a400000, 0x000000070a600000|  0%| F|  |TAMS 0x000000070a400000, 0x000000070a400000| Untracked 
|  55|0x000000070a600000, 0x000000070a600000, 0x000000070a800000|  0%| F|  |TAMS 0x000000070a600000, 0x000000070a600000| Untracked 
|  56|0x000000070a800000, 0x000000070a800000, 0x000000070aa00000|  0%| F|  |TAMS 0x000000070a800000, 0x000000070a800000| Untracked 
|  57|0x000000070aa00000, 0x000000070aa00000, 0x000000070ac00000|  0%| F|  |TAMS 0x000000070aa00000, 0x000000070aa00000| Untracked 
|  58|0x000000070ac00000, 0x000000070ac00000, 0x000000070ae00000|  0%| F|  |TAMS 0x000000070ac00000, 0x000000070ac00000| Untracked 
|  59|0x000000070ae00000, 0x000000070ae00000, 0x000000070b000000|  0%| F|  |TAMS 0x000000070ae00000, 0x000000070ae00000| Untracked 
|  60|0x000000070b000000, 0x000000070b000000, 0x000000070b200000|  0%| F|  |TAMS 0x000000070b000000, 0x000000070b000000| Untracked 
|  61|0x000000070b200000, 0x000000070b200000, 0x000000070b400000|  0%| F|  |TAMS 0x000000070b200000, 0x000000070b200000| Untracked 
|  62|0x000000070b400000, 0x000000070b400000, 0x000000070b600000|  0%| F|  |TAMS 0x000000070b400000, 0x000000070b400000| Untracked 
|  63|0x000000070b600000, 0x000000070b600000, 0x000000070b800000|  0%| F|  |TAMS 0x000000070b600000, 0x000000070b600000| Untracked 
|  64|0x000000070b800000, 0x000000070b800000, 0x000000070ba00000|  0%| F|  |TAMS 0x000000070b800000, 0x000000070b800000| Untracked 
|  65|0x000000070ba00000, 0x000000070ba00000, 0x000000070bc00000|  0%| F|  |TAMS 0x000000070ba00000, 0x000000070ba00000| Untracked 
|  66|0x000000070bc00000, 0x000000070bc00000, 0x000000070be00000|  0%| F|  |TAMS 0x000000070bc00000, 0x000000070bc00000| Untracked 
|  67|0x000000070be00000, 0x000000070be00000, 0x000000070c000000|  0%| F|  |TAMS 0x000000070be00000, 0x000000070be00000| Untracked 
|  68|0x000000070c000000, 0x000000070c000000, 0x000000070c200000|  0%| F|  |TAMS 0x000000070c000000, 0x000000070c000000| Untracked 
|  69|0x000000070c200000, 0x000000070c200000, 0x000000070c400000|  0%| F|  |TAMS 0x000000070c200000, 0x000000070c200000| Untracked 
|  70|0x000000070c400000, 0x000000070c400000, 0x000000070c600000|  0%| F|  |TAMS 0x000000070c400000, 0x000000070c400000| Untracked 
|  71|0x000000070c600000, 0x000000070c600000, 0x000000070c800000|  0%| F|  |TAMS 0x000000070c600000, 0x000000070c600000| Untracked 
|  72|0x000000070c800000, 0x000000070c800000, 0x000000070ca00000|  0%| F|  |TAMS 0x000000070c800000, 0x000000070c800000| Untracked 
|  73|0x000000070ca00000, 0x000000070ca00000, 0x000000070cc00000|  0%| F|  |TAMS 0x000000070ca00000, 0x000000070ca00000| Untracked 
|  74|0x000000070cc00000, 0x000000070cc00000, 0x000000070ce00000|  0%| F|  |TAMS 0x000000070cc00000, 0x000000070cc00000| Untracked 
|  75|0x000000070ce00000, 0x000000070ce00000, 0x000000070d000000|  0%| F|  |TAMS 0x000000070ce00000, 0x000000070ce00000| Untracked 
|  76|0x000000070d000000, 0x000000070d000000, 0x000000070d200000|  0%| F|  |TAMS 0x000000070d000000, 0x000000070d000000| Untracked 
|  77|0x000000070d200000, 0x000000070d200000, 0x000000070d400000|  0%| F|  |TAMS 0x000000070d200000, 0x000000070d200000| Untracked 
|  78|0x000000070d400000, 0x000000070d400000, 0x000000070d600000|  0%| F|  |TAMS 0x000000070d400000, 0x000000070d400000| Untracked 
|  79|0x000000070d600000, 0x000000070d600000, 0x000000070d800000|  0%| F|  |TAMS 0x000000070d600000, 0x000000070d600000| Untracked 
|  80|0x000000070d800000, 0x000000070d800000, 0x000000070da00000|  0%| F|  |TAMS 0x000000070d800000, 0x000000070d800000| Untracked 
|  81|0x000000070da00000, 0x000000070da00000, 0x000000070dc00000|  0%| F|  |TAMS 0x000000070da00000, 0x000000070da00000| Untracked 
|  82|0x000000070dc00000, 0x000000070dc00000, 0x000000070de00000|  0%| F|  |TAMS 0x000000070dc00000, 0x000000070dc00000| Untracked 
|  83|0x000000070de00000, 0x000000070de00000, 0x000000070e000000|  0%| F|  |TAMS 0x000000070de00000, 0x000000070de00000| Untracked 
|  84|0x000000070e000000, 0x000000070e000000, 0x000000070e200000|  0%| F|  |TAMS 0x000000070e000000, 0x000000070e000000| Untracked 
|  85|0x000000070e200000, 0x000000070e200000, 0x000000070e400000|  0%| F|  |TAMS 0x000000070e200000, 0x000000070e200000| Untracked 
|  86|0x000000070e400000, 0x000000070e400000, 0x000000070e600000|  0%| F|  |TAMS 0x000000070e400000, 0x000000070e400000| Untracked 
|  87|0x000000070e600000, 0x000000070e600000, 0x000000070e800000|  0%| F|  |TAMS 0x000000070e600000, 0x000000070e600000| Untracked 
|  88|0x000000070e800000, 0x000000070e800000, 0x000000070ea00000|  0%| F|  |TAMS 0x000000070e800000, 0x000000070e800000| Untracked 
|  89|0x000000070ea00000, 0x000000070ea00000, 0x000000070ec00000|  0%| F|  |TAMS 0x000000070ea00000, 0x000000070ea00000| Untracked 
|  90|0x000000070ec00000, 0x000000070ec00000, 0x000000070ee00000|  0%| F|  |TAMS 0x000000070ec00000, 0x000000070ec00000| Untracked 
|  91|0x000000070ee00000, 0x000000070ee00000, 0x000000070f000000|  0%| F|  |TAMS 0x000000070ee00000, 0x000000070ee00000| Untracked 
|  92|0x000000070f000000, 0x000000070f000000, 0x000000070f200000|  0%| F|  |TAMS 0x000000070f000000, 0x000000070f000000| Untracked 
|  93|0x000000070f200000, 0x000000070f200000, 0x000000070f400000|  0%| F|  |TAMS 0x000000070f200000, 0x000000070f200000| Untracked 
|  94|0x000000070f400000, 0x000000070f400000, 0x000000070f600000|  0%| F|  |TAMS 0x000000070f400000, 0x000000070f400000| Untracked 
|  95|0x000000070f600000, 0x000000070f600000, 0x000000070f800000|  0%| F|  |TAMS 0x000000070f600000, 0x000000070f600000| Untracked 
|  96|0x000000070f800000, 0x000000070f800000, 0x000000070fa00000|  0%| F|  |TAMS 0x000000070f800000, 0x000000070f800000| Untracked 
|  97|0x000000070fa00000, 0x000000070fa00000, 0x000000070fc00000|  0%| F|  |TAMS 0x000000070fa00000, 0x000000070fa00000| Untracked 
|  98|0x000000070fc00000, 0x000000070fc00000, 0x000000070fe00000|  0%| F|  |TAMS 0x000000070fc00000, 0x000000070fc00000| Untracked 
|  99|0x000000070fe00000, 0x000000070fe00000, 0x0000000710000000|  0%| F|  |TAMS 0x000000070fe00000, 0x000000070fe00000| Untracked 
| 100|0x0000000710000000, 0x0000000710000000, 0x0000000710200000|  0%| F|  |TAMS 0x0000000710000000, 0x0000000710000000| Untracked 
| 101|0x0000000710200000, 0x0000000710200000, 0x0000000710400000|  0%| F|  |TAMS 0x0000000710200000, 0x0000000710200000| Untracked 
| 102|0x0000000710400000, 0x0000000710400000, 0x0000000710600000|  0%| F|  |TAMS 0x0000000710400000, 0x0000000710400000| Untracked 
| 103|0x0000000710600000, 0x0000000710600000, 0x0000000710800000|  0%| F|  |TAMS 0x0000000710600000, 0x0000000710600000| Untracked 
| 104|0x0000000710800000, 0x0000000710800000, 0x0000000710a00000|  0%| F|  |TAMS 0x0000000710800000, 0x0000000710800000| Untracked 
| 105|0x0000000710a00000, 0x0000000710a00000, 0x0000000710c00000|  0%| F|  |TAMS 0x0000000710a00000, 0x0000000710a00000| Untracked 
| 106|0x0000000710c00000, 0x0000000710c34218, 0x0000000710e00000| 10%| S|CS|TAMS 0x0000000710c00000, 0x0000000710c00000| Complete 
| 107|0x0000000710e00000, 0x0000000711000000, 0x0000000711000000|100%| S|CS|TAMS 0x0000000710e00000, 0x0000000710e00000| Complete 
| 108|0x0000000711000000, 0x0000000711200000, 0x0000000711200000|100%| S|CS|TAMS 0x0000000711000000, 0x0000000711000000| Complete 
| 109|0x0000000711200000, 0x0000000711200000, 0x0000000711400000|  0%| F|  |TAMS 0x0000000711200000, 0x0000000711200000| Untracked 
| 110|0x0000000711400000, 0x000000071152b870, 0x0000000711600000| 58%| E|  |TAMS 0x0000000711400000, 0x0000000711400000| Complete 
| 111|0x0000000711600000, 0x0000000711800000, 0x0000000711800000|100%| E|CS|TAMS 0x0000000711600000, 0x0000000711600000| Complete 
| 112|0x0000000711800000, 0x0000000711a00000, 0x0000000711a00000|100%| E|CS|TAMS 0x0000000711800000, 0x0000000711800000| Complete 
| 113|0x0000000711a00000, 0x0000000711c00000, 0x0000000711c00000|100%| E|CS|TAMS 0x0000000711a00000, 0x0000000711a00000| Complete 
| 114|0x0000000711c00000, 0x0000000711e00000, 0x0000000711e00000|100%| E|CS|TAMS 0x0000000711c00000, 0x0000000711c00000| Complete 
| 115|0x0000000711e00000, 0x0000000712000000, 0x0000000712000000|100%| E|CS|TAMS 0x0000000711e00000, 0x0000000711e00000| Complete 
| 116|0x0000000712000000, 0x0000000712200000, 0x0000000712200000|100%| E|CS|TAMS 0x0000000712000000, 0x0000000712000000| Complete 
| 117|0x0000000712200000, 0x0000000712400000, 0x0000000712400000|100%| E|CS|TAMS 0x0000000712200000, 0x0000000712200000| Complete 
| 118|0x0000000712400000, 0x0000000712600000, 0x0000000712600000|100%| E|CS|TAMS 0x0000000712400000, 0x0000000712400000| Complete 
| 119|0x0000000712600000, 0x0000000712800000, 0x0000000712800000|100%| E|CS|TAMS 0x0000000712600000, 0x0000000712600000| Complete 
| 120|0x0000000712800000, 0x0000000712a00000, 0x0000000712a00000|100%| E|CS|TAMS 0x0000000712800000, 0x0000000712800000| Complete 
| 121|0x0000000712a00000, 0x0000000712c00000, 0x0000000712c00000|100%| E|CS|TAMS 0x0000000712a00000, 0x0000000712a00000| Complete 
| 122|0x0000000712c00000, 0x0000000712e00000, 0x0000000712e00000|100%| E|CS|TAMS 0x0000000712c00000, 0x0000000712c00000| Complete 
| 123|0x0000000712e00000, 0x0000000713000000, 0x0000000713000000|100%| E|CS|TAMS 0x0000000712e00000, 0x0000000712e00000| Complete 
| 124|0x0000000713000000, 0x0000000713200000, 0x0000000713200000|100%| E|CS|TAMS 0x0000000713000000, 0x0000000713000000| Complete 
| 125|0x0000000713200000, 0x0000000713400000, 0x0000000713400000|100%| E|CS|TAMS 0x0000000713200000, 0x0000000713200000| Complete 
| 126|0x0000000713400000, 0x0000000713600000, 0x0000000713600000|100%| E|CS|TAMS 0x0000000713400000, 0x0000000713400000| Complete 

Card table byte_map: [0x00000233fc380000,0x00000233fcb70000] _byte_map_base: 0x00000233f8b64000

Marking Bits (Prev, Next): (CMBitMap*) 0x00000233f4051380, (CMBitMap*) 0x00000233f40513c0
 Prev Bits: [0x000002338f000000, 0x0000023392f20000)
 Next Bits: [0x0000023392f20000, 0x0000023396e40000)

Polling page: 0x00000233f37e0000

Metaspace:

Usage:
  Non-class:     17.24 MB used.
      Class:      2.76 MB used.
       Both:     19.99 MB used.

Virtual space:
  Non-class space:       24.00 MB reserved,      17.38 MB ( 72%) committed,  3 nodes.
      Class space:        1.00 GB reserved,       2.88 MB ( <1%) committed,  1 nodes.
             Both:        1.02 GB reserved,      20.25 MB (  2%) committed. 

Chunk freelists:
   Non-Class:  2.64 MB
       Class:  1.17 MB
        Both:  3.81 MB

MaxMetaspaceSize: unlimited
CompressedClassSpaceSize: 1.00 GB
Initial GC threshold: 21.00 MB
Current GC threshold: 21.00 MB
CDS: on
MetaspaceReclaimPolicy: balanced
 - commit_granule_bytes: 65536.
 - commit_granule_words: 8192.
 - virtual_space_node_default_size: 1048576.
 - enlarge_chunks_in_place: 1.
 - new_chunks_are_fully_committed: 0.
 - uncommit_free_chunks: 1.
 - use_allocation_guard: 0.
 - handle_deallocations: 1.


Internal statistics:

num_allocs_failed_limit: 0.
num_arena_births: 214.
num_arena_deaths: 0.
num_vsnodes_births: 4.
num_vsnodes_deaths: 0.
num_space_committed: 324.
num_space_uncommitted: 0.
num_chunks_returned_to_freelist: 0.
num_chunks_taken_from_freelist: 834.
num_chunk_merges: 0.
num_chunk_splits: 585.
num_chunks_enlarged: 466.
num_purges: 0.
num_inconsistent_stats: 0.

CodeHeap 'non-profiled nmethods': size=120000Kb used=1509Kb max_used=1509Kb free=118490Kb
 bounds [0x0000023387ad0000, 0x0000023387d40000, 0x000002338f000000]
CodeHeap 'profiled nmethods': size=120000Kb used=6941Kb max_used=6941Kb free=113058Kb
 bounds [0x00000233805a0000, 0x0000023380c70000, 0x0000023387ad0000]
CodeHeap 'non-nmethods': size=5760Kb used=1449Kb max_used=1528Kb free=4310Kb
 bounds [0x0000023380000000, 0x0000023380270000, 0x00000233805a0000]
 total_blobs=4343 nmethods=3527 adapters=728
 compilation: enabled
              stopped_count=0, restarted_count=0
 full_count=0

Compilation events (20 events):
Event: 21.390 Thread 0x00000233ffdae410 nmethod 3526 0x0000023387c40890 code [0x0000023387c40a20, 0x0000023387c40af8]
Event: 21.390 Thread 0x00000233ffdae410 3527       1       com.sun.prism.paint.LinearGradient::getX2 (5 bytes)
Event: 21.390 Thread 0x00000233ffdae410 nmethod 3527 0x0000023387c40b90 code [0x0000023387c40d20, 0x0000023387c40df8]
Event: 21.390 Thread 0x00000233ffdae410 3528       1       com.sun.prism.paint.LinearGradient::getY2 (5 bytes)
Event: 21.390 Thread 0x00000233ffdae410 nmethod 3528 0x0000023387c40e90 code [0x0000023387c41020, 0x0000023387c410f8]
Event: 21.390 Thread 0x00000233ffdae410 3529       1       com.sun.prism.paint.Gradient::getGradientOffset (5 bytes)
Event: 21.390 Thread 0x00000233ffdae410 nmethod 3529 0x0000023387c41190 code [0x0000023387c41320, 0x0000023387c413f8]
Event: 21.390 Thread 0x00000233ffdae410 3530       3       com.sun.javafx.geom.RectBounds::setBoundsAndSort (14 bytes)
Event: 21.390 Thread 0x00000233ffdae410 nmethod 3530 0x0000023380c66290 code [0x0000023380c66440, 0x0000023380c665e8]
Event: 21.393 Thread 0x000002339cbbe3f0 3531       4       java.nio.ByteBuffer::position (8 bytes)
Event: 21.394 Thread 0x00000233ffdae410 3532       3       javafx.scene.layout.Background::isEmpty (30 bytes)
Event: 21.394 Thread 0x00000233ffdae410 nmethod 3532 0x0000023380c66710 code [0x0000023380c668c0, 0x0000023380c66bf8]
Event: 21.394 Thread 0x000002339cbbe3f0 nmethod 3531 0x0000023387c41490 code [0x0000023387c41600, 0x0000023387c416d8]
Event: 21.397 Thread 0x00000233ffdae410 3533       3       com.sun.javafx.geom.Path2D::moveTo (166 bytes)
Event: 21.397 Thread 0x00000233ffdae410 nmethod 3533 0x0000023380c66d10 code [0x0000023380c66ee0, 0x0000023380c67268]
Event: 21.470 Thread 0x00000233ffda9360 nmethod 3302 0x0000023387c41790 code [0x0000023387c41b60, 0x0000023387c467a8]
Event: 86.327 Thread 0x00000233ffda9360 3534       4       com.sun.javafx.tk.quantum.QuantumToolkit::postPulse (133 bytes)
Event: 86.344 Thread 0x00000233ffda9360 nmethod 3534 0x0000023387c48490 code [0x0000023387c48640, 0x0000023387c488b8]
Event: 87.210 Thread 0x00000233ffda9360 3535       4       com.sun.javafx.tk.quantum.QuantumToolkit$$Lambda$83/0x0000000800c36e58::run (8 bytes)
Event: 87.231 Thread 0x00000233ffda9360 nmethod 3535 0x0000023387c48c10 code [0x0000023387c48de0, 0x0000023387c490a8]

GC Heap History (4 events):
Event: 1.291 GC heap before
{Heap before GC invocations=0 (full 0):
 garbage-first heap   total 260096K, used 20480K [0x0000000703800000, 0x0000000800000000)
  region size 2048K, 11 young (22528K), 0 survivors (0K)
 Metaspace       used 4997K, committed 5184K, reserved 1056768K
  class space    used 574K, committed 640K, reserved 1048576K
}
Event: 1.297 GC heap after
{Heap after GC invocations=1 (full 0):
 garbage-first heap   total 260096K, used 3254K [0x0000000703800000, 0x0000000800000000)
  region size 2048K, 2 young (4096K), 2 survivors (4096K)
 Metaspace       used 4997K, committed 5184K, reserved 1056768K
  class space    used 574K, committed 640K, reserved 1048576K
}
Event: 2.641 GC heap before
{Heap before GC invocations=1 (full 0):
 garbage-first heap   total 260096K, used 36022K [0x0000000703800000, 0x0000000800000000)
  region size 2048K, 18 young (36864K), 2 survivors (4096K)
 Metaspace       used 13021K, committed 13248K, reserved 1064960K
  class space    used 1923K, committed 2048K, reserved 1048576K
}
Event: 2.653 GC heap after
{Heap after GC invocations=2 (full 0):
 garbage-first heap   total 260096K, used 7399K [0x0000000703800000, 0x0000000800000000)
  region size 2048K, 3 young (6144K), 3 survivors (6144K)
 Metaspace       used 13021K, committed 13248K, reserved 1064960K
  class space    used 1923K, committed 2048K, reserved 1048576K
}

Deoptimization events (20 events):
Event: 20.834 Thread 0x00000233ffda4800 DEOPT PACKING pc=0x0000023380b1a316 sp=0x000000a7090f8aa0
Event: 20.834 Thread 0x00000233ffda4800 DEOPT UNPACKING pc=0x0000023380052b43 sp=0x000000a7090f7ef8 mode 0
Event: 20.834 Thread 0x00000233ffda4800 DEOPT PACKING pc=0x0000023380b1a316 sp=0x000000a7090f88b0
Event: 20.834 Thread 0x00000233ffda4800 DEOPT UNPACKING pc=0x0000023380052b43 sp=0x000000a7090f7d08 mode 0
Event: 20.834 Thread 0x00000233ffda4800 DEOPT PACKING pc=0x0000023380b1a23e sp=0x000000a7090f8890
Event: 20.834 Thread 0x00000233ffda4800 DEOPT UNPACKING pc=0x0000023380052b43 sp=0x000000a7090f7ce8 mode 0
Event: 20.835 Thread 0x00000233ffda4800 DEOPT PACKING pc=0x0000023380b1a23e sp=0x000000a7090f8aa0
Event: 20.835 Thread 0x00000233ffda4800 DEOPT UNPACKING pc=0x0000023380052b43 sp=0x000000a7090f7ef8 mode 0
Event: 20.835 Thread 0x00000233ffda4800 DEOPT PACKING pc=0x0000023380b1a23e sp=0x000000a7090f88b0
Event: 20.835 Thread 0x00000233ffda4800 DEOPT UNPACKING pc=0x0000023380052b43 sp=0x000000a7090f7d08 mode 0
Event: 20.836 Thread 0x00000233ffda4800 DEOPT PACKING pc=0x0000023380b2f41b sp=0x000000a7090f8d70
Event: 20.836 Thread 0x00000233ffda4800 DEOPT UNPACKING pc=0x0000023380052b43 sp=0x000000a7090f8248 mode 0
Event: 20.850 Thread 0x00000233ffda4800 Uncommon trap: trap_request=0xffffff45 fr.pc=0x0000023387c0f460 relative=0x00000000000020e0
Event: 20.850 Thread 0x00000233ffda4800 Uncommon trap: reason=unstable_if action=reinterpret pc=0x0000023387c0f460 method=com.sun.crypto.provider.PBKDF2KeyImpl.deriveKey(Ljavax/crypto/Mac;[B[BII)[B @ 172 c2
Event: 20.850 Thread 0x00000233ffda4800 DEOPT PACKING pc=0x0000023387c0f460 sp=0x000000a7090f8d40
Event: 20.850 Thread 0x00000233ffda4800 DEOPT UNPACKING pc=0x00000233800523a3 sp=0x000000a7090f8d48 mode 2
Event: 21.151 Thread 0x00000233ffda4800 Uncommon trap: trap_request=0xffffff45 fr.pc=0x0000023387c28ca0 relative=0x0000000000000b00
Event: 21.152 Thread 0x00000233ffda4800 Uncommon trap: reason=unstable_if action=reinterpret pc=0x0000023387c28ca0 method=javafx.scene.CssStyleHelper.getStyle(Ljavafx/css/Styleable;Ljava/lang/String;Lcom/sun/javafx/css/StyleMap;Ljava/util/Set;)Lcom/sun/javafx/css/CascadingStyle; @ 8 c2
Event: 21.152 Thread 0x00000233ffda4800 DEOPT PACKING pc=0x0000023387c28ca0 sp=0x000000a7090f9be0
Event: 21.152 Thread 0x00000233ffda4800 DEOPT UNPACKING pc=0x00000233800523a3 sp=0x000000a7090f9b68 mode 2

Classes unloaded (0 events):
No events

Classes redefined (0 events):
No events

Internal exceptions (20 events):
Event: 2.796 Thread 0x00000233ffda4800 Exception <a 'java/lang/NoSuchMethodError'{0x000000071327fa90}: 'long java.lang.invoke.DirectMethodHandle$Holder.invokeStatic(java.lang.Object, java.lang.Object, java.lang.Object)'> (0x000000071327fa90) 
thrown [t:\workspace\open\src\hotspot\share\interpreter\linkResolver.cpp, line 766]
Event: 2.797 Thread 0x00000233ffda4800 Exception <a 'java/lang/NoSuchMethodError'{0x0000000713283238}: 'long java.lang.invoke.DirectMethodHandle$Holder.invokeStaticInit(java.lang.Object, java.lang.Object, java.lang.Object)'> (0x0000000713283238) 
thrown [t:\workspace\open\src\hotspot\share\interpreter\linkResolver.cpp, line 766]
Event: 2.801 Thread 0x00000233ffda4800 Exception <a 'java/lang/NoSuchMethodError'{0x000000071329ae40}: 'java.lang.Object java.lang.invoke.DirectMethodHandle$Holder.newInvokeSpecial(java.lang.Object, java.lang.Object, long)'> (0x000000071329ae40) 
thrown [t:\workspace\open\src\hotspot\share\interpreter\linkResolver.cpp, line 766]
Event: 2.802 Thread 0x00000233ffda4800 Exception <a 'java/lang/NoSuchMethodError'{0x000000071329e9b0}: 'java.lang.Object java.lang.invoke.Invokers$Holder.linkToTargetMethod(java.lang.Object, long, java.lang.Object)'> (0x000000071329e9b0) 
thrown [t:\workspace\open\src\hotspot\share\interpreter\linkResolver.cpp, line 766]
Event: 19.905 Thread 0x00000233ffda4800 Exception <a 'sun/nio/fs/WindowsException'{0x00000007128bd390}> (0x00000007128bd390) 
thrown [t:\workspace\open\src\hotspot\share\prims\jni.cpp, line 516]
Event: 19.914 Thread 0x00000233ffda4800 Exception <a 'sun/nio/fs/WindowsException'{0x00000007128eab68}> (0x00000007128eab68) 
thrown [t:\workspace\open\src\hotspot\share\prims\jni.cpp, line 516]
Event: 19.919 Thread 0x00000233ffda4800 Exception <a 'java/lang/NoSuchMethodError'{0x00000007128f0c98}: 'java.lang.Object java.lang.invoke.DirectMethodHandle$Holder.invokeVirtual(java.lang.Object, java.lang.Object, java.lang.Object, java.lang.Object)'> (0x00000007128f0c98) 
thrown [t:\workspace\open\src\hotspot\share\interpreter\linkResolver.cpp, line 766]
Event: 19.943 Thread 0x00000233ffda4800 Exception <a 'java/lang/NoSuchMethodError'{0x000000071293e278}: 'int java.lang.invoke.DirectMethodHandle$Holder.invokeStatic(java.lang.Object, java.lang.Object, java.lang.Object, java.lang.Object)'> (0x000000071293e278) 
thrown [t:\workspace\open\src\hotspot\share\interpreter\linkResolver.cpp, line 766]
Event: 19.944 Thread 0x00000233ffda4800 Exception <a 'java/lang/NoSuchMethodError'{0x0000000712941fd0}: 'int java.lang.invoke.DirectMethodHandle$Holder.invokeStaticInit(java.lang.Object, java.lang.Object, java.lang.Object, java.lang.Object)'> (0x0000000712941fd0) 
thrown [t:\workspace\open\src\hotspot\share\interpreter\linkResolver.cpp, line 766]
Event: 19.946 Thread 0x00000233ffda4800 Exception <a 'java/lang/NoSuchMethodError'{0x000000071294bac8}: 'java.lang.Object java.lang.invoke.DirectMethodHandle$Holder.invokeInterface(java.lang.Object, java.lang.Object)'> (0x000000071294bac8) 
thrown [t:\workspace\open\src\hotspot\share\interpreter\linkResolver.cpp, line 766]
Event: 19.946 Thread 0x00000233ffda4800 Exception <a 'java/lang/IncompatibleClassChangeError'{0x000000071294f810}: Found class java.lang.Object, but interface was expected> (0x000000071294f810) 
thrown [t:\workspace\open\src\hotspot\share\interpreter\linkResolver.cpp, line 833]
Event: 20.044 Thread 0x00000233ffda4800 Exception <a 'java/lang/NoSuchMethodError'{0x000000071260c9f0}: 'int java.lang.invoke.DirectMethodHandle$Holder.invokeSpecial(java.lang.Object, java.lang.Object, java.lang.Object)'> (0x000000071260c9f0) 
thrown [t:\workspace\open\src\hotspot\share\interpreter\linkResolver.cpp, line 766]
Event: 20.152 Thread 0x00000233ffda4800 Exception <a 'java/lang/NoSuchMethodError'{0x00000007126750b8}: 'java.lang.Object java.lang.invoke.DirectMethodHandle$Holder.invokeStaticInit(java.lang.Object, int, int, int, int)'> (0x00000007126750b8) 
thrown [t:\workspace\open\src\hotspot\share\interpreter\linkResolver.cpp, line 766]
Event: 20.261 Thread 0x00000233ffda4800 Exception <a 'java/lang/NoSuchMethodError'{0x0000000712760730}: 'java.lang.Object java.lang.invoke.DirectMethodHandle$Holder.invokeStaticInit(java.lang.Object, java.lang.Object, int, int, int, int)'> (0x0000000712760730) 
thrown [t:\workspace\open\src\hotspot\share\interpreter\linkResolver.cpp, line 766]
Event: 20.354 Thread 0x00000233ffda4800 Exception <a 'sun/nio/fs/WindowsException'{0x00000007124dd3b0}> (0x00000007124dd3b0) 
thrown [t:\workspace\open\src\hotspot\share\prims\jni.cpp, line 516]
Event: 20.365 Thread 0x00000233ffda4800 Exception <a 'sun/nio/fs/WindowsException'{0x00000007124f3278}> (0x00000007124f3278) 
thrown [t:\workspace\open\src\hotspot\share\prims\jni.cpp, line 516]
Event: 20.830 Thread 0x00000233ffda4800 Implicit null exception at 0x0000023387bfd5d3 to 0x0000023387bfde14
Event: 20.889 Thread 0x00000233ffda4800 Exception <a 'sun/nio/fs/WindowsException'{0x0000000711ea9460}> (0x0000000711ea9460) 
thrown [t:\workspace\open\src\hotspot\share\prims\jni.cpp, line 516]
Event: 20.891 Thread 0x00000233ffda4800 Exception <a 'sun/nio/fs/WindowsException'{0x0000000711eab868}> (0x0000000711eab868) 
thrown [t:\workspace\open\src\hotspot\share\prims\jni.cpp, line 516]
Event: 20.895 Thread 0x00000233ffda4800 Exception <a 'sun/nio/fs/WindowsException'{0x0000000711ec9160}> (0x0000000711ec9160) 
thrown [t:\workspace\open\src\hotspot\share\prims\jni.cpp, line 516]

VM Operations (20 events):
Event: 20.366 Executing VM operation: HandshakeAllThreads done
Event: 20.489 Executing VM operation: HandshakeAllThreads
Event: 20.489 Executing VM operation: HandshakeAllThreads done
Event: 20.490 Executing VM operation: HandshakeAllThreads
Event: 20.490 Executing VM operation: HandshakeAllThreads done
Event: 20.885 Executing VM operation: HandshakeAllThreads
Event: 20.885 Executing VM operation: HandshakeAllThreads done
Event: 20.885 Executing VM operation: Cleanup
Event: 20.885 Executing VM operation: Cleanup done
Event: 20.965 Executing VM operation: HandshakeAllThreads
Event: 20.965 Executing VM operation: HandshakeAllThreads done
Event: 20.971 Executing VM operation: HandshakeAllThreads
Event: 20.971 Executing VM operation: HandshakeAllThreads done
Event: 21.269 Executing VM operation: ICBufferFull
Event: 21.269 Executing VM operation: ICBufferFull done
Event: 21.294 Executing VM operation: HandshakeAllThreads
Event: 21.294 Executing VM operation: HandshakeAllThreads done
Event: 22.294 Executing VM operation: Cleanup
Event: 22.294 Executing VM operation: Cleanup done
Event: 97.545 Executing VM operation: Exit

Events (20 events):
Event: 20.890 loading class java/util/ResourceBundle$Control$2 done
Event: 20.893 loading class java/util/ResourceBundle$Control$1
Event: 20.893 loading class java/util/ResourceBundle$Control$1 done
Event: 20.895 loading class java/text/MessageFormat
Event: 20.896 loading class java/text/MessageFormat done
Event: 20.896 loading class java/text/MessageFormat$Field
Event: 20.896 loading class java/text/MessageFormat$Field done
Event: 20.897 loading class java/lang/Throwable$WrappedPrintStream
Event: 20.898 loading class java/lang/Throwable$PrintStreamOrWriter
Event: 20.898 loading class java/lang/Throwable$PrintStreamOrWriter done
Event: 20.898 loading class java/lang/Throwable$WrappedPrintStream done
Event: 26.398 Thread 0x000002339cf47e40 Thread exited: 0x000002339cf47e40
Event: 26.398 Thread 0x000002339cbbe3f0 Thread exited: 0x000002339cbbe3f0
Event: 97.536 loading class jdk/internal/misc/Signal$1
Event: 97.537 loading class jdk/internal/misc/Signal$1 done
Event: 97.538 Thread 0x000002339cb02790 Thread added: 0x000002339cb02790
Event: 97.539 Thread 0x000002339cb06af0 Thread added: 0x000002339cb06af0
Event: 97.540 Thread 0x000002339cb03130 Thread added: 0x000002339cb03130
Event: 97.541 Thread 0x000002339cb06af0 Thread exited: 0x000002339cb06af0
Event: 97.544 Thread 0x000002339cb03130 Thread exited: 0x000002339cb03130


Dynamic libraries:
0x00007ff6cbd80000 - 0x00007ff6cbd90000 	C:\Program Files\Java\jdk-17.0.2\bin\java.exe
0x00007ff942550000 - 0x00007ff942748000 	C:\WINDOWS\SYSTEM32\ntdll.dll
0x00007ff941cb0000 - 0x00007ff941d6f000 	C:\WINDOWS\System32\KERNEL32.DLL
0x00007ff93fc50000 - 0x00007ff93ff22000 	C:\WINDOWS\System32\KERNELBASE.dll
0x00007ff9401c0000 - 0x00007ff9402c0000 	C:\WINDOWS\System32\ucrtbase.dll
0x00007ff93a8b0000 - 0x00007ff93a8ca000 	C:\Program Files\Java\jdk-17.0.2\bin\VCRUNTIME140.dll
0x00007ff93a8d0000 - 0x00007ff93a8e8000 	C:\Program Files\Java\jdk-17.0.2\bin\jli.dll
0x00007ff940be0000 - 0x00007ff940c8e000 	C:\WINDOWS\System32\ADVAPI32.dll
0x00007ff942190000 - 0x00007ff94222e000 	C:\WINDOWS\System32\msvcrt.dll
0x00007ff940dc0000 - 0x00007ff940e5c000 	C:\WINDOWS\System32\sechost.dll
0x00007ff9405a0000 - 0x00007ff9406c5000 	C:\WINDOWS\System32\RPCRT4.dll
0x00007ff9422f0000 - 0x00007ff94248d000 	C:\WINDOWS\System32\USER32.dll
0x00007ff91b880000 - 0x00007ff91bb1a000 	C:\WINDOWS\WinSxS\amd64_microsoft.windows.common-controls_6595b64144ccf1df_6.0.19041.1110_none_60b5254171f9507e\COMCTL32.dll
0x00007ff93ffe0000 - 0x00007ff940002000 	C:\WINDOWS\System32\win32u.dll
0x00007ff941000000 - 0x00007ff94102b000 	C:\WINDOWS\System32\GDI32.dll
0x00007ff9400b0000 - 0x00007ff9401bf000 	C:\WINDOWS\System32\gdi32full.dll
0x00007ff940010000 - 0x00007ff9400ad000 	C:\WINDOWS\System32\msvcp_win.dll
0x00007ff9374a0000 - 0x00007ff9374aa000 	C:\WINDOWS\SYSTEM32\VERSION.dll
0x00007ff940e60000 - 0x00007ff940e92000 	C:\WINDOWS\System32\IMM32.DLL
0x00007ff93a8a0000 - 0x00007ff93a8ac000 	C:\Program Files\Java\jdk-17.0.2\bin\vcruntime140_1.dll
0x00007ff917af0000 - 0x00007ff917b7d000 	C:\Program Files\Java\jdk-17.0.2\bin\msvcp140.dll
0x00007ff8f9220000 - 0x00007ff8f9de1000 	C:\Program Files\Java\jdk-17.0.2\bin\server\jvm.dll
0x00007ff941f20000 - 0x00007ff941f28000 	C:\WINDOWS\System32\PSAPI.DLL
0x00007ff929c50000 - 0x00007ff929c59000 	C:\WINDOWS\SYSTEM32\WSOCK32.dll
0x00007ff916c40000 - 0x00007ff916c67000 	C:\WINDOWS\SYSTEM32\WINMM.dll
0x00007ff9424a0000 - 0x00007ff94250b000 	C:\WINDOWS\System32\WS2_32.dll
0x00007ff93dcb0000 - 0x00007ff93dcc2000 	C:\WINDOWS\SYSTEM32\kernel.appcore.dll
0x00007ff93a890000 - 0x00007ff93a89a000 	C:\Program Files\Java\jdk-17.0.2\bin\jimage.dll
0x00007ff93d860000 - 0x00007ff93da44000 	C:\WINDOWS\SYSTEM32\DBGHELP.DLL
0x00007ff92d440000 - 0x00007ff92d46c000 	C:\WINDOWS\SYSTEM32\dbgcore.DLL
0x00007ff940380000 - 0x00007ff940402000 	C:\WINDOWS\System32\bcryptPrimitives.dll
0x00007ff93a800000 - 0x00007ff93a80e000 	C:\Program Files\Java\jdk-17.0.2\bin\instrument.dll
0x00007ff937160000 - 0x00007ff937185000 	C:\Program Files\Java\jdk-17.0.2\bin\java.dll
0x00007ff917890000 - 0x00007ff917966000 	C:\Program Files\Java\jdk-17.0.2\bin\jsvml.dll
0x00007ff941030000 - 0x00007ff941773000 	C:\WINDOWS\System32\SHELL32.dll
0x00007ff93dcd0000 - 0x00007ff93e462000 	C:\WINDOWS\SYSTEM32\windows.storage.dll
0x00007ff940880000 - 0x00007ff940bd4000 	C:\WINDOWS\System32\combase.dll
0x00007ff93f5d0000 - 0x00007ff93f600000 	C:\WINDOWS\SYSTEM32\Wldp.dll
0x00007ff941f30000 - 0x00007ff941fdd000 	C:\WINDOWS\System32\SHCORE.dll
0x00007ff942290000 - 0x00007ff9422e5000 	C:\WINDOWS\System32\shlwapi.dll
0x00007ff93fb90000 - 0x00007ff93fbaf000 	C:\WINDOWS\SYSTEM32\profapi.dll
0x00007ff9372c0000 - 0x00007ff9372d9000 	C:\Program Files\Java\jdk-17.0.2\bin\net.dll
0x00007ff9392c0000 - 0x00007ff9393cc000 	C:\WINDOWS\SYSTEM32\WINHTTP.dll
0x00007ff93f3b0000 - 0x00007ff93f41a000 	C:\WINDOWS\system32\mswsock.dll
0x00007ff937140000 - 0x00007ff937156000 	C:\Program Files\Java\jdk-17.0.2\bin\nio.dll
0x00007ff92cc80000 - 0x00007ff92cc98000 	C:\Program Files\Java\jdk-17.0.2\bin\zip.dll
0x00007ff928cc0000 - 0x00007ff928cda000 	C:\Program Files\JetBrains\IntelliJ IDEA Community Edition 2021.3.2\bin\breakgen64.dll
0x0000023396f70000 - 0x0000023396f73000 	C:\Users\яв \.openjfx\cache\17.0.1\api-ms-win-core-console-l1-1-0.dll
0x0000023396f80000 - 0x0000023396f83000 	C:\Users\яв \.openjfx\cache\17.0.1\api-ms-win-core-console-l1-2-0.dll
0x0000023396f90000 - 0x0000023396f93000 	C:\Users\яв \.openjfx\cache\17.0.1\api-ms-win-core-datetime-l1-1-0.dll
0x0000023396fa0000 - 0x0000023396fa3000 	C:\Users\яв \.openjfx\cache\17.0.1\api-ms-win-core-debug-l1-1-0.dll
0x0000023396fb0000 - 0x0000023396fb3000 	C:\Users\яв \.openjfx\cache\17.0.1\api-ms-win-core-errorhandling-l1-1-0.dll
0x0000023396fc0000 - 0x0000023396fc4000 	C:\Users\яв \.openjfx\cache\17.0.1\api-ms-win-core-file-l1-1-0.dll
0x0000023396fd0000 - 0x0000023396fd3000 	C:\Users\яв \.openjfx\cache\17.0.1\api-ms-win-core-file-l1-2-0.dll
0x0000023396fe0000 - 0x0000023396fe3000 	C:\Users\яв \.openjfx\cache\17.0.1\api-ms-win-core-file-l2-1-0.dll
0x0000023396ff0000 - 0x0000023396ff3000 	C:\Users\яв \.openjfx\cache\17.0.1\api-ms-win-core-handle-l1-1-0.dll
0x0000023398400000 - 0x0000023398403000 	C:\Users\яв \.openjfx\cache\17.0.1\api-ms-win-core-heap-l1-1-0.dll
0x0000023398410000 - 0x0000023398413000 	C:\Users\яв \.openjfx\cache\17.0.1\api-ms-win-core-interlocked-l1-1-0.dll
0x0000023398420000 - 0x0000023398423000 	C:\Users\яв \.openjfx\cache\17.0.1\api-ms-win-core-libraryloader-l1-1-0.dll
0x0000023398430000 - 0x0000023398433000 	C:\Users\яв \.openjfx\cache\17.0.1\api-ms-win-core-localization-l1-2-0.dll
0x0000023398440000 - 0x0000023398443000 	C:\Users\яв \.openjfx\cache\17.0.1\api-ms-win-core-memory-l1-1-0.dll
0x0000023398450000 - 0x0000023398453000 	C:\Users\яв \.openjfx\cache\17.0.1\api-ms-win-core-namedpipe-l1-1-0.dll
0x0000023398460000 - 0x0000023398463000 	C:\Users\яв \.openjfx\cache\17.0.1\api-ms-win-core-processenvironment-l1-1-0.dll
0x0000023398470000 - 0x0000023398473000 	C:\Users\яв \.openjfx\cache\17.0.1\api-ms-win-core-processthreads-l1-1-0.dll
0x0000023398480000 - 0x0000023398483000 	C:\Users\яв \.openjfx\cache\17.0.1\api-ms-win-core-processthreads-l1-1-1.dll
0x0000023398490000 - 0x0000023398493000 	C:\Users\яв \.openjfx\cache\17.0.1\api-ms-win-core-profile-l1-1-0.dll
0x00000233984a0000 - 0x00000233984a3000 	C:\Users\яв \.openjfx\cache\17.0.1\api-ms-win-core-rtlsupport-l1-1-0.dll
0x00000233984b0000 - 0x00000233984b3000 	C:\Users\яв \.openjfx\cache\17.0.1\api-ms-win-core-string-l1-1-0.dll
0x00000233984c0000 - 0x00000233984c3000 	C:\Users\яв \.openjfx\cache\17.0.1\api-ms-win-core-synch-l1-1-0.dll
0x00000233984d0000 - 0x00000233984d3000 	C:\Users\яв \.openjfx\cache\17.0.1\api-ms-win-core-synch-l1-2-0.dll
0x00000233984e0000 - 0x00000233984e3000 	C:\Users\яв \.openjfx\cache\17.0.1\api-ms-win-core-sysinfo-l1-1-0.dll
0x00000233984f0000 - 0x00000233984f3000 	C:\Users\яв \.openjfx\cache\17.0.1\api-ms-win-core-timezone-l1-1-0.dll
0x0000023398500000 - 0x0000023398503000 	C:\Users\яв \.openjfx\cache\17.0.1\api-ms-win-core-util-l1-1-0.dll
0x0000023398510000 - 0x0000023398513000 	C:\Users\яв \.openjfx\cache\17.0.1\api-ms-win-crt-conio-l1-1-0.dll
0x0000023398520000 - 0x0000023398524000 	C:\Users\яв \.openjfx\cache\17.0.1\api-ms-win-crt-convert-l1-1-0.dll
0x0000023398530000 - 0x0000023398533000 	C:\Users\яв \.openjfx\cache\17.0.1\api-ms-win-crt-environment-l1-1-0.dll
0x0000023398540000 - 0x0000023398543000 	C:\Users\яв \.openjfx\cache\17.0.1\api-ms-win-crt-filesystem-l1-1-0.dll
0x0000023398550000 - 0x0000023398553000 	C:\Users\яв \.openjfx\cache\17.0.1\api-ms-win-crt-heap-l1-1-0.dll
0x0000023398560000 - 0x0000023398563000 	C:\Users\яв \.openjfx\cache\17.0.1\api-ms-win-crt-locale-l1-1-0.dll
0x0000023398570000 - 0x0000023398575000 	C:\Users\яв \.openjfx\cache\17.0.1\api-ms-win-crt-math-l1-1-0.dll
0x0000023398580000 - 0x0000023398585000 	C:\Users\яв \.openjfx\cache\17.0.1\api-ms-win-crt-multibyte-l1-1-0.dll
0x0000023398590000 - 0x00000233985a0000 	C:\Users\яв \.openjfx\cache\17.0.1\api-ms-win-crt-private-l1-1-0.dll
0x00000233985a0000 - 0x00000233985a3000 	C:\Users\яв \.openjfx\cache\17.0.1\api-ms-win-crt-process-l1-1-0.dll
0x00000233985b0000 - 0x00000233985b4000 	C:\Users\яв \.openjfx\cache\17.0.1\api-ms-win-crt-runtime-l1-1-0.dll
0x00000233985c0000 - 0x00000233985c4000 	C:\Users\яв \.openjfx\cache\17.0.1\api-ms-win-crt-stdio-l1-1-0.dll
0x00000233985d0000 - 0x00000233985d4000 	C:\Users\яв \.openjfx\cache\17.0.1\api-ms-win-crt-string-l1-1-0.dll
0x00000233985e0000 - 0x00000233985e3000 	C:\Users\яв \.openjfx\cache\17.0.1\api-ms-win-crt-time-l1-1-0.dll
0x00000233985f0000 - 0x00000233985f3000 	C:\Users\яв \.openjfx\cache\17.0.1\api-ms-win-crt-utility-l1-1-0.dll
0x00007ff915d60000 - 0x00007ff915e5c000 	C:\Users\яв \.openjfx\cache\17.0.1\ucrtbase.dll
0x00007ff927f00000 - 0x00007ff927f1a000 	C:\Users\яв \.openjfx\cache\17.0.1\vcruntime140.dll
0x00007ff928c90000 - 0x00007ff928c9c000 	C:\Users\яв \.openjfx\cache\17.0.1\vcruntime140_1.dll
0x00007ff915cd0000 - 0x00007ff915d5d000 	C:\Users\яв \.openjfx\cache\17.0.1\msvcp140.dll
0x00007ff927ed0000 - 0x00007ff927efa000 	C:\Users\яв \.openjfx\cache\17.0.1\prism_d3d.dll
0x00007ff8d0de0000 - 0x00007ff8d0faf000 	C:\WINDOWS\system32\d3d9.dll
0x00007ff93d420000 - 0x00007ff93d44f000 	C:\WINDOWS\SYSTEM32\dwmapi.dll
0x00007ff93c1e0000 - 0x00007ff93c27e000 	C:\WINDOWS\system32\uxtheme.dll
0x00007ff8d0c30000 - 0x00007ff8d0dd2000 	C:\WINDOWS\System32\DriverStore\FileRepository\iigd_dch.inf_amd64_52ad2da9d64c0488\igdumdim64.dll
0x00007ff940c90000 - 0x00007ff940dba000 	C:\WINDOWS\System32\ole32.dll
0x00007ff8ccbc0000 - 0x00007ff8d07d0000 	C:\WINDOWS\System32\DriverStore\FileRepository\iigd_dch.inf_amd64_52ad2da9d64c0488\igd9dxva64.dll
0x00007ff941d70000 - 0x00007ff941e3d000 	C:\WINDOWS\System32\OLEAUT32.dll
0x00007ff941780000 - 0x00007ff941be8000 	C:\WINDOWS\System32\SETUPAPI.dll
0x00007ff9402c0000 - 0x00007ff94030e000 	C:\WINDOWS\System32\cfgmgr32.dll
0x00007ff940410000 - 0x00007ff940437000 	C:\WINDOWS\System32\bcrypt.dll
0x00007ff9224b0000 - 0x00007ff922877000 	C:\WINDOWS\System32\DriverStore\FileRepository\iigd_dch.inf_amd64_52ad2da9d64c0488\igdgmm64.dll
0x00007ff91e1f0000 - 0x00007ff91e232000 	C:\Users\яв \.openjfx\cache\17.0.1\glass.dll
0x00007ff941e40000 - 0x00007ff941f1a000 	C:\WINDOWS\System32\COMDLG32.dll
0x00007ff941fe0000 - 0x00007ff9420f5000 	C:\WINDOWS\System32\MSCTF.dll
0x00007ff8e7f90000 - 0x00007ff8e7fb7000 	C:\WINDOWS\System32\DriverStore\FileRepository\iigd_dch.inf_amd64_52ad2da9d64c0488\igdinfo64.dll
0x00007ff93f610000 - 0x00007ff93f628000 	C:\WINDOWS\SYSTEM32\CRYPTSP.dll
0x00007ff93ec80000 - 0x00007ff93ecb4000 	C:\WINDOWS\system32\rsaenh.dll
0x00007ff93f540000 - 0x00007ff93f54c000 	C:\WINDOWS\SYSTEM32\CRYPTBASE.dll
0x00007ff91ec90000 - 0x00007ff922242000 	C:\WINDOWS\System32\DriverStore\FileRepository\iigd_dch.inf_amd64_52ad2da9d64c0488\igc64.dll
0x00007ff938fc0000 - 0x00007ff938ffb000 	C:\WINDOWS\SYSTEM32\dxcore.dll
0x00007ff917db0000 - 0x00007ff917dc4000 	C:\Users\яв \.openjfx\cache\17.0.1\javafx_font.dll
0x00007ff922880000 - 0x00007ff922aff000 	C:\WINDOWS\SYSTEM32\dwrite.dll
0x00007ff929f60000 - 0x00007ff92a114000 	C:\WINDOWS\SYSTEM32\WindowsCodecs.dll
0x00007ff906eb0000 - 0x00007ff906eee000 	C:\WINDOWS\system32\dataexchange.dll
0x00007ff93b5d0000 - 0x00007ff93b7b3000 	C:\WINDOWS\system32\dcomp.dll
0x00007ff93b360000 - 0x00007ff93b5c3000 	C:\WINDOWS\system32\d3d11.dll
0x00007ff93e4d0000 - 0x00007ff93e5c3000 	C:\WINDOWS\system32\dxgi.dll
0x00007ff9364b0000 - 0x00007ff9366b0000 	C:\WINDOWS\system32\twinapi.appcore.dll
0x00007ff902480000 - 0x00007ff9024b4000 	C:\Program Files\Common Files\Microsoft Shared\Ink\rtscom.dll
0x00007ff927930000 - 0x00007ff927a29000 	C:\WINDOWS\SYSTEM32\textinputframework.dll
0x00007ff93bb40000 - 0x00007ff93bc32000 	C:\WINDOWS\System32\CoreMessaging.dll
0x00007ff93bc40000 - 0x00007ff93bf9e000 	C:\WINDOWS\System32\CoreUIComponents.dll
0x00007ff93eda0000 - 0x00007ff93edd3000 	C:\WINDOWS\SYSTEM32\ntmarta.dll
0x00007ff93c430000 - 0x00007ff93c584000 	C:\WINDOWS\SYSTEM32\wintypes.dll
0x00007ff93f0b0000 - 0x00007ff93f17a000 	C:\WINDOWS\SYSTEM32\DNSAPI.dll

dbghelp: loaded successfully - version: 4.0.5 - missing functions: none
symbol engine: initialized successfully - sym options: 0x614 - pdb path: .;C:\Program Files\Java\jdk-17.0.2\bin;C:\WINDOWS\SYSTEM32;C:\WINDOWS\WinSxS\amd64_microsoft.windows.common-controls_6595b64144ccf1df_6.0.19041.1110_none_60b5254171f9507e;C:\Program Files\Java\jdk-17.0.2\bin\server;C:\Program Files\JetBrains\IntelliJ IDEA Community Edition 2021.3.2\bin;C:\Users\яв \.openjfx\cache\17.0.1;C:\WINDOWS\System32\DriverStore\FileRepository\iigd_dch.inf_amd64_52ad2da9d64c0488;C:\Program Files\Common Files\Microsoft Shared\Ink

VM Arguments:
jvm_args: -javaagent:C:\Program Files\JetBrains\IntelliJ IDEA Community Edition 2021.3.2\lib\idea_rt.jar=51591:C:\Program Files\JetBrains\IntelliJ IDEA Community Edition 2021.3.2\bin -Dfile.encoding=UTF-8 --module-path=C:\Users\яв \.m2\repository\org\openjfx\javafx-graphics\17.0.1\javafx-graphics-17.0.1-win.jar;C:\Users\яв \.m2\repository\org\openjfx\javafx-base\17.0.1\javafx-base-17.0.1-win.jar;D:\BD\target\classes;C:\Users\яв \.m2\repository\org\openjfx\javafx-fxml\17.0.1\javafx-fxml-17.0.1-win.jar;C:\Users\яв \.m2\repository\org\openjfx\javafx-controls\17.0.1\javafx-controls-17.0.1-win.jar -Djdk.module.main=com.example.bd 
java_command: com.example.bd/com.example.bd.HelloApplication
java_class_path (initial): C:\Users\яв \.m2\repository\org\openjfx\javafx-controls\17.0.1\javafx-controls-17.0.1.jar;C:\Users\яв \.m2\repository\org\openjfx\javafx-graphics\17.0.1\javafx-graphics-17.0.1.jar;C:\Users\яв \.m2\repository\org\openjfx\javafx-base\17.0.1\javafx-base-17.0.1.jar;C:\Users\яв \.m2\repository\org\openjfx\javafx-fxml\17.0.1\javafx-fxml-17.0.1.jar;D:\postgresql-42.5.1.jar
Launcher Type: SUN_STANDARD

[Global flags]
     intx CICompilerCount                          = 4                                         {product} {ergonomic}
     uint ConcGCThreads                            = 2                                         {product} {ergonomic}
     uint G1ConcRefinementThreads                  = 8                                         {product} {ergonomic}
   size_t G1HeapRegionSize                         = 2097152                                   {product} {ergonomic}
    uintx GCDrainStackTargetSize                   = 64                                        {product} {ergonomic}
   size_t InitialHeapSize                          = 266338304                                 {product} {ergonomic}
   size_t MarkStackSize                            = 4194304                                   {product} {ergonomic}
   size_t MaxHeapSize                              = 4236247040                                {product} {ergonomic}
   size_t MaxNewSize                               = 2541748224                                {product} {ergonomic}
   size_t MinHeapDeltaBytes                        = 2097152                                   {product} {ergonomic}
   size_t MinHeapSize                              = 8388608                                   {product} {ergonomic}
    uintx NonNMethodCodeHeapSize                   = 5839372                                {pd product} {ergonomic}
    uintx NonProfiledCodeHeapSize                  = 122909434                              {pd product} {ergonomic}
    uintx ProfiledCodeHeapSize                     = 122909434                              {pd product} {ergonomic}
    uintx ReservedCodeCacheSize                    = 251658240                              {pd product} {ergonomic}
     bool SegmentedCodeCache                       = true                                      {product} {ergonomic}
   size_t SoftMaxHeapSize                          = 4236247040                             {manageable} {ergonomic}
     bool UseCompressedClassPointers               = true                           {product lp64_product} {ergonomic}
     bool UseCompressedOops                        = true                           {product lp64_product} {ergonomic}
     bool UseG1GC                                  = true                                      {product} {ergonomic}
     bool UseLargePagesIndividualAllocation        = false                                  {pd product} {ergonomic}

Logging:
Log output configuration:
 #0: stdout all=off uptime,level,tags
 #1: stderr all=off uptime,level,tags

Environment Variables:
PATH=C:\Program Files\Microsoft\jdk-11.0.12.7-hotspot\bin;C:\Program Files\Common Files\Oracle\Java\javapath;C:\Program Files (x86)\Embarcadero\Studio\20.0\bin;C:\Users\Public\Documents\Embarcadero\Studio\20.0\Bpl;C:\Program Files (x86)\Embarcadero\Studio\20.0\bin64;C:\Users\Public\Documents\Embarcadero\Studio\20.0\Bpl\Win64;C:\WINDOWS\system32;C:\WINDOWS;C:\WINDOWS\System32\Wbem;C:\WINDOWS\System32\WindowsPowerShell\v1.0\;C:\WINDOWS\System32\OpenSSH\;C:\Program Files\dotnet\;C:\Program Files\Microsoft SQL Server\130\Tools\Binn\;C:\Program Files\Microsoft SQL Server\Client SDK\ODBC\170\Tools\Binn\;C:\Program Files (x86)\Windows Kits\10\Windows Performance Toolkit\;C:\Program Files\Microsoft SQL Server\120\Tools\Binn\;C:\Program Files\Docker\Docker\resources\bin;C:\ProgramData\DockerDesktop\version-bin;C:\Program Files\Git\cmd;C:\Program Files\PuTTY\;C:\Program Files\Microsoft SQL Server\150\Tools\Binn\;C:\Users\яв \AppData\Local\Programs\Python\Python310\Scripts\;C:\Users\яв \AppData\Local\Programs\Python\Python310\;C:\Users\яв \AppData\Local\Microsoft\WindowsApps;C:\Users\яв \.dotnet\tools;C:\Users\яв \AppData\Local\GitHubDesktop\bin;;C:\Users\яв \AppData\Local\Programs\Microsoft VS Code\bin;C:\Program Files\JetBrains\IntelliJ IDEA 2021.3.2\bin;;C:\Program Files\JetBrains\IntelliJ IDEA Community Edition 2021.3.2\bin;;C:\Program Files\JetBrains\PyCharm Community Edition 2021.3.2\bin;;C:\intelFPGA_lite\21.1\questa_fse\win64;C:\intelFPGA_lite\18.0\modelsim_ase\win32aloem;C:\Users\яв \AppData\Local\JetBrains\PyCharm 2022.1.1\bin;;C:\Program Files\heroku\bin
USERNAME=яв 
OS=Windows_NT
PROCESSOR_IDENTIFIER=Intel64 Family 6 Model 142 Stepping 12, GenuineIntel



---------------  S Y S T E M  ---------------

OS:
 Windows 10 , 64 bit Build 19041 (10.0.19041.2251)
OS uptime: 4 days 14:52 hours
Hyper-V role detected

CPU: total 8 (initial active 8) (4 cores per cpu, 2 threads per core) family 6 model 142 stepping 12 microcode 0xde, cx8, cmov, fxsr, ht, mmx, 3dnowpref, sse, sse2, sse3, ssse3, sse4.1, sse4.2, popcnt, lzcnt, tsc, tscinvbit, avx, avx2, aes, erms, clmul, bmi1, bmi2, adx, fma, vzeroupper, clflush, clflushopt, hv

Memory: 4k page, system-wide physical 16155M (1601M free)
TotalPageFile size 64960M (AvailPageFile size 462M)
current process WorkingSet (physical memory assigned to process): 175M, peak: 195M
current process commit charge ("private bytes"): 425M, peak: 442M

vm_info: Java HotSpot(TM) 64-Bit Server VM (17.0.2+8-LTS-86) for windows-amd64 JRE (17.0.2+8-LTS-86), built on Dec  7 2021 21:51:03 by "mach5one" with MS VC++ 16.8 / 16.9 (VS2019)

END.
