#
# A fatal error has been detected by the Java Runtime Environment:
#
#  EXCEPTION_ACCESS_VIOLATION (0xc0000005) at pc=0x00007ff914446a87, pid=17248, tid=940
#
# JRE version: Java(TM) SE Runtime Environment (17.0.2+8) (build 17.0.2+8-LTS-86)
# Java VM: Java HotSpot(TM) 64-Bit Server VM (17.0.2+8-LTS-86, mixed mode, sharing, tiered, compressed oops, compressed class ptrs, g1 gc, windows-amd64)
# Problematic frame:
# C  [glass.dll+0x26a87]
#
# No core dump will be written. Minidumps are not enabled by default on client versions of Windows
#
# If you would like to submit a bug report, please visit:
#   https://bugreport.java.com/bugreport/crash.jsp
#

---------------  S U M M A R Y ------------

Command Line: -javaagent:C:\Program Files\JetBrains\IntelliJ IDEA Community Edition 2021.3.2\lib\idea_rt.jar=62053:C:\Program Files\JetBrains\IntelliJ IDEA Community Edition 2021.3.2\bin -Dfile.encoding=UTF-8 --module-path=C:\Users\яв \.m2\repository\org\openjfx\javafx-graphics\17.0.1\javafx-graphics-17.0.1-win.jar;C:\Users\яв \.m2\repository\org\openjfx\javafx-controls\17.0.1\javafx-controls-17.0.1-win.jar;C:\Users\яв \.m2\repository\org\openjfx\javafx-fxml\17.0.1\javafx-fxml-17.0.1-win.jar;C:\Users\яв \.m2\repository\org\openjfx\javafx-base\17.0.1\javafx-base-17.0.1-win.jar;D:\BD\target\classes -Djdk.module.main=com.example.bd com.example.bd/com.example.bd.HelloApplication

Host: Intel(R) Core(TM) i5-8265U CPU @ 1.60GHz, 8 cores, 15G,  Windows 10 , 64 bit Build 19041 (10.0.19041.2251)
Time: Tue Dec 13 22:39:40 2022  Windows 10 , 64 bit Build 19041 (10.0.19041.2251) elapsed time: 126.400708 seconds (0d 0h 2m 6s)

---------------  T H R E A D  ---------------

Current thread (0x0000026f36370f00):  VMThread "VM Thread" [stack: 0x000000eac4a00000,0x000000eac4b00000] [id=940]

Stack: [0x000000eac4a00000,0x000000eac4b00000],  sp=0x000000eac4aff2d0,  free space=1020k
Native frames: (J=compiled Java code, j=interpreted, Vv=VM code, C=native code)
C  [glass.dll+0x26a87]


siginfo: EXCEPTION_ACCESS_VIOLATION (0xc0000005), reading address 0x0000000000000000


Register to memory mapping:

RIP=0x00007ff914446a87 glass.dll
RAX=0x0 is NULL
RBX=0x0000026f3637df28 is a global jni handle
RCX=0x0000026f36370f00 points into unknown readable memory: 0x00007ff8a56be890 | 90 e8 6b a5 f8 7f 00 00
RDX=0x000000eac4aff2d0 points into unknown readable memory: 0x0000000000000000 | 00 00 00 00 00 00 00 00
RSP=0x000000eac4aff2d0 points into unknown readable memory: 0x0000000000000000 | 00 00 00 00 00 00 00 00
RBP=0x0000026f37c80378 points into unknown readable memory: 0x0000cfe2019f0691 | 91 06 9f 01 e2 cf 00 00
RSI=0x0000026f37c80350 points into unknown readable memory: 0xfff2e76a7d470691 | 91 06 47 7d 6a e7 f2 ff
RDI=0x0000cfe2019f0691 is an unknown value
R8 =0x0000000000010002 is an unknown value
R9 =0x0000cfe2019f0691 is an unknown value
R10=0x0000000000008000 is an unknown value
R11=0x000000eac4aff260 points into unknown readable memory: 0x0000026f37c80350 | 50 03 c8 37 6f 02 00 00
R12=0x00007ff914444354 glass.dll
R13=0x00007ff8a58649d0 jvm.dll
R14=0x000000eac4aff3c8 points into unknown readable memory: 0x000000eac4aff3b0 | b0 f3 af c4 ea 00 00 00
R15=0x0000026f37c80350 points into unknown readable memory: 0xfff2e76a7d470691 | 91 06 47 7d 6a e7 f2 ff


Registers:
RAX=0x0000000000000000, RBX=0x0000026f3637df28, RCX=0x0000026f36370f00, RDX=0x000000eac4aff2d0
RSP=0x000000eac4aff2d0, RBP=0x0000026f37c80378, RSI=0x0000026f37c80350, RDI=0x0000cfe2019f0691
R8 =0x0000000000010002, R9 =0x0000cfe2019f0691, R10=0x0000000000008000, R11=0x000000eac4aff260
R12=0x00007ff914444354, R13=0x00007ff8a58649d0, R14=0x000000eac4aff3c8, R15=0x0000026f37c80350
RIP=0x00007ff914446a87, EFLAGS=0x0000000000010202

Top of Stack: (sp=0x000000eac4aff2d0)
0x000000eac4aff2d0:   0000000000000000 0000026f37c80350
0x000000eac4aff2e0:   00007ff8a58649d0 00007ff914444354
0x000000eac4aff2f0:   0000026f37c80358 00007ff9401d42d6
0x000000eac4aff300:   0000cfe2019f0691 0000026f00000000
0x000000eac4aff310:   0000026f37c80378 0000026f37c80350
0x000000eac4aff320:   fffffffffffffffe 0000000000000000
0x000000eac4aff330:   0000000000000001 00007ff914420000
0x000000eac4aff340:   000000eac4aff3b8 00007ff9401d41fb
0x000000eac4aff350:   0000000000000000 000000eac4aff3c8
0x000000eac4aff360:   000000eac4aff690 00007ff9402b0e40
0x000000eac4aff370:   0000000000000001 00007ff9401d41b4
0x000000eac4aff380:   0000000000000000 0000000000000001
0x000000eac4aff390:   00007ff800000001 000000eac4aff3b8
0x000000eac4aff3a0:   0000000000000000 00007ff9144441e1
0x000000eac4aff3b0:   00007ff91445a138 00007ff900000002
0x000000eac4aff3c0:   0000000000000002 000000eac4aff3b0 

Instructions: (pc=0x00007ff914446a87)
0x00007ff914446987:   8b 4d 58 e8 01 cf ff ff 48 8b 4d 60 e8 f8 ce ff
0x00007ff914446997:   ff 48 8b 95 80 00 00 00 48 8b 8d 18 01 00 00 e8
0x00007ff9144469a7:   c6 c3 ff ff 33 d2 33 c9 e8 3c e1 ff ff 90 48 89
0x00007ff9144469b7:   54 24 10 55 48 83 ec 20 48 8b ea 48 b8 00 00 00
0x00007ff9144469c7:   00 00 00 00 00 48 83 c4 20 5d c3 cc 40 55 48 8b
0x00007ff9144469d7:   ea 48 8b 01 33 c9 81 38 05 00 00 c0 0f 94 c1 8b
0x00007ff9144469e7:   c1 5d c3 cc 40 55 48 83 ec 20 48 8b ea 8a 4d 40
0x00007ff9144469f7:   48 83 c4 20 5d e9 f7 d2 ff ff cc 40 55 48 83 ec
0x00007ff914446a07:   20 48 8b ea 8a 4d 20 e8 e5 d2 ff ff 90 48 83 c4
0x00007ff914446a17:   20 5d c3 cc 40 55 48 83 ec 20 48 8b ea 48 83 c4
0x00007ff914446a27:   20 5d e9 46 d1 ff ff cc 40 55 48 83 ec 30 48 8b
0x00007ff914446a37:   ea 48 8b 01 8b 10 48 89 4c 24 28 89 54 24 20 4c
0x00007ff914446a47:   8d 0d e7 d5 ff ff 4c 8b 45 70 8b 55 68 48 8b 4d
0x00007ff914446a57:   60 e8 87 d0 ff ff 90 48 83 c4 30 5d c3 cc cc cc
0x00007ff914446a67:   cc cc cc cc cc cc cc cc cc 40 53 48 83 ec 20 48
0x00007ff914446a77:   8b 1d b3 30 01 00 48 85 db 74 16 e8 09 8b ff ff
0x00007ff914446a87:   4c 8b 00 48 8b d3 48 8b c8 41 ff 90 b0 00 00 00
0x00007ff914446a97:   90 48 83 c4 20 5b c3 cc cc 40 53 48 83 ec 20 48
0x00007ff914446aa7:   8b 1d 2b 32 01 00 48 85 db 74 57 b8 ff ff ff ff
0x00007ff914446ab7:   f0 0f c1 43 10 83 f8 01 75 3d 48 85 db 74 38 48
0x00007ff914446ac7:   8b 0b 48 85 c9 74 0d ff 15 d4 07 00 00 48 c7 03
0x00007ff914446ad7:   00 00 00 00 48 8b 4b 08 48 85 c9 74 0d e8 a7 cd
0x00007ff914446ae7:   ff ff 48 c7 43 08 00 00 00 00 ba 18 00 00 00 48
0x00007ff914446af7:   8b cb e8 92 cd ff ff 48 c7 05 cf 31 01 00 00 00
0x00007ff914446b07:   00 00 48 83 c4 20 5b c3 cc 40 53 48 83 ec 20 48
0x00007ff914446b17:   8b 1d 9b 31 01 00 48 85 db 74 57 b8 ff ff ff ff
0x00007ff914446b27:   f0 0f c1 43 10 83 f8 01 75 3d 48 85 db 74 38 48
0x00007ff914446b37:   8b 0b 48 85 c9 74 0d ff 15 64 07 00 00 48 c7 03
0x00007ff914446b47:   00 00 00 00 48 8b 4b 08 48 85 c9 74 0d e8 37 cd
0x00007ff914446b57:   ff ff 48 c7 43 08 00 00 00 00 ba 18 00 00 00 48
0x00007ff914446b67:   8b cb e8 22 cd ff ff 48 c7 05 3f 31 01 00 00 00
0x00007ff914446b77:   00 00 48 83 c4 20 5b c3 cc 40 53 48 83 ec 20 48 


Stack slot to memory mapping:
stack at sp + 0 slots: 0x0 is NULL
stack at sp + 1 slots: 0x0000026f37c80350 points into unknown readable memory: 0xfff2e76a7d470691 | 91 06 47 7d 6a e7 f2 ff
stack at sp + 2 slots: 0x00007ff8a58649d0 jvm.dll
stack at sp + 3 slots: 0x00007ff914444354 glass.dll
stack at sp + 4 slots: 0x0000026f37c80358 points into unknown readable memory: 0x0000cfe2019f0691 | 91 06 9f 01 e2 cf 00 00
stack at sp + 5 slots: 0x00007ff9401d42d6 ucrtbase.dll
stack at sp + 6 slots: 0x0000cfe2019f0691 is an unknown value
stack at sp + 7 slots: 0x0000026f00000000 is an unknown value

VM_Operation (0x000000eac41fed70): Exit, mode: safepoint, requested by thread 0x0000026f36392d00


---------------  P R O C E S S  ---------------

Threads class SMR info:
_java_thread_list=0x0000026f384bae60, length=21, elements={
0x0000026f117e2b90, 0x0000026f36375b00, 0x0000026f36376970, 0x0000026f3638be70,
0x0000026f3638e930, 0x0000026f363902f0, 0x0000026f36394eb0, 0x0000026f3639a9d0,
0x0000026f36d18090, 0x0000026f36d48a70, 0x0000026f36395380, 0x0000026f363949e0,
0x0000026f36393b70, 0x0000026f36395850, 0x0000026f36394510, 0x0000026f363966c0,
0x0000026f36394040, 0x0000026f36395d20, 0x0000026f363961f0, 0x0000026f363931d0,
0x0000026f36392d00
}

Java Threads: ( => current thread )
  0x0000026f117e2b90 JavaThread "main" [_thread_blocked, id=26476, stack(0x000000eac4400000,0x000000eac4500000)]
  0x0000026f36375b00 JavaThread "Reference Handler" daemon [_thread_blocked, id=30536, stack(0x000000eac4b00000,0x000000eac4c00000)]
  0x0000026f36376970 JavaThread "Finalizer" daemon [_thread_blocked, id=19928, stack(0x000000eac4c00000,0x000000eac4d00000)]
  0x0000026f3638be70 JavaThread "Signal Dispatcher" daemon [_thread_blocked, id=908, stack(0x000000eac4d00000,0x000000eac4e00000)]
  0x0000026f3638e930 JavaThread "Attach Listener" daemon [_thread_blocked, id=20552, stack(0x000000eac4e00000,0x000000eac4f00000)]
  0x0000026f363902f0 JavaThread "Service Thread" daemon [_thread_blocked, id=32724, stack(0x000000eac4f00000,0x000000eac5000000)]
  0x0000026f36394eb0 JavaThread "Monitor Deflation Thread" daemon [_thread_blocked, id=11432, stack(0x000000eac5000000,0x000000eac5100000)]
  0x0000026f3639a9d0 JavaThread "C2 CompilerThread0" daemon [_thread_blocked, id=28140, stack(0x000000eac5100000,0x000000eac5200000)]
  0x0000026f36d18090 JavaThread "C1 CompilerThread0" daemon [_thread_blocked, id=29096, stack(0x000000eac5200000,0x000000eac5300000)]
  0x0000026f36d48a70 JavaThread "Sweeper thread" daemon [_thread_blocked, id=29080, stack(0x000000eac5300000,0x000000eac5400000)]
  0x0000026f36395380 JavaThread "Common-Cleaner" daemon [_thread_blocked, id=30324, stack(0x000000eac5400000,0x000000eac5500000)]
  0x0000026f363949e0 JavaThread "Monitor Ctrl-Break" daemon [_thread_in_native, id=30096, stack(0x000000eac5700000,0x000000eac5800000)]
  0x0000026f36393b70 JavaThread "Notification Thread" daemon [_thread_blocked, id=23360, stack(0x000000eac5800000,0x000000eac5900000)]
  0x0000026f36395850 JavaThread "QuantumRenderer-0" daemon [_thread_blocked, id=12516, stack(0x000000eac5a00000,0x000000eac5b00000)]
  0x0000026f36394510 JavaThread "InvokeLaterDispatcher" daemon [_thread_blocked, id=3912, stack(0x000000eac5b00000,0x000000eac5c00000)]
  0x0000026f363966c0 JavaThread "JavaFX Application Thread" [_thread_in_native, id=27732, stack(0x000000eac5c00000,0x000000eac5d00000)]
  0x0000026f36394040 JavaThread "Thread-1" daemon [_thread_in_native, id=18920, stack(0x000000eac5600000,0x000000eac5700000)]
  0x0000026f36395d20 JavaThread "JavaFX-Launcher" [_thread_blocked, id=29988, stack(0x000000eac6000000,0x000000eac6100000)]
  0x0000026f363961f0 JavaThread "Prism Font Disposer" daemon [_thread_blocked, id=18524, stack(0x000000eac6b00000,0x000000eac6c00000)]
  0x0000026f363931d0 JavaThread "Cleaner-0" daemon [_thread_blocked, id=21308, stack(0x000000eac6d00000,0x000000eac6e00000)]
  0x0000026f36392d00 JavaThread "SIGINT handler" daemon [_thread_blocked, id=29656, stack(0x000000eac4100000,0x000000eac4200000)]

Other Threads:
=>0x0000026f36370f00 VMThread "VM Thread" [stack: 0x000000eac4a00000,0x000000eac4b00000] [id=940]
  0x0000026f11832d80 GCTaskThread "GC Thread#0" [stack: 0x000000eac4500000,0x000000eac4600000] [id=31888]
  0x0000026f37da9e60 GCTaskThread "GC Thread#1" [stack: 0x000000eac6100000,0x000000eac6200000] [id=20564]
  0x0000026f37d7ebb0 GCTaskThread "GC Thread#2" [stack: 0x000000eac6200000,0x000000eac6300000] [id=26956]
  0x0000026f37d5cab0 GCTaskThread "GC Thread#3" [stack: 0x000000eac6300000,0x000000eac6400000] [id=12708]
  0x0000026f37d72f20 GCTaskThread "GC Thread#4" [stack: 0x000000eac6400000,0x000000eac6500000] [id=1296]
  0x0000026f37f315a0 GCTaskThread "GC Thread#5" [stack: 0x000000eac6500000,0x000000eac6600000] [id=33780]
  0x0000026f37f51700 GCTaskThread "GC Thread#6" [stack: 0x000000eac6600000,0x000000eac6700000] [id=23656]
  0x0000026f37f519b0 GCTaskThread "GC Thread#7" [stack: 0x000000eac6700000,0x000000eac6800000] [id=28420]
  0x0000026f11843940 ConcurrentGCThread "G1 Main Marker" terminated
  0x0000026f11844af0 ConcurrentGCThread "G1 Conc#0" [stack: 0x000000eac4700000,0x000000eac4800000] [id=16640]
  0x0000026f118be9c0 ConcurrentGCThread "G1 Refine#0" terminated
  0x0000026f36229a60 ConcurrentGCThread "G1 Service" terminated

Threads with active compile tasks:

VM state: at safepoint (shutting down)

VM Mutex/Monitor currently owned by a thread:  ([mutex/lock_event])
[0x0000026f117dfb60] Threads_lock - owner thread: 0x0000026f36370f00
[0x0000026f117ded50] Heap_lock - owner thread: 0x0000026f36392d00

Heap address: 0x0000000703800000, size: 4040 MB, Compressed Oops mode: Zero based, Oop shift amount: 3

CDS archive(s) mapped at: [0x0000000800000000-0x0000000800bc0000-0x0000000800bc0000), size 12320768, SharedBaseAddress: 0x0000000800000000, ArchiveRelocationMode: 0.
Compressed class space mapped at: 0x0000000800c00000-0x0000000840c00000, reserved size: 1073741824
Narrow klass base: 0x0000000800000000, Narrow klass shift: 0, Narrow klass range: 0x100000000

GC Precious Log:
 CPUs: 8 total, 8 available
 Memory: 16155M
 Large Page Support: Disabled
 NUMA Support: Disabled
 Compressed Oops: Enabled (Zero based)
 Heap Region Size: 2M
 Heap Min Capacity: 8M
 Heap Initial Capacity: 254M
 Heap Max Capacity: 4040M
 Pre-touch: Disabled
 Parallel Workers: 8
 Concurrent Workers: 2
 Concurrent Refinement Workers: 8
 Periodic GC: Disabled

Heap:
 garbage-first heap   total 260096K, used 31790K [0x0000000703800000, 0x0000000800000000)
  region size 2048K, 14 young (28672K), 2 survivors (4096K)
 Metaspace       used 18313K, committed 18624K, reserved 1073152K
  class space    used 2492K, committed 2624K, reserved 1048576K

Heap Regions: E=young(eden), S=young(survivor), O=old, HS=humongous(starts), HC=humongous(continues), CS=collection set, F=free, OA=open archive, CA=closed archive, TAMS=top-at-mark-start (previous, next)
|   0|0x0000000703800000, 0x0000000703a00000, 0x0000000703a00000|100%| O|  |TAMS 0x0000000703800000, 0x0000000703800000| Untracked 
|   1|0x0000000703a00000, 0x0000000703b0b800, 0x0000000703c00000| 52%| O|  |TAMS 0x0000000703a00000, 0x0000000703a00000| Untracked 
|   2|0x0000000703c00000, 0x0000000703e00000, 0x0000000703e00000|100%|HS|  |TAMS 0x0000000703c00000, 0x0000000703c00000| Complete 
|   3|0x0000000703e00000, 0x0000000703e00000, 0x0000000704000000|  0%| F|  |TAMS 0x0000000703e00000, 0x0000000703e00000| Untracked 
|   4|0x0000000704000000, 0x0000000704000000, 0x0000000704200000|  0%| F|  |TAMS 0x0000000704000000, 0x0000000704000000| Untracked 
|   5|0x0000000704200000, 0x0000000704200000, 0x0000000704400000|  0%| F|  |TAMS 0x0000000704200000, 0x0000000704200000| Untracked 
|   6|0x0000000704400000, 0x0000000704400000, 0x0000000704600000|  0%| F|  |TAMS 0x0000000704400000, 0x0000000704400000| Untracked 
|   7|0x0000000704600000, 0x0000000704600000, 0x0000000704800000|  0%| F|  |TAMS 0x0000000704600000, 0x0000000704600000| Untracked 
|   8|0x0000000704800000, 0x0000000704800000, 0x0000000704a00000|  0%| F|  |TAMS 0x0000000704800000, 0x0000000704800000| Untracked 
|   9|0x0000000704a00000, 0x0000000704a00000, 0x0000000704c00000|  0%| F|  |TAMS 0x0000000704a00000, 0x0000000704a00000| Untracked 
|  10|0x0000000704c00000, 0x0000000704c00000, 0x0000000704e00000|  0%| F|  |TAMS 0x0000000704c00000, 0x0000000704c00000| Untracked 
|  11|0x0000000704e00000, 0x0000000704e00000, 0x0000000705000000|  0%| F|  |TAMS 0x0000000704e00000, 0x0000000704e00000| Untracked 
|  12|0x0000000705000000, 0x0000000705000000, 0x0000000705200000|  0%| F|  |TAMS 0x0000000705000000, 0x0000000705000000| Untracked 
|  13|0x0000000705200000, 0x0000000705200000, 0x0000000705400000|  0%| F|  |TAMS 0x0000000705200000, 0x0000000705200000| Untracked 
|  14|0x0000000705400000, 0x0000000705400000, 0x0000000705600000|  0%| F|  |TAMS 0x0000000705400000, 0x0000000705400000| Untracked 
|  15|0x0000000705600000, 0x0000000705600000, 0x0000000705800000|  0%| F|  |TAMS 0x0000000705600000, 0x0000000705600000| Untracked 
|  16|0x0000000705800000, 0x0000000705800000, 0x0000000705a00000|  0%| F|  |TAMS 0x0000000705800000, 0x0000000705800000| Untracked 
|  17|0x0000000705a00000, 0x0000000705a00000, 0x0000000705c00000|  0%| F|  |TAMS 0x0000000705a00000, 0x0000000705a00000| Untracked 
|  18|0x0000000705c00000, 0x0000000705c00000, 0x0000000705e00000|  0%| F|  |TAMS 0x0000000705c00000, 0x0000000705c00000| Untracked 
|  19|0x0000000705e00000, 0x0000000705e00000, 0x0000000706000000|  0%| F|  |TAMS 0x0000000705e00000, 0x0000000705e00000| Untracked 
|  20|0x0000000706000000, 0x0000000706000000, 0x0000000706200000|  0%| F|  |TAMS 0x0000000706000000, 0x0000000706000000| Untracked 
|  21|0x0000000706200000, 0x0000000706200000, 0x0000000706400000|  0%| F|  |TAMS 0x0000000706200000, 0x0000000706200000| Untracked 
|  22|0x0000000706400000, 0x0000000706400000, 0x0000000706600000|  0%| F|  |TAMS 0x0000000706400000, 0x0000000706400000| Untracked 
|  23|0x0000000706600000, 0x0000000706600000, 0x0000000706800000|  0%| F|  |TAMS 0x0000000706600000, 0x0000000706600000| Untracked 
|  24|0x0000000706800000, 0x0000000706800000, 0x0000000706a00000|  0%| F|  |TAMS 0x0000000706800000, 0x0000000706800000| Untracked 
|  25|0x0000000706a00000, 0x0000000706a00000, 0x0000000706c00000|  0%| F|  |TAMS 0x0000000706a00000, 0x0000000706a00000| Untracked 
|  26|0x0000000706c00000, 0x0000000706c00000, 0x0000000706e00000|  0%| F|  |TAMS 0x0000000706c00000, 0x0000000706c00000| Untracked 
|  27|0x0000000706e00000, 0x0000000706e00000, 0x0000000707000000|  0%| F|  |TAMS 0x0000000706e00000, 0x0000000706e00000| Untracked 
|  28|0x0000000707000000, 0x0000000707000000, 0x0000000707200000|  0%| F|  |TAMS 0x0000000707000000, 0x0000000707000000| Untracked 
|  29|0x0000000707200000, 0x0000000707200000, 0x0000000707400000|  0%| F|  |TAMS 0x0000000707200000, 0x0000000707200000| Untracked 
|  30|0x0000000707400000, 0x0000000707400000, 0x0000000707600000|  0%| F|  |TAMS 0x0000000707400000, 0x0000000707400000| Untracked 
|  31|0x0000000707600000, 0x0000000707600000, 0x0000000707800000|  0%| F|  |TAMS 0x0000000707600000, 0x0000000707600000| Untracked 
|  32|0x0000000707800000, 0x0000000707800000, 0x0000000707a00000|  0%| F|  |TAMS 0x0000000707800000, 0x0000000707800000| Untracked 
|  33|0x0000000707a00000, 0x0000000707a00000, 0x0000000707c00000|  0%| F|  |TAMS 0x0000000707a00000, 0x0000000707a00000| Untracked 
|  34|0x0000000707c00000, 0x0000000707c00000, 0x0000000707e00000|  0%| F|  |TAMS 0x0000000707c00000, 0x0000000707c00000| Untracked 
|  35|0x0000000707e00000, 0x0000000707e00000, 0x0000000708000000|  0%| F|  |TAMS 0x0000000707e00000, 0x0000000707e00000| Untracked 
|  36|0x0000000708000000, 0x0000000708000000, 0x0000000708200000|  0%| F|  |TAMS 0x0000000708000000, 0x0000000708000000| Untracked 
|  37|0x0000000708200000, 0x0000000708200000, 0x0000000708400000|  0%| F|  |TAMS 0x0000000708200000, 0x0000000708200000| Untracked 
|  38|0x0000000708400000, 0x0000000708400000, 0x0000000708600000|  0%| F|  |TAMS 0x0000000708400000, 0x0000000708400000| Untracked 
|  39|0x0000000708600000, 0x0000000708600000, 0x0000000708800000|  0%| F|  |TAMS 0x0000000708600000, 0x0000000708600000| Untracked 
|  40|0x0000000708800000, 0x0000000708800000, 0x0000000708a00000|  0%| F|  |TAMS 0x0000000708800000, 0x0000000708800000| Untracked 
|  41|0x0000000708a00000, 0x0000000708a00000, 0x0000000708c00000|  0%| F|  |TAMS 0x0000000708a00000, 0x0000000708a00000| Untracked 
|  42|0x0000000708c00000, 0x0000000708c00000, 0x0000000708e00000|  0%| F|  |TAMS 0x0000000708c00000, 0x0000000708c00000| Untracked 
|  43|0x0000000708e00000, 0x0000000708e00000, 0x0000000709000000|  0%| F|  |TAMS 0x0000000708e00000, 0x0000000708e00000| Untracked 
|  44|0x0000000709000000, 0x0000000709000000, 0x0000000709200000|  0%| F|  |TAMS 0x0000000709000000, 0x0000000709000000| Untracked 
|  45|0x0000000709200000, 0x0000000709200000, 0x0000000709400000|  0%| F|  |TAMS 0x0000000709200000, 0x0000000709200000| Untracked 
|  46|0x0000000709400000, 0x0000000709400000, 0x0000000709600000|  0%| F|  |TAMS 0x0000000709400000, 0x0000000709400000| Untracked 
|  47|0x0000000709600000, 0x0000000709600000, 0x0000000709800000|  0%| F|  |TAMS 0x0000000709600000, 0x0000000709600000| Untracked 
|  48|0x0000000709800000, 0x0000000709800000, 0x0000000709a00000|  0%| F|  |TAMS 0x0000000709800000, 0x0000000709800000| Untracked 
|  49|0x0000000709a00000, 0x0000000709a00000, 0x0000000709c00000|  0%| F|  |TAMS 0x0000000709a00000, 0x0000000709a00000| Untracked 
|  50|0x0000000709c00000, 0x0000000709c00000, 0x0000000709e00000|  0%| F|  |TAMS 0x0000000709c00000, 0x0000000709c00000| Untracked 
|  51|0x0000000709e00000, 0x0000000709e00000, 0x000000070a000000|  0%| F|  |TAMS 0x0000000709e00000, 0x0000000709e00000| Untracked 
|  52|0x000000070a000000, 0x000000070a000000, 0x000000070a200000|  0%| F|  |TAMS 0x000000070a000000, 0x000000070a000000| Untracked 
|  53|0x000000070a200000, 0x000000070a200000, 0x000000070a400000|  0%| F|  |TAMS 0x000000070a200000, 0x000000070a200000| Untracked 
|  54|0x000000070a400000, 0x000000070a400000, 0x000000070a600000|  0%| F|  |TAMS 0x000000070a400000, 0x000000070a400000| Untracked 
|  55|0x000000070a600000, 0x000000070a600000, 0x000000070a800000|  0%| F|  |TAMS 0x000000070a600000, 0x000000070a600000| Untracked 
|  56|0x000000070a800000, 0x000000070a800000, 0x000000070aa00000|  0%| F|  |TAMS 0x000000070a800000, 0x000000070a800000| Untracked 
|  57|0x000000070aa00000, 0x000000070aa00000, 0x000000070ac00000|  0%| F|  |TAMS 0x000000070aa00000, 0x000000070aa00000| Untracked 
|  58|0x000000070ac00000, 0x000000070ac00000, 0x000000070ae00000|  0%| F|  |TAMS 0x000000070ac00000, 0x000000070ac00000| Untracked 
|  59|0x000000070ae00000, 0x000000070ae00000, 0x000000070b000000|  0%| F|  |TAMS 0x000000070ae00000, 0x000000070ae00000| Untracked 
|  60|0x000000070b000000, 0x000000070b000000, 0x000000070b200000|  0%| F|  |TAMS 0x000000070b000000, 0x000000070b000000| Untracked 
|  61|0x000000070b200000, 0x000000070b200000, 0x000000070b400000|  0%| F|  |TAMS 0x000000070b200000, 0x000000070b200000| Untracked 
|  62|0x000000070b400000, 0x000000070b400000, 0x000000070b600000|  0%| F|  |TAMS 0x000000070b400000, 0x000000070b400000| Untracked 
|  63|0x000000070b600000, 0x000000070b600000, 0x000000070b800000|  0%| F|  |TAMS 0x000000070b600000, 0x000000070b600000| Untracked 
|  64|0x000000070b800000, 0x000000070b800000, 0x000000070ba00000|  0%| F|  |TAMS 0x000000070b800000, 0x000000070b800000| Untracked 
|  65|0x000000070ba00000, 0x000000070ba00000, 0x000000070bc00000|  0%| F|  |TAMS 0x000000070ba00000, 0x000000070ba00000| Untracked 
|  66|0x000000070bc00000, 0x000000070bc00000, 0x000000070be00000|  0%| F|  |TAMS 0x000000070bc00000, 0x000000070bc00000| Untracked 
|  67|0x000000070be00000, 0x000000070be00000, 0x000000070c000000|  0%| F|  |TAMS 0x000000070be00000, 0x000000070be00000| Untracked 
|  68|0x000000070c000000, 0x000000070c000000, 0x000000070c200000|  0%| F|  |TAMS 0x000000070c000000, 0x000000070c000000| Untracked 
|  69|0x000000070c200000, 0x000000070c200000, 0x000000070c400000|  0%| F|  |TAMS 0x000000070c200000, 0x000000070c200000| Untracked 
|  70|0x000000070c400000, 0x000000070c400000, 0x000000070c600000|  0%| F|  |TAMS 0x000000070c400000, 0x000000070c400000| Untracked 
|  71|0x000000070c600000, 0x000000070c600000, 0x000000070c800000|  0%| F|  |TAMS 0x000000070c600000, 0x000000070c600000| Untracked 
|  72|0x000000070c800000, 0x000000070c800000, 0x000000070ca00000|  0%| F|  |TAMS 0x000000070c800000, 0x000000070c800000| Untracked 
|  73|0x000000070ca00000, 0x000000070ca00000, 0x000000070cc00000|  0%| F|  |TAMS 0x000000070ca00000, 0x000000070ca00000| Untracked 
|  74|0x000000070cc00000, 0x000000070cc00000, 0x000000070ce00000|  0%| F|  |TAMS 0x000000070cc00000, 0x000000070cc00000| Untracked 
|  75|0x000000070ce00000, 0x000000070ce00000, 0x000000070d000000|  0%| F|  |TAMS 0x000000070ce00000, 0x000000070ce00000| Untracked 
|  76|0x000000070d000000, 0x000000070d000000, 0x000000070d200000|  0%| F|  |TAMS 0x000000070d000000, 0x000000070d000000| Untracked 
|  77|0x000000070d200000, 0x000000070d200000, 0x000000070d400000|  0%| F|  |TAMS 0x000000070d200000, 0x000000070d200000| Untracked 
|  78|0x000000070d400000, 0x000000070d400000, 0x000000070d600000|  0%| F|  |TAMS 0x000000070d400000, 0x000000070d400000| Untracked 
|  79|0x000000070d600000, 0x000000070d600000, 0x000000070d800000|  0%| F|  |TAMS 0x000000070d600000, 0x000000070d600000| Untracked 
|  80|0x000000070d800000, 0x000000070d800000, 0x000000070da00000|  0%| F|  |TAMS 0x000000070d800000, 0x000000070d800000| Untracked 
|  81|0x000000070da00000, 0x000000070da00000, 0x000000070dc00000|  0%| F|  |TAMS 0x000000070da00000, 0x000000070da00000| Untracked 
|  82|0x000000070dc00000, 0x000000070dc00000, 0x000000070de00000|  0%| F|  |TAMS 0x000000070dc00000, 0x000000070dc00000| Untracked 
|  83|0x000000070de00000, 0x000000070de00000, 0x000000070e000000|  0%| F|  |TAMS 0x000000070de00000, 0x000000070de00000| Untracked 
|  84|0x000000070e000000, 0x000000070e000000, 0x000000070e200000|  0%| F|  |TAMS 0x000000070e000000, 0x000000070e000000| Untracked 
|  85|0x000000070e200000, 0x000000070e200000, 0x000000070e400000|  0%| F|  |TAMS 0x000000070e200000, 0x000000070e200000| Untracked 
|  86|0x000000070e400000, 0x000000070e400000, 0x000000070e600000|  0%| F|  |TAMS 0x000000070e400000, 0x000000070e400000| Untracked 
|  87|0x000000070e600000, 0x000000070e600000, 0x000000070e800000|  0%| F|  |TAMS 0x000000070e600000, 0x000000070e600000| Untracked 
|  88|0x000000070e800000, 0x000000070e800000, 0x000000070ea00000|  0%| F|  |TAMS 0x000000070e800000, 0x000000070e800000| Untracked 
|  89|0x000000070ea00000, 0x000000070ea00000, 0x000000070ec00000|  0%| F|  |TAMS 0x000000070ea00000, 0x000000070ea00000| Untracked 
|  90|0x000000070ec00000, 0x000000070ec00000, 0x000000070ee00000|  0%| F|  |TAMS 0x000000070ec00000, 0x000000070ec00000| Untracked 
|  91|0x000000070ee00000, 0x000000070ee00000, 0x000000070f000000|  0%| F|  |TAMS 0x000000070ee00000, 0x000000070ee00000| Untracked 
|  92|0x000000070f000000, 0x000000070f000000, 0x000000070f200000|  0%| F|  |TAMS 0x000000070f000000, 0x000000070f000000| Untracked 
|  93|0x000000070f200000, 0x000000070f200000, 0x000000070f400000|  0%| F|  |TAMS 0x000000070f200000, 0x000000070f200000| Untracked 
|  94|0x000000070f400000, 0x000000070f400000, 0x000000070f600000|  0%| F|  |TAMS 0x000000070f400000, 0x000000070f400000| Untracked 
|  95|0x000000070f600000, 0x000000070f600000, 0x000000070f800000|  0%| F|  |TAMS 0x000000070f600000, 0x000000070f600000| Untracked 
|  96|0x000000070f800000, 0x000000070f800000, 0x000000070fa00000|  0%| F|  |TAMS 0x000000070f800000, 0x000000070f800000| Untracked 
|  97|0x000000070fa00000, 0x000000070fa00000, 0x000000070fc00000|  0%| F|  |TAMS 0x000000070fa00000, 0x000000070fa00000| Untracked 
|  98|0x000000070fc00000, 0x000000070fc00000, 0x000000070fe00000|  0%| F|  |TAMS 0x000000070fc00000, 0x000000070fc00000| Untracked 
|  99|0x000000070fe00000, 0x000000070fe00000, 0x0000000710000000|  0%| F|  |TAMS 0x000000070fe00000, 0x000000070fe00000| Untracked 
| 100|0x0000000710000000, 0x0000000710000000, 0x0000000710200000|  0%| F|  |TAMS 0x0000000710000000, 0x0000000710000000| Untracked 
| 101|0x0000000710200000, 0x0000000710200000, 0x0000000710400000|  0%| F|  |TAMS 0x0000000710200000, 0x0000000710200000| Untracked 
| 102|0x0000000710400000, 0x0000000710400000, 0x0000000710600000|  0%| F|  |TAMS 0x0000000710400000, 0x0000000710400000| Untracked 
| 103|0x0000000710600000, 0x0000000710600000, 0x0000000710800000|  0%| F|  |TAMS 0x0000000710600000, 0x0000000710600000| Untracked 
| 104|0x0000000710800000, 0x0000000710800000, 0x0000000710a00000|  0%| F|  |TAMS 0x0000000710800000, 0x0000000710800000| Untracked 
| 105|0x0000000710a00000, 0x0000000710a00000, 0x0000000710c00000|  0%| F|  |TAMS 0x0000000710a00000, 0x0000000710a00000| Untracked 
| 106|0x0000000710c00000, 0x0000000710c00000, 0x0000000710e00000|  0%| F|  |TAMS 0x0000000710c00000, 0x0000000710c00000| Untracked 
| 107|0x0000000710e00000, 0x0000000711000000, 0x0000000711000000|100%| S|CS|TAMS 0x0000000710e00000, 0x0000000710e00000| Complete 
| 108|0x0000000711000000, 0x0000000711200000, 0x0000000711200000|100%| S|CS|TAMS 0x0000000711000000, 0x0000000711000000| Complete 
| 109|0x0000000711200000, 0x0000000711200000, 0x0000000711400000|  0%| F|  |TAMS 0x0000000711200000, 0x0000000711200000| Untracked 
| 110|0x0000000711400000, 0x0000000711400000, 0x0000000711600000|  0%| F|  |TAMS 0x0000000711400000, 0x0000000711400000| Untracked 
| 111|0x0000000711600000, 0x0000000711600000, 0x0000000711800000|  0%| F|  |TAMS 0x0000000711600000, 0x0000000711600000| Untracked 
| 112|0x0000000711800000, 0x0000000711800000, 0x0000000711a00000|  0%| F|  |TAMS 0x0000000711800000, 0x0000000711800000| Untracked 
| 113|0x0000000711a00000, 0x0000000711a00000, 0x0000000711c00000|  0%| F|  |TAMS 0x0000000711a00000, 0x0000000711a00000| Untracked 
| 114|0x0000000711c00000, 0x0000000711c00000, 0x0000000711e00000|  0%| F|  |TAMS 0x0000000711c00000, 0x0000000711c00000| Untracked 
| 115|0x0000000711e00000, 0x0000000711fc72d0, 0x0000000712000000| 88%| E|  |TAMS 0x0000000711e00000, 0x0000000711e00000| Complete 
| 116|0x0000000712000000, 0x0000000712200000, 0x0000000712200000|100%| E|CS|TAMS 0x0000000712000000, 0x0000000712000000| Complete 
| 117|0x0000000712200000, 0x0000000712400000, 0x0000000712400000|100%| E|CS|TAMS 0x0000000712200000, 0x0000000712200000| Complete 
| 118|0x0000000712400000, 0x0000000712600000, 0x0000000712600000|100%| E|CS|TAMS 0x0000000712400000, 0x0000000712400000| Complete 
| 119|0x0000000712600000, 0x0000000712800000, 0x0000000712800000|100%| E|CS|TAMS 0x0000000712600000, 0x0000000712600000| Complete 
| 120|0x0000000712800000, 0x0000000712a00000, 0x0000000712a00000|100%| E|CS|TAMS 0x0000000712800000, 0x0000000712800000| Complete 
| 121|0x0000000712a00000, 0x0000000712c00000, 0x0000000712c00000|100%| E|CS|TAMS 0x0000000712a00000, 0x0000000712a00000| Complete 
| 122|0x0000000712c00000, 0x0000000712e00000, 0x0000000712e00000|100%| E|CS|TAMS 0x0000000712c00000, 0x0000000712c00000| Complete 
| 123|0x0000000712e00000, 0x0000000713000000, 0x0000000713000000|100%| E|CS|TAMS 0x0000000712e00000, 0x0000000712e00000| Complete 
| 124|0x0000000713000000, 0x0000000713200000, 0x0000000713200000|100%| E|CS|TAMS 0x0000000713000000, 0x0000000713000000| Complete 
| 125|0x0000000713200000, 0x0000000713400000, 0x0000000713400000|100%| E|CS|TAMS 0x0000000713200000, 0x0000000713200000| Complete 
| 126|0x0000000713400000, 0x0000000713600000, 0x0000000713600000|100%| E|CS|TAMS 0x0000000713400000, 0x0000000713400000| Complete 

Card table byte_map: [0x0000026f2aa70000,0x0000026f2b260000] _byte_map_base: 0x0000026f27254000

Marking Bits (Prev, Next): (CMBitMap*) 0x0000026f11833390, (CMBitMap*) 0x0000026f118333d0
 Prev Bits: [0x0000026f2ba50000, 0x0000026f2f970000)
 Next Bits: [0x0000026f2f970000, 0x0000026f33890000)

Polling page: 0x0000026f118c0000

Metaspace:

Usage:
  Non-class:     15.45 MB used.
      Class:      2.43 MB used.
       Both:     17.88 MB used.

Virtual space:
  Non-class space:       24.00 MB reserved,      15.62 MB ( 65%) committed,  3 nodes.
      Class space:        1.00 GB reserved,       2.56 MB ( <1%) committed,  1 nodes.
             Both:        1.02 GB reserved,      18.19 MB (  2%) committed. 

Chunk freelists:
   Non-Class:  3.98 MB
       Class:  1.46 MB
        Both:  5.44 MB

MaxMetaspaceSize: unlimited
CompressedClassSpaceSize: 1.00 GB
Initial GC threshold: 21.00 MB
Current GC threshold: 21.00 MB
CDS: on
MetaspaceReclaimPolicy: balanced
 - commit_granule_bytes: 65536.
 - commit_granule_words: 8192.
 - virtual_space_node_default_size: 1048576.
 - enlarge_chunks_in_place: 1.
 - new_chunks_are_fully_committed: 0.
 - uncommit_free_chunks: 1.
 - use_allocation_guard: 0.
 - handle_deallocations: 1.


Internal statistics:

num_allocs_failed_limit: 0.
num_arena_births: 228.
num_arena_deaths: 0.
num_vsnodes_births: 4.
num_vsnodes_deaths: 0.
num_space_committed: 291.
num_space_uncommitted: 0.
num_chunks_returned_to_freelist: 0.
num_chunks_taken_from_freelist: 793.
num_chunk_merges: 0.
num_chunk_splits: 540.
num_chunks_enlarged: 410.
num_purges: 0.
num_inconsistent_stats: 0.

CodeHeap 'non-profiled nmethods': size=120000Kb used=1364Kb max_used=1364Kb free=118635Kb
 bounds [0x0000026f222e0000, 0x0000026f22550000, 0x0000026f29810000]
CodeHeap 'profiled nmethods': size=120000Kb used=5744Kb max_used=5744Kb free=114255Kb
 bounds [0x0000026f1adb0000, 0x0000026f1b350000, 0x0000026f222e0000]
CodeHeap 'non-nmethods': size=5760Kb used=1440Kb max_used=1536Kb free=4319Kb
 bounds [0x0000026f1a810000, 0x0000026f1aa80000, 0x0000026f1adb0000]
 total_blobs=3918 nmethods=3112 adapters=717
 compilation: enabled
              stopped_count=0, restarted_count=0
 full_count=0

Compilation events (20 events):
Event: 64.553 Thread 0x0000026f3639a9d0 3109       4       java.lang.StringLatin1::toUpperCase (186 bytes)
Event: 64.563 Thread 0x0000026f36d18090 3110       1       java.security.Provider::getName (5 bytes)
Event: 64.564 Thread 0x0000026f36d18090 nmethod 3110 0x0000026f22432a90 code [0x0000026f22432c20, 0x0000026f22432cf8]
Event: 64.564 Thread 0x0000026f36d18090 3111       3       java.lang.Character::toLowerCase (6 bytes)
Event: 64.564 Thread 0x0000026f36d18090 nmethod 3111 0x0000026f1b34af90 code [0x0000026f1b34b140, 0x0000026f1b34b398]
Event: 64.567 Thread 0x0000026f36d18090 3113   !   3       java.util.Collections$SynchronizedMap::put (28 bytes)
Event: 64.568 Thread 0x0000026f36d18090 nmethod 3113 0x0000026f1b34b490 code [0x0000026f1b34b640, 0x0000026f1b34b908]
Event: 64.584 Thread 0x0000026f36d18090 3115       3       org.postgresql.core.VisibleBufferedInputStream::ensureBytes (44 bytes)
Event: 64.584 Thread 0x0000026f36d18090 nmethod 3115 0x0000026f1b34ba90 code [0x0000026f1b34bc40, 0x0000026f1b34bee8]
Event: 64.584 Thread 0x0000026f36d18090 3114       3       org.postgresql.core.VisibleBufferedInputStream::ensureBytes (7 bytes)
Event: 64.584 Thread 0x0000026f36d18090 nmethod 3114 0x0000026f1b34c010 code [0x0000026f1b34c1c0, 0x0000026f1b34c308]
Event: 64.586 Thread 0x0000026f3639a9d0 nmethod 3109 0x0000026f22432d90 code [0x0000026f22432f40, 0x0000026f22433938]
Event: 64.586 Thread 0x0000026f3639a9d0 3112       4       java.lang.StringUTF16::charAt (11 bytes)
Event: 64.588 Thread 0x0000026f3639a9d0 nmethod 3112 0x0000026f22433d90 code [0x0000026f22433f00, 0x0000026f22433f98]
Event: 78.924 Thread 0x0000026f36d18090 3116       1       com.sun.javafx.scene.control.behavior.BehaviorBase::getNode (5 bytes)
Event: 78.925 Thread 0x0000026f36d18090 nmethod 3116 0x0000026f22434090 code [0x0000026f22434220, 0x0000026f224342f8]
Event: 86.775 Thread 0x0000026f3639a9d0 3117       4       com.sun.javafx.tk.quantum.QuantumToolkit::postPulse (133 bytes)
Event: 86.786 Thread 0x0000026f3639a9d0 nmethod 3117 0x0000026f22434390 code [0x0000026f22434540, 0x0000026f224347b8]
Event: 87.175 Thread 0x0000026f3639a9d0 3118       4       com.sun.javafx.tk.quantum.QuantumToolkit$$Lambda$83/0x0000000800c31a70::run (8 bytes)
Event: 87.188 Thread 0x0000026f3639a9d0 nmethod 3118 0x0000026f22434b10 code [0x0000026f22434ce0, 0x0000026f22434fa8]

GC Heap History (4 events):
Event: 1.258 GC heap before
{Heap before GC invocations=0 (full 0):
 garbage-first heap   total 260096K, used 20480K [0x0000000703800000, 0x0000000800000000)
  region size 2048K, 11 young (22528K), 0 survivors (0K)
 Metaspace       used 5126K, committed 5248K, reserved 1056768K
  class space    used 595K, committed 640K, reserved 1048576K
}
Event: 1.267 GC heap after
{Heap after GC invocations=1 (full 0):
 garbage-first heap   total 260096K, used 3211K [0x0000000703800000, 0x0000000800000000)
  region size 2048K, 2 young (4096K), 2 survivors (4096K)
 Metaspace       used 5126K, committed 5248K, reserved 1056768K
  class space    used 595K, committed 640K, reserved 1048576K
}
Event: 2.309 GC heap before
{Heap before GC invocations=1 (full 0):
 garbage-first heap   total 260096K, used 35979K [0x0000000703800000, 0x0000000800000000)
  region size 2048K, 18 young (36864K), 2 survivors (4096K)
 Metaspace       used 12989K, committed 13248K, reserved 1064960K
  class space    used 1926K, committed 2048K, reserved 1048576K
}
Event: 2.318 GC heap after
{Heap after GC invocations=2 (full 0):
 garbage-first heap   total 260096K, used 7214K [0x0000000703800000, 0x0000000800000000)
  region size 2048K, 2 young (4096K), 2 survivors (4096K)
 Metaspace       used 12989K, committed 13248K, reserved 1064960K
  class space    used 1926K, committed 2048K, reserved 1048576K
}

Deoptimization events (20 events):
Event: 19.493 Thread 0x0000026f363966c0 DEOPT PACKING pc=0x0000026f1b304e96 sp=0x000000eac5cf7810
Event: 19.493 Thread 0x0000026f363966c0 DEOPT UNPACKING pc=0x0000026f1a862b43 sp=0x000000eac5cf6c68 mode 0
Event: 19.493 Thread 0x0000026f363966c0 DEOPT PACKING pc=0x0000026f1b304e96 sp=0x000000eac5cf7810
Event: 19.493 Thread 0x0000026f363966c0 DEOPT UNPACKING pc=0x0000026f1a862b43 sp=0x000000eac5cf6c68 mode 0
Event: 19.494 Thread 0x0000026f363966c0 DEOPT PACKING pc=0x0000026f1b304e96 sp=0x000000eac5cf7810
Event: 19.494 Thread 0x0000026f363966c0 DEOPT UNPACKING pc=0x0000026f1a862b43 sp=0x000000eac5cf6c68 mode 0
Event: 19.494 Thread 0x0000026f363966c0 DEOPT PACKING pc=0x0000026f1b304e96 sp=0x000000eac5cf7810
Event: 19.494 Thread 0x0000026f363966c0 DEOPT UNPACKING pc=0x0000026f1a862b43 sp=0x000000eac5cf6c68 mode 0
Event: 19.494 Thread 0x0000026f363966c0 DEOPT PACKING pc=0x0000026f1b304dbe sp=0x000000eac5cf7810
Event: 19.494 Thread 0x0000026f363966c0 DEOPT UNPACKING pc=0x0000026f1a862b43 sp=0x000000eac5cf6c68 mode 0
Event: 19.495 Thread 0x0000026f363966c0 DEOPT PACKING pc=0x0000026f1b304dbe sp=0x000000eac5cf7810
Event: 19.495 Thread 0x0000026f363966c0 DEOPT UNPACKING pc=0x0000026f1a862b43 sp=0x000000eac5cf6c68 mode 0
Event: 19.495 Thread 0x0000026f363966c0 DEOPT PACKING pc=0x0000026f1b304dbe sp=0x000000eac5cf7810
Event: 19.495 Thread 0x0000026f363966c0 DEOPT UNPACKING pc=0x0000026f1a862b43 sp=0x000000eac5cf6c68 mode 0
Event: 19.495 Thread 0x0000026f363966c0 DEOPT PACKING pc=0x0000026f1b304e96 sp=0x000000eac5cf7810
Event: 19.495 Thread 0x0000026f363966c0 DEOPT UNPACKING pc=0x0000026f1a862b43 sp=0x000000eac5cf6c68 mode 0
Event: 19.495 Thread 0x0000026f363966c0 Uncommon trap: trap_request=0xffffff45 fr.pc=0x0000026f224094e0 relative=0x00000000000020e0
Event: 19.495 Thread 0x0000026f363966c0 Uncommon trap: reason=unstable_if action=reinterpret pc=0x0000026f224094e0 method=com.sun.crypto.provider.PBKDF2KeyImpl.deriveKey(Ljavax/crypto/Mac;[B[BII)[B @ 172 c2
Event: 19.495 Thread 0x0000026f363966c0 DEOPT PACKING pc=0x0000026f224094e0 sp=0x000000eac5cf79f0
Event: 19.495 Thread 0x0000026f363966c0 DEOPT UNPACKING pc=0x0000026f1a8623a3 sp=0x000000eac5cf79f8 mode 2

Classes unloaded (0 events):
No events

Classes redefined (0 events):
No events

Internal exceptions (20 events):
Event: 2.445 Thread 0x0000026f363966c0 Exception <a 'java/lang/NoSuchMethodError'{0x00000007132aa428}: 'long java.lang.invoke.DirectMethodHandle$Holder.invokeStaticInit(java.lang.Object, java.lang.Object, java.lang.Object)'> (0x00000007132aa428) 
thrown [t:\workspace\open\src\hotspot\share\interpreter\linkResolver.cpp, line 766]
Event: 2.451 Thread 0x0000026f363966c0 Exception <a 'java/lang/NoSuchMethodError'{0x00000007132c2030}: 'java.lang.Object java.lang.invoke.DirectMethodHandle$Holder.newInvokeSpecial(java.lang.Object, java.lang.Object, long)'> (0x00000007132c2030) 
thrown [t:\workspace\open\src\hotspot\share\interpreter\linkResolver.cpp, line 766]
Event: 2.451 Thread 0x0000026f363966c0 Exception <a 'java/lang/NoSuchMethodError'{0x00000007132c5ba0}: 'java.lang.Object java.lang.invoke.Invokers$Holder.linkToTargetMethod(java.lang.Object, long, java.lang.Object)'> (0x00000007132c5ba0) 
thrown [t:\workspace\open\src\hotspot\share\interpreter\linkResolver.cpp, line 766]
Event: 11.760 Thread 0x0000026f363966c0 Exception <a 'sun/nio/fs/WindowsException'{0x000000071284a330}> (0x000000071284a330) 
thrown [t:\workspace\open\src\hotspot\share\prims\jni.cpp, line 516]
Event: 11.766 Thread 0x0000026f363966c0 Exception <a 'sun/nio/fs/WindowsException'{0x0000000712877aa8}> (0x0000000712877aa8) 
thrown [t:\workspace\open\src\hotspot\share\prims\jni.cpp, line 516]
Event: 11.769 Thread 0x0000026f363966c0 Exception <a 'java/lang/NoSuchMethodError'{0x000000071287dbd8}: 'java.lang.Object java.lang.invoke.DirectMethodHandle$Holder.invokeVirtual(java.lang.Object, java.lang.Object, java.lang.Object, java.lang.Object)'> (0x000000071287dbd8) 
thrown [t:\workspace\open\src\hotspot\share\interpreter\linkResolver.cpp, line 766]
Event: 11.783 Thread 0x0000026f363966c0 Exception <a 'java/lang/NoSuchMethodError'{0x00000007128cab08}: 'int java.lang.invoke.DirectMethodHandle$Holder.invokeStatic(java.lang.Object, java.lang.Object, java.lang.Object, java.lang.Object)'> (0x00000007128cab08) 
thrown [t:\workspace\open\src\hotspot\share\interpreter\linkResolver.cpp, line 766]
Event: 11.783 Thread 0x0000026f363966c0 Exception <a 'java/lang/NoSuchMethodError'{0x00000007128ce860}: 'int java.lang.invoke.DirectMethodHandle$Holder.invokeStaticInit(java.lang.Object, java.lang.Object, java.lang.Object, java.lang.Object)'> (0x00000007128ce860) 
thrown [t:\workspace\open\src\hotspot\share\interpreter\linkResolver.cpp, line 766]
Event: 11.784 Thread 0x0000026f363966c0 Exception <a 'java/lang/NoSuchMethodError'{0x00000007128d8358}: 'java.lang.Object java.lang.invoke.DirectMethodHandle$Holder.invokeInterface(java.lang.Object, java.lang.Object)'> (0x00000007128d8358) 
thrown [t:\workspace\open\src\hotspot\share\interpreter\linkResolver.cpp, line 766]
Event: 11.785 Thread 0x0000026f363966c0 Exception <a 'java/lang/IncompatibleClassChangeError'{0x00000007128dc0a0}: Found class java.lang.Object, but interface was expected> (0x00000007128dc0a0) 
thrown [t:\workspace\open\src\hotspot\share\interpreter\linkResolver.cpp, line 833]
Event: 11.836 Thread 0x0000026f363966c0 Exception <a 'java/lang/NoSuchMethodError'{0x0000000712998b00}: 'int java.lang.invoke.DirectMethodHandle$Holder.invokeSpecial(java.lang.Object, java.lang.Object, java.lang.Object)'> (0x0000000712998b00) 
thrown [t:\workspace\open\src\hotspot\share\interpreter\linkResolver.cpp, line 766]
Event: 11.890 Thread 0x0000026f363966c0 Exception <a 'java/lang/NoSuchMethodError'{0x00000007126013b0}: 'java.lang.Object java.lang.invoke.DirectMethodHandle$Holder.invokeStaticInit(java.lang.Object, int, int, int, int)'> (0x00000007126013b0) 
thrown [t:\workspace\open\src\hotspot\share\interpreter\linkResolver.cpp, line 766]
Event: 11.990 Thread 0x0000026f363966c0 Exception <a 'java/lang/NoSuchMethodError'{0x00000007126ee9b8}: 'java.lang.Object java.lang.invoke.DirectMethodHandle$Holder.invokeStaticInit(java.lang.Object, java.lang.Object, int, int, int, int)'> (0x00000007126ee9b8) 
thrown [t:\workspace\open\src\hotspot\share\interpreter\linkResolver.cpp, line 766]
Event: 12.064 Thread 0x0000026f363966c0 Exception <a 'sun/nio/fs/WindowsException'{0x000000071244eaf0}> (0x000000071244eaf0) 
thrown [t:\workspace\open\src\hotspot\share\prims\jni.cpp, line 516]
Event: 12.074 Thread 0x0000026f363966c0 Exception <a 'sun/nio/fs/WindowsException'{0x00000007124649b8}> (0x00000007124649b8) 
thrown [t:\workspace\open\src\hotspot\share\prims\jni.cpp, line 516]
Event: 19.458 Thread 0x0000026f363966c0 Implicit null exception at 0x0000026f223fb0d3 to 0x0000026f223fb928
Event: 19.458 Thread 0x0000026f363966c0 Implicit null exception at 0x0000026f223fca53 to 0x0000026f223fd3a4
Event: 59.213 Thread 0x0000026f363966c0 Exception <a 'java/lang/NoSuchMethodError'{0x00000007120cceb0}: 'java.lang.Object java.lang.invoke.DirectMethodHandle$Holder.newInvokeSpecial(java.lang.Object, java.lang.Object, int, int, int, int, int, java.lang.Object)'> (0x00000007120cceb0) 
thrown [t:\workspace\open\src\hotspot\share\interpreter\linkResolver.cpp, line 766]
Event: 59.217 Thread 0x0000026f363966c0 Exception <a 'java/lang/NoSuchMethodError'{0x00000007120e0688}: 'java.lang.Object java.lang.invoke.DirectMethodHandle$Holder.newInvokeSpecial(java.lang.Object, java.lang.Object, java.lang.Object, int, int, int, int, int)'> (0x00000007120e0688) 
thrown [t:\workspace\open\src\hotspot\share\interpreter\linkResolver.cpp, line 766]
Event: 59.218 Thread 0x0000026f363966c0 Exception <a 'java/lang/NoSuchMethodError'{0x00000007120e8988}: 'java.lang.Object java.lang.invoke.Invokers$Holder.linkToTargetMethod(java.lang.Object, java.lang.Object, int, int, int, int, int, java.lang.Object)'> (0x00000007120e8988) 
thrown [t:\workspace\open\src\hotspot\share\interpreter\linkResolver.cpp, line 766]

VM Operations (20 events):
Event: 24.202 Executing VM operation: Cleanup done
Event: 56.212 Executing VM operation: Cleanup
Event: 56.212 Executing VM operation: Cleanup done
Event: 57.213 Executing VM operation: Cleanup
Event: 57.213 Executing VM operation: Cleanup done
Event: 58.213 Executing VM operation: Cleanup
Event: 58.213 Executing VM operation: Cleanup done
Event: 59.214 Executing VM operation: Cleanup
Event: 59.214 Executing VM operation: Cleanup done
Event: 60.214 Executing VM operation: Cleanup
Event: 60.214 Executing VM operation: Cleanup done
Event: 62.215 Executing VM operation: Cleanup
Event: 62.215 Executing VM operation: Cleanup done
Event: 64.216 Executing VM operation: Cleanup
Event: 64.216 Executing VM operation: Cleanup done
Event: 65.216 Executing VM operation: Cleanup
Event: 65.216 Executing VM operation: Cleanup done
Event: 66.217 Executing VM operation: Cleanup
Event: 66.217 Executing VM operation: Cleanup done
Event: 126.031 Executing VM operation: Exit

Events (20 events):
Event: 13.997 loading class sun/text/RuleBasedBreakIterator done
Event: 14.000 loading class sun/text/CompactByteArray
Event: 14.000 loading class sun/text/CompactByteArray done
Event: 14.001 loading class sun/text/SupplementaryCharacterData
Event: 14.001 loading class sun/text/SupplementaryCharacterData done
Event: 14.001 loading class java/text/BreakIterator$BreakIteratorCache
Event: 14.001 loading class java/text/BreakIterator$BreakIteratorCache done
Event: 19.497 Thread 0x0000026f3f6f5ac0 Thread added: 0x0000026f3f6f5ac0
Event: 19.497 Thread 0x0000026f3fe85da0 Thread added: 0x0000026f3fe85da0
Event: 21.490 Thread 0x0000026f3fe85da0 Thread exited: 0x0000026f3fe85da0
Event: 21.490 Thread 0x0000026f3f6f5ac0 Thread exited: 0x0000026f3f6f5ac0
Event: 56.978 loading class java/text/StringCharacterIterator
Event: 56.978 loading class java/text/StringCharacterIterator done
Event: 126.023 loading class jdk/internal/misc/Signal$1
Event: 126.024 loading class jdk/internal/misc/Signal$1 done
Event: 126.024 Thread 0x0000026f36392d00 Thread added: 0x0000026f36392d00
Event: 126.026 Thread 0x0000026f363936a0 Thread added: 0x0000026f363936a0
Event: 126.026 Thread 0x0000026f4015f790 Thread added: 0x0000026f4015f790
Event: 126.027 Thread 0x0000026f363936a0 Thread exited: 0x0000026f363936a0
Event: 126.031 Thread 0x0000026f4015f790 Thread exited: 0x0000026f4015f790


Dynamic libraries:
0x00007ff6cbd80000 - 0x00007ff6cbd90000 	C:\Program Files\Java\jdk-17.0.2\bin\java.exe
0x00007ff942550000 - 0x00007ff942748000 	C:\WINDOWS\SYSTEM32\ntdll.dll
0x00007ff941cb0000 - 0x00007ff941d6f000 	C:\WINDOWS\System32\KERNEL32.DLL
0x00007ff93fc50000 - 0x00007ff93ff22000 	C:\WINDOWS\System32\KERNELBASE.dll
0x00007ff9401c0000 - 0x00007ff9402c0000 	C:\WINDOWS\System32\ucrtbase.dll
0x00007ff93a8b0000 - 0x00007ff93a8ca000 	C:\Program Files\Java\jdk-17.0.2\bin\VCRUNTIME140.dll
0x00007ff93a8d0000 - 0x00007ff93a8e8000 	C:\Program Files\Java\jdk-17.0.2\bin\jli.dll
0x00007ff940be0000 - 0x00007ff940c8e000 	C:\WINDOWS\System32\ADVAPI32.dll
0x00007ff942190000 - 0x00007ff94222e000 	C:\WINDOWS\System32\msvcrt.dll
0x00007ff940dc0000 - 0x00007ff940e5c000 	C:\WINDOWS\System32\sechost.dll
0x00007ff9405a0000 - 0x00007ff9406c5000 	C:\WINDOWS\System32\RPCRT4.dll
0x00007ff9422f0000 - 0x00007ff94248d000 	C:\WINDOWS\System32\USER32.dll
0x00007ff93ffe0000 - 0x00007ff940002000 	C:\WINDOWS\System32\win32u.dll
0x00007ff91b880000 - 0x00007ff91bb1a000 	C:\WINDOWS\WinSxS\amd64_microsoft.windows.common-controls_6595b64144ccf1df_6.0.19041.1110_none_60b5254171f9507e\COMCTL32.dll
0x00007ff941000000 - 0x00007ff94102b000 	C:\WINDOWS\System32\GDI32.dll
0x00007ff9400b0000 - 0x00007ff9401bf000 	C:\WINDOWS\System32\gdi32full.dll
0x00007ff940010000 - 0x00007ff9400ad000 	C:\WINDOWS\System32\msvcp_win.dll
0x00007ff9374a0000 - 0x00007ff9374aa000 	C:\WINDOWS\SYSTEM32\VERSION.dll
0x00007ff940e60000 - 0x00007ff940e92000 	C:\WINDOWS\System32\IMM32.DLL
0x00007ff93a890000 - 0x00007ff93a89c000 	C:\Program Files\Java\jdk-17.0.2\bin\vcruntime140_1.dll
0x00007ff912340000 - 0x00007ff9123cd000 	C:\Program Files\Java\jdk-17.0.2\bin\msvcp140.dll
0x00007ff8a4d40000 - 0x00007ff8a5901000 	C:\Program Files\Java\jdk-17.0.2\bin\server\jvm.dll
0x00007ff941f20000 - 0x00007ff941f28000 	C:\WINDOWS\System32\PSAPI.DLL
0x00007ff916c40000 - 0x00007ff916c67000 	C:\WINDOWS\SYSTEM32\WINMM.dll
0x00007ff929c50000 - 0x00007ff929c59000 	C:\WINDOWS\SYSTEM32\WSOCK32.dll
0x00007ff9424a0000 - 0x00007ff94250b000 	C:\WINDOWS\System32\WS2_32.dll
0x00007ff93dcb0000 - 0x00007ff93dcc2000 	C:\WINDOWS\SYSTEM32\kernel.appcore.dll
0x00007ff93a810000 - 0x00007ff93a81a000 	C:\Program Files\Java\jdk-17.0.2\bin\jimage.dll
0x00007ff93d860000 - 0x00007ff93da44000 	C:\WINDOWS\SYSTEM32\DBGHELP.DLL
0x00007ff92d440000 - 0x00007ff92d46c000 	C:\WINDOWS\SYSTEM32\dbgcore.DLL
0x00007ff940380000 - 0x00007ff940402000 	C:\WINDOWS\System32\bcryptPrimitives.dll
0x00007ff93a800000 - 0x00007ff93a80e000 	C:\Program Files\Java\jdk-17.0.2\bin\instrument.dll
0x00007ff937150000 - 0x00007ff937175000 	C:\Program Files\Java\jdk-17.0.2\bin\java.dll
0x00007ff8fccc0000 - 0x00007ff8fcd96000 	C:\Program Files\Java\jdk-17.0.2\bin\jsvml.dll
0x00007ff941030000 - 0x00007ff941773000 	C:\WINDOWS\System32\SHELL32.dll
0x00007ff93dcd0000 - 0x00007ff93e462000 	C:\WINDOWS\SYSTEM32\windows.storage.dll
0x00007ff940880000 - 0x00007ff940bd4000 	C:\WINDOWS\System32\combase.dll
0x00007ff93f5d0000 - 0x00007ff93f600000 	C:\WINDOWS\SYSTEM32\Wldp.dll
0x00007ff941f30000 - 0x00007ff941fdd000 	C:\WINDOWS\System32\SHCORE.dll
0x00007ff942290000 - 0x00007ff9422e5000 	C:\WINDOWS\System32\shlwapi.dll
0x00007ff93fb90000 - 0x00007ff93fbaf000 	C:\WINDOWS\SYSTEM32\profapi.dll
0x00007ff92cc80000 - 0x00007ff92cc99000 	C:\Program Files\Java\jdk-17.0.2\bin\net.dll
0x00007ff9392c0000 - 0x00007ff9393cc000 	C:\WINDOWS\SYSTEM32\WINHTTP.dll
0x00007ff93f3b0000 - 0x00007ff93f41a000 	C:\WINDOWS\system32\mswsock.dll
0x00007ff91e220000 - 0x00007ff91e236000 	C:\Program Files\Java\jdk-17.0.2\bin\nio.dll
0x00007ff91e200000 - 0x00007ff91e218000 	C:\Program Files\Java\jdk-17.0.2\bin\zip.dll
0x00007ff914520000 - 0x00007ff91453a000 	C:\Program Files\JetBrains\IntelliJ IDEA Community Edition 2021.3.2\bin\breakgen64.dll
0x0000026f363c0000 - 0x0000026f363c3000 	C:\Users\яв \.openjfx\cache\17.0.1\api-ms-win-core-console-l1-1-0.dll
0x0000026f363d0000 - 0x0000026f363d3000 	C:\Users\яв \.openjfx\cache\17.0.1\api-ms-win-core-console-l1-2-0.dll
0x0000026f363e0000 - 0x0000026f363e3000 	C:\Users\яв \.openjfx\cache\17.0.1\api-ms-win-core-datetime-l1-1-0.dll
0x0000026f363f0000 - 0x0000026f363f3000 	C:\Users\яв \.openjfx\cache\17.0.1\api-ms-win-core-debug-l1-1-0.dll
0x0000026f388e0000 - 0x0000026f388e3000 	C:\Users\яв \.openjfx\cache\17.0.1\api-ms-win-core-errorhandling-l1-1-0.dll
0x0000026f388f0000 - 0x0000026f388f4000 	C:\Users\яв \.openjfx\cache\17.0.1\api-ms-win-core-file-l1-1-0.dll
0x0000026f38900000 - 0x0000026f38903000 	C:\Users\яв \.openjfx\cache\17.0.1\api-ms-win-core-file-l1-2-0.dll
0x0000026f38910000 - 0x0000026f38913000 	C:\Users\яв \.openjfx\cache\17.0.1\api-ms-win-core-file-l2-1-0.dll
0x0000026f38920000 - 0x0000026f38923000 	C:\Users\яв \.openjfx\cache\17.0.1\api-ms-win-core-handle-l1-1-0.dll
0x0000026f38cb0000 - 0x0000026f38cb3000 	C:\Users\яв \.openjfx\cache\17.0.1\api-ms-win-core-heap-l1-1-0.dll
0x0000026f38cc0000 - 0x0000026f38cc3000 	C:\Users\яв \.openjfx\cache\17.0.1\api-ms-win-core-interlocked-l1-1-0.dll
0x0000026f38930000 - 0x0000026f38933000 	C:\Users\яв \.openjfx\cache\17.0.1\api-ms-win-core-libraryloader-l1-1-0.dll
0x0000026f38940000 - 0x0000026f38943000 	C:\Users\яв \.openjfx\cache\17.0.1\api-ms-win-core-localization-l1-2-0.dll
0x0000026f38950000 - 0x0000026f38953000 	C:\Users\яв \.openjfx\cache\17.0.1\api-ms-win-core-memory-l1-1-0.dll
0x0000026f38960000 - 0x0000026f38963000 	C:\Users\яв \.openjfx\cache\17.0.1\api-ms-win-core-namedpipe-l1-1-0.dll
0x0000026f38970000 - 0x0000026f38973000 	C:\Users\яв \.openjfx\cache\17.0.1\api-ms-win-core-processenvironment-l1-1-0.dll
0x0000026f38980000 - 0x0000026f38983000 	C:\Users\яв \.openjfx\cache\17.0.1\api-ms-win-core-processthreads-l1-1-0.dll
0x0000026f38990000 - 0x0000026f38993000 	C:\Users\яв \.openjfx\cache\17.0.1\api-ms-win-core-processthreads-l1-1-1.dll
0x0000026f389a0000 - 0x0000026f389a3000 	C:\Users\яв \.openjfx\cache\17.0.1\api-ms-win-core-profile-l1-1-0.dll
0x0000026f389b0000 - 0x0000026f389b3000 	C:\Users\яв \.openjfx\cache\17.0.1\api-ms-win-core-rtlsupport-l1-1-0.dll
0x0000026f389c0000 - 0x0000026f389c3000 	C:\Users\яв \.openjfx\cache\17.0.1\api-ms-win-core-string-l1-1-0.dll
0x0000026f389d0000 - 0x0000026f389d3000 	C:\Users\яв \.openjfx\cache\17.0.1\api-ms-win-core-synch-l1-1-0.dll
0x0000026f389e0000 - 0x0000026f389e3000 	C:\Users\яв \.openjfx\cache\17.0.1\api-ms-win-core-synch-l1-2-0.dll
0x0000026f389f0000 - 0x0000026f389f3000 	C:\Users\яв \.openjfx\cache\17.0.1\api-ms-win-core-sysinfo-l1-1-0.dll
0x0000026f38a00000 - 0x0000026f38a03000 	C:\Users\яв \.openjfx\cache\17.0.1\api-ms-win-core-timezone-l1-1-0.dll
0x0000026f38c50000 - 0x0000026f38c53000 	C:\Users\яв \.openjfx\cache\17.0.1\api-ms-win-core-util-l1-1-0.dll
0x0000026f38c60000 - 0x0000026f38c63000 	C:\Users\яв \.openjfx\cache\17.0.1\api-ms-win-crt-conio-l1-1-0.dll
0x0000026f38c70000 - 0x0000026f38c74000 	C:\Users\яв \.openjfx\cache\17.0.1\api-ms-win-crt-convert-l1-1-0.dll
0x0000026f38c80000 - 0x0000026f38c83000 	C:\Users\яв \.openjfx\cache\17.0.1\api-ms-win-crt-environment-l1-1-0.dll
0x0000026f38c90000 - 0x0000026f38c93000 	C:\Users\яв \.openjfx\cache\17.0.1\api-ms-win-crt-filesystem-l1-1-0.dll
0x0000026f38ca0000 - 0x0000026f38ca3000 	C:\Users\яв \.openjfx\cache\17.0.1\api-ms-win-crt-heap-l1-1-0.dll
0x0000026f38b30000 - 0x0000026f38b33000 	C:\Users\яв \.openjfx\cache\17.0.1\api-ms-win-crt-locale-l1-1-0.dll
0x0000026f38b40000 - 0x0000026f38b45000 	C:\Users\яв \.openjfx\cache\17.0.1\api-ms-win-crt-math-l1-1-0.dll
0x0000026f38b50000 - 0x0000026f38b55000 	C:\Users\яв \.openjfx\cache\17.0.1\api-ms-win-crt-multibyte-l1-1-0.dll
0x0000026f38b60000 - 0x0000026f38b70000 	C:\Users\яв \.openjfx\cache\17.0.1\api-ms-win-crt-private-l1-1-0.dll
0x0000026f38b70000 - 0x0000026f38b73000 	C:\Users\яв \.openjfx\cache\17.0.1\api-ms-win-crt-process-l1-1-0.dll
0x0000026f38b80000 - 0x0000026f38b84000 	C:\Users\яв \.openjfx\cache\17.0.1\api-ms-win-crt-runtime-l1-1-0.dll
0x0000026f38b90000 - 0x0000026f38b94000 	C:\Users\яв \.openjfx\cache\17.0.1\api-ms-win-crt-stdio-l1-1-0.dll
0x0000026f38ba0000 - 0x0000026f38ba4000 	C:\Users\яв \.openjfx\cache\17.0.1\api-ms-win-crt-string-l1-1-0.dll
0x0000026f38bb0000 - 0x0000026f38bb3000 	C:\Users\яв \.openjfx\cache\17.0.1\api-ms-win-crt-time-l1-1-0.dll
0x0000026f38bc0000 - 0x0000026f38bc3000 	C:\Users\яв \.openjfx\cache\17.0.1\api-ms-win-crt-utility-l1-1-0.dll
0x00007ff8f85e0000 - 0x00007ff8f86dc000 	C:\Users\яв \.openjfx\cache\17.0.1\ucrtbase.dll
0x00007ff9144e0000 - 0x00007ff9144fa000 	C:\Users\яв \.openjfx\cache\17.0.1\vcruntime140.dll
0x00007ff91a8f0000 - 0x00007ff91a8fc000 	C:\Users\яв \.openjfx\cache\17.0.1\vcruntime140_1.dll
0x00007ff8fcdf0000 - 0x00007ff8fce7d000 	C:\Users\яв \.openjfx\cache\17.0.1\msvcp140.dll
0x00007ff914470000 - 0x00007ff91449a000 	C:\Users\яв \.openjfx\cache\17.0.1\prism_d3d.dll
0x00007ff8d0de0000 - 0x00007ff8d0faf000 	C:\WINDOWS\system32\d3d9.dll
0x00007ff93d420000 - 0x00007ff93d44f000 	C:\WINDOWS\SYSTEM32\dwmapi.dll
0x00007ff93c1e0000 - 0x00007ff93c27e000 	C:\WINDOWS\system32\uxtheme.dll
0x00007ff8d0c30000 - 0x00007ff8d0dd2000 	C:\WINDOWS\System32\DriverStore\FileRepository\iigd_dch.inf_amd64_52ad2da9d64c0488\igdumdim64.dll
0x00007ff940c90000 - 0x00007ff940dba000 	C:\WINDOWS\System32\ole32.dll
0x00007ff8ccbc0000 - 0x00007ff8d07d0000 	C:\WINDOWS\System32\DriverStore\FileRepository\iigd_dch.inf_amd64_52ad2da9d64c0488\igd9dxva64.dll
0x00007ff941d70000 - 0x00007ff941e3d000 	C:\WINDOWS\System32\OLEAUT32.dll
0x00007ff941780000 - 0x00007ff941be8000 	C:\WINDOWS\System32\SETUPAPI.dll
0x00007ff9402c0000 - 0x00007ff94030e000 	C:\WINDOWS\System32\cfgmgr32.dll
0x00007ff940410000 - 0x00007ff940437000 	C:\WINDOWS\System32\bcrypt.dll
0x00007ff9224b0000 - 0x00007ff922877000 	C:\WINDOWS\System32\DriverStore\FileRepository\iigd_dch.inf_amd64_52ad2da9d64c0488\igdgmm64.dll
0x00007ff914420000 - 0x00007ff914462000 	C:\Users\яв \.openjfx\cache\17.0.1\glass.dll
0x00007ff941e40000 - 0x00007ff941f1a000 	C:\WINDOWS\System32\COMDLG32.dll
0x00007ff941fe0000 - 0x00007ff9420f5000 	C:\WINDOWS\System32\MSCTF.dll
0x00007ff8e7f90000 - 0x00007ff8e7fb7000 	C:\WINDOWS\System32\DriverStore\FileRepository\iigd_dch.inf_amd64_52ad2da9d64c0488\igdinfo64.dll
0x00007ff93f610000 - 0x00007ff93f628000 	C:\WINDOWS\SYSTEM32\CRYPTSP.dll
0x00007ff93ec80000 - 0x00007ff93ecb4000 	C:\WINDOWS\system32\rsaenh.dll
0x00007ff93f540000 - 0x00007ff93f54c000 	C:\WINDOWS\SYSTEM32\CRYPTBASE.dll
0x00007ff91ec90000 - 0x00007ff922242000 	C:\WINDOWS\System32\DriverStore\FileRepository\iigd_dch.inf_amd64_52ad2da9d64c0488\igc64.dll
0x00007ff938fc0000 - 0x00007ff938ffb000 	C:\WINDOWS\SYSTEM32\dxcore.dll
0x00007ff9144c0000 - 0x00007ff9144d4000 	C:\Users\яв \.openjfx\cache\17.0.1\javafx_font.dll
0x00007ff922880000 - 0x00007ff922aff000 	C:\WINDOWS\SYSTEM32\dwrite.dll
0x00007ff929f60000 - 0x00007ff92a114000 	C:\WINDOWS\SYSTEM32\WindowsCodecs.dll
0x00007ff906eb0000 - 0x00007ff906eee000 	C:\WINDOWS\system32\dataexchange.dll
0x00007ff93b5d0000 - 0x00007ff93b7b3000 	C:\WINDOWS\system32\dcomp.dll
0x00007ff93b360000 - 0x00007ff93b5c3000 	C:\WINDOWS\system32\d3d11.dll
0x00007ff93e4d0000 - 0x00007ff93e5c3000 	C:\WINDOWS\system32\dxgi.dll
0x00007ff9364b0000 - 0x00007ff9366b0000 	C:\WINDOWS\system32\twinapi.appcore.dll
0x00007ff902480000 - 0x00007ff9024b4000 	C:\Program Files\Common Files\Microsoft Shared\Ink\rtscom.dll
0x00007ff927930000 - 0x00007ff927a29000 	C:\WINDOWS\SYSTEM32\textinputframework.dll
0x00007ff93bc40000 - 0x00007ff93bf9e000 	C:\WINDOWS\System32\CoreUIComponents.dll
0x00007ff93bb40000 - 0x00007ff93bc32000 	C:\WINDOWS\System32\CoreMessaging.dll
0x00007ff93eda0000 - 0x00007ff93edd3000 	C:\WINDOWS\SYSTEM32\ntmarta.dll
0x00007ff93c430000 - 0x00007ff93c584000 	C:\WINDOWS\SYSTEM32\wintypes.dll
0x00007ff93f0b0000 - 0x00007ff93f17a000 	C:\WINDOWS\SYSTEM32\DNSAPI.dll

dbghelp: loaded successfully - version: 4.0.5 - missing functions: none
symbol engine: initialized successfully - sym options: 0x614 - pdb path: .;C:\Program Files\Java\jdk-17.0.2\bin;C:\WINDOWS\SYSTEM32;C:\WINDOWS\WinSxS\amd64_microsoft.windows.common-controls_6595b64144ccf1df_6.0.19041.1110_none_60b5254171f9507e;C:\Program Files\Java\jdk-17.0.2\bin\server;C:\Program Files\JetBrains\IntelliJ IDEA Community Edition 2021.3.2\bin;C:\Users\яв \.openjfx\cache\17.0.1;C:\WINDOWS\System32\DriverStore\FileRepository\iigd_dch.inf_amd64_52ad2da9d64c0488;C:\Program Files\Common Files\Microsoft Shared\Ink

VM Arguments:
jvm_args: -javaagent:C:\Program Files\JetBrains\IntelliJ IDEA Community Edition 2021.3.2\lib\idea_rt.jar=62053:C:\Program Files\JetBrains\IntelliJ IDEA Community Edition 2021.3.2\bin -Dfile.encoding=UTF-8 --module-path=C:\Users\яв \.m2\repository\org\openjfx\javafx-graphics\17.0.1\javafx-graphics-17.0.1-win.jar;C:\Users\яв \.m2\repository\org\openjfx\javafx-controls\17.0.1\javafx-controls-17.0.1-win.jar;C:\Users\яв \.m2\repository\org\openjfx\javafx-fxml\17.0.1\javafx-fxml-17.0.1-win.jar;C:\Users\яв \.m2\repository\org\openjfx\javafx-base\17.0.1\javafx-base-17.0.1-win.jar;D:\BD\target\classes -Djdk.module.main=com.example.bd 
java_command: com.example.bd/com.example.bd.HelloApplication
java_class_path (initial): C:\Users\яв \.m2\repository\org\openjfx\javafx-controls\17.0.1\javafx-controls-17.0.1.jar;C:\Users\яв \.m2\repository\org\openjfx\javafx-graphics\17.0.1\javafx-graphics-17.0.1.jar;C:\Users\яв \.m2\repository\org\openjfx\javafx-base\17.0.1\javafx-base-17.0.1.jar;C:\Users\яв \.m2\repository\org\openjfx\javafx-fxml\17.0.1\javafx-fxml-17.0.1.jar;D:\postgresql-42.5.1.jar
Launcher Type: SUN_STANDARD

[Global flags]
     intx CICompilerCount                          = 4                                         {product} {ergonomic}
     uint ConcGCThreads                            = 2                                         {product} {ergonomic}
     uint G1ConcRefinementThreads                  = 8                                         {product} {ergonomic}
   size_t G1HeapRegionSize                         = 2097152                                   {product} {ergonomic}
    uintx GCDrainStackTargetSize                   = 64                                        {product} {ergonomic}
   size_t InitialHeapSize                          = 266338304                                 {product} {ergonomic}
   size_t MarkStackSize                            = 4194304                                   {product} {ergonomic}
   size_t MaxHeapSize                              = 4236247040                                {product} {ergonomic}
   size_t MaxNewSize                               = 2541748224                                {product} {ergonomic}
   size_t MinHeapDeltaBytes                        = 2097152                                   {product} {ergonomic}
   size_t MinHeapSize                              = 8388608                                   {product} {ergonomic}
    uintx NonNMethodCodeHeapSize                   = 5839372                                {pd product} {ergonomic}
    uintx NonProfiledCodeHeapSize                  = 122909434                              {pd product} {ergonomic}
    uintx ProfiledCodeHeapSize                     = 122909434                              {pd product} {ergonomic}
    uintx ReservedCodeCacheSize                    = 251658240                              {pd product} {ergonomic}
     bool SegmentedCodeCache                       = true                                      {product} {ergonomic}
   size_t SoftMaxHeapSize                          = 4236247040                             {manageable} {ergonomic}
     bool UseCompressedClassPointers               = true                           {product lp64_product} {ergonomic}
     bool UseCompressedOops                        = true                           {product lp64_product} {ergonomic}
     bool UseG1GC                                  = true                                      {product} {ergonomic}
     bool UseLargePagesIndividualAllocation        = false                                  {pd product} {ergonomic}

Logging:
Log output configuration:
 #0: stdout all=off uptime,level,tags
 #1: stderr all=off uptime,level,tags

Environment Variables:
PATH=C:\Program Files\Microsoft\jdk-11.0.12.7-hotspot\bin;C:\Program Files\Common Files\Oracle\Java\javapath;C:\Program Files (x86)\Embarcadero\Studio\20.0\bin;C:\Users\Public\Documents\Embarcadero\Studio\20.0\Bpl;C:\Program Files (x86)\Embarcadero\Studio\20.0\bin64;C:\Users\Public\Documents\Embarcadero\Studio\20.0\Bpl\Win64;C:\WINDOWS\system32;C:\WINDOWS;C:\WINDOWS\System32\Wbem;C:\WINDOWS\System32\WindowsPowerShell\v1.0\;C:\WINDOWS\System32\OpenSSH\;C:\Program Files\dotnet\;C:\Program Files\Microsoft SQL Server\130\Tools\Binn\;C:\Program Files\Microsoft SQL Server\Client SDK\ODBC\170\Tools\Binn\;C:\Program Files (x86)\Windows Kits\10\Windows Performance Toolkit\;C:\Program Files\Microsoft SQL Server\120\Tools\Binn\;C:\Program Files\Docker\Docker\resources\bin;C:\ProgramData\DockerDesktop\version-bin;C:\Program Files\Git\cmd;C:\Program Files\PuTTY\;C:\Program Files\Microsoft SQL Server\150\Tools\Binn\;C:\Users\яв \AppData\Local\Programs\Python\Python310\Scripts\;C:\Users\яв \AppData\Local\Programs\Python\Python310\;C:\Users\яв \AppData\Local\Microsoft\WindowsApps;C:\Users\яв \.dotnet\tools;C:\Users\яв \AppData\Local\GitHubDesktop\bin;;C:\Users\яв \AppData\Local\Programs\Microsoft VS Code\bin;C:\Program Files\JetBrains\IntelliJ IDEA 2021.3.2\bin;;C:\Program Files\JetBrains\IntelliJ IDEA Community Edition 2021.3.2\bin;;C:\Program Files\JetBrains\PyCharm Community Edition 2021.3.2\bin;;C:\intelFPGA_lite\21.1\questa_fse\win64;C:\intelFPGA_lite\18.0\modelsim_ase\win32aloem;C:\Users\яв \AppData\Local\JetBrains\PyCharm 2022.1.1\bin;;C:\Program Files\heroku\bin
USERNAME=яв 
OS=Windows_NT
PROCESSOR_IDENTIFIER=Intel64 Family 6 Model 142 Stepping 12, GenuineIntel



---------------  S Y S T E M  ---------------

OS:
 Windows 10 , 64 bit Build 19041 (10.0.19041.2251)
OS uptime: 2 days 12:42 hours
Hyper-V role detected

CPU: total 8 (initial active 8) (4 cores per cpu, 2 threads per core) family 6 model 142 stepping 12 microcode 0xde, cx8, cmov, fxsr, ht, mmx, 3dnowpref, sse, sse2, sse3, ssse3, sse4.1, sse4.2, popcnt, lzcnt, tsc, tscinvbit, avx, avx2, aes, erms, clmul, bmi1, bmi2, adx, fma, vzeroupper, clflush, clflushopt, hv

Memory: 4k page, system-wide physical 16155M (2468M free)
TotalPageFile size 50043M (AvailPageFile size 5539M)
current process WorkingSet (physical memory assigned to process): 162M, peak: 187M
current process commit charge ("private bytes"): 412M, peak: 439M

vm_info: Java HotSpot(TM) 64-Bit Server VM (17.0.2+8-LTS-86) for windows-amd64 JRE (17.0.2+8-LTS-86), built on Dec  7 2021 21:51:03 by "mach5one" with MS VC++ 16.8 / 16.9 (VS2019)

END.
