#
# A fatal error has been detected by the Java Runtime Environment:
#
#  EXCEPTION_ACCESS_VIOLATION (0xc0000005) at pc=0x00007ff903596a87, pid=17864, tid=26396
#
# JRE version: Java(TM) SE Runtime Environment (17.0.2+8) (build 17.0.2+8-LTS-86)
# Java VM: Java HotSpot(TM) 64-Bit Server VM (17.0.2+8-LTS-86, mixed mode, sharing, tiered, compressed oops, compressed class ptrs, g1 gc, windows-amd64)
# Problematic frame:
# C  [glass.dll+0x26a87]
#
# No core dump will be written. Minidumps are not enabled by default on client versions of Windows
#
# If you would like to submit a bug report, please visit:
#   https://bugreport.java.com/bugreport/crash.jsp
#

---------------  S U M M A R Y ------------

Command Line: -javaagent:C:\Program Files\JetBrains\IntelliJ IDEA Community Edition 2021.3.2\lib\idea_rt.jar=62133:C:\Program Files\JetBrains\IntelliJ IDEA Community Edition 2021.3.2\bin -Dfile.encoding=UTF-8 --module-path=C:\Users\яв \.m2\repository\org\openjfx\javafx-graphics\17.0.1\javafx-graphics-17.0.1-win.jar;C:\Users\яв \.m2\repository\org\openjfx\javafx-controls\17.0.1\javafx-controls-17.0.1-win.jar;C:\Users\яв \.m2\repository\org\openjfx\javafx-fxml\17.0.1\javafx-fxml-17.0.1-win.jar;C:\Users\яв \.m2\repository\org\openjfx\javafx-base\17.0.1\javafx-base-17.0.1-win.jar;D:\BD\target\classes -Djdk.module.main=com.example.bd com.example.bd/com.example.bd.HelloApplication

Host: Intel(R) Core(TM) i5-8265U CPU @ 1.60GHz, 8 cores, 15G,  Windows 10 , 64 bit Build 19041 (10.0.19041.2251)
Time: Tue Dec 13 21:50:44 2022  Windows 10 , 64 bit Build 19041 (10.0.19041.2251) elapsed time: 158.871165 seconds (0d 0h 2m 38s)

---------------  T H R E A D  ---------------

Current thread (0x0000018e347c2e40):  VMThread "VM Thread" [stack: 0x0000004a6c200000,0x0000004a6c300000] [id=26396]

Stack: [0x0000004a6c200000,0x0000004a6c300000],  sp=0x0000004a6c2ff150,  free space=1020k
Native frames: (J=compiled Java code, j=interpreted, Vv=VM code, C=native code)
C  [glass.dll+0x26a87]


siginfo: EXCEPTION_ACCESS_VIOLATION (0xc0000005), reading address 0x0000000000000000


Register to memory mapping:

RIP=0x00007ff903596a87 glass.dll
RAX=0x0 is NULL
RBX=0x0000018e347d6468 is a global jni handle
RCX=0x0000018e347c2e40 points into unknown readable memory: 0x00007ff8a56be890 | 90 e8 6b a5 f8 7f 00 00
RDX=0x0000004a6c2ff150 points into unknown readable memory: 0x0000000000000000 | 00 00 00 00 00 00 00 00
RSP=0x0000004a6c2ff150 points into unknown readable memory: 0x0000000000000000 | 00 00 00 00 00 00 00 00
RBP=0x0000018e35c12b88 points into unknown readable memory: 0x00004a1ee4c2a345 | 45 a3 c2 e4 1e 4a 00 00
RSI=0x0000018e35c12b60 points into unknown readable memory: 0x000fb53e8fe56ec5 | c5 6e e5 8f 3e b5 0f 00
RDI=0x00004a1ee4c2a345 is an unknown value
R8 =0x0000000000010002 is an unknown value
R9 =0x00004a1ee4c2a345 is an unknown value
R10=0x0000000000008000 is an unknown value
R11=0x0000004a6c2ff0e0 points into unknown readable memory: 0x0000018e35c12b60 | 60 2b c1 35 8e 01 00 00
R12=0x00007ff903594354 glass.dll
R13=0x00007ff8a58649d0 jvm.dll
R14=0x0000004a6c2ff248 points into unknown readable memory: 0x0000004a6c2ff230 | 30 f2 2f 6c 4a 00 00 00
R15=0x0000018e35c12b60 points into unknown readable memory: 0x000fb53e8fe56ec5 | c5 6e e5 8f 3e b5 0f 00


Registers:
RAX=0x0000000000000000, RBX=0x0000018e347d6468, RCX=0x0000018e347c2e40, RDX=0x0000004a6c2ff150
RSP=0x0000004a6c2ff150, RBP=0x0000018e35c12b88, RSI=0x0000018e35c12b60, RDI=0x00004a1ee4c2a345
R8 =0x0000000000010002, R9 =0x00004a1ee4c2a345, R10=0x0000000000008000, R11=0x0000004a6c2ff0e0
R12=0x00007ff903594354, R13=0x00007ff8a58649d0, R14=0x0000004a6c2ff248, R15=0x0000018e35c12b60
RIP=0x00007ff903596a87, EFLAGS=0x0000000000010206

Top of Stack: (sp=0x0000004a6c2ff150)
0x0000004a6c2ff150:   0000000000000000 0000018e35c12b60
0x0000004a6c2ff160:   00007ff8a58649d0 00007ff903594354
0x0000004a6c2ff170:   0000018e35c12b68 00007ff9401d42d6
0x0000004a6c2ff180:   00004a1ee4c2a345 0000018e00000000
0x0000004a6c2ff190:   0000018e35c12b88 0000018e35c12b60
0x0000004a6c2ff1a0:   fffffffffffffffe 0000000000000000
0x0000004a6c2ff1b0:   0000000000000001 00007ff903570000
0x0000004a6c2ff1c0:   0000004a6c2ff238 00007ff9401d41fb
0x0000004a6c2ff1d0:   0000000000000000 0000004a6c2ff248
0x0000004a6c2ff1e0:   0000004a6c2ff510 00007ff9402b0e40
0x0000004a6c2ff1f0:   0000000000000001 00007ff9401d41b4
0x0000004a6c2ff200:   0000000000000000 0000000000000001
0x0000004a6c2ff210:   00007ff800000001 0000004a6c2ff238
0x0000004a6c2ff220:   0000000000000000 00007ff9035941e1
0x0000004a6c2ff230:   00007ff9035aa138 00007ff900000002
0x0000004a6c2ff240:   0000000000000002 0000004a6c2ff230 

Instructions: (pc=0x00007ff903596a87)
0x00007ff903596987:   8b 4d 58 e8 01 cf ff ff 48 8b 4d 60 e8 f8 ce ff
0x00007ff903596997:   ff 48 8b 95 80 00 00 00 48 8b 8d 18 01 00 00 e8
0x00007ff9035969a7:   c6 c3 ff ff 33 d2 33 c9 e8 3c e1 ff ff 90 48 89
0x00007ff9035969b7:   54 24 10 55 48 83 ec 20 48 8b ea 48 b8 00 00 00
0x00007ff9035969c7:   00 00 00 00 00 48 83 c4 20 5d c3 cc 40 55 48 8b
0x00007ff9035969d7:   ea 48 8b 01 33 c9 81 38 05 00 00 c0 0f 94 c1 8b
0x00007ff9035969e7:   c1 5d c3 cc 40 55 48 83 ec 20 48 8b ea 8a 4d 40
0x00007ff9035969f7:   48 83 c4 20 5d e9 f7 d2 ff ff cc 40 55 48 83 ec
0x00007ff903596a07:   20 48 8b ea 8a 4d 20 e8 e5 d2 ff ff 90 48 83 c4
0x00007ff903596a17:   20 5d c3 cc 40 55 48 83 ec 20 48 8b ea 48 83 c4
0x00007ff903596a27:   20 5d e9 46 d1 ff ff cc 40 55 48 83 ec 30 48 8b
0x00007ff903596a37:   ea 48 8b 01 8b 10 48 89 4c 24 28 89 54 24 20 4c
0x00007ff903596a47:   8d 0d e7 d5 ff ff 4c 8b 45 70 8b 55 68 48 8b 4d
0x00007ff903596a57:   60 e8 87 d0 ff ff 90 48 83 c4 30 5d c3 cc cc cc
0x00007ff903596a67:   cc cc cc cc cc cc cc cc cc 40 53 48 83 ec 20 48
0x00007ff903596a77:   8b 1d b3 30 01 00 48 85 db 74 16 e8 09 8b ff ff
0x00007ff903596a87:   4c 8b 00 48 8b d3 48 8b c8 41 ff 90 b0 00 00 00
0x00007ff903596a97:   90 48 83 c4 20 5b c3 cc cc 40 53 48 83 ec 20 48
0x00007ff903596aa7:   8b 1d 2b 32 01 00 48 85 db 74 57 b8 ff ff ff ff
0x00007ff903596ab7:   f0 0f c1 43 10 83 f8 01 75 3d 48 85 db 74 38 48
0x00007ff903596ac7:   8b 0b 48 85 c9 74 0d ff 15 d4 07 00 00 48 c7 03
0x00007ff903596ad7:   00 00 00 00 48 8b 4b 08 48 85 c9 74 0d e8 a7 cd
0x00007ff903596ae7:   ff ff 48 c7 43 08 00 00 00 00 ba 18 00 00 00 48
0x00007ff903596af7:   8b cb e8 92 cd ff ff 48 c7 05 cf 31 01 00 00 00
0x00007ff903596b07:   00 00 48 83 c4 20 5b c3 cc 40 53 48 83 ec 20 48
0x00007ff903596b17:   8b 1d 9b 31 01 00 48 85 db 74 57 b8 ff ff ff ff
0x00007ff903596b27:   f0 0f c1 43 10 83 f8 01 75 3d 48 85 db 74 38 48
0x00007ff903596b37:   8b 0b 48 85 c9 74 0d ff 15 64 07 00 00 48 c7 03
0x00007ff903596b47:   00 00 00 00 48 8b 4b 08 48 85 c9 74 0d e8 37 cd
0x00007ff903596b57:   ff ff 48 c7 43 08 00 00 00 00 ba 18 00 00 00 48
0x00007ff903596b67:   8b cb e8 22 cd ff ff 48 c7 05 3f 31 01 00 00 00
0x00007ff903596b77:   00 00 48 83 c4 20 5b c3 cc 40 53 48 83 ec 20 48 


Stack slot to memory mapping:
stack at sp + 0 slots: 0x0 is NULL
stack at sp + 1 slots: 0x0000018e35c12b60 points into unknown readable memory: 0x000fb53e8fe56ec5 | c5 6e e5 8f 3e b5 0f 00
stack at sp + 2 slots: 0x00007ff8a58649d0 jvm.dll
stack at sp + 3 slots: 0x00007ff903594354 glass.dll
stack at sp + 4 slots: 0x0000018e35c12b68 points into unknown readable memory: 0x00004a1ee4c2a345 | 45 a3 c2 e4 1e 4a 00 00
stack at sp + 5 slots: 0x00007ff9401d42d6 ucrtbase.dll
stack at sp + 6 slots: 0x00004a1ee4c2a345 is an unknown value
stack at sp + 7 slots: 0x0000018e00000000 is an unknown value

VM_Operation (0x0000004a6b9fef90): Exit, mode: safepoint, requested by thread 0x0000018e36c9e030


---------------  P R O C E S S  ---------------

Threads class SMR info:
_java_thread_list=0x0000018e35237810, length=21, elements={
0x0000018e11bc7540, 0x0000018e347c6a30, 0x0000018e347c80b0, 0x0000018e347deb10,
0x0000018e347e14e0, 0x0000018e347e1e90, 0x0000018e347e2840, 0x0000018e347e8ae0,
0x0000018e35118140, 0x0000018e35118b30, 0x0000018e351fb9d0, 0x0000018e35c19210,
0x0000018e35b764b0, 0x0000018e35d08540, 0x0000018e35b6a7a0, 0x0000018e35de6900,
0x0000018e3659eae0, 0x0000018e3658aae0, 0x0000018e36ac0bc0, 0x0000018e36c9d690,
0x0000018e36c9e030
}

Java Threads: ( => current thread )
  0x0000018e11bc7540 JavaThread "main" [_thread_blocked, id=24172, stack(0x0000004a6bc00000,0x0000004a6bd00000)]
  0x0000018e347c6a30 JavaThread "Reference Handler" daemon [_thread_blocked, id=31204, stack(0x0000004a6c300000,0x0000004a6c400000)]
  0x0000018e347c80b0 JavaThread "Finalizer" daemon [_thread_blocked, id=28724, stack(0x0000004a6c400000,0x0000004a6c500000)]
  0x0000018e347deb10 JavaThread "Signal Dispatcher" daemon [_thread_blocked, id=12680, stack(0x0000004a6c500000,0x0000004a6c600000)]
  0x0000018e347e14e0 JavaThread "Attach Listener" daemon [_thread_blocked, id=24252, stack(0x0000004a6c600000,0x0000004a6c700000)]
  0x0000018e347e1e90 JavaThread "Service Thread" daemon [_thread_blocked, id=32204, stack(0x0000004a6c700000,0x0000004a6c800000)]
  0x0000018e347e2840 JavaThread "Monitor Deflation Thread" daemon [_thread_blocked, id=14308, stack(0x0000004a6c800000,0x0000004a6c900000)]
  0x0000018e347e8ae0 JavaThread "C2 CompilerThread0" daemon [_thread_blocked, id=34676, stack(0x0000004a6c900000,0x0000004a6ca00000)]
  0x0000018e35118140 JavaThread "C1 CompilerThread0" daemon [_thread_blocked, id=30088, stack(0x0000004a6ca00000,0x0000004a6cb00000)]
  0x0000018e35118b30 JavaThread "Sweeper thread" daemon [_thread_blocked, id=12524, stack(0x0000004a6cb00000,0x0000004a6cc00000)]
  0x0000018e351fb9d0 JavaThread "Common-Cleaner" daemon [_thread_blocked, id=32260, stack(0x0000004a6cc00000,0x0000004a6cd00000)]
  0x0000018e35c19210 JavaThread "Monitor Ctrl-Break" daemon [_thread_in_native, id=6976, stack(0x0000004a6cf00000,0x0000004a6d000000)]
  0x0000018e35b764b0 JavaThread "Notification Thread" daemon [_thread_blocked, id=5688, stack(0x0000004a6d000000,0x0000004a6d100000)]
  0x0000018e35d08540 JavaThread "QuantumRenderer-0" daemon [_thread_blocked, id=21252, stack(0x0000004a6ce00000,0x0000004a6cf00000)]
  0x0000018e35b6a7a0 JavaThread "InvokeLaterDispatcher" daemon [_thread_blocked, id=29336, stack(0x0000004a6d200000,0x0000004a6d300000)]
  0x0000018e35de6900 JavaThread "JavaFX Application Thread" [_thread_in_native, id=12292, stack(0x0000004a6d300000,0x0000004a6d400000)]
  0x0000018e3659eae0 JavaThread "Thread-1" daemon [_thread_in_native, id=152, stack(0x0000004a6cd00000,0x0000004a6ce00000)]
  0x0000018e3658aae0 JavaThread "JavaFX-Launcher" [_thread_blocked, id=21380, stack(0x0000004a6d700000,0x0000004a6d800000)]
  0x0000018e36ac0bc0 JavaThread "Prism Font Disposer" daemon [_thread_blocked, id=28840, stack(0x0000004a6e400000,0x0000004a6e500000)]
  0x0000018e36c9d690 JavaThread "Cleaner-0" daemon [_thread_blocked, id=32184, stack(0x0000004a6df00000,0x0000004a6e000000)]
  0x0000018e36c9e030 JavaThread "SIGINT handler" daemon [_thread_blocked, id=34320, stack(0x0000004a6b900000,0x0000004a6ba00000)]

Other Threads:
=>0x0000018e347c2e40 VMThread "VM Thread" [stack: 0x0000004a6c200000,0x0000004a6c300000] [id=26396]
  0x0000018e0f96e770 GCTaskThread "GC Thread#0" [stack: 0x0000004a6bd00000,0x0000004a6be00000] [id=636]
  0x0000018e3659aef0 GCTaskThread "GC Thread#1" [stack: 0x0000004a6d800000,0x0000004a6d900000] [id=34280]
  0x0000018e36281e30 GCTaskThread "GC Thread#2" [stack: 0x0000004a6d900000,0x0000004a6da00000] [id=30884]
  0x0000018e365b7270 GCTaskThread "GC Thread#3" [stack: 0x0000004a6da00000,0x0000004a6db00000] [id=27932]
  0x0000018e365a3800 GCTaskThread "GC Thread#4" [stack: 0x0000004a6db00000,0x0000004a6dc00000] [id=33636]
  0x0000018e36902e90 GCTaskThread "GC Thread#5" [stack: 0x0000004a6dc00000,0x0000004a6dd00000] [id=31984]
  0x0000018e36903140 GCTaskThread "GC Thread#6" [stack: 0x0000004a6dd00000,0x0000004a6de00000] [id=30708]
  0x0000018e36902120 GCTaskThread "GC Thread#7" [stack: 0x0000004a6de00000,0x0000004a6df00000] [id=5164]
  0x0000018e11c22300 ConcurrentGCThread "G1 Main Marker" terminated
  0x0000018e11c244c0 ConcurrentGCThread "G1 Conc#0" [stack: 0x0000004a6bf00000,0x0000004a6c000000] [id=12760]
  0x0000018e11c9d920 ConcurrentGCThread "G1 Refine#0" terminated
  0x0000018e11c9e340 ConcurrentGCThread "G1 Service" terminated

Threads with active compile tasks:

VM state: at safepoint (shutting down)

VM Mutex/Monitor currently owned by a thread:  ([mutex/lock_event])
[0x0000018e11bc40f0] Threads_lock - owner thread: 0x0000018e347c2e40
[0x0000018e11bc3400] Heap_lock - owner thread: 0x0000018e36c9e030

Heap address: 0x0000000703800000, size: 4040 MB, Compressed Oops mode: Zero based, Oop shift amount: 3

CDS archive(s) mapped at: [0x0000000800000000-0x0000000800bc0000-0x0000000800bc0000), size 12320768, SharedBaseAddress: 0x0000000800000000, ArchiveRelocationMode: 0.
Compressed class space mapped at: 0x0000000800c00000-0x0000000840c00000, reserved size: 1073741824
Narrow klass base: 0x0000000800000000, Narrow klass shift: 0, Narrow klass range: 0x100000000

GC Precious Log:
 CPUs: 8 total, 8 available
 Memory: 16155M
 Large Page Support: Disabled
 NUMA Support: Disabled
 Compressed Oops: Enabled (Zero based)
 Heap Region Size: 2M
 Heap Min Capacity: 8M
 Heap Initial Capacity: 254M
 Heap Max Capacity: 4040M
 Pre-touch: Disabled
 Parallel Workers: 8
 Concurrent Workers: 2
 Concurrent Refinement Workers: 8
 Periodic GC: Disabled

Heap:
 garbage-first heap   total 260096K, used 31930K [0x0000000703800000, 0x0000000800000000)
  region size 2048K, 15 young (30720K), 3 survivors (6144K)
 Metaspace       used 18621K, committed 18880K, reserved 1064960K
  class space    used 2510K, committed 2624K, reserved 1048576K

Heap Regions: E=young(eden), S=young(survivor), O=old, HS=humongous(starts), HC=humongous(continues), CS=collection set, F=free, OA=open archive, CA=closed archive, TAMS=top-at-mark-start (previous, next)
|   0|0x0000000703800000, 0x0000000703a00000, 0x0000000703a00000|100%| O|  |TAMS 0x0000000703800000, 0x0000000703800000| Untracked 
|   1|0x0000000703a00000, 0x0000000703b0b400, 0x0000000703c00000| 52%| O|  |TAMS 0x0000000703a00000, 0x0000000703a00000| Untracked 
|   2|0x0000000703c00000, 0x0000000703e00000, 0x0000000703e00000|100%|HS|  |TAMS 0x0000000703c00000, 0x0000000703c00000| Complete 
|   3|0x0000000703e00000, 0x0000000703e00000, 0x0000000704000000|  0%| F|  |TAMS 0x0000000703e00000, 0x0000000703e00000| Untracked 
|   4|0x0000000704000000, 0x0000000704000000, 0x0000000704200000|  0%| F|  |TAMS 0x0000000704000000, 0x0000000704000000| Untracked 
|   5|0x0000000704200000, 0x0000000704200000, 0x0000000704400000|  0%| F|  |TAMS 0x0000000704200000, 0x0000000704200000| Untracked 
|   6|0x0000000704400000, 0x0000000704400000, 0x0000000704600000|  0%| F|  |TAMS 0x0000000704400000, 0x0000000704400000| Untracked 
|   7|0x0000000704600000, 0x0000000704600000, 0x0000000704800000|  0%| F|  |TAMS 0x0000000704600000, 0x0000000704600000| Untracked 
|   8|0x0000000704800000, 0x0000000704800000, 0x0000000704a00000|  0%| F|  |TAMS 0x0000000704800000, 0x0000000704800000| Untracked 
|   9|0x0000000704a00000, 0x0000000704a00000, 0x0000000704c00000|  0%| F|  |TAMS 0x0000000704a00000, 0x0000000704a00000| Untracked 
|  10|0x0000000704c00000, 0x0000000704c00000, 0x0000000704e00000|  0%| F|  |TAMS 0x0000000704c00000, 0x0000000704c00000| Untracked 
|  11|0x0000000704e00000, 0x0000000704e00000, 0x0000000705000000|  0%| F|  |TAMS 0x0000000704e00000, 0x0000000704e00000| Untracked 
|  12|0x0000000705000000, 0x0000000705000000, 0x0000000705200000|  0%| F|  |TAMS 0x0000000705000000, 0x0000000705000000| Untracked 
|  13|0x0000000705200000, 0x0000000705200000, 0x0000000705400000|  0%| F|  |TAMS 0x0000000705200000, 0x0000000705200000| Untracked 
|  14|0x0000000705400000, 0x0000000705400000, 0x0000000705600000|  0%| F|  |TAMS 0x0000000705400000, 0x0000000705400000| Untracked 
|  15|0x0000000705600000, 0x0000000705600000, 0x0000000705800000|  0%| F|  |TAMS 0x0000000705600000, 0x0000000705600000| Untracked 
|  16|0x0000000705800000, 0x0000000705800000, 0x0000000705a00000|  0%| F|  |TAMS 0x0000000705800000, 0x0000000705800000| Untracked 
|  17|0x0000000705a00000, 0x0000000705a00000, 0x0000000705c00000|  0%| F|  |TAMS 0x0000000705a00000, 0x0000000705a00000| Untracked 
|  18|0x0000000705c00000, 0x0000000705c00000, 0x0000000705e00000|  0%| F|  |TAMS 0x0000000705c00000, 0x0000000705c00000| Untracked 
|  19|0x0000000705e00000, 0x0000000705e00000, 0x0000000706000000|  0%| F|  |TAMS 0x0000000705e00000, 0x0000000705e00000| Untracked 
|  20|0x0000000706000000, 0x0000000706000000, 0x0000000706200000|  0%| F|  |TAMS 0x0000000706000000, 0x0000000706000000| Untracked 
|  21|0x0000000706200000, 0x0000000706200000, 0x0000000706400000|  0%| F|  |TAMS 0x0000000706200000, 0x0000000706200000| Untracked 
|  22|0x0000000706400000, 0x0000000706400000, 0x0000000706600000|  0%| F|  |TAMS 0x0000000706400000, 0x0000000706400000| Untracked 
|  23|0x0000000706600000, 0x0000000706600000, 0x0000000706800000|  0%| F|  |TAMS 0x0000000706600000, 0x0000000706600000| Untracked 
|  24|0x0000000706800000, 0x0000000706800000, 0x0000000706a00000|  0%| F|  |TAMS 0x0000000706800000, 0x0000000706800000| Untracked 
|  25|0x0000000706a00000, 0x0000000706a00000, 0x0000000706c00000|  0%| F|  |TAMS 0x0000000706a00000, 0x0000000706a00000| Untracked 
|  26|0x0000000706c00000, 0x0000000706c00000, 0x0000000706e00000|  0%| F|  |TAMS 0x0000000706c00000, 0x0000000706c00000| Untracked 
|  27|0x0000000706e00000, 0x0000000706e00000, 0x0000000707000000|  0%| F|  |TAMS 0x0000000706e00000, 0x0000000706e00000| Untracked 
|  28|0x0000000707000000, 0x0000000707000000, 0x0000000707200000|  0%| F|  |TAMS 0x0000000707000000, 0x0000000707000000| Untracked 
|  29|0x0000000707200000, 0x0000000707200000, 0x0000000707400000|  0%| F|  |TAMS 0x0000000707200000, 0x0000000707200000| Untracked 
|  30|0x0000000707400000, 0x0000000707400000, 0x0000000707600000|  0%| F|  |TAMS 0x0000000707400000, 0x0000000707400000| Untracked 
|  31|0x0000000707600000, 0x0000000707600000, 0x0000000707800000|  0%| F|  |TAMS 0x0000000707600000, 0x0000000707600000| Untracked 
|  32|0x0000000707800000, 0x0000000707800000, 0x0000000707a00000|  0%| F|  |TAMS 0x0000000707800000, 0x0000000707800000| Untracked 
|  33|0x0000000707a00000, 0x0000000707a00000, 0x0000000707c00000|  0%| F|  |TAMS 0x0000000707a00000, 0x0000000707a00000| Untracked 
|  34|0x0000000707c00000, 0x0000000707c00000, 0x0000000707e00000|  0%| F|  |TAMS 0x0000000707c00000, 0x0000000707c00000| Untracked 
|  35|0x0000000707e00000, 0x0000000707e00000, 0x0000000708000000|  0%| F|  |TAMS 0x0000000707e00000, 0x0000000707e00000| Untracked 
|  36|0x0000000708000000, 0x0000000708000000, 0x0000000708200000|  0%| F|  |TAMS 0x0000000708000000, 0x0000000708000000| Untracked 
|  37|0x0000000708200000, 0x0000000708200000, 0x0000000708400000|  0%| F|  |TAMS 0x0000000708200000, 0x0000000708200000| Untracked 
|  38|0x0000000708400000, 0x0000000708400000, 0x0000000708600000|  0%| F|  |TAMS 0x0000000708400000, 0x0000000708400000| Untracked 
|  39|0x0000000708600000, 0x0000000708600000, 0x0000000708800000|  0%| F|  |TAMS 0x0000000708600000, 0x0000000708600000| Untracked 
|  40|0x0000000708800000, 0x0000000708800000, 0x0000000708a00000|  0%| F|  |TAMS 0x0000000708800000, 0x0000000708800000| Untracked 
|  41|0x0000000708a00000, 0x0000000708a00000, 0x0000000708c00000|  0%| F|  |TAMS 0x0000000708a00000, 0x0000000708a00000| Untracked 
|  42|0x0000000708c00000, 0x0000000708c00000, 0x0000000708e00000|  0%| F|  |TAMS 0x0000000708c00000, 0x0000000708c00000| Untracked 
|  43|0x0000000708e00000, 0x0000000708e00000, 0x0000000709000000|  0%| F|  |TAMS 0x0000000708e00000, 0x0000000708e00000| Untracked 
|  44|0x0000000709000000, 0x0000000709000000, 0x0000000709200000|  0%| F|  |TAMS 0x0000000709000000, 0x0000000709000000| Untracked 
|  45|0x0000000709200000, 0x0000000709200000, 0x0000000709400000|  0%| F|  |TAMS 0x0000000709200000, 0x0000000709200000| Untracked 
|  46|0x0000000709400000, 0x0000000709400000, 0x0000000709600000|  0%| F|  |TAMS 0x0000000709400000, 0x0000000709400000| Untracked 
|  47|0x0000000709600000, 0x0000000709600000, 0x0000000709800000|  0%| F|  |TAMS 0x0000000709600000, 0x0000000709600000| Untracked 
|  48|0x0000000709800000, 0x0000000709800000, 0x0000000709a00000|  0%| F|  |TAMS 0x0000000709800000, 0x0000000709800000| Untracked 
|  49|0x0000000709a00000, 0x0000000709a00000, 0x0000000709c00000|  0%| F|  |TAMS 0x0000000709a00000, 0x0000000709a00000| Untracked 
|  50|0x0000000709c00000, 0x0000000709c00000, 0x0000000709e00000|  0%| F|  |TAMS 0x0000000709c00000, 0x0000000709c00000| Untracked 
|  51|0x0000000709e00000, 0x0000000709e00000, 0x000000070a000000|  0%| F|  |TAMS 0x0000000709e00000, 0x0000000709e00000| Untracked 
|  52|0x000000070a000000, 0x000000070a000000, 0x000000070a200000|  0%| F|  |TAMS 0x000000070a000000, 0x000000070a000000| Untracked 
|  53|0x000000070a200000, 0x000000070a200000, 0x000000070a400000|  0%| F|  |TAMS 0x000000070a200000, 0x000000070a200000| Untracked 
|  54|0x000000070a400000, 0x000000070a400000, 0x000000070a600000|  0%| F|  |TAMS 0x000000070a400000, 0x000000070a400000| Untracked 
|  55|0x000000070a600000, 0x000000070a600000, 0x000000070a800000|  0%| F|  |TAMS 0x000000070a600000, 0x000000070a600000| Untracked 
|  56|0x000000070a800000, 0x000000070a800000, 0x000000070aa00000|  0%| F|  |TAMS 0x000000070a800000, 0x000000070a800000| Untracked 
|  57|0x000000070aa00000, 0x000000070aa00000, 0x000000070ac00000|  0%| F|  |TAMS 0x000000070aa00000, 0x000000070aa00000| Untracked 
|  58|0x000000070ac00000, 0x000000070ac00000, 0x000000070ae00000|  0%| F|  |TAMS 0x000000070ac00000, 0x000000070ac00000| Untracked 
|  59|0x000000070ae00000, 0x000000070ae00000, 0x000000070b000000|  0%| F|  |TAMS 0x000000070ae00000, 0x000000070ae00000| Untracked 
|  60|0x000000070b000000, 0x000000070b000000, 0x000000070b200000|  0%| F|  |TAMS 0x000000070b000000, 0x000000070b000000| Untracked 
|  61|0x000000070b200000, 0x000000070b200000, 0x000000070b400000|  0%| F|  |TAMS 0x000000070b200000, 0x000000070b200000| Untracked 
|  62|0x000000070b400000, 0x000000070b400000, 0x000000070b600000|  0%| F|  |TAMS 0x000000070b400000, 0x000000070b400000| Untracked 
|  63|0x000000070b600000, 0x000000070b600000, 0x000000070b800000|  0%| F|  |TAMS 0x000000070b600000, 0x000000070b600000| Untracked 
|  64|0x000000070b800000, 0x000000070b800000, 0x000000070ba00000|  0%| F|  |TAMS 0x000000070b800000, 0x000000070b800000| Untracked 
|  65|0x000000070ba00000, 0x000000070ba00000, 0x000000070bc00000|  0%| F|  |TAMS 0x000000070ba00000, 0x000000070ba00000| Untracked 
|  66|0x000000070bc00000, 0x000000070bc00000, 0x000000070be00000|  0%| F|  |TAMS 0x000000070bc00000, 0x000000070bc00000| Untracked 
|  67|0x000000070be00000, 0x000000070be00000, 0x000000070c000000|  0%| F|  |TAMS 0x000000070be00000, 0x000000070be00000| Untracked 
|  68|0x000000070c000000, 0x000000070c000000, 0x000000070c200000|  0%| F|  |TAMS 0x000000070c000000, 0x000000070c000000| Untracked 
|  69|0x000000070c200000, 0x000000070c200000, 0x000000070c400000|  0%| F|  |TAMS 0x000000070c200000, 0x000000070c200000| Untracked 
|  70|0x000000070c400000, 0x000000070c400000, 0x000000070c600000|  0%| F|  |TAMS 0x000000070c400000, 0x000000070c400000| Untracked 
|  71|0x000000070c600000, 0x000000070c600000, 0x000000070c800000|  0%| F|  |TAMS 0x000000070c600000, 0x000000070c600000| Untracked 
|  72|0x000000070c800000, 0x000000070c800000, 0x000000070ca00000|  0%| F|  |TAMS 0x000000070c800000, 0x000000070c800000| Untracked 
|  73|0x000000070ca00000, 0x000000070ca00000, 0x000000070cc00000|  0%| F|  |TAMS 0x000000070ca00000, 0x000000070ca00000| Untracked 
|  74|0x000000070cc00000, 0x000000070cc00000, 0x000000070ce00000|  0%| F|  |TAMS 0x000000070cc00000, 0x000000070cc00000| Untracked 
|  75|0x000000070ce00000, 0x000000070ce00000, 0x000000070d000000|  0%| F|  |TAMS 0x000000070ce00000, 0x000000070ce00000| Untracked 
|  76|0x000000070d000000, 0x000000070d000000, 0x000000070d200000|  0%| F|  |TAMS 0x000000070d000000, 0x000000070d000000| Untracked 
|  77|0x000000070d200000, 0x000000070d200000, 0x000000070d400000|  0%| F|  |TAMS 0x000000070d200000, 0x000000070d200000| Untracked 
|  78|0x000000070d400000, 0x000000070d400000, 0x000000070d600000|  0%| F|  |TAMS 0x000000070d400000, 0x000000070d400000| Untracked 
|  79|0x000000070d600000, 0x000000070d600000, 0x000000070d800000|  0%| F|  |TAMS 0x000000070d600000, 0x000000070d600000| Untracked 
|  80|0x000000070d800000, 0x000000070d800000, 0x000000070da00000|  0%| F|  |TAMS 0x000000070d800000, 0x000000070d800000| Untracked 
|  81|0x000000070da00000, 0x000000070da00000, 0x000000070dc00000|  0%| F|  |TAMS 0x000000070da00000, 0x000000070da00000| Untracked 
|  82|0x000000070dc00000, 0x000000070dc00000, 0x000000070de00000|  0%| F|  |TAMS 0x000000070dc00000, 0x000000070dc00000| Untracked 
|  83|0x000000070de00000, 0x000000070de00000, 0x000000070e000000|  0%| F|  |TAMS 0x000000070de00000, 0x000000070de00000| Untracked 
|  84|0x000000070e000000, 0x000000070e000000, 0x000000070e200000|  0%| F|  |TAMS 0x000000070e000000, 0x000000070e000000| Untracked 
|  85|0x000000070e200000, 0x000000070e200000, 0x000000070e400000|  0%| F|  |TAMS 0x000000070e200000, 0x000000070e200000| Untracked 
|  86|0x000000070e400000, 0x000000070e400000, 0x000000070e600000|  0%| F|  |TAMS 0x000000070e400000, 0x000000070e400000| Untracked 
|  87|0x000000070e600000, 0x000000070e600000, 0x000000070e800000|  0%| F|  |TAMS 0x000000070e600000, 0x000000070e600000| Untracked 
|  88|0x000000070e800000, 0x000000070e800000, 0x000000070ea00000|  0%| F|  |TAMS 0x000000070e800000, 0x000000070e800000| Untracked 
|  89|0x000000070ea00000, 0x000000070ea00000, 0x000000070ec00000|  0%| F|  |TAMS 0x000000070ea00000, 0x000000070ea00000| Untracked 
|  90|0x000000070ec00000, 0x000000070ec00000, 0x000000070ee00000|  0%| F|  |TAMS 0x000000070ec00000, 0x000000070ec00000| Untracked 
|  91|0x000000070ee00000, 0x000000070ee00000, 0x000000070f000000|  0%| F|  |TAMS 0x000000070ee00000, 0x000000070ee00000| Untracked 
|  92|0x000000070f000000, 0x000000070f000000, 0x000000070f200000|  0%| F|  |TAMS 0x000000070f000000, 0x000000070f000000| Untracked 
|  93|0x000000070f200000, 0x000000070f200000, 0x000000070f400000|  0%| F|  |TAMS 0x000000070f200000, 0x000000070f200000| Untracked 
|  94|0x000000070f400000, 0x000000070f400000, 0x000000070f600000|  0%| F|  |TAMS 0x000000070f400000, 0x000000070f400000| Untracked 
|  95|0x000000070f600000, 0x000000070f600000, 0x000000070f800000|  0%| F|  |TAMS 0x000000070f600000, 0x000000070f600000| Untracked 
|  96|0x000000070f800000, 0x000000070f800000, 0x000000070fa00000|  0%| F|  |TAMS 0x000000070f800000, 0x000000070f800000| Untracked 
|  97|0x000000070fa00000, 0x000000070fa00000, 0x000000070fc00000|  0%| F|  |TAMS 0x000000070fa00000, 0x000000070fa00000| Untracked 
|  98|0x000000070fc00000, 0x000000070fc00000, 0x000000070fe00000|  0%| F|  |TAMS 0x000000070fc00000, 0x000000070fc00000| Untracked 
|  99|0x000000070fe00000, 0x000000070fe00000, 0x0000000710000000|  0%| F|  |TAMS 0x000000070fe00000, 0x000000070fe00000| Untracked 
| 100|0x0000000710000000, 0x0000000710000000, 0x0000000710200000|  0%| F|  |TAMS 0x0000000710000000, 0x0000000710000000| Untracked 
| 101|0x0000000710200000, 0x0000000710200000, 0x0000000710400000|  0%| F|  |TAMS 0x0000000710200000, 0x0000000710200000| Untracked 
| 102|0x0000000710400000, 0x0000000710400000, 0x0000000710600000|  0%| F|  |TAMS 0x0000000710400000, 0x0000000710400000| Untracked 
| 103|0x0000000710600000, 0x0000000710600000, 0x0000000710800000|  0%| F|  |TAMS 0x0000000710600000, 0x0000000710600000| Untracked 
| 104|0x0000000710800000, 0x0000000710800000, 0x0000000710a00000|  0%| F|  |TAMS 0x0000000710800000, 0x0000000710800000| Untracked 
| 105|0x0000000710a00000, 0x0000000710a00000, 0x0000000710c00000|  0%| F|  |TAMS 0x0000000710a00000, 0x0000000710a00000| Untracked 
| 106|0x0000000710c00000, 0x0000000710c23650, 0x0000000710e00000|  6%| S|CS|TAMS 0x0000000710c00000, 0x0000000710c00000| Complete 
| 107|0x0000000710e00000, 0x0000000711000000, 0x0000000711000000|100%| S|CS|TAMS 0x0000000710e00000, 0x0000000710e00000| Complete 
| 108|0x0000000711000000, 0x0000000711200000, 0x0000000711200000|100%| S|CS|TAMS 0x0000000711000000, 0x0000000711000000| Complete 
| 109|0x0000000711200000, 0x0000000711200000, 0x0000000711400000|  0%| F|  |TAMS 0x0000000711200000, 0x0000000711200000| Untracked 
| 110|0x0000000711400000, 0x0000000711400000, 0x0000000711600000|  0%| F|  |TAMS 0x0000000711400000, 0x0000000711400000| Untracked 
| 111|0x0000000711600000, 0x0000000711600000, 0x0000000711800000|  0%| F|  |TAMS 0x0000000711600000, 0x0000000711600000| Untracked 
| 112|0x0000000711800000, 0x0000000711800000, 0x0000000711a00000|  0%| F|  |TAMS 0x0000000711800000, 0x0000000711800000| Untracked 
| 113|0x0000000711a00000, 0x0000000711a00000, 0x0000000711c00000|  0%| F|  |TAMS 0x0000000711a00000, 0x0000000711a00000| Untracked 
| 114|0x0000000711c00000, 0x0000000711c00000, 0x0000000711e00000|  0%| F|  |TAMS 0x0000000711c00000, 0x0000000711c00000| Untracked 
| 115|0x0000000711e00000, 0x0000000711fc1090, 0x0000000712000000| 87%| E|  |TAMS 0x0000000711e00000, 0x0000000711e00000| Complete 
| 116|0x0000000712000000, 0x0000000712200000, 0x0000000712200000|100%| E|CS|TAMS 0x0000000712000000, 0x0000000712000000| Complete 
| 117|0x0000000712200000, 0x0000000712400000, 0x0000000712400000|100%| E|CS|TAMS 0x0000000712200000, 0x0000000712200000| Complete 
| 118|0x0000000712400000, 0x0000000712600000, 0x0000000712600000|100%| E|CS|TAMS 0x0000000712400000, 0x0000000712400000| Complete 
| 119|0x0000000712600000, 0x0000000712800000, 0x0000000712800000|100%| E|CS|TAMS 0x0000000712600000, 0x0000000712600000| Complete 
| 120|0x0000000712800000, 0x0000000712a00000, 0x0000000712a00000|100%| E|CS|TAMS 0x0000000712800000, 0x0000000712800000| Complete 
| 121|0x0000000712a00000, 0x0000000712c00000, 0x0000000712c00000|100%| E|CS|TAMS 0x0000000712a00000, 0x0000000712a00000| Complete 
| 122|0x0000000712c00000, 0x0000000712e00000, 0x0000000712e00000|100%| E|CS|TAMS 0x0000000712c00000, 0x0000000712c00000| Complete 
| 123|0x0000000712e00000, 0x0000000713000000, 0x0000000713000000|100%| E|CS|TAMS 0x0000000712e00000, 0x0000000712e00000| Complete 
| 124|0x0000000713000000, 0x0000000713200000, 0x0000000713200000|100%| E|CS|TAMS 0x0000000713000000, 0x0000000713000000| Complete 
| 125|0x0000000713200000, 0x0000000713400000, 0x0000000713400000|100%| E|CS|TAMS 0x0000000713200000, 0x0000000713200000| Complete 
| 126|0x0000000713400000, 0x0000000713600000, 0x0000000713600000|100%| E|CS|TAMS 0x0000000713400000, 0x0000000713400000| Complete 

Card table byte_map: [0x0000018e28f40000,0x0000018e29730000] _byte_map_base: 0x0000018e25724000

Marking Bits (Prev, Next): (CMBitMap*) 0x0000018e11c0ff70, (CMBitMap*) 0x0000018e11c0ffb0
 Prev Bits: [0x0000018e29f20000, 0x0000018e2de40000)
 Next Bits: [0x0000018e2de40000, 0x0000018e31d60000)

Polling page: 0x0000018e0fb00000

Metaspace:

Usage:
  Non-class:     15.73 MB used.
      Class:      2.45 MB used.
       Both:     18.18 MB used.

Virtual space:
  Non-class space:       16.00 MB reserved,      15.88 MB (>99%) committed,  2 nodes.
      Class space:        1.00 GB reserved,       2.56 MB ( <1%) committed,  1 nodes.
             Both:        1.02 GB reserved,      18.44 MB (  2%) committed. 

Chunk freelists:
   Non-Class:  16.00 KB
       Class:  1.46 MB
        Both:  1.48 MB

MaxMetaspaceSize: unlimited
CompressedClassSpaceSize: 1.00 GB
Initial GC threshold: 21.00 MB
Current GC threshold: 21.00 MB
CDS: on
MetaspaceReclaimPolicy: balanced
 - commit_granule_bytes: 65536.
 - commit_granule_words: 8192.
 - virtual_space_node_default_size: 1048576.
 - enlarge_chunks_in_place: 1.
 - new_chunks_are_fully_committed: 0.
 - uncommit_free_chunks: 1.
 - use_allocation_guard: 0.
 - handle_deallocations: 1.


Internal statistics:

num_allocs_failed_limit: 0.
num_arena_births: 210.
num_arena_deaths: 0.
num_vsnodes_births: 3.
num_vsnodes_deaths: 0.
num_space_committed: 295.
num_space_uncommitted: 0.
num_chunks_returned_to_freelist: 0.
num_chunks_taken_from_freelist: 778.
num_chunk_merges: 0.
num_chunk_splits: 533.
num_chunks_enlarged: 412.
num_purges: 0.
num_inconsistent_stats: 0.

CodeHeap 'non-profiled nmethods': size=120000Kb used=1429Kb max_used=1429Kb free=118570Kb
 bounds [0x0000018e20ef0000, 0x0000018e21160000, 0x0000018e28420000]
CodeHeap 'profiled nmethods': size=120000Kb used=6231Kb max_used=6231Kb free=113769Kb
 bounds [0x0000018e199c0000, 0x0000018e19fe0000, 0x0000018e20ef0000]
CodeHeap 'non-nmethods': size=5760Kb used=1436Kb max_used=1528Kb free=4323Kb
 bounds [0x0000018e19420000, 0x0000018e19690000, 0x0000018e199c0000]
 total_blobs=4089 nmethods=3288 adapters=713
 compilation: enabled
              stopped_count=0, restarted_count=0
 full_count=0

Compilation events (20 events):
Event: 35.971 Thread 0x0000018e347e8ae0 nmethod 3285 0x0000018e2104a810 code [0x0000018e2104a980, 0x0000018e2104acb8]
Event: 35.971 Thread 0x0000018e347e8ae0 3258   !   4       com.sun.crypto.provider.PBKDF2KeyImpl::deriveKey (295 bytes)
Event: 35.981 Thread 0x0000018e358aa750 nmethod 3267 0x0000018e2104ae10 code [0x0000018e2104afa0, 0x0000018e2104b418]
Event: 35.981 Thread 0x0000018e358aa750 3273       4       java.util.HashMap::containsKey (14 bytes)
Event: 35.998 Thread 0x0000018e358aa750 nmethod 3273 0x0000018e2104b590 code [0x0000018e2104b740, 0x0000018e2104bc58]
Event: 36.189 Thread 0x0000018e347e8ae0 nmethod 3258 0x0000018e2104bf10 code [0x0000018e2104c1e0, 0x0000018e21050530]
Event: 36.316 Thread 0x0000018e35118140 3287       3       com.sun.javafx.util.Logging::getInputLogger (18 bytes)
Event: 36.317 Thread 0x0000018e35118140 nmethod 3287 0x0000018e19fd4d90 code [0x0000018e19fd4f40, 0x0000018e19fd5128]
Event: 36.348 Thread 0x0000018e35118140 3288       3       java.util.ArrayDeque::removeFirst (19 bytes)
Event: 36.349 Thread 0x0000018e35118140 nmethod 3288 0x0000018e19fd5210 code [0x0000018e19fd53c0, 0x0000018e19fd5618]
Event: 36.387 Thread 0x0000018e347e8ae0 3289       4       com.sun.javafx.scene.layout.RegionHelper::pickNodeLocalImpl (12 bytes)
Event: 36.446 Thread 0x0000018e347e8ae0 nmethod 3289 0x0000018e21052490 code [0x0000018e210526e0, 0x0000018e210532a8]
Event: 36.932 Thread 0x0000018e347e8ae0 3290       4       com.sun.javafx.geom.transform.Translate2D::transform (48 bytes)
Event: 36.935 Thread 0x0000018e347e8ae0 nmethod 3290 0x0000018e21054190 code [0x0000018e21054300, 0x0000018e210543d8]
Event: 37.156 Thread 0x0000018e35118140 3291       3       javafx.scene.input.MouseEvent::copyFor (17 bytes)
Event: 37.157 Thread 0x0000018e35118140 nmethod 3291 0x0000018e19fd5710 code [0x0000018e19fd58c0, 0x0000018e19fd5ae8]
Event: 86.490 Thread 0x0000018e347e8ae0 3292       4       com.sun.javafx.tk.quantum.QuantumToolkit::postPulse (133 bytes)
Event: 86.504 Thread 0x0000018e347e8ae0 nmethod 3292 0x0000018e21054490 code [0x0000018e21054640, 0x0000018e210548b8]
Event: 87.274 Thread 0x0000018e347e8ae0 3293       4       com.sun.javafx.tk.quantum.QuantumToolkit$$Lambda$88/0x0000000800c38678::run (8 bytes)
Event: 87.280 Thread 0x0000018e347e8ae0 nmethod 3293 0x0000018e21054c10 code [0x0000018e21054de0, 0x0000018e210550a8]

GC Heap History (4 events):
Event: 1.331 GC heap before
{Heap before GC invocations=0 (full 0):
 garbage-first heap   total 260096K, used 20480K [0x0000000703800000, 0x0000000800000000)
  region size 2048K, 11 young (22528K), 0 survivors (0K)
 Metaspace       used 5095K, committed 5248K, reserved 1056768K
  class space    used 590K, committed 640K, reserved 1048576K
}
Event: 1.336 GC heap after
{Heap after GC invocations=1 (full 0):
 garbage-first heap   total 260096K, used 3211K [0x0000000703800000, 0x0000000800000000)
  region size 2048K, 2 young (4096K), 2 survivors (4096K)
 Metaspace       used 5095K, committed 5248K, reserved 1056768K
  class space    used 590K, committed 640K, reserved 1048576K
}
Event: 2.482 GC heap before
{Heap before GC invocations=1 (full 0):
 garbage-first heap   total 260096K, used 35979K [0x0000000703800000, 0x0000000800000000)
  region size 2048K, 18 young (36864K), 2 survivors (4096K)
 Metaspace       used 13126K, committed 13376K, reserved 1064960K
  class space    used 1944K, committed 2048K, reserved 1048576K
}
Event: 2.499 GC heap after
{Heap after GC invocations=2 (full 0):
 garbage-first heap   total 260096K, used 7354K [0x0000000703800000, 0x0000000800000000)
  region size 2048K, 3 young (6144K), 3 survivors (6144K)
 Metaspace       used 13126K, committed 13376K, reserved 1064960K
  class space    used 1944K, committed 2048K, reserved 1048576K
}

Deoptimization events (20 events):
Event: 35.859 Thread 0x0000018e35de6900 DEOPT PACKING pc=0x0000018e19fc5596 sp=0x0000004a6d3f7c10
Event: 35.859 Thread 0x0000018e35de6900 DEOPT UNPACKING pc=0x0000018e19472b43 sp=0x0000004a6d3f7068 mode 0
Event: 35.863 Thread 0x0000018e35de6900 DEOPT PACKING pc=0x0000018e19fc5596 sp=0x0000004a6d3f7930
Event: 35.863 Thread 0x0000018e35de6900 DEOPT UNPACKING pc=0x0000018e19472b43 sp=0x0000004a6d3f6d88 mode 0
Event: 35.863 Thread 0x0000018e35de6900 DEOPT PACKING pc=0x0000018e19fc5596 sp=0x0000004a6d3f7b30
Event: 35.863 Thread 0x0000018e35de6900 DEOPT UNPACKING pc=0x0000018e19472b43 sp=0x0000004a6d3f6f88 mode 0
Event: 35.864 Thread 0x0000018e35de6900 DEOPT PACKING pc=0x0000018e19fc5596 sp=0x0000004a6d3f7950
Event: 35.864 Thread 0x0000018e35de6900 DEOPT UNPACKING pc=0x0000018e19472b43 sp=0x0000004a6d3f6da8 mode 0
Event: 35.864 Thread 0x0000018e35de6900 DEOPT PACKING pc=0x0000018e19fc5596 sp=0x0000004a6d3f7aa0
Event: 35.864 Thread 0x0000018e35de6900 DEOPT UNPACKING pc=0x0000018e19472b43 sp=0x0000004a6d3f6ef8 mode 0
Event: 35.866 Thread 0x0000018e35de6900 DEOPT PACKING pc=0x0000018e19fc5596 sp=0x0000004a6d3f7950
Event: 35.866 Thread 0x0000018e35de6900 DEOPT UNPACKING pc=0x0000018e19472b43 sp=0x0000004a6d3f6da8 mode 0
Event: 35.866 Thread 0x0000018e35de6900 DEOPT PACKING pc=0x0000018e19f1e09b sp=0x0000004a6d3f7e40
Event: 35.866 Thread 0x0000018e35de6900 DEOPT UNPACKING pc=0x0000018e19472b43 sp=0x0000004a6d3f7318 mode 0
Event: 35.866 Thread 0x0000018e35de6900 DEOPT PACKING pc=0x0000018e19fc5596 sp=0x0000004a6d3f7920
Event: 35.867 Thread 0x0000018e35de6900 DEOPT UNPACKING pc=0x0000018e19472b43 sp=0x0000004a6d3f6d78 mode 0
Event: 35.889 Thread 0x0000018e35de6900 Uncommon trap: trap_request=0xffffff45 fr.pc=0x0000018e2102c560 relative=0x00000000000020e0
Event: 35.889 Thread 0x0000018e35de6900 Uncommon trap: reason=unstable_if action=reinterpret pc=0x0000018e2102c560 method=com.sun.crypto.provider.PBKDF2KeyImpl.deriveKey(Ljavax/crypto/Mac;[B[BII)[B @ 172 c2
Event: 35.889 Thread 0x0000018e35de6900 DEOPT PACKING pc=0x0000018e2102c560 sp=0x0000004a6d3f7e10
Event: 35.889 Thread 0x0000018e35de6900 DEOPT UNPACKING pc=0x0000018e194723a3 sp=0x0000004a6d3f7e18 mode 2

Classes unloaded (0 events):
No events

Classes redefined (0 events):
No events

Internal exceptions (20 events):
Event: 2.728 Thread 0x0000018e35de6900 Exception <a 'java/lang/NoSuchMethodError'{0x0000000713325d78}: 'long java.lang.invoke.DirectMethodHandle$Holder.invokeStatic(java.lang.Object, java.lang.Object, java.lang.Object)'> (0x0000000713325d78) 
thrown [t:\workspace\open\src\hotspot\share\interpreter\linkResolver.cpp, line 766]
Event: 2.729 Thread 0x0000018e35de6900 Exception <a 'java/lang/NoSuchMethodError'{0x0000000713329520}: 'long java.lang.invoke.DirectMethodHandle$Holder.invokeStaticInit(java.lang.Object, java.lang.Object, java.lang.Object)'> (0x0000000713329520) 
thrown [t:\workspace\open\src\hotspot\share\interpreter\linkResolver.cpp, line 766]
Event: 2.741 Thread 0x0000018e35de6900 Exception <a 'java/lang/NoSuchMethodError'{0x0000000713341128}: 'java.lang.Object java.lang.invoke.DirectMethodHandle$Holder.newInvokeSpecial(java.lang.Object, java.lang.Object, long)'> (0x0000000713341128) 
thrown [t:\workspace\open\src\hotspot\share\interpreter\linkResolver.cpp, line 766]
Event: 2.743 Thread 0x0000018e35de6900 Exception <a 'java/lang/NoSuchMethodError'{0x0000000713344c98}: 'java.lang.Object java.lang.invoke.Invokers$Holder.linkToTargetMethod(java.lang.Object, long, java.lang.Object)'> (0x0000000713344c98) 
thrown [t:\workspace\open\src\hotspot\share\interpreter\linkResolver.cpp, line 766]
Event: 14.819 Thread 0x0000018e35de6900 Exception <a 'sun/nio/fs/WindowsException'{0x0000000712b5e9b0}> (0x0000000712b5e9b0) 
thrown [t:\workspace\open\src\hotspot\share\prims\jni.cpp, line 516]
Event: 14.831 Thread 0x0000018e35de6900 Exception <a 'sun/nio/fs/WindowsException'{0x0000000712b8c128}> (0x0000000712b8c128) 
thrown [t:\workspace\open\src\hotspot\share\prims\jni.cpp, line 516]
Event: 14.838 Thread 0x0000018e35de6900 Exception <a 'java/lang/NoSuchMethodError'{0x0000000712b92258}: 'java.lang.Object java.lang.invoke.DirectMethodHandle$Holder.invokeVirtual(java.lang.Object, java.lang.Object, java.lang.Object, java.lang.Object)'> (0x0000000712b92258) 
thrown [t:\workspace\open\src\hotspot\share\interpreter\linkResolver.cpp, line 766]
Event: 14.870 Thread 0x0000018e35de6900 Exception <a 'java/lang/NoSuchMethodError'{0x0000000712bdf188}: 'int java.lang.invoke.DirectMethodHandle$Holder.invokeStatic(java.lang.Object, java.lang.Object, java.lang.Object, java.lang.Object)'> (0x0000000712bdf188) 
thrown [t:\workspace\open\src\hotspot\share\interpreter\linkResolver.cpp, line 766]
Event: 14.871 Thread 0x0000018e35de6900 Exception <a 'java/lang/NoSuchMethodError'{0x0000000712be2ee0}: 'int java.lang.invoke.DirectMethodHandle$Holder.invokeStaticInit(java.lang.Object, java.lang.Object, java.lang.Object, java.lang.Object)'> (0x0000000712be2ee0) 
thrown [t:\workspace\open\src\hotspot\share\interpreter\linkResolver.cpp, line 766]
Event: 14.874 Thread 0x0000018e35de6900 Exception <a 'java/lang/NoSuchMethodError'{0x0000000712bec9d8}: 'java.lang.Object java.lang.invoke.DirectMethodHandle$Holder.invokeInterface(java.lang.Object, java.lang.Object)'> (0x0000000712bec9d8) 
thrown [t:\workspace\open\src\hotspot\share\interpreter\linkResolver.cpp, line 766]
Event: 14.875 Thread 0x0000018e35de6900 Exception <a 'java/lang/IncompatibleClassChangeError'{0x0000000712bf0720}: Found class java.lang.Object, but interface was expected> (0x0000000712bf0720) 
thrown [t:\workspace\open\src\hotspot\share\interpreter\linkResolver.cpp, line 833]
Event: 14.996 Thread 0x0000018e35de6900 Exception <a 'java/lang/NoSuchMethodError'{0x00000007128ad3a0}: 'int java.lang.invoke.DirectMethodHandle$Holder.invokeSpecial(java.lang.Object, java.lang.Object, java.lang.Object)'> (0x00000007128ad3a0) 
thrown [t:\workspace\open\src\hotspot\share\interpreter\linkResolver.cpp, line 766]
Event: 15.135 Thread 0x0000018e35de6900 Exception <a 'java/lang/NoSuchMethodError'{0x0000000712616b78}: 'java.lang.Object java.lang.invoke.DirectMethodHandle$Holder.invokeStaticInit(java.lang.Object, int, int, int, int)'> (0x0000000712616b78) 
thrown [t:\workspace\open\src\hotspot\share\interpreter\linkResolver.cpp, line 766]
Event: 15.346 Thread 0x0000018e35de6900 Exception <a 'java/lang/NoSuchMethodError'{0x00000007127065e0}: 'java.lang.Object java.lang.invoke.DirectMethodHandle$Holder.invokeStaticInit(java.lang.Object, java.lang.Object, int, int, int, int)'> (0x00000007127065e0) 
thrown [t:\workspace\open\src\hotspot\share\interpreter\linkResolver.cpp, line 766]
Event: 15.486 Thread 0x0000018e35de6900 Exception <a 'sun/nio/fs/WindowsException'{0x0000000712466170}> (0x0000000712466170) 
thrown [t:\workspace\open\src\hotspot\share\prims\jni.cpp, line 516]
Event: 15.506 Thread 0x0000018e35de6900 Exception <a 'sun/nio/fs/WindowsException'{0x000000071247c038}> (0x000000071247c038) 
thrown [t:\workspace\open\src\hotspot\share\prims\jni.cpp, line 516]
Event: 35.856 Thread 0x0000018e35de6900 Implicit null exception at 0x0000018e2101f053 to 0x0000018e2101f9a4
Event: 35.922 Thread 0x0000018e35de6900 Exception <a 'sun/nio/fs/WindowsException'{0x000000071211a928}> (0x000000071211a928) 
thrown [t:\workspace\open\src\hotspot\share\prims\jni.cpp, line 516]
Event: 35.924 Thread 0x0000018e35de6900 Exception <a 'sun/nio/fs/WindowsException'{0x000000071211d778}> (0x000000071211d778) 
thrown [t:\workspace\open\src\hotspot\share\prims\jni.cpp, line 516]
Event: 35.934 Thread 0x0000018e35de6900 Exception <a 'sun/nio/fs/WindowsException'{0x000000071213b860}> (0x000000071213b860) 
thrown [t:\workspace\open\src\hotspot\share\prims\jni.cpp, line 516]

VM Operations (20 events):
Event: 24.642 Executing VM operation: Cleanup done
Event: 26.643 Executing VM operation: Cleanup
Event: 26.643 Executing VM operation: Cleanup done
Event: 27.643 Executing VM operation: Cleanup
Event: 27.644 Executing VM operation: Cleanup done
Event: 28.644 Executing VM operation: Cleanup
Event: 28.644 Executing VM operation: Cleanup done
Event: 33.646 Executing VM operation: Cleanup
Event: 33.646 Executing VM operation: Cleanup done
Event: 34.646 Executing VM operation: Cleanup
Event: 34.647 Executing VM operation: Cleanup done
Event: 35.914 Executing VM operation: HandshakeAllThreads
Event: 35.915 Executing VM operation: HandshakeAllThreads done
Event: 35.915 Executing VM operation: Cleanup
Event: 35.915 Executing VM operation: Cleanup done
Event: 36.915 Executing VM operation: Cleanup
Event: 36.916 Executing VM operation: Cleanup done
Event: 38.916 Executing VM operation: Cleanup
Event: 38.916 Executing VM operation: Cleanup done
Event: 158.482 Executing VM operation: Exit

Events (20 events):
Event: 35.929 loading class java/util/ResourceBundle$Control$1 done
Event: 35.934 loading class java/text/MessageFormat
Event: 35.935 loading class java/text/MessageFormat done
Event: 35.936 loading class java/text/FieldPosition$Delegate
Event: 35.936 loading class java/text/FieldPosition$Delegate done
Event: 35.937 loading class java/text/MessageFormat$Field
Event: 35.937 loading class java/text/MessageFormat$Field done
Event: 35.940 loading class java/lang/Throwable$WrappedPrintStream
Event: 35.941 loading class java/lang/Throwable$PrintStreamOrWriter
Event: 35.941 loading class java/lang/Throwable$PrintStreamOrWriter done
Event: 35.941 loading class java/lang/Throwable$WrappedPrintStream done
Event: 35.953 Thread 0x0000018e358aa750 Thread added: 0x0000018e358aa750
Event: 36.316 Thread 0x0000018e358aa750 Thread exited: 0x0000018e358aa750
Event: 158.472 loading class jdk/internal/misc/Signal$1
Event: 158.472 loading class jdk/internal/misc/Signal$1 done
Event: 158.473 Thread 0x0000018e36c9e030 Thread added: 0x0000018e36c9e030
Event: 158.475 Thread 0x0000018e36ca0b80 Thread added: 0x0000018e36ca0b80
Event: 158.475 Thread 0x0000018e36ca01e0 Thread added: 0x0000018e36ca01e0
Event: 158.478 Thread 0x0000018e36ca0b80 Thread exited: 0x0000018e36ca0b80
Event: 158.481 Thread 0x0000018e36ca01e0 Thread exited: 0x0000018e36ca01e0


Dynamic libraries:
0x00007ff6cbd80000 - 0x00007ff6cbd90000 	C:\Program Files\Java\jdk-17.0.2\bin\java.exe
0x00007ff942550000 - 0x00007ff942748000 	C:\WINDOWS\SYSTEM32\ntdll.dll
0x00007ff941cb0000 - 0x00007ff941d6f000 	C:\WINDOWS\System32\KERNEL32.DLL
0x00007ff93fc50000 - 0x00007ff93ff22000 	C:\WINDOWS\System32\KERNELBASE.dll
0x00007ff9401c0000 - 0x00007ff9402c0000 	C:\WINDOWS\System32\ucrtbase.dll
0x00007ff93a8d0000 - 0x00007ff93a8e8000 	C:\Program Files\Java\jdk-17.0.2\bin\jli.dll
0x00007ff93a8b0000 - 0x00007ff93a8ca000 	C:\Program Files\Java\jdk-17.0.2\bin\VCRUNTIME140.dll
0x00007ff940be0000 - 0x00007ff940c8e000 	C:\WINDOWS\System32\ADVAPI32.dll
0x00007ff942190000 - 0x00007ff94222e000 	C:\WINDOWS\System32\msvcrt.dll
0x00007ff940dc0000 - 0x00007ff940e5c000 	C:\WINDOWS\System32\sechost.dll
0x00007ff9405a0000 - 0x00007ff9406c5000 	C:\WINDOWS\System32\RPCRT4.dll
0x00007ff9422f0000 - 0x00007ff94248d000 	C:\WINDOWS\System32\USER32.dll
0x00007ff93ffe0000 - 0x00007ff940002000 	C:\WINDOWS\System32\win32u.dll
0x00007ff91b880000 - 0x00007ff91bb1a000 	C:\WINDOWS\WinSxS\amd64_microsoft.windows.common-controls_6595b64144ccf1df_6.0.19041.1110_none_60b5254171f9507e\COMCTL32.dll
0x00007ff941000000 - 0x00007ff94102b000 	C:\WINDOWS\System32\GDI32.dll
0x00007ff9400b0000 - 0x00007ff9401bf000 	C:\WINDOWS\System32\gdi32full.dll
0x00007ff940010000 - 0x00007ff9400ad000 	C:\WINDOWS\System32\msvcp_win.dll
0x00007ff9374a0000 - 0x00007ff9374aa000 	C:\WINDOWS\SYSTEM32\VERSION.dll
0x00007ff940e60000 - 0x00007ff940e92000 	C:\WINDOWS\System32\IMM32.DLL
0x00007ff93a890000 - 0x00007ff93a89c000 	C:\Program Files\Java\jdk-17.0.2\bin\vcruntime140_1.dll
0x00007ff912340000 - 0x00007ff9123cd000 	C:\Program Files\Java\jdk-17.0.2\bin\msvcp140.dll
0x00007ff8a4d40000 - 0x00007ff8a5901000 	C:\Program Files\Java\jdk-17.0.2\bin\server\jvm.dll
0x00007ff941f20000 - 0x00007ff941f28000 	C:\WINDOWS\System32\PSAPI.DLL
0x00007ff916c40000 - 0x00007ff916c67000 	C:\WINDOWS\SYSTEM32\WINMM.dll
0x00007ff929c50000 - 0x00007ff929c59000 	C:\WINDOWS\SYSTEM32\WSOCK32.dll
0x00007ff9424a0000 - 0x00007ff94250b000 	C:\WINDOWS\System32\WS2_32.dll
0x00007ff93dcb0000 - 0x00007ff93dcc2000 	C:\WINDOWS\SYSTEM32\kernel.appcore.dll
0x00007ff93a810000 - 0x00007ff93a81a000 	C:\Program Files\Java\jdk-17.0.2\bin\jimage.dll
0x00007ff93d860000 - 0x00007ff93da44000 	C:\WINDOWS\SYSTEM32\DBGHELP.DLL
0x00007ff92d440000 - 0x00007ff92d46c000 	C:\WINDOWS\SYSTEM32\dbgcore.DLL
0x00007ff940380000 - 0x00007ff940402000 	C:\WINDOWS\System32\bcryptPrimitives.dll
0x00007ff93a800000 - 0x00007ff93a80e000 	C:\Program Files\Java\jdk-17.0.2\bin\instrument.dll
0x00007ff937150000 - 0x00007ff937175000 	C:\Program Files\Java\jdk-17.0.2\bin\java.dll
0x00007ff8fccc0000 - 0x00007ff8fcd96000 	C:\Program Files\Java\jdk-17.0.2\bin\jsvml.dll
0x00007ff941030000 - 0x00007ff941773000 	C:\WINDOWS\System32\SHELL32.dll
0x00007ff93dcd0000 - 0x00007ff93e462000 	C:\WINDOWS\SYSTEM32\windows.storage.dll
0x00007ff940880000 - 0x00007ff940bd4000 	C:\WINDOWS\System32\combase.dll
0x00007ff93f5d0000 - 0x00007ff93f600000 	C:\WINDOWS\SYSTEM32\Wldp.dll
0x00007ff941f30000 - 0x00007ff941fdd000 	C:\WINDOWS\System32\SHCORE.dll
0x00007ff942290000 - 0x00007ff9422e5000 	C:\WINDOWS\System32\shlwapi.dll
0x00007ff93fb90000 - 0x00007ff93fbaf000 	C:\WINDOWS\SYSTEM32\profapi.dll
0x00007ff92cc80000 - 0x00007ff92cc99000 	C:\Program Files\Java\jdk-17.0.2\bin\net.dll
0x00007ff9392c0000 - 0x00007ff9393cc000 	C:\WINDOWS\SYSTEM32\WINHTTP.dll
0x00007ff93f3b0000 - 0x00007ff93f41a000 	C:\WINDOWS\system32\mswsock.dll
0x00007ff91e220000 - 0x00007ff91e236000 	C:\Program Files\Java\jdk-17.0.2\bin\nio.dll
0x00007ff91e200000 - 0x00007ff91e218000 	C:\Program Files\Java\jdk-17.0.2\bin\zip.dll
0x00007ff914520000 - 0x00007ff91453a000 	C:\Program Files\JetBrains\IntelliJ IDEA Community Edition 2021.3.2\bin\breakgen64.dll
0x0000018e0fbe0000 - 0x0000018e0fbe3000 	C:\Users\яв \.openjfx\cache\17.0.1\api-ms-win-core-console-l1-1-0.dll
0x0000018e11ad0000 - 0x0000018e11ad3000 	C:\Users\яв \.openjfx\cache\17.0.1\api-ms-win-core-console-l1-2-0.dll
0x0000018e11ae0000 - 0x0000018e11ae3000 	C:\Users\яв \.openjfx\cache\17.0.1\api-ms-win-core-datetime-l1-1-0.dll
0x0000018e11af0000 - 0x0000018e11af3000 	C:\Users\яв \.openjfx\cache\17.0.1\api-ms-win-core-debug-l1-1-0.dll
0x0000018e11b00000 - 0x0000018e11b03000 	C:\Users\яв \.openjfx\cache\17.0.1\api-ms-win-core-errorhandling-l1-1-0.dll
0x0000018e11b10000 - 0x0000018e11b14000 	C:\Users\яв \.openjfx\cache\17.0.1\api-ms-win-core-file-l1-1-0.dll
0x0000018e11b20000 - 0x0000018e11b23000 	C:\Users\яв \.openjfx\cache\17.0.1\api-ms-win-core-file-l1-2-0.dll
0x0000018e11b30000 - 0x0000018e11b33000 	C:\Users\яв \.openjfx\cache\17.0.1\api-ms-win-core-file-l2-1-0.dll
0x0000018e11b40000 - 0x0000018e11b43000 	C:\Users\яв \.openjfx\cache\17.0.1\api-ms-win-core-handle-l1-1-0.dll
0x0000018e11b50000 - 0x0000018e11b53000 	C:\Users\яв \.openjfx\cache\17.0.1\api-ms-win-core-heap-l1-1-0.dll
0x0000018e11b60000 - 0x0000018e11b63000 	C:\Users\яв \.openjfx\cache\17.0.1\api-ms-win-core-interlocked-l1-1-0.dll
0x0000018e11b70000 - 0x0000018e11b73000 	C:\Users\яв \.openjfx\cache\17.0.1\api-ms-win-core-libraryloader-l1-1-0.dll
0x0000018e11b80000 - 0x0000018e11b83000 	C:\Users\яв \.openjfx\cache\17.0.1\api-ms-win-core-localization-l1-2-0.dll
0x0000018e11b90000 - 0x0000018e11b93000 	C:\Users\яв \.openjfx\cache\17.0.1\api-ms-win-core-memory-l1-1-0.dll
0x0000018e347f0000 - 0x0000018e347f3000 	C:\Users\яв \.openjfx\cache\17.0.1\api-ms-win-core-namedpipe-l1-1-0.dll
0x0000018e36ce0000 - 0x0000018e36ce3000 	C:\Users\яв \.openjfx\cache\17.0.1\api-ms-win-core-processenvironment-l1-1-0.dll
0x0000018e36cf0000 - 0x0000018e36cf3000 	C:\Users\яв \.openjfx\cache\17.0.1\api-ms-win-core-processthreads-l1-1-0.dll
0x0000018e36d00000 - 0x0000018e36d03000 	C:\Users\яв \.openjfx\cache\17.0.1\api-ms-win-core-processthreads-l1-1-1.dll
0x0000018e36d10000 - 0x0000018e36d13000 	C:\Users\яв \.openjfx\cache\17.0.1\api-ms-win-core-profile-l1-1-0.dll
0x0000018e36d20000 - 0x0000018e36d23000 	C:\Users\яв \.openjfx\cache\17.0.1\api-ms-win-core-rtlsupport-l1-1-0.dll
0x0000018e36d30000 - 0x0000018e36d33000 	C:\Users\яв \.openjfx\cache\17.0.1\api-ms-win-core-string-l1-1-0.dll
0x0000018e36d40000 - 0x0000018e36d43000 	C:\Users\яв \.openjfx\cache\17.0.1\api-ms-win-core-synch-l1-1-0.dll
0x0000018e36d50000 - 0x0000018e36d53000 	C:\Users\яв \.openjfx\cache\17.0.1\api-ms-win-core-synch-l1-2-0.dll
0x0000018e36d60000 - 0x0000018e36d63000 	C:\Users\яв \.openjfx\cache\17.0.1\api-ms-win-core-sysinfo-l1-1-0.dll
0x0000018e36d70000 - 0x0000018e36d73000 	C:\Users\яв \.openjfx\cache\17.0.1\api-ms-win-core-timezone-l1-1-0.dll
0x0000018e36d80000 - 0x0000018e36d83000 	C:\Users\яв \.openjfx\cache\17.0.1\api-ms-win-core-util-l1-1-0.dll
0x0000018e36d90000 - 0x0000018e36d93000 	C:\Users\яв \.openjfx\cache\17.0.1\api-ms-win-crt-conio-l1-1-0.dll
0x0000018e36fe0000 - 0x0000018e36fe4000 	C:\Users\яв \.openjfx\cache\17.0.1\api-ms-win-crt-convert-l1-1-0.dll
0x0000018e36ff0000 - 0x0000018e36ff3000 	C:\Users\яв \.openjfx\cache\17.0.1\api-ms-win-crt-environment-l1-1-0.dll
0x0000018e37000000 - 0x0000018e37003000 	C:\Users\яв \.openjfx\cache\17.0.1\api-ms-win-crt-filesystem-l1-1-0.dll
0x0000018e37010000 - 0x0000018e37013000 	C:\Users\яв \.openjfx\cache\17.0.1\api-ms-win-crt-heap-l1-1-0.dll
0x0000018e37020000 - 0x0000018e37023000 	C:\Users\яв \.openjfx\cache\17.0.1\api-ms-win-crt-locale-l1-1-0.dll
0x0000018e36da0000 - 0x0000018e36da5000 	C:\Users\яв \.openjfx\cache\17.0.1\api-ms-win-crt-math-l1-1-0.dll
0x0000018e36ed0000 - 0x0000018e36ed5000 	C:\Users\яв \.openjfx\cache\17.0.1\api-ms-win-crt-multibyte-l1-1-0.dll
0x0000018e36ee0000 - 0x0000018e36ef0000 	C:\Users\яв \.openjfx\cache\17.0.1\api-ms-win-crt-private-l1-1-0.dll
0x0000018e36ef0000 - 0x0000018e36ef3000 	C:\Users\яв \.openjfx\cache\17.0.1\api-ms-win-crt-process-l1-1-0.dll
0x0000018e36f00000 - 0x0000018e36f04000 	C:\Users\яв \.openjfx\cache\17.0.1\api-ms-win-crt-runtime-l1-1-0.dll
0x0000018e36f10000 - 0x0000018e36f14000 	C:\Users\яв \.openjfx\cache\17.0.1\api-ms-win-crt-stdio-l1-1-0.dll
0x0000018e36db0000 - 0x0000018e36db4000 	C:\Users\яв \.openjfx\cache\17.0.1\api-ms-win-crt-string-l1-1-0.dll
0x0000018e36dc0000 - 0x0000018e36dc3000 	C:\Users\яв \.openjfx\cache\17.0.1\api-ms-win-crt-time-l1-1-0.dll
0x0000018e36dd0000 - 0x0000018e36dd3000 	C:\Users\яв \.openjfx\cache\17.0.1\api-ms-win-crt-utility-l1-1-0.dll
0x00007ff8f59e0000 - 0x00007ff8f5adc000 	C:\Users\яв \.openjfx\cache\17.0.1\ucrtbase.dll
0x00007ff9144e0000 - 0x00007ff9144fa000 	C:\Users\яв \.openjfx\cache\17.0.1\vcruntime140.dll
0x00007ff9145a0000 - 0x00007ff9145ac000 	C:\Users\яв \.openjfx\cache\17.0.1\vcruntime140_1.dll
0x00007ff8f5bc0000 - 0x00007ff8f5c4d000 	C:\Users\яв \.openjfx\cache\17.0.1\msvcp140.dll
0x00007ff914420000 - 0x00007ff91444a000 	C:\Users\яв \.openjfx\cache\17.0.1\prism_d3d.dll
0x00007ff8d0de0000 - 0x00007ff8d0faf000 	C:\WINDOWS\system32\d3d9.dll
0x00007ff93d420000 - 0x00007ff93d44f000 	C:\WINDOWS\SYSTEM32\dwmapi.dll
0x00007ff93c1e0000 - 0x00007ff93c27e000 	C:\WINDOWS\system32\uxtheme.dll
0x00007ff8d0c30000 - 0x00007ff8d0dd2000 	C:\WINDOWS\System32\DriverStore\FileRepository\iigd_dch.inf_amd64_52ad2da9d64c0488\igdumdim64.dll
0x00007ff940c90000 - 0x00007ff940dba000 	C:\WINDOWS\System32\ole32.dll
0x00007ff8ccbc0000 - 0x00007ff8d07d0000 	C:\WINDOWS\System32\DriverStore\FileRepository\iigd_dch.inf_amd64_52ad2da9d64c0488\igd9dxva64.dll
0x00007ff941d70000 - 0x00007ff941e3d000 	C:\WINDOWS\System32\OLEAUT32.dll
0x00007ff941780000 - 0x00007ff941be8000 	C:\WINDOWS\System32\SETUPAPI.dll
0x00007ff9402c0000 - 0x00007ff94030e000 	C:\WINDOWS\System32\cfgmgr32.dll
0x00007ff940410000 - 0x00007ff940437000 	C:\WINDOWS\System32\bcrypt.dll
0x00007ff9224b0000 - 0x00007ff922877000 	C:\WINDOWS\System32\DriverStore\FileRepository\iigd_dch.inf_amd64_52ad2da9d64c0488\igdgmm64.dll
0x00007ff903570000 - 0x00007ff9035b2000 	C:\Users\яв \.openjfx\cache\17.0.1\glass.dll
0x00007ff941e40000 - 0x00007ff941f1a000 	C:\WINDOWS\System32\COMDLG32.dll
0x00007ff941fe0000 - 0x00007ff9420f5000 	C:\WINDOWS\System32\MSCTF.dll
0x00007ff8e7f90000 - 0x00007ff8e7fb7000 	C:\WINDOWS\System32\DriverStore\FileRepository\iigd_dch.inf_amd64_52ad2da9d64c0488\igdinfo64.dll
0x00007ff93f610000 - 0x00007ff93f628000 	C:\WINDOWS\SYSTEM32\CRYPTSP.dll
0x00007ff93ec80000 - 0x00007ff93ecb4000 	C:\WINDOWS\system32\rsaenh.dll
0x00007ff93f540000 - 0x00007ff93f54c000 	C:\WINDOWS\SYSTEM32\CRYPTBASE.dll
0x00007ff91ec90000 - 0x00007ff922242000 	C:\WINDOWS\System32\DriverStore\FileRepository\iigd_dch.inf_amd64_52ad2da9d64c0488\igc64.dll
0x00007ff938fc0000 - 0x00007ff938ffb000 	C:\WINDOWS\SYSTEM32\dxcore.dll
0x00007ff9144c0000 - 0x00007ff9144d4000 	C:\Users\яв \.openjfx\cache\17.0.1\javafx_font.dll
0x00007ff922880000 - 0x00007ff922aff000 	C:\WINDOWS\SYSTEM32\dwrite.dll
0x00007ff929f60000 - 0x00007ff92a114000 	C:\WINDOWS\SYSTEM32\WindowsCodecs.dll
0x00007ff906eb0000 - 0x00007ff906eee000 	C:\WINDOWS\system32\dataexchange.dll
0x00007ff93b360000 - 0x00007ff93b5c3000 	C:\WINDOWS\system32\d3d11.dll
0x00007ff93b5d0000 - 0x00007ff93b7b3000 	C:\WINDOWS\system32\dcomp.dll
0x00007ff93e4d0000 - 0x00007ff93e5c3000 	C:\WINDOWS\system32\dxgi.dll
0x00007ff9364b0000 - 0x00007ff9366b0000 	C:\WINDOWS\system32\twinapi.appcore.dll
0x00007ff902480000 - 0x00007ff9024b4000 	C:\Program Files\Common Files\Microsoft Shared\Ink\rtscom.dll
0x00007ff927930000 - 0x00007ff927a29000 	C:\WINDOWS\SYSTEM32\textinputframework.dll
0x00007ff93bc40000 - 0x00007ff93bf9e000 	C:\WINDOWS\System32\CoreUIComponents.dll
0x00007ff93bb40000 - 0x00007ff93bc32000 	C:\WINDOWS\System32\CoreMessaging.dll
0x00007ff93eda0000 - 0x00007ff93edd3000 	C:\WINDOWS\SYSTEM32\ntmarta.dll
0x00007ff93c430000 - 0x00007ff93c584000 	C:\WINDOWS\SYSTEM32\wintypes.dll
0x00007ff93f0b0000 - 0x00007ff93f17a000 	C:\WINDOWS\SYSTEM32\DNSAPI.dll

dbghelp: loaded successfully - version: 4.0.5 - missing functions: none
symbol engine: initialized successfully - sym options: 0x614 - pdb path: .;C:\Program Files\Java\jdk-17.0.2\bin;C:\WINDOWS\SYSTEM32;C:\WINDOWS\WinSxS\amd64_microsoft.windows.common-controls_6595b64144ccf1df_6.0.19041.1110_none_60b5254171f9507e;C:\Program Files\Java\jdk-17.0.2\bin\server;C:\Program Files\JetBrains\IntelliJ IDEA Community Edition 2021.3.2\bin;C:\Users\яв \.openjfx\cache\17.0.1;C:\WINDOWS\System32\DriverStore\FileRepository\iigd_dch.inf_amd64_52ad2da9d64c0488;C:\Program Files\Common Files\Microsoft Shared\Ink

VM Arguments:
jvm_args: -javaagent:C:\Program Files\JetBrains\IntelliJ IDEA Community Edition 2021.3.2\lib\idea_rt.jar=62133:C:\Program Files\JetBrains\IntelliJ IDEA Community Edition 2021.3.2\bin -Dfile.encoding=UTF-8 --module-path=C:\Users\яв \.m2\repository\org\openjfx\javafx-graphics\17.0.1\javafx-graphics-17.0.1-win.jar;C:\Users\яв \.m2\repository\org\openjfx\javafx-controls\17.0.1\javafx-controls-17.0.1-win.jar;C:\Users\яв \.m2\repository\org\openjfx\javafx-fxml\17.0.1\javafx-fxml-17.0.1-win.jar;C:\Users\яв \.m2\repository\org\openjfx\javafx-base\17.0.1\javafx-base-17.0.1-win.jar;D:\BD\target\classes -Djdk.module.main=com.example.bd 
java_command: com.example.bd/com.example.bd.HelloApplication
java_class_path (initial): C:\Users\яв \.m2\repository\org\openjfx\javafx-controls\17.0.1\javafx-controls-17.0.1.jar;C:\Users\яв \.m2\repository\org\openjfx\javafx-graphics\17.0.1\javafx-graphics-17.0.1.jar;C:\Users\яв \.m2\repository\org\openjfx\javafx-base\17.0.1\javafx-base-17.0.1.jar;C:\Users\яв \.m2\repository\org\openjfx\javafx-fxml\17.0.1\javafx-fxml-17.0.1.jar;D:\postgresql-42.5.1.jar
Launcher Type: SUN_STANDARD

[Global flags]
     intx CICompilerCount                          = 4                                         {product} {ergonomic}
     uint ConcGCThreads                            = 2                                         {product} {ergonomic}
     uint G1ConcRefinementThreads                  = 8                                         {product} {ergonomic}
   size_t G1HeapRegionSize                         = 2097152                                   {product} {ergonomic}
    uintx GCDrainStackTargetSize                   = 64                                        {product} {ergonomic}
   size_t InitialHeapSize                          = 266338304                                 {product} {ergonomic}
   size_t MarkStackSize                            = 4194304                                   {product} {ergonomic}
   size_t MaxHeapSize                              = 4236247040                                {product} {ergonomic}
   size_t MaxNewSize                               = 2541748224                                {product} {ergonomic}
   size_t MinHeapDeltaBytes                        = 2097152                                   {product} {ergonomic}
   size_t MinHeapSize                              = 8388608                                   {product} {ergonomic}
    uintx NonNMethodCodeHeapSize                   = 5839372                                {pd product} {ergonomic}
    uintx NonProfiledCodeHeapSize                  = 122909434                              {pd product} {ergonomic}
    uintx ProfiledCodeHeapSize                     = 122909434                              {pd product} {ergonomic}
    uintx ReservedCodeCacheSize                    = 251658240                              {pd product} {ergonomic}
     bool SegmentedCodeCache                       = true                                      {product} {ergonomic}
   size_t SoftMaxHeapSize                          = 4236247040                             {manageable} {ergonomic}
     bool UseCompressedClassPointers               = true                           {product lp64_product} {ergonomic}
     bool UseCompressedOops                        = true                           {product lp64_product} {ergonomic}
     bool UseG1GC                                  = true                                      {product} {ergonomic}
     bool UseLargePagesIndividualAllocation        = false                                  {pd product} {ergonomic}

Logging:
Log output configuration:
 #0: stdout all=off uptime,level,tags
 #1: stderr all=off uptime,level,tags

Environment Variables:
PATH=C:\Program Files\Microsoft\jdk-11.0.12.7-hotspot\bin;C:\Program Files\Common Files\Oracle\Java\javapath;C:\Program Files (x86)\Embarcadero\Studio\20.0\bin;C:\Users\Public\Documents\Embarcadero\Studio\20.0\Bpl;C:\Program Files (x86)\Embarcadero\Studio\20.0\bin64;C:\Users\Public\Documents\Embarcadero\Studio\20.0\Bpl\Win64;C:\WINDOWS\system32;C:\WINDOWS;C:\WINDOWS\System32\Wbem;C:\WINDOWS\System32\WindowsPowerShell\v1.0\;C:\WINDOWS\System32\OpenSSH\;C:\Program Files\dotnet\;C:\Program Files\Microsoft SQL Server\130\Tools\Binn\;C:\Program Files\Microsoft SQL Server\Client SDK\ODBC\170\Tools\Binn\;C:\Program Files (x86)\Windows Kits\10\Windows Performance Toolkit\;C:\Program Files\Microsoft SQL Server\120\Tools\Binn\;C:\Program Files\Docker\Docker\resources\bin;C:\ProgramData\DockerDesktop\version-bin;C:\Program Files\Git\cmd;C:\Program Files\PuTTY\;C:\Program Files\Microsoft SQL Server\150\Tools\Binn\;C:\Users\яв \AppData\Local\Programs\Python\Python310\Scripts\;C:\Users\яв \AppData\Local\Programs\Python\Python310\;C:\Users\яв \AppData\Local\Microsoft\WindowsApps;C:\Users\яв \.dotnet\tools;C:\Users\яв \AppData\Local\GitHubDesktop\bin;;C:\Users\яв \AppData\Local\Programs\Microsoft VS Code\bin;C:\Program Files\JetBrains\IntelliJ IDEA 2021.3.2\bin;;C:\Program Files\JetBrains\IntelliJ IDEA Community Edition 2021.3.2\bin;;C:\Program Files\JetBrains\PyCharm Community Edition 2021.3.2\bin;;C:\intelFPGA_lite\21.1\questa_fse\win64;C:\intelFPGA_lite\18.0\modelsim_ase\win32aloem;C:\Users\яв \AppData\Local\JetBrains\PyCharm 2022.1.1\bin;;C:\Program Files\heroku\bin
USERNAME=яв 
OS=Windows_NT
PROCESSOR_IDENTIFIER=Intel64 Family 6 Model 142 Stepping 12, GenuineIntel



---------------  S Y S T E M  ---------------

OS:
 Windows 10 , 64 bit Build 19041 (10.0.19041.2251)
OS uptime: 2 days 11:53 hours
Hyper-V role detected

CPU: total 8 (initial active 8) (4 cores per cpu, 2 threads per core) family 6 model 142 stepping 12 microcode 0xde, cx8, cmov, fxsr, ht, mmx, 3dnowpref, sse, sse2, sse3, ssse3, sse4.1, sse4.2, popcnt, lzcnt, tsc, tscinvbit, avx, avx2, aes, erms, clmul, bmi1, bmi2, adx, fma, vzeroupper, clflush, clflushopt, hv

Memory: 4k page, system-wide physical 16155M (2441M free)
TotalPageFile size 49000M (AvailPageFile size 5864M)
current process WorkingSet (physical memory assigned to process): 164M, peak: 185M
current process commit charge ("private bytes"): 413M, peak: 435M

vm_info: Java HotSpot(TM) 64-Bit Server VM (17.0.2+8-LTS-86) for windows-amd64 JRE (17.0.2+8-LTS-86), built on Dec  7 2021 21:51:03 by "mach5one" with MS VC++ 16.8 / 16.9 (VS2019)

END.
