#
# A fatal error has been detected by the Java Runtime Environment:
#
#  EXCEPTION_ACCESS_VIOLATION (0xc0000005) at pc=0x00007ff912576a87, pid=21108, tid=24100
#
# JRE version: Java(TM) SE Runtime Environment (17.0.2+8) (build 17.0.2+8-LTS-86)
# Java VM: Java HotSpot(TM) 64-Bit Server VM (17.0.2+8-LTS-86, mixed mode, sharing, tiered, compressed oops, compressed class ptrs, g1 gc, windows-amd64)
# Problematic frame:
# C  [glass.dll+0x26a87]
#
# No core dump will be written. Minidumps are not enabled by default on client versions of Windows
#
# If you would like to submit a bug report, please visit:
#   https://bugreport.java.com/bugreport/crash.jsp
#

---------------  S U M M A R Y ------------

Command Line: -javaagent:C:\Program Files\JetBrains\IntelliJ IDEA Community Edition 2021.3.2\lib\idea_rt.jar=59082:C:\Program Files\JetBrains\IntelliJ IDEA Community Edition 2021.3.2\bin -Dfile.encoding=UTF-8 --module-path=C:\Users\яв \.m2\repository\org\openjfx\javafx-graphics\17.0.1\javafx-graphics-17.0.1-win.jar;C:\Users\яв \.m2\repository\org\openjfx\javafx-controls\17.0.1\javafx-controls-17.0.1-win.jar;C:\Users\яв \.m2\repository\org\openjfx\javafx-fxml\17.0.1\javafx-fxml-17.0.1-win.jar;C:\Users\яв \.m2\repository\org\openjfx\javafx-base\17.0.1\javafx-base-17.0.1-win.jar;D:\BD\target\classes -Djdk.module.main=com.example.bd com.example.bd/com.example.bd.HelloApplication

Host: Intel(R) Core(TM) i5-8265U CPU @ 1.60GHz, 8 cores, 15G,  Windows 10 , 64 bit Build 19041 (10.0.19041.2251)
Time: Wed Dec 14 00:54:39 2022  Windows 10 , 64 bit Build 19041 (10.0.19041.2251) elapsed time: 203.910596 seconds (0d 0h 3m 23s)

---------------  T H R E A D  ---------------

Current thread (0x000001deff9515f0):  VMThread "VM Thread" [stack: 0x0000004da0c00000,0x0000004da0d00000] [id=24100]

Stack: [0x0000004da0c00000,0x0000004da0d00000],  sp=0x0000004da0cff380,  free space=1020k
Native frames: (J=compiled Java code, j=interpreted, Vv=VM code, C=native code)
C  [glass.dll+0x26a87]


siginfo: EXCEPTION_ACCESS_VIOLATION (0xc0000005), reading address 0x0000000000000000


Register to memory mapping:

RIP=0x00007ff912576a87 glass.dll
RAX=0x0 is NULL
RBX=0x000001deff9624a8 is a global jni handle
RCX=0x000001deff9515f0 points into unknown readable memory: 0x00007ff8a56be890 | 90 e8 6b a5 f8 7f 00 00
RDX=0x0000004da0cff380 points into unknown readable memory: 0x0000000000000000 | 00 00 00 00 00 00 00 00
RSP=0x0000004da0cff380 points into unknown readable memory: 0x0000000000000000 | 00 00 00 00 00 00 00 00
RBP=0x000001de942fb528 points into unknown readable memory: 0x0000e2d2227dfe37 | 37 fe 7d 22 d2 e2 00 00
RSI=0x000001de942fb500 points into unknown readable memory: 0x3600e2eddef4d5a8 | a8 d5 f4 de ed e2 00 36
RDI=0x0000e2d2227dfe37 is an unknown value
R8 =0x0000000000010002 is an unknown value
R9 =0x0000e2d2227dfe37 is an unknown value
R10=0x0000000000008000 is an unknown value
R11=0x0000004da0cff310 points into unknown readable memory: 0x000001de942fb500 | 00 b5 2f 94 de 01 00 00
R12=0x00007ff912574354 glass.dll
R13=0x00007ff8a58649d0 jvm.dll
R14=0x0000004da0cff478 points into unknown readable memory: 0x0000004da0cff460 | 60 f4 cf a0 4d 00 00 00
R15=0x000001de942fb500 points into unknown readable memory: 0x3600e2eddef4d5a8 | a8 d5 f4 de ed e2 00 36


Registers:
RAX=0x0000000000000000, RBX=0x000001deff9624a8, RCX=0x000001deff9515f0, RDX=0x0000004da0cff380
RSP=0x0000004da0cff380, RBP=0x000001de942fb528, RSI=0x000001de942fb500, RDI=0x0000e2d2227dfe37
R8 =0x0000000000010002, R9 =0x0000e2d2227dfe37, R10=0x0000000000008000, R11=0x0000004da0cff310
R12=0x00007ff912574354, R13=0x00007ff8a58649d0, R14=0x0000004da0cff478, R15=0x000001de942fb500
RIP=0x00007ff912576a87, EFLAGS=0x0000000000010206

Top of Stack: (sp=0x0000004da0cff380)
0x0000004da0cff380:   0000000000000000 000001de942fb500
0x0000004da0cff390:   00007ff8a58649d0 00007ff912574354
0x0000004da0cff3a0:   000001de942fb508 00007ff9401d42d6
0x0000004da0cff3b0:   0000e2d2227dfe37 000001de00000000
0x0000004da0cff3c0:   000001de942fb528 000001de942fb500
0x0000004da0cff3d0:   fffffffffffffffe 0000000000000000
0x0000004da0cff3e0:   0000000000000001 00007ff912550000
0x0000004da0cff3f0:   0000004da0cff468 00007ff9401d41fb
0x0000004da0cff400:   0000000000000000 0000004da0cff478
0x0000004da0cff410:   0000004da0cff740 00007ff9402b0e40
0x0000004da0cff420:   0000000000000001 00007ff9401d41b4
0x0000004da0cff430:   0000000000000000 0000000000000001
0x0000004da0cff440:   00007ff800000001 0000004da0cff468
0x0000004da0cff450:   0000000000000000 00007ff9125741e1
0x0000004da0cff460:   00007ff91258a138 00007ff900000002
0x0000004da0cff470:   0000000000000002 0000004da0cff460 

Instructions: (pc=0x00007ff912576a87)
0x00007ff912576987:   8b 4d 58 e8 01 cf ff ff 48 8b 4d 60 e8 f8 ce ff
0x00007ff912576997:   ff 48 8b 95 80 00 00 00 48 8b 8d 18 01 00 00 e8
0x00007ff9125769a7:   c6 c3 ff ff 33 d2 33 c9 e8 3c e1 ff ff 90 48 89
0x00007ff9125769b7:   54 24 10 55 48 83 ec 20 48 8b ea 48 b8 00 00 00
0x00007ff9125769c7:   00 00 00 00 00 48 83 c4 20 5d c3 cc 40 55 48 8b
0x00007ff9125769d7:   ea 48 8b 01 33 c9 81 38 05 00 00 c0 0f 94 c1 8b
0x00007ff9125769e7:   c1 5d c3 cc 40 55 48 83 ec 20 48 8b ea 8a 4d 40
0x00007ff9125769f7:   48 83 c4 20 5d e9 f7 d2 ff ff cc 40 55 48 83 ec
0x00007ff912576a07:   20 48 8b ea 8a 4d 20 e8 e5 d2 ff ff 90 48 83 c4
0x00007ff912576a17:   20 5d c3 cc 40 55 48 83 ec 20 48 8b ea 48 83 c4
0x00007ff912576a27:   20 5d e9 46 d1 ff ff cc 40 55 48 83 ec 30 48 8b
0x00007ff912576a37:   ea 48 8b 01 8b 10 48 89 4c 24 28 89 54 24 20 4c
0x00007ff912576a47:   8d 0d e7 d5 ff ff 4c 8b 45 70 8b 55 68 48 8b 4d
0x00007ff912576a57:   60 e8 87 d0 ff ff 90 48 83 c4 30 5d c3 cc cc cc
0x00007ff912576a67:   cc cc cc cc cc cc cc cc cc 40 53 48 83 ec 20 48
0x00007ff912576a77:   8b 1d b3 30 01 00 48 85 db 74 16 e8 09 8b ff ff
0x00007ff912576a87:   4c 8b 00 48 8b d3 48 8b c8 41 ff 90 b0 00 00 00
0x00007ff912576a97:   90 48 83 c4 20 5b c3 cc cc 40 53 48 83 ec 20 48
0x00007ff912576aa7:   8b 1d 2b 32 01 00 48 85 db 74 57 b8 ff ff ff ff
0x00007ff912576ab7:   f0 0f c1 43 10 83 f8 01 75 3d 48 85 db 74 38 48
0x00007ff912576ac7:   8b 0b 48 85 c9 74 0d ff 15 d4 07 00 00 48 c7 03
0x00007ff912576ad7:   00 00 00 00 48 8b 4b 08 48 85 c9 74 0d e8 a7 cd
0x00007ff912576ae7:   ff ff 48 c7 43 08 00 00 00 00 ba 18 00 00 00 48
0x00007ff912576af7:   8b cb e8 92 cd ff ff 48 c7 05 cf 31 01 00 00 00
0x00007ff912576b07:   00 00 48 83 c4 20 5b c3 cc 40 53 48 83 ec 20 48
0x00007ff912576b17:   8b 1d 9b 31 01 00 48 85 db 74 57 b8 ff ff ff ff
0x00007ff912576b27:   f0 0f c1 43 10 83 f8 01 75 3d 48 85 db 74 38 48
0x00007ff912576b37:   8b 0b 48 85 c9 74 0d ff 15 64 07 00 00 48 c7 03
0x00007ff912576b47:   00 00 00 00 48 8b 4b 08 48 85 c9 74 0d e8 37 cd
0x00007ff912576b57:   ff ff 48 c7 43 08 00 00 00 00 ba 18 00 00 00 48
0x00007ff912576b67:   8b cb e8 22 cd ff ff 48 c7 05 3f 31 01 00 00 00
0x00007ff912576b77:   00 00 48 83 c4 20 5b c3 cc 40 53 48 83 ec 20 48 


Stack slot to memory mapping:
stack at sp + 0 slots: 0x0 is NULL
stack at sp + 1 slots: 0x000001de942fb500 points into unknown readable memory: 0x3600e2eddef4d5a8 | a8 d5 f4 de ed e2 00 36
stack at sp + 2 slots: 0x00007ff8a58649d0 jvm.dll
stack at sp + 3 slots: 0x00007ff912574354 glass.dll
stack at sp + 4 slots: 0x000001de942fb508 points into unknown readable memory: 0x0000e2d2227dfe37 | 37 fe 7d 22 d2 e2 00 00
stack at sp + 5 slots: 0x00007ff9401d42d6 ucrtbase.dll
stack at sp + 6 slots: 0x0000e2d2227dfe37 is an unknown value
stack at sp + 7 slots: 0x000001de00000000 is an unknown value

VM_Operation (0x0000004da03ff420): Exit, mode: safepoint, requested by thread 0x000001de9433ebf0


---------------  P R O C E S S  ---------------

Threads class SMR info:
_java_thread_list=0x000001de950f0360, length=21, elements={
0x000001deefcb1260, 0x000001deff956d90, 0x000001deff9583a0, 0x000001deff96fe80,
0x000001deff972850, 0x000001deff974db0, 0x000001deff975f00, 0x000001deff976c90,
0x000001deff977ed0, 0x000001deff9914a0, 0x000001de939d0650, 0x000001de94341c10,
0x000001de94341270, 0x000001de9433ff30, 0x000001de943408d0, 0x000001de9433fa60,
0x000001de94340400, 0x000001de9433f590, 0x000001de943420e0, 0x000001de94340da0,
0x000001de9433ebf0
}

Java Threads: ( => current thread )
  0x000001deefcb1260 JavaThread "main" [_thread_blocked, id=28316, stack(0x0000004da0600000,0x0000004da0700000)]
  0x000001deff956d90 JavaThread "Reference Handler" daemon [_thread_blocked, id=5672, stack(0x0000004da0d00000,0x0000004da0e00000)]
  0x000001deff9583a0 JavaThread "Finalizer" daemon [_thread_blocked, id=30756, stack(0x0000004da0e00000,0x0000004da0f00000)]
  0x000001deff96fe80 JavaThread "Signal Dispatcher" daemon [_thread_blocked, id=31132, stack(0x0000004da0f00000,0x0000004da1000000)]
  0x000001deff972850 JavaThread "Attach Listener" daemon [_thread_blocked, id=19460, stack(0x0000004da1000000,0x0000004da1100000)]
  0x000001deff974db0 JavaThread "Service Thread" daemon [_thread_blocked, id=25752, stack(0x0000004da1100000,0x0000004da1200000)]
  0x000001deff975f00 JavaThread "Monitor Deflation Thread" daemon [_thread_blocked, id=19992, stack(0x0000004da1200000,0x0000004da1300000)]
  0x000001deff976c90 JavaThread "C2 CompilerThread0" daemon [_thread_blocked, id=34008, stack(0x0000004da1300000,0x0000004da1400000)]
  0x000001deff977ed0 JavaThread "C1 CompilerThread0" daemon [_thread_blocked, id=26988, stack(0x0000004da1400000,0x0000004da1500000)]
  0x000001deff9914a0 JavaThread "Sweeper thread" daemon [_thread_blocked, id=34148, stack(0x0000004da1500000,0x0000004da1600000)]
  0x000001de939d0650 JavaThread "Common-Cleaner" daemon [_thread_blocked, id=12680, stack(0x0000004da1600000,0x0000004da1700000)]
  0x000001de94341c10 JavaThread "Monitor Ctrl-Break" daemon [_thread_in_native, id=30392, stack(0x0000004da1900000,0x0000004da1a00000)]
  0x000001de94341270 JavaThread "Notification Thread" daemon [_thread_blocked, id=17312, stack(0x0000004da1a00000,0x0000004da1b00000)]
  0x000001de9433ff30 JavaThread "QuantumRenderer-0" daemon [_thread_blocked, id=21548, stack(0x0000004da1800000,0x0000004da1900000)]
  0x000001de943408d0 JavaThread "InvokeLaterDispatcher" daemon [_thread_blocked, id=33184, stack(0x0000004da1c00000,0x0000004da1d00000)]
  0x000001de9433fa60 JavaThread "JavaFX Application Thread" [_thread_in_native, id=34024, stack(0x0000004da1d00000,0x0000004da1e00000)]
  0x000001de94340400 JavaThread "Thread-1" daemon [_thread_in_native, id=33592, stack(0x0000004da2100000,0x0000004da2200000)]
  0x000001de9433f590 JavaThread "JavaFX-Launcher" [_thread_blocked, id=23776, stack(0x0000004da2200000,0x0000004da2300000)]
  0x000001de943420e0 JavaThread "Prism Font Disposer" daemon [_thread_blocked, id=29692, stack(0x0000004da2a00000,0x0000004da2b00000)]
  0x000001de94340da0 JavaThread "Cleaner-0" daemon [_thread_blocked, id=31816, stack(0x0000004da2d00000,0x0000004da2e00000)]
  0x000001de9433ebf0 JavaThread "SIGINT handler" daemon [_thread_blocked, id=32064, stack(0x0000004da0300000,0x0000004da0400000)]

Other Threads:
=>0x000001deff9515f0 VMThread "VM Thread" [stack: 0x0000004da0c00000,0x0000004da0d00000] [id=24100]
  0x000001deefd031f0 GCTaskThread "GC Thread#0" [stack: 0x0000004da0700000,0x0000004da0800000] [id=34440]
  0x000001de944187e0 GCTaskThread "GC Thread#1" [stack: 0x0000004da2300000,0x0000004da2400000] [id=33132]
  0x000001de93d0b190 GCTaskThread "GC Thread#2" [stack: 0x0000004da2400000,0x0000004da2500000] [id=30548]
  0x000001de93d0ecd0 GCTaskThread "GC Thread#3" [stack: 0x0000004da2500000,0x0000004da2600000] [id=25760]
  0x000001de94417cd0 GCTaskThread "GC Thread#4" [stack: 0x0000004da2600000,0x0000004da2700000] [id=34304]
  0x000001de946760c0 GCTaskThread "GC Thread#5" [stack: 0x0000004da2700000,0x0000004da2800000] [id=23896]
  0x000001de951c9c60 GCTaskThread "GC Thread#6" [stack: 0x0000004da2b00000,0x0000004da2c00000] [id=33032]
  0x000001de94d166f0 GCTaskThread "GC Thread#7" [stack: 0x0000004da2c00000,0x0000004da2d00000] [id=23004]
  0x000001deefd13db0 ConcurrentGCThread "G1 Main Marker" terminated
  0x000001deefd14f60 ConcurrentGCThread "G1 Conc#0" [stack: 0x0000004da0900000,0x0000004da0a00000] [id=1432]
  0x000001deefd878c0 ConcurrentGCThread "G1 Refine#0" terminated
  0x000001deefd882e0 ConcurrentGCThread "G1 Service" terminated

Threads with active compile tasks:
C1 CompilerThread0  
[error occurred during error reporting (printing all threads), id 0xc0000005, EXCEPTION_ACCESS_VIOLATION (0xc0000005) at pc=0x00007ff8a54ce683]

VM state: at safepoint (shutting down)

VM Mutex/Monitor currently owned by a thread:  ([mutex/lock_event])
[0x000001deefcadd00] Threads_lock - owner thread: 0x000001deff9515f0
[0x000001deefcadeb0] Heap_lock - owner thread: 0x000001de9433ebf0

Heap address: 0x0000000703800000, size: 4040 MB, Compressed Oops mode: Zero based, Oop shift amount: 3

CDS archive(s) mapped at: [0x0000000800000000-0x0000000800bc0000-0x0000000800bc0000), size 12320768, SharedBaseAddress: 0x0000000800000000, ArchiveRelocationMode: 0.
Compressed class space mapped at: 0x0000000800c00000-0x0000000840c00000, reserved size: 1073741824
Narrow klass base: 0x0000000800000000, Narrow klass shift: 0, Narrow klass range: 0x100000000

GC Precious Log:
 CPUs: 8 total, 8 available
 Memory: 16155M
 Large Page Support: Disabled
 NUMA Support: Disabled
 Compressed Oops: Enabled (Zero based)
 Heap Region Size: 2M
 Heap Min Capacity: 8M
 Heap Initial Capacity: 254M
 Heap Max Capacity: 4040M
 Pre-touch: Disabled
 Parallel Workers: 8
 Concurrent Workers: 2
 Concurrent Refinement Workers: 8
 Periodic GC: Disabled

Heap:
 garbage-first heap   total 260096K, used 33913K [0x0000000703800000, 0x0000000800000000)
  region size 2048K, 16 young (32768K), 3 survivors (6144K)
 Metaspace       used 18949K, committed 19200K, reserved 1073152K
  class space    used 2538K, committed 2624K, reserved 1048576K

Heap Regions: E=young(eden), S=young(survivor), O=old, HS=humongous(starts), HC=humongous(continues), CS=collection set, F=free, OA=open archive, CA=closed archive, TAMS=top-at-mark-start (previous, next)
|   0|0x0000000703800000, 0x000000070391e400, 0x0000000703a00000| 55%| O|  |TAMS 0x0000000703800000, 0x0000000703800000| Untracked 
|   1|0x0000000703a00000, 0x0000000703c00000, 0x0000000703c00000|100%|HS|  |TAMS 0x0000000703a00000, 0x0000000703a00000| Complete 
|   2|0x0000000703c00000, 0x0000000703c00000, 0x0000000703e00000|  0%| F|  |TAMS 0x0000000703c00000, 0x0000000703c00000| Untracked 
|   3|0x0000000703e00000, 0x0000000703e00000, 0x0000000704000000|  0%| F|  |TAMS 0x0000000703e00000, 0x0000000703e00000| Untracked 
|   4|0x0000000704000000, 0x0000000704000000, 0x0000000704200000|  0%| F|  |TAMS 0x0000000704000000, 0x0000000704000000| Untracked 
|   5|0x0000000704200000, 0x0000000704200000, 0x0000000704400000|  0%| F|  |TAMS 0x0000000704200000, 0x0000000704200000| Untracked 
|   6|0x0000000704400000, 0x0000000704400000, 0x0000000704600000|  0%| F|  |TAMS 0x0000000704400000, 0x0000000704400000| Untracked 
|   7|0x0000000704600000, 0x0000000704600000, 0x0000000704800000|  0%| F|  |TAMS 0x0000000704600000, 0x0000000704600000| Untracked 
|   8|0x0000000704800000, 0x0000000704800000, 0x0000000704a00000|  0%| F|  |TAMS 0x0000000704800000, 0x0000000704800000| Untracked 
|   9|0x0000000704a00000, 0x0000000704a00000, 0x0000000704c00000|  0%| F|  |TAMS 0x0000000704a00000, 0x0000000704a00000| Untracked 
|  10|0x0000000704c00000, 0x0000000704c00000, 0x0000000704e00000|  0%| F|  |TAMS 0x0000000704c00000, 0x0000000704c00000| Untracked 
|  11|0x0000000704e00000, 0x0000000704e00000, 0x0000000705000000|  0%| F|  |TAMS 0x0000000704e00000, 0x0000000704e00000| Untracked 
|  12|0x0000000705000000, 0x0000000705000000, 0x0000000705200000|  0%| F|  |TAMS 0x0000000705000000, 0x0000000705000000| Untracked 
|  13|0x0000000705200000, 0x0000000705200000, 0x0000000705400000|  0%| F|  |TAMS 0x0000000705200000, 0x0000000705200000| Untracked 
|  14|0x0000000705400000, 0x0000000705400000, 0x0000000705600000|  0%| F|  |TAMS 0x0000000705400000, 0x0000000705400000| Untracked 
|  15|0x0000000705600000, 0x0000000705600000, 0x0000000705800000|  0%| F|  |TAMS 0x0000000705600000, 0x0000000705600000| Untracked 
|  16|0x0000000705800000, 0x0000000705800000, 0x0000000705a00000|  0%| F|  |TAMS 0x0000000705800000, 0x0000000705800000| Untracked 
|  17|0x0000000705a00000, 0x0000000705a00000, 0x0000000705c00000|  0%| F|  |TAMS 0x0000000705a00000, 0x0000000705a00000| Untracked 
|  18|0x0000000705c00000, 0x0000000705c00000, 0x0000000705e00000|  0%| F|  |TAMS 0x0000000705c00000, 0x0000000705c00000| Untracked 
|  19|0x0000000705e00000, 0x0000000705e00000, 0x0000000706000000|  0%| F|  |TAMS 0x0000000705e00000, 0x0000000705e00000| Untracked 
|  20|0x0000000706000000, 0x0000000706000000, 0x0000000706200000|  0%| F|  |TAMS 0x0000000706000000, 0x0000000706000000| Untracked 
|  21|0x0000000706200000, 0x0000000706200000, 0x0000000706400000|  0%| F|  |TAMS 0x0000000706200000, 0x0000000706200000| Untracked 
|  22|0x0000000706400000, 0x0000000706400000, 0x0000000706600000|  0%| F|  |TAMS 0x0000000706400000, 0x0000000706400000| Untracked 
|  23|0x0000000706600000, 0x0000000706600000, 0x0000000706800000|  0%| F|  |TAMS 0x0000000706600000, 0x0000000706600000| Untracked 
|  24|0x0000000706800000, 0x0000000706800000, 0x0000000706a00000|  0%| F|  |TAMS 0x0000000706800000, 0x0000000706800000| Untracked 
|  25|0x0000000706a00000, 0x0000000706a00000, 0x0000000706c00000|  0%| F|  |TAMS 0x0000000706a00000, 0x0000000706a00000| Untracked 
|  26|0x0000000706c00000, 0x0000000706c00000, 0x0000000706e00000|  0%| F|  |TAMS 0x0000000706c00000, 0x0000000706c00000| Untracked 
|  27|0x0000000706e00000, 0x0000000706e00000, 0x0000000707000000|  0%| F|  |TAMS 0x0000000706e00000, 0x0000000706e00000| Untracked 
|  28|0x0000000707000000, 0x0000000707000000, 0x0000000707200000|  0%| F|  |TAMS 0x0000000707000000, 0x0000000707000000| Untracked 
|  29|0x0000000707200000, 0x0000000707200000, 0x0000000707400000|  0%| F|  |TAMS 0x0000000707200000, 0x0000000707200000| Untracked 
|  30|0x0000000707400000, 0x0000000707400000, 0x0000000707600000|  0%| F|  |TAMS 0x0000000707400000, 0x0000000707400000| Untracked 
|  31|0x0000000707600000, 0x0000000707600000, 0x0000000707800000|  0%| F|  |TAMS 0x0000000707600000, 0x0000000707600000| Untracked 
|  32|0x0000000707800000, 0x0000000707800000, 0x0000000707a00000|  0%| F|  |TAMS 0x0000000707800000, 0x0000000707800000| Untracked 
|  33|0x0000000707a00000, 0x0000000707a00000, 0x0000000707c00000|  0%| F|  |TAMS 0x0000000707a00000, 0x0000000707a00000| Untracked 
|  34|0x0000000707c00000, 0x0000000707c00000, 0x0000000707e00000|  0%| F|  |TAMS 0x0000000707c00000, 0x0000000707c00000| Untracked 
|  35|0x0000000707e00000, 0x0000000707e00000, 0x0000000708000000|  0%| F|  |TAMS 0x0000000707e00000, 0x0000000707e00000| Untracked 
|  36|0x0000000708000000, 0x0000000708000000, 0x0000000708200000|  0%| F|  |TAMS 0x0000000708000000, 0x0000000708000000| Untracked 
|  37|0x0000000708200000, 0x0000000708200000, 0x0000000708400000|  0%| F|  |TAMS 0x0000000708200000, 0x0000000708200000| Untracked 
|  38|0x0000000708400000, 0x0000000708400000, 0x0000000708600000|  0%| F|  |TAMS 0x0000000708400000, 0x0000000708400000| Untracked 
|  39|0x0000000708600000, 0x0000000708600000, 0x0000000708800000|  0%| F|  |TAMS 0x0000000708600000, 0x0000000708600000| Untracked 
|  40|0x0000000708800000, 0x0000000708800000, 0x0000000708a00000|  0%| F|  |TAMS 0x0000000708800000, 0x0000000708800000| Untracked 
|  41|0x0000000708a00000, 0x0000000708a00000, 0x0000000708c00000|  0%| F|  |TAMS 0x0000000708a00000, 0x0000000708a00000| Untracked 
|  42|0x0000000708c00000, 0x0000000708c00000, 0x0000000708e00000|  0%| F|  |TAMS 0x0000000708c00000, 0x0000000708c00000| Untracked 
|  43|0x0000000708e00000, 0x0000000708e00000, 0x0000000709000000|  0%| F|  |TAMS 0x0000000708e00000, 0x0000000708e00000| Untracked 
|  44|0x0000000709000000, 0x0000000709000000, 0x0000000709200000|  0%| F|  |TAMS 0x0000000709000000, 0x0000000709000000| Untracked 
|  45|0x0000000709200000, 0x0000000709200000, 0x0000000709400000|  0%| F|  |TAMS 0x0000000709200000, 0x0000000709200000| Untracked 
|  46|0x0000000709400000, 0x0000000709400000, 0x0000000709600000|  0%| F|  |TAMS 0x0000000709400000, 0x0000000709400000| Untracked 
|  47|0x0000000709600000, 0x0000000709600000, 0x0000000709800000|  0%| F|  |TAMS 0x0000000709600000, 0x0000000709600000| Untracked 
|  48|0x0000000709800000, 0x0000000709800000, 0x0000000709a00000|  0%| F|  |TAMS 0x0000000709800000, 0x0000000709800000| Untracked 
|  49|0x0000000709a00000, 0x0000000709a00000, 0x0000000709c00000|  0%| F|  |TAMS 0x0000000709a00000, 0x0000000709a00000| Untracked 
|  50|0x0000000709c00000, 0x0000000709c00000, 0x0000000709e00000|  0%| F|  |TAMS 0x0000000709c00000, 0x0000000709c00000| Untracked 
|  51|0x0000000709e00000, 0x0000000709e00000, 0x000000070a000000|  0%| F|  |TAMS 0x0000000709e00000, 0x0000000709e00000| Untracked 
|  52|0x000000070a000000, 0x000000070a000000, 0x000000070a200000|  0%| F|  |TAMS 0x000000070a000000, 0x000000070a000000| Untracked 
|  53|0x000000070a200000, 0x000000070a200000, 0x000000070a400000|  0%| F|  |TAMS 0x000000070a200000, 0x000000070a200000| Untracked 
|  54|0x000000070a400000, 0x000000070a400000, 0x000000070a600000|  0%| F|  |TAMS 0x000000070a400000, 0x000000070a400000| Untracked 
|  55|0x000000070a600000, 0x000000070a600000, 0x000000070a800000|  0%| F|  |TAMS 0x000000070a600000, 0x000000070a600000| Untracked 
|  56|0x000000070a800000, 0x000000070a800000, 0x000000070aa00000|  0%| F|  |TAMS 0x000000070a800000, 0x000000070a800000| Untracked 
|  57|0x000000070aa00000, 0x000000070aa00000, 0x000000070ac00000|  0%| F|  |TAMS 0x000000070aa00000, 0x000000070aa00000| Untracked 
|  58|0x000000070ac00000, 0x000000070ac00000, 0x000000070ae00000|  0%| F|  |TAMS 0x000000070ac00000, 0x000000070ac00000| Untracked 
|  59|0x000000070ae00000, 0x000000070ae00000, 0x000000070b000000|  0%| F|  |TAMS 0x000000070ae00000, 0x000000070ae00000| Untracked 
|  60|0x000000070b000000, 0x000000070b000000, 0x000000070b200000|  0%| F|  |TAMS 0x000000070b000000, 0x000000070b000000| Untracked 
|  61|0x000000070b200000, 0x000000070b200000, 0x000000070b400000|  0%| F|  |TAMS 0x000000070b200000, 0x000000070b200000| Untracked 
|  62|0x000000070b400000, 0x000000070b400000, 0x000000070b600000|  0%| F|  |TAMS 0x000000070b400000, 0x000000070b400000| Untracked 
|  63|0x000000070b600000, 0x000000070b600000, 0x000000070b800000|  0%| F|  |TAMS 0x000000070b600000, 0x000000070b600000| Untracked 
|  64|0x000000070b800000, 0x000000070b800000, 0x000000070ba00000|  0%| F|  |TAMS 0x000000070b800000, 0x000000070b800000| Untracked 
|  65|0x000000070ba00000, 0x000000070ba00000, 0x000000070bc00000|  0%| F|  |TAMS 0x000000070ba00000, 0x000000070ba00000| Untracked 
|  66|0x000000070bc00000, 0x000000070bc00000, 0x000000070be00000|  0%| F|  |TAMS 0x000000070bc00000, 0x000000070bc00000| Untracked 
|  67|0x000000070be00000, 0x000000070be00000, 0x000000070c000000|  0%| F|  |TAMS 0x000000070be00000, 0x000000070be00000| Untracked 
|  68|0x000000070c000000, 0x000000070c000000, 0x000000070c200000|  0%| F|  |TAMS 0x000000070c000000, 0x000000070c000000| Untracked 
|  69|0x000000070c200000, 0x000000070c200000, 0x000000070c400000|  0%| F|  |TAMS 0x000000070c200000, 0x000000070c200000| Untracked 
|  70|0x000000070c400000, 0x000000070c400000, 0x000000070c600000|  0%| F|  |TAMS 0x000000070c400000, 0x000000070c400000| Untracked 
|  71|0x000000070c600000, 0x000000070c600000, 0x000000070c800000|  0%| F|  |TAMS 0x000000070c600000, 0x000000070c600000| Untracked 
|  72|0x000000070c800000, 0x000000070c800000, 0x000000070ca00000|  0%| F|  |TAMS 0x000000070c800000, 0x000000070c800000| Untracked 
|  73|0x000000070ca00000, 0x000000070ca00000, 0x000000070cc00000|  0%| F|  |TAMS 0x000000070ca00000, 0x000000070ca00000| Untracked 
|  74|0x000000070cc00000, 0x000000070cc00000, 0x000000070ce00000|  0%| F|  |TAMS 0x000000070cc00000, 0x000000070cc00000| Untracked 
|  75|0x000000070ce00000, 0x000000070ce00000, 0x000000070d000000|  0%| F|  |TAMS 0x000000070ce00000, 0x000000070ce00000| Untracked 
|  76|0x000000070d000000, 0x000000070d000000, 0x000000070d200000|  0%| F|  |TAMS 0x000000070d000000, 0x000000070d000000| Untracked 
|  77|0x000000070d200000, 0x000000070d200000, 0x000000070d400000|  0%| F|  |TAMS 0x000000070d200000, 0x000000070d200000| Untracked 
|  78|0x000000070d400000, 0x000000070d400000, 0x000000070d600000|  0%| F|  |TAMS 0x000000070d400000, 0x000000070d400000| Untracked 
|  79|0x000000070d600000, 0x000000070d600000, 0x000000070d800000|  0%| F|  |TAMS 0x000000070d600000, 0x000000070d600000| Untracked 
|  80|0x000000070d800000, 0x000000070d800000, 0x000000070da00000|  0%| F|  |TAMS 0x000000070d800000, 0x000000070d800000| Untracked 
|  81|0x000000070da00000, 0x000000070da00000, 0x000000070dc00000|  0%| F|  |TAMS 0x000000070da00000, 0x000000070da00000| Untracked 
|  82|0x000000070dc00000, 0x000000070dc00000, 0x000000070de00000|  0%| F|  |TAMS 0x000000070dc00000, 0x000000070dc00000| Untracked 
|  83|0x000000070de00000, 0x000000070de00000, 0x000000070e000000|  0%| F|  |TAMS 0x000000070de00000, 0x000000070de00000| Untracked 
|  84|0x000000070e000000, 0x000000070e000000, 0x000000070e200000|  0%| F|  |TAMS 0x000000070e000000, 0x000000070e000000| Untracked 
|  85|0x000000070e200000, 0x000000070e200000, 0x000000070e400000|  0%| F|  |TAMS 0x000000070e200000, 0x000000070e200000| Untracked 
|  86|0x000000070e400000, 0x000000070e400000, 0x000000070e600000|  0%| F|  |TAMS 0x000000070e400000, 0x000000070e400000| Untracked 
|  87|0x000000070e600000, 0x000000070e600000, 0x000000070e800000|  0%| F|  |TAMS 0x000000070e600000, 0x000000070e600000| Untracked 
|  88|0x000000070e800000, 0x000000070e800000, 0x000000070ea00000|  0%| F|  |TAMS 0x000000070e800000, 0x000000070e800000| Untracked 
|  89|0x000000070ea00000, 0x000000070ea00000, 0x000000070ec00000|  0%| F|  |TAMS 0x000000070ea00000, 0x000000070ea00000| Untracked 
|  90|0x000000070ec00000, 0x000000070ec00000, 0x000000070ee00000|  0%| F|  |TAMS 0x000000070ec00000, 0x000000070ec00000| Untracked 
|  91|0x000000070ee00000, 0x000000070ee00000, 0x000000070f000000|  0%| F|  |TAMS 0x000000070ee00000, 0x000000070ee00000| Untracked 
|  92|0x000000070f000000, 0x000000070f000000, 0x000000070f200000|  0%| F|  |TAMS 0x000000070f000000, 0x000000070f000000| Untracked 
|  93|0x000000070f200000, 0x000000070f200000, 0x000000070f400000|  0%| F|  |TAMS 0x000000070f200000, 0x000000070f200000| Untracked 
|  94|0x000000070f400000, 0x000000070f400000, 0x000000070f600000|  0%| F|  |TAMS 0x000000070f400000, 0x000000070f400000| Untracked 
|  95|0x000000070f600000, 0x000000070f600000, 0x000000070f800000|  0%| F|  |TAMS 0x000000070f600000, 0x000000070f600000| Untracked 
|  96|0x000000070f800000, 0x000000070f800000, 0x000000070fa00000|  0%| F|  |TAMS 0x000000070f800000, 0x000000070f800000| Untracked 
|  97|0x000000070fa00000, 0x000000070fa00000, 0x000000070fc00000|  0%| F|  |TAMS 0x000000070fa00000, 0x000000070fa00000| Untracked 
|  98|0x000000070fc00000, 0x000000070fc00000, 0x000000070fe00000|  0%| F|  |TAMS 0x000000070fc00000, 0x000000070fc00000| Untracked 
|  99|0x000000070fe00000, 0x000000070fe00000, 0x0000000710000000|  0%| F|  |TAMS 0x000000070fe00000, 0x000000070fe00000| Untracked 
| 100|0x0000000710000000, 0x0000000710000000, 0x0000000710200000|  0%| F|  |TAMS 0x0000000710000000, 0x0000000710000000| Untracked 
| 101|0x0000000710200000, 0x0000000710200000, 0x0000000710400000|  0%| F|  |TAMS 0x0000000710200000, 0x0000000710200000| Untracked 
| 102|0x0000000710400000, 0x0000000710400000, 0x0000000710600000|  0%| F|  |TAMS 0x0000000710400000, 0x0000000710400000| Untracked 
| 103|0x0000000710600000, 0x0000000710600000, 0x0000000710800000|  0%| F|  |TAMS 0x0000000710600000, 0x0000000710600000| Untracked 
| 104|0x0000000710800000, 0x0000000710800000, 0x0000000710a00000|  0%| F|  |TAMS 0x0000000710800000, 0x0000000710800000| Untracked 
| 105|0x0000000710a00000, 0x0000000710c00000, 0x0000000710c00000|100%| S|CS|TAMS 0x0000000710a00000, 0x0000000710a00000| Complete 
| 106|0x0000000710c00000, 0x0000000710e00000, 0x0000000710e00000|100%| S|CS|TAMS 0x0000000710c00000, 0x0000000710c00000| Complete 
| 107|0x0000000710e00000, 0x0000000711000000, 0x0000000711000000|100%| S|CS|TAMS 0x0000000710e00000, 0x0000000710e00000| Complete 
| 108|0x0000000711000000, 0x0000000711000000, 0x0000000711200000|  0%| F|  |TAMS 0x0000000711000000, 0x0000000711000000| Untracked 
| 109|0x0000000711200000, 0x0000000711200000, 0x0000000711400000|  0%| F|  |TAMS 0x0000000711200000, 0x0000000711200000| Untracked 
| 110|0x0000000711400000, 0x0000000711400000, 0x0000000711600000|  0%| F|  |TAMS 0x0000000711400000, 0x0000000711400000| Untracked 
| 111|0x0000000711600000, 0x0000000711600000, 0x0000000711800000|  0%| F|  |TAMS 0x0000000711600000, 0x0000000711600000| Untracked 
| 112|0x0000000711800000, 0x0000000711800000, 0x0000000711a00000|  0%| F|  |TAMS 0x0000000711800000, 0x0000000711800000| Untracked 
| 113|0x0000000711a00000, 0x0000000711a00000, 0x0000000711c00000|  0%| F|  |TAMS 0x0000000711a00000, 0x0000000711a00000| Untracked 
| 114|0x0000000711c00000, 0x0000000711d2b870, 0x0000000711e00000| 58%| E|  |TAMS 0x0000000711c00000, 0x0000000711c00000| Complete 
| 115|0x0000000711e00000, 0x0000000712000000, 0x0000000712000000|100%| E|CS|TAMS 0x0000000711e00000, 0x0000000711e00000| Complete 
| 116|0x0000000712000000, 0x0000000712200000, 0x0000000712200000|100%| E|CS|TAMS 0x0000000712000000, 0x0000000712000000| Complete 
| 117|0x0000000712200000, 0x0000000712400000, 0x0000000712400000|100%| E|CS|TAMS 0x0000000712200000, 0x0000000712200000| Complete 
| 118|0x0000000712400000, 0x0000000712600000, 0x0000000712600000|100%| E|CS|TAMS 0x0000000712400000, 0x0000000712400000| Complete 
| 119|0x0000000712600000, 0x0000000712800000, 0x0000000712800000|100%| E|CS|TAMS 0x0000000712600000, 0x0000000712600000| Complete 
| 120|0x0000000712800000, 0x0000000712a00000, 0x0000000712a00000|100%| E|CS|TAMS 0x0000000712800000, 0x0000000712800000| Complete 
| 121|0x0000000712a00000, 0x0000000712c00000, 0x0000000712c00000|100%| E|CS|TAMS 0x0000000712a00000, 0x0000000712a00000| Complete 
| 122|0x0000000712c00000, 0x0000000712e00000, 0x0000000712e00000|100%| E|CS|TAMS 0x0000000712c00000, 0x0000000712c00000| Complete 
| 123|0x0000000712e00000, 0x0000000713000000, 0x0000000713000000|100%| E|CS|TAMS 0x0000000712e00000, 0x0000000712e00000| Complete 
| 124|0x0000000713000000, 0x0000000713200000, 0x0000000713200000|100%| E|CS|TAMS 0x0000000713000000, 0x0000000713000000| Complete 
| 125|0x0000000713200000, 0x0000000713400000, 0x0000000713400000|100%| E|CS|TAMS 0x0000000713200000, 0x0000000713200000| Complete 
| 126|0x0000000713400000, 0x0000000713600000, 0x0000000713600000|100%| E|CS|TAMS 0x0000000713400000, 0x0000000713400000| Complete 

Card table byte_map: [0x000001def8030000,0x000001def8820000] _byte_map_base: 0x000001def4814000

Marking Bits (Prev, Next): (CMBitMap*) 0x000001deefd03800, (CMBitMap*) 0x000001deefd03840
 Prev Bits: [0x000001def9010000, 0x000001defcf30000)
 Next Bits: [0x000001de8f000000, 0x000001de92f20000)

Polling page: 0x000001deef490000

Metaspace:

Usage:
  Non-class:     16.03 MB used.
      Class:      2.48 MB used.
       Both:     18.51 MB used.

Virtual space:
  Non-class space:       24.00 MB reserved,      16.19 MB ( 67%) committed,  3 nodes.
      Class space:        1.00 GB reserved,       2.56 MB ( <1%) committed,  1 nodes.
             Both:        1.02 GB reserved,      18.75 MB (  2%) committed. 

Chunk freelists:
   Non-Class:  3.56 MB
       Class:  1.44 MB
        Both:  5.00 MB

MaxMetaspaceSize: unlimited
CompressedClassSpaceSize: 1.00 GB
Initial GC threshold: 21.00 MB
Current GC threshold: 21.00 MB
CDS: on
MetaspaceReclaimPolicy: balanced
 - commit_granule_bytes: 65536.
 - commit_granule_words: 8192.
 - virtual_space_node_default_size: 1048576.
 - enlarge_chunks_in_place: 1.
 - new_chunks_are_fully_committed: 0.
 - uncommit_free_chunks: 1.
 - use_allocation_guard: 0.
 - handle_deallocations: 1.


Internal statistics:

num_allocs_failed_limit: 0.
num_arena_births: 236.
num_arena_deaths: 0.
num_vsnodes_births: 4.
num_vsnodes_deaths: 0.
num_space_committed: 300.
num_space_uncommitted: 0.
num_chunks_returned_to_freelist: 0.
num_chunks_taken_from_freelist: 816.
num_chunk_merges: 0.
num_chunk_splits: 551.
num_chunks_enlarged: 430.
num_purges: 0.
num_inconsistent_stats: 0.

CodeHeap 'non-profiled nmethods': size=120000Kb used=1579Kb max_used=1579Kb free=118420Kb
 bounds [0x000001de87ad0000, 0x000001de87d40000, 0x000001de8f000000]
CodeHeap 'profiled nmethods': size=120000Kb used=6747Kb max_used=6747Kb free=113252Kb
 bounds [0x000001de805a0000, 0x000001de80c40000, 0x000001de87ad0000]
CodeHeap 'non-nmethods': size=5760Kb used=1452Kb max_used=1500Kb free=4307Kb
 bounds [0x000001de80000000, 0x000001de80270000, 0x000001de805a0000]
 total_blobs=4308 nmethods=3489 adapters=730
 compilation: enabled
              stopped_count=0, restarted_count=0
 full_count=0

Compilation events (20 events):
Event: 131.920 Thread 0x000001deff977ed0 3483       3       java.lang.CharacterDataLatin1::digit (32 bytes)
Event: 131.920 Thread 0x000001deff977ed0 nmethod 3483 0x000001de80c34590 code [0x000001de80c34740, 0x000001de80c34998]
Event: 131.926 Thread 0x000001deff976c90 nmethod 3482 0x000001de87c58210 code [0x000001de87c583c0, 0x000001de87c58638]
Event: 131.972 Thread 0x000001deff977ed0 3484       1       java.security.Provider::getName (5 bytes)
Event: 131.972 Thread 0x000001deff977ed0 nmethod 3484 0x000001de87c58990 code [0x000001de87c58b20, 0x000001de87c58bf8]
Event: 131.976 Thread 0x000001deff977ed0 3485       3       java.lang.Character::toLowerCase (6 bytes)
Event: 131.976 Thread 0x000001deff977ed0 nmethod 3485 0x000001de80c34a90 code [0x000001de80c34c40, 0x000001de80c34e98]
Event: 131.976 Thread 0x000001deff977ed0 3486       3       java.util.stream.StreamOpFlag::isKnown (19 bytes)
Event: 131.977 Thread 0x000001deff977ed0 nmethod 3486 0x000001de80c34f90 code [0x000001de80c35120, 0x000001de80c35298]
Event: 131.977 Thread 0x000001deff977ed0 3487  s    3       java.io.BufferedOutputStream::write (67 bytes)
Event: 131.977 Thread 0x000001deff977ed0 nmethod 3487 0x000001de80c35310 code [0x000001de80c35520, 0x000001de80c35c98]
Event: 131.977 Thread 0x000001deff977ed0 3489       3       org.postgresql.core.VisibleBufferedInputStream::ensureBytes (44 bytes)
Event: 131.977 Thread 0x000001deff977ed0 nmethod 3489 0x000001de80c35e90 code [0x000001de80c36040, 0x000001de80c362e8]
Event: 131.977 Thread 0x000001deff977ed0 3488       3       org.postgresql.core.VisibleBufferedInputStream::ensureBytes (7 bytes)
Event: 131.977 Thread 0x000001deff977ed0 nmethod 3488 0x000001de80c36410 code [0x000001de80c365c0, 0x000001de80c36708]
Event: 131.978 Thread 0x000001deff977ed0 3490       3       java.lang.CharacterDataLatin1::isJavaIdentifierStart (23 bytes)
Event: 131.978 Thread 0x000001deff977ed0 nmethod 3490 0x000001de80c36790 code [0x000001de80c36940, 0x000001de80c36b38]
Event: 193.696 Thread 0x000001deff976c90 3491       4       com.sun.javafx.tk.quantum.QuantumToolkit::postPulse (133 bytes)
Event: 193.727 Thread 0x000001deff976c90 nmethod 3491 0x000001de87c58c90 code [0x000001de87c58ea0, 0x000001de87c5a328]
Event: 203.566 Thread 0x000001deff977ed0 3492   !   3       java.util.concurrent.ConcurrentHashMap::replaceNode (437 bytes)

GC Heap History (4 events):
Event: 0.923 GC heap before
{Heap before GC invocations=0 (full 0):
 garbage-first heap   total 260096K, used 20480K [0x0000000703800000, 0x0000000800000000)
  region size 2048K, 11 young (22528K), 0 survivors (0K)
 Metaspace       used 5144K, committed 5312K, reserved 1056768K
  class space    used 611K, committed 704K, reserved 1048576K
}
Event: 0.926 GC heap after
{Heap after GC invocations=1 (full 0):
 garbage-first heap   total 260096K, used 2750K [0x0000000703800000, 0x0000000800000000)
  region size 2048K, 2 young (4096K), 2 survivors (4096K)
 Metaspace       used 5144K, committed 5312K, reserved 1056768K
  class space    used 611K, committed 704K, reserved 1048576K
}
Event: 2.547 GC heap before
{Heap before GC invocations=1 (full 0):
 garbage-first heap   total 260096K, used 35518K [0x0000000703800000, 0x0000000800000000)
  region size 2048K, 19 young (38912K), 2 survivors (4096K)
 Metaspace       used 13452K, committed 13632K, reserved 1064960K
  class space    used 1989K, committed 2112K, reserved 1048576K
}
Event: 2.556 GC heap after
{Heap after GC invocations=2 (full 0):
 garbage-first heap   total 260096K, used 7289K [0x0000000703800000, 0x0000000800000000)
  region size 2048K, 3 young (6144K), 3 survivors (6144K)
 Metaspace       used 13452K, committed 13632K, reserved 1064960K
  class space    used 1989K, committed 2112K, reserved 1048576K
}

Deoptimization events (20 events):
Event: 111.653 Thread 0x000001de9433fa60 Uncommon trap: trap_request=0xffffff45 fr.pc=0x000001de87bfdc60 relative=0x00000000000020e0
Event: 111.653 Thread 0x000001de9433fa60 Uncommon trap: reason=unstable_if action=reinterpret pc=0x000001de87bfdc60 method=com.sun.crypto.provider.PBKDF2KeyImpl.deriveKey(Ljavax/crypto/Mac;[B[BII)[B @ 172 c2
Event: 111.653 Thread 0x000001de9433fa60 DEOPT PACKING pc=0x000001de87bfdc60 sp=0x0000004da1dfa390
Event: 111.653 Thread 0x000001de9433fa60 DEOPT UNPACKING pc=0x000001de800523a3 sp=0x0000004da1dfa398 mode 2
Event: 111.681 Thread 0x000001de9433fa60 Uncommon trap: trap_request=0xffffff45 fr.pc=0x000001de87ae842c relative=0x000000000000046c
Event: 111.681 Thread 0x000001de9433fa60 Uncommon trap: reason=unstable_if action=reinterpret pc=0x000001de87ae842c method=java.lang.StringLatin1.newString([BII)Ljava/lang/String; @ 1 c2
Event: 111.681 Thread 0x000001de9433fa60 DEOPT PACKING pc=0x000001de87ae842c sp=0x0000004da1df9800
Event: 111.681 Thread 0x000001de9433fa60 DEOPT UNPACKING pc=0x000001de800523a3 sp=0x0000004da1df96f0 mode 2
Event: 111.807 Thread 0x000001de94340400 Uncommon trap: trap_request=0xffffff45 fr.pc=0x000001de87c097d0 relative=0x0000000000001030
Event: 111.807 Thread 0x000001de94340400 Uncommon trap: reason=unstable_if action=reinterpret pc=0x000001de87c097d0 method=java.util.concurrent.LinkedBlockingDeque.linkLast(Ljava/util/concurrent/LinkedBlockingDeque$Node;)Z @ 32 c2
Event: 111.807 Thread 0x000001de94340400 DEOPT PACKING pc=0x000001de87c097d0 sp=0x0000004da21ff540
Event: 111.808 Thread 0x000001de94340400 DEOPT UNPACKING pc=0x000001de800523a3 sp=0x0000004da21ff298 mode 2
Event: 203.565 Thread 0x000001de9433f0c0 Uncommon trap: trap_request=0xffffff45 fr.pc=0x000001de87c3aeec relative=0x000000000000016c
Event: 203.565 Thread 0x000001de9433f0c0 Uncommon trap: reason=unstable_if action=reinterpret pc=0x000001de87c3aeec method=java.util.concurrent.locks.ReentrantLock$NonfairSync.initialTryLock()Z @ 10 c2
Event: 203.565 Thread 0x000001de9433f0c0 DEOPT PACKING pc=0x000001de87c3aeec sp=0x0000004da05ff3b0
Event: 203.565 Thread 0x000001de9433f0c0 DEOPT UNPACKING pc=0x000001de800523a3 sp=0x0000004da05ff358 mode 2
Event: 203.565 Thread 0x000001de9433f0c0 Uncommon trap: trap_request=0xffffff45 fr.pc=0x000001de87bb3754 relative=0x00000000000000d4
Event: 203.565 Thread 0x000001de9433f0c0 Uncommon trap: reason=unstable_if action=reinterpret pc=0x000001de87bb3754 method=java.util.concurrent.locks.ReentrantLock$Sync.tryRelease(I)Z @ 26 c2
Event: 203.565 Thread 0x000001de9433f0c0 DEOPT PACKING pc=0x000001de87bb3754 sp=0x0000004da05ff3b0
Event: 203.565 Thread 0x000001de9433f0c0 DEOPT UNPACKING pc=0x000001de800523a3 sp=0x0000004da05ff350 mode 2

Classes unloaded (0 events):
No events

Classes redefined (0 events):
No events

Internal exceptions (20 events):
Event: 35.502 Thread 0x000001de9433fa60 Exception <a 'sun/nio/fs/WindowsException'{0x0000000712a7b868}> (0x0000000712a7b868) 
thrown [t:\workspace\open\src\hotspot\share\prims\jni.cpp, line 516]
Event: 35.505 Thread 0x000001de9433fa60 Exception <a 'java/lang/NoSuchMethodError'{0x0000000712a81708}: 'java.lang.Object java.lang.invoke.DirectMethodHandle$Holder.invokeVirtual(java.lang.Object, java.lang.Object, java.lang.Object, java.lang.Object)'> (0x0000000712a81708) 
thrown [t:\workspace\open\src\hotspot\share\interpreter\linkResolver.cpp, line 766]
Event: 35.516 Thread 0x000001de9433fa60 Exception <a 'java/lang/NoSuchMethodError'{0x0000000712ace390}: 'int java.lang.invoke.DirectMethodHandle$Holder.invokeStatic(java.lang.Object, java.lang.Object, java.lang.Object, java.lang.Object)'> (0x0000000712ace390) 
thrown [t:\workspace\open\src\hotspot\share\interpreter\linkResolver.cpp, line 766]
Event: 35.517 Thread 0x000001de9433fa60 Exception <a 'java/lang/NoSuchMethodError'{0x0000000712ad1e40}: 'int java.lang.invoke.DirectMethodHandle$Holder.invokeStaticInit(java.lang.Object, java.lang.Object, java.lang.Object, java.lang.Object)'> (0x0000000712ad1e40) 
thrown [t:\workspace\open\src\hotspot\share\interpreter\linkResolver.cpp, line 766]
Event: 35.517 Thread 0x000001de9433fa60 Exception <a 'java/lang/NoSuchMethodError'{0x0000000712adb690}: 'java.lang.Object java.lang.invoke.DirectMethodHandle$Holder.invokeInterface(java.lang.Object, java.lang.Object)'> (0x0000000712adb690) 
thrown [t:\workspace\open\src\hotspot\share\interpreter\linkResolver.cpp, line 766]
Event: 35.518 Thread 0x000001de9433fa60 Exception <a 'java/lang/IncompatibleClassChangeError'{0x0000000712adf130}: Found class java.lang.Object, but interface was expected> (0x0000000712adf130) 
thrown [t:\workspace\open\src\hotspot\share\interpreter\linkResolver.cpp, line 833]
Event: 35.561 Thread 0x000001de9433fa60 Exception <a 'java/lang/NoSuchMethodError'{0x0000000712b9ab08}: 'int java.lang.invoke.DirectMethodHandle$Holder.invokeSpecial(java.lang.Object, java.lang.Object, java.lang.Object)'> (0x0000000712b9ab08) 
thrown [t:\workspace\open\src\hotspot\share\interpreter\linkResolver.cpp, line 766]
Event: 35.603 Thread 0x000001de9433fa60 Exception <a 'java/lang/NoSuchMethodError'{0x0000000712803470}: 'java.lang.Object java.lang.invoke.DirectMethodHandle$Holder.invokeStaticInit(java.lang.Object, int, int, int, int)'> (0x0000000712803470) 
thrown [t:\workspace\open\src\hotspot\share\interpreter\linkResolver.cpp, line 766]
Event: 35.656 Thread 0x000001de9433fa60 Exception <a 'java/lang/NoSuchMethodError'{0x00000007128eff10}: 'java.lang.Object java.lang.invoke.DirectMethodHandle$Holder.invokeStaticInit(java.lang.Object, java.lang.Object, int, int, int, int)'> (0x00000007128eff10) 
thrown [t:\workspace\open\src\hotspot\share\interpreter\linkResolver.cpp, line 766]
Event: 35.702 Thread 0x000001de9433fa60 Exception <a 'sun/nio/fs/WindowsException'{0x000000071265c288}> (0x000000071265c288) 
thrown [t:\workspace\open\src\hotspot\share\prims\jni.cpp, line 516]
Event: 35.708 Thread 0x000001de9433fa60 Exception <a 'sun/nio/fs/WindowsException'{0x0000000712672150}> (0x0000000712672150) 
thrown [t:\workspace\open\src\hotspot\share\prims\jni.cpp, line 516]
Event: 35.756 Thread 0x000001de9433fa60 Implicit null exception at 0x000001de87bef853 to 0x000001de87bf01a4
Event: 71.789 Thread 0x000001de9433fa60 Exception <a 'java/lang/NoSuchMethodError'{0x000000071259fba8}: 'java.lang.Object java.lang.invoke.DirectMethodHandle$Holder.newInvokeSpecial(java.lang.Object, java.lang.Object, java.lang.Object, double, double, double, double, int, int, int, int, int, int, int, int, int)'> (0x000000071259fba8) 
thrown [t:\workspace\open\src\hotspot\share\interpreter\linkResolver.cpp, line 766]
Event: 111.647 Thread 0x000001de9433fa60 Implicit null exception at 0x000001de87bee653 to 0x000001de87beee74
Event: 111.681 Thread 0x000001de9433fa60 Exception <a 'sun/nio/fs/WindowsException'{0x0000000712058fb0}> (0x0000000712058fb0) 
thrown [t:\workspace\open\src\hotspot\share\prims\jni.cpp, line 516]
Event: 111.682 Thread 0x000001de9433fa60 Exception <a 'sun/nio/fs/WindowsException'{0x000000071205b3b8}> (0x000000071205b3b8) 
thrown [t:\workspace\open\src\hotspot\share\prims\jni.cpp, line 516]
Event: 111.684 Thread 0x000001de9433fa60 Exception <a 'sun/nio/fs/WindowsException'{0x0000000712078cd8}> (0x0000000712078cd8) 
thrown [t:\workspace\open\src\hotspot\share\prims\jni.cpp, line 516]
Event: 114.892 Thread 0x000001de9433fa60 Exception <a 'java/lang/NoSuchMethodError'{0x00000007121a3540}: 'java.lang.Object java.lang.invoke.DirectMethodHandle$Holder.newInvokeSpecial(java.lang.Object, java.lang.Object, int, int, int, int, int, java.lang.Object)'> (0x00000007121a3540) 
thrown [t:\workspace\open\src\hotspot\share\interpreter\linkResolver.cpp, line 766]
Event: 114.894 Thread 0x000001de9433fa60 Exception <a 'java/lang/NoSuchMethodError'{0x00000007121b6d18}: 'java.lang.Object java.lang.invoke.DirectMethodHandle$Holder.newInvokeSpecial(java.lang.Object, java.lang.Object, java.lang.Object, int, int, int, int, int)'> (0x00000007121b6d18) 
thrown [t:\workspace\open\src\hotspot\share\interpreter\linkResolver.cpp, line 766]
Event: 114.895 Thread 0x000001de9433fa60 Exception <a 'java/lang/NoSuchMethodError'{0x00000007121bf018}: 'java.lang.Object java.lang.invoke.Invokers$Holder.linkToTargetMethod(java.lang.Object, java.lang.Object, int, int, int, int, int, java.lang.Object)'> (0x00000007121bf018) 
thrown [t:\workspace\open\src\hotspot\share\interpreter\linkResolver.cpp, line 766]

VM Operations (20 events):
Event: 103.808 Executing VM operation: Cleanup done
Event: 105.809 Executing VM operation: Cleanup
Event: 105.809 Executing VM operation: Cleanup done
Event: 107.810 Executing VM operation: Cleanup
Event: 107.810 Executing VM operation: Cleanup done
Event: 108.811 Executing VM operation: Cleanup
Event: 108.811 Executing VM operation: Cleanup done
Event: 110.812 Executing VM operation: Cleanup
Event: 110.812 Executing VM operation: Cleanup done
Event: 111.679 Executing VM operation: HandshakeAllThreads
Event: 111.679 Executing VM operation: HandshakeAllThreads done
Event: 112.679 Executing VM operation: Cleanup
Event: 112.679 Executing VM operation: Cleanup done
Event: 113.680 Executing VM operation: Cleanup
Event: 113.680 Executing VM operation: Cleanup done
Event: 115.681 Executing VM operation: Cleanup
Event: 115.681 Executing VM operation: Cleanup done
Event: 132.691 Executing VM operation: Cleanup
Event: 132.691 Executing VM operation: Cleanup done
Event: 203.566 Executing VM operation: Exit

Events (20 events):
Event: 111.683 loading class java/util/ResourceBundle$Control$1
Event: 111.683 loading class java/util/ResourceBundle$Control$1 done
Event: 111.684 loading class java/text/MessageFormat
Event: 111.684 loading class java/text/MessageFormat done
Event: 111.685 loading class java/text/MessageFormat$Field
Event: 111.685 loading class java/text/MessageFormat$Field done
Event: 111.686 loading class java/lang/Throwable$WrappedPrintStream
Event: 111.686 loading class java/lang/Throwable$PrintStreamOrWriter
Event: 111.686 loading class java/lang/Throwable$PrintStreamOrWriter done
Event: 111.686 loading class java/lang/Throwable$WrappedPrintStream done
Event: 112.304 Thread 0x000001de94c67720 Thread exited: 0x000001de94c67720
Event: 114.889 loading class java/text/StringCharacterIterator
Event: 114.890 loading class java/text/StringCharacterIterator done
Event: 203.562 loading class jdk/internal/misc/Signal$1
Event: 203.562 loading class jdk/internal/misc/Signal$1 done
Event: 203.563 Thread 0x000001de9433ebf0 Thread added: 0x000001de9433ebf0
Event: 203.563 Thread 0x000001de94341740 Thread added: 0x000001de94341740
Event: 203.563 Thread 0x000001de9433f0c0 Thread added: 0x000001de9433f0c0
Event: 203.565 Thread 0x000001de94341740 Thread exited: 0x000001de94341740
Event: 203.566 Thread 0x000001de9433f0c0 Thread exited: 0x000001de9433f0c0


Dynamic libraries:
0x00007ff6cbd80000 - 0x00007ff6cbd90000 	C:\Program Files\Java\jdk-17.0.2\bin\java.exe
0x00007ff942550000 - 0x00007ff942748000 	C:\WINDOWS\SYSTEM32\ntdll.dll
0x00007ff941cb0000 - 0x00007ff941d6f000 	C:\WINDOWS\System32\KERNEL32.DLL
0x00007ff93fc50000 - 0x00007ff93ff22000 	C:\WINDOWS\System32\KERNELBASE.dll
0x00007ff9401c0000 - 0x00007ff9402c0000 	C:\WINDOWS\System32\ucrtbase.dll
0x00007ff93a8d0000 - 0x00007ff93a8e8000 	C:\Program Files\Java\jdk-17.0.2\bin\jli.dll
0x00007ff93a8b0000 - 0x00007ff93a8ca000 	C:\Program Files\Java\jdk-17.0.2\bin\VCRUNTIME140.dll
0x00007ff940be0000 - 0x00007ff940c8e000 	C:\WINDOWS\System32\ADVAPI32.dll
0x00007ff942190000 - 0x00007ff94222e000 	C:\WINDOWS\System32\msvcrt.dll
0x00007ff940dc0000 - 0x00007ff940e5c000 	C:\WINDOWS\System32\sechost.dll
0x00007ff9405a0000 - 0x00007ff9406c5000 	C:\WINDOWS\System32\RPCRT4.dll
0x00007ff9422f0000 - 0x00007ff94248d000 	C:\WINDOWS\System32\USER32.dll
0x00007ff93ffe0000 - 0x00007ff940002000 	C:\WINDOWS\System32\win32u.dll
0x00007ff91b880000 - 0x00007ff91bb1a000 	C:\WINDOWS\WinSxS\amd64_microsoft.windows.common-controls_6595b64144ccf1df_6.0.19041.1110_none_60b5254171f9507e\COMCTL32.dll
0x00007ff941000000 - 0x00007ff94102b000 	C:\WINDOWS\System32\GDI32.dll
0x00007ff9400b0000 - 0x00007ff9401bf000 	C:\WINDOWS\System32\gdi32full.dll
0x00007ff940010000 - 0x00007ff9400ad000 	C:\WINDOWS\System32\msvcp_win.dll
0x00007ff9374a0000 - 0x00007ff9374aa000 	C:\WINDOWS\SYSTEM32\VERSION.dll
0x00007ff940e60000 - 0x00007ff940e92000 	C:\WINDOWS\System32\IMM32.DLL
0x00007ff93a890000 - 0x00007ff93a89c000 	C:\Program Files\Java\jdk-17.0.2\bin\vcruntime140_1.dll
0x00007ff912340000 - 0x00007ff9123cd000 	C:\Program Files\Java\jdk-17.0.2\bin\msvcp140.dll
0x00007ff8a4d40000 - 0x00007ff8a5901000 	C:\Program Files\Java\jdk-17.0.2\bin\server\jvm.dll
0x00007ff941f20000 - 0x00007ff941f28000 	C:\WINDOWS\System32\PSAPI.DLL
0x00007ff916c40000 - 0x00007ff916c67000 	C:\WINDOWS\SYSTEM32\WINMM.dll
0x00007ff929c50000 - 0x00007ff929c59000 	C:\WINDOWS\SYSTEM32\WSOCK32.dll
0x00007ff9424a0000 - 0x00007ff94250b000 	C:\WINDOWS\System32\WS2_32.dll
0x00007ff93dcb0000 - 0x00007ff93dcc2000 	C:\WINDOWS\SYSTEM32\kernel.appcore.dll
0x00007ff93a810000 - 0x00007ff93a81a000 	C:\Program Files\Java\jdk-17.0.2\bin\jimage.dll
0x00007ff93d860000 - 0x00007ff93da44000 	C:\WINDOWS\SYSTEM32\DBGHELP.DLL
0x00007ff92d440000 - 0x00007ff92d46c000 	C:\WINDOWS\SYSTEM32\dbgcore.DLL
0x00007ff940380000 - 0x00007ff940402000 	C:\WINDOWS\System32\bcryptPrimitives.dll
0x00007ff939800000 - 0x00007ff93980e000 	C:\Program Files\Java\jdk-17.0.2\bin\instrument.dll
0x00007ff937150000 - 0x00007ff937175000 	C:\Program Files\Java\jdk-17.0.2\bin\java.dll
0x00007ff8fccc0000 - 0x00007ff8fcd96000 	C:\Program Files\Java\jdk-17.0.2\bin\jsvml.dll
0x00007ff941030000 - 0x00007ff941773000 	C:\WINDOWS\System32\SHELL32.dll
0x00007ff93dcd0000 - 0x00007ff93e462000 	C:\WINDOWS\SYSTEM32\windows.storage.dll
0x00007ff940880000 - 0x00007ff940bd4000 	C:\WINDOWS\System32\combase.dll
0x00007ff93f5d0000 - 0x00007ff93f600000 	C:\WINDOWS\SYSTEM32\Wldp.dll
0x00007ff941f30000 - 0x00007ff941fdd000 	C:\WINDOWS\System32\SHCORE.dll
0x00007ff942290000 - 0x00007ff9422e5000 	C:\WINDOWS\System32\shlwapi.dll
0x00007ff93fb90000 - 0x00007ff93fbaf000 	C:\WINDOWS\SYSTEM32\profapi.dll
0x00007ff92cc80000 - 0x00007ff92cc99000 	C:\Program Files\Java\jdk-17.0.2\bin\net.dll
0x00007ff9392c0000 - 0x00007ff9393cc000 	C:\WINDOWS\SYSTEM32\WINHTTP.dll
0x00007ff93f3b0000 - 0x00007ff93f41a000 	C:\WINDOWS\system32\mswsock.dll
0x00007ff91e220000 - 0x00007ff91e236000 	C:\Program Files\Java\jdk-17.0.2\bin\nio.dll
0x00007ff91e200000 - 0x00007ff91e218000 	C:\Program Files\Java\jdk-17.0.2\bin\zip.dll
0x00007ff914520000 - 0x00007ff91453a000 	C:\Program Files\JetBrains\IntelliJ IDEA Community Edition 2021.3.2\bin\breakgen64.dll
0x000001de92f40000 - 0x000001de92f43000 	C:\Users\яв \.openjfx\cache\17.0.1\api-ms-win-core-console-l1-1-0.dll
0x000001de92f50000 - 0x000001de92f53000 	C:\Users\яв \.openjfx\cache\17.0.1\api-ms-win-core-console-l1-2-0.dll
0x000001de92f60000 - 0x000001de92f63000 	C:\Users\яв \.openjfx\cache\17.0.1\api-ms-win-core-datetime-l1-1-0.dll
0x000001de92f70000 - 0x000001de92f73000 	C:\Users\яв \.openjfx\cache\17.0.1\api-ms-win-core-debug-l1-1-0.dll
0x000001de92f80000 - 0x000001de92f83000 	C:\Users\яв \.openjfx\cache\17.0.1\api-ms-win-core-errorhandling-l1-1-0.dll
0x000001de92f90000 - 0x000001de92f94000 	C:\Users\яв \.openjfx\cache\17.0.1\api-ms-win-core-file-l1-1-0.dll
0x000001de92fa0000 - 0x000001de92fa3000 	C:\Users\яв \.openjfx\cache\17.0.1\api-ms-win-core-file-l1-2-0.dll
0x000001de92fb0000 - 0x000001de92fb3000 	C:\Users\яв \.openjfx\cache\17.0.1\api-ms-win-core-file-l2-1-0.dll
0x000001de92fc0000 - 0x000001de92fc3000 	C:\Users\яв \.openjfx\cache\17.0.1\api-ms-win-core-handle-l1-1-0.dll
0x000001de92fd0000 - 0x000001de92fd3000 	C:\Users\яв \.openjfx\cache\17.0.1\api-ms-win-core-heap-l1-1-0.dll
0x000001de92fe0000 - 0x000001de92fe3000 	C:\Users\яв \.openjfx\cache\17.0.1\api-ms-win-core-interlocked-l1-1-0.dll
0x000001de92ff0000 - 0x000001de92ff3000 	C:\Users\яв \.openjfx\cache\17.0.1\api-ms-win-core-libraryloader-l1-1-0.dll
0x000001de95850000 - 0x000001de95853000 	C:\Users\яв \.openjfx\cache\17.0.1\api-ms-win-core-localization-l1-2-0.dll
0x000001de95860000 - 0x000001de95863000 	C:\Users\яв \.openjfx\cache\17.0.1\api-ms-win-core-memory-l1-1-0.dll
0x000001de95870000 - 0x000001de95873000 	C:\Users\яв \.openjfx\cache\17.0.1\api-ms-win-core-namedpipe-l1-1-0.dll
0x000001de954e0000 - 0x000001de954e3000 	C:\Users\яв \.openjfx\cache\17.0.1\api-ms-win-core-processenvironment-l1-1-0.dll
0x000001de954f0000 - 0x000001de954f3000 	C:\Users\яв \.openjfx\cache\17.0.1\api-ms-win-core-processthreads-l1-1-0.dll
0x000001de95500000 - 0x000001de95503000 	C:\Users\яв \.openjfx\cache\17.0.1\api-ms-win-core-processthreads-l1-1-1.dll
0x000001de95510000 - 0x000001de95513000 	C:\Users\яв \.openjfx\cache\17.0.1\api-ms-win-core-profile-l1-1-0.dll
0x000001de95520000 - 0x000001de95523000 	C:\Users\яв \.openjfx\cache\17.0.1\api-ms-win-core-rtlsupport-l1-1-0.dll
0x000001de95530000 - 0x000001de95533000 	C:\Users\яв \.openjfx\cache\17.0.1\api-ms-win-core-string-l1-1-0.dll
0x000001de95540000 - 0x000001de95543000 	C:\Users\яв \.openjfx\cache\17.0.1\api-ms-win-core-synch-l1-1-0.dll
0x000001de95550000 - 0x000001de95553000 	C:\Users\яв \.openjfx\cache\17.0.1\api-ms-win-core-synch-l1-2-0.dll
0x000001de95560000 - 0x000001de95563000 	C:\Users\яв \.openjfx\cache\17.0.1\api-ms-win-core-sysinfo-l1-1-0.dll
0x000001de95570000 - 0x000001de95573000 	C:\Users\яв \.openjfx\cache\17.0.1\api-ms-win-core-timezone-l1-1-0.dll
0x000001de95580000 - 0x000001de95583000 	C:\Users\яв \.openjfx\cache\17.0.1\api-ms-win-core-util-l1-1-0.dll
0x000001de95590000 - 0x000001de95593000 	C:\Users\яв \.openjfx\cache\17.0.1\api-ms-win-crt-conio-l1-1-0.dll
0x000001de955a0000 - 0x000001de955a4000 	C:\Users\яв \.openjfx\cache\17.0.1\api-ms-win-crt-convert-l1-1-0.dll
0x000001de957f0000 - 0x000001de957f3000 	C:\Users\яв \.openjfx\cache\17.0.1\api-ms-win-crt-environment-l1-1-0.dll
0x000001de95800000 - 0x000001de95803000 	C:\Users\яв \.openjfx\cache\17.0.1\api-ms-win-crt-filesystem-l1-1-0.dll
0x000001de95810000 - 0x000001de95813000 	C:\Users\яв \.openjfx\cache\17.0.1\api-ms-win-crt-heap-l1-1-0.dll
0x000001de95820000 - 0x000001de95823000 	C:\Users\яв \.openjfx\cache\17.0.1\api-ms-win-crt-locale-l1-1-0.dll
0x000001de95830000 - 0x000001de95835000 	C:\Users\яв \.openjfx\cache\17.0.1\api-ms-win-crt-math-l1-1-0.dll
0x000001de956d0000 - 0x000001de956d5000 	C:\Users\яв \.openjfx\cache\17.0.1\api-ms-win-crt-multibyte-l1-1-0.dll
0x000001de956e0000 - 0x000001de956f0000 	C:\Users\яв \.openjfx\cache\17.0.1\api-ms-win-crt-private-l1-1-0.dll
0x000001de956f0000 - 0x000001de956f3000 	C:\Users\яв \.openjfx\cache\17.0.1\api-ms-win-crt-process-l1-1-0.dll
0x000001de95700000 - 0x000001de95704000 	C:\Users\яв \.openjfx\cache\17.0.1\api-ms-win-crt-runtime-l1-1-0.dll
0x000001de95710000 - 0x000001de95714000 	C:\Users\яв \.openjfx\cache\17.0.1\api-ms-win-crt-stdio-l1-1-0.dll
0x000001de955b0000 - 0x000001de955b4000 	C:\Users\яв \.openjfx\cache\17.0.1\api-ms-win-crt-string-l1-1-0.dll
0x000001de955c0000 - 0x000001de955c3000 	C:\Users\яв \.openjfx\cache\17.0.1\api-ms-win-crt-time-l1-1-0.dll
0x000001de955d0000 - 0x000001de955d3000 	C:\Users\яв \.openjfx\cache\17.0.1\api-ms-win-crt-utility-l1-1-0.dll
0x00007ff8f5910000 - 0x00007ff8f5a0c000 	C:\Users\яв \.openjfx\cache\17.0.1\ucrtbase.dll
0x00007ff9144c0000 - 0x00007ff9144da000 	C:\Users\яв \.openjfx\cache\17.0.1\vcruntime140.dll
0x00007ff914490000 - 0x00007ff91449c000 	C:\Users\яв \.openjfx\cache\17.0.1\vcruntime140_1.dll
0x00007ff8fcdf0000 - 0x00007ff8fce7d000 	C:\Users\яв \.openjfx\cache\17.0.1\msvcp140.dll
0x00007ff914460000 - 0x00007ff91448a000 	C:\Users\яв \.openjfx\cache\17.0.1\prism_d3d.dll
0x00007ff8d0de0000 - 0x00007ff8d0faf000 	C:\WINDOWS\system32\d3d9.dll
0x00007ff93d420000 - 0x00007ff93d44f000 	C:\WINDOWS\SYSTEM32\dwmapi.dll
0x00007ff93c1e0000 - 0x00007ff93c27e000 	C:\WINDOWS\system32\uxtheme.dll
0x00007ff8d0c30000 - 0x00007ff8d0dd2000 	C:\WINDOWS\System32\DriverStore\FileRepository\iigd_dch.inf_amd64_52ad2da9d64c0488\igdumdim64.dll
0x00007ff940c90000 - 0x00007ff940dba000 	C:\WINDOWS\System32\ole32.dll
0x00007ff8ccbc0000 - 0x00007ff8d07d0000 	C:\WINDOWS\System32\DriverStore\FileRepository\iigd_dch.inf_amd64_52ad2da9d64c0488\igd9dxva64.dll
0x00007ff941d70000 - 0x00007ff941e3d000 	C:\WINDOWS\System32\OLEAUT32.dll
0x00007ff941780000 - 0x00007ff941be8000 	C:\WINDOWS\System32\SETUPAPI.dll
0x00007ff9402c0000 - 0x00007ff94030e000 	C:\WINDOWS\System32\cfgmgr32.dll
0x00007ff940410000 - 0x00007ff940437000 	C:\WINDOWS\System32\bcrypt.dll
0x00007ff9224b0000 - 0x00007ff922877000 	C:\WINDOWS\System32\DriverStore\FileRepository\iigd_dch.inf_amd64_52ad2da9d64c0488\igdgmm64.dll
0x00007ff912550000 - 0x00007ff912592000 	C:\Users\яв \.openjfx\cache\17.0.1\glass.dll
0x00007ff941e40000 - 0x00007ff941f1a000 	C:\WINDOWS\System32\COMDLG32.dll
0x00007ff941fe0000 - 0x00007ff9420f5000 	C:\WINDOWS\System32\MSCTF.dll
0x00007ff8e7f90000 - 0x00007ff8e7fb7000 	C:\WINDOWS\System32\DriverStore\FileRepository\iigd_dch.inf_amd64_52ad2da9d64c0488\igdinfo64.dll
0x00007ff93f610000 - 0x00007ff93f628000 	C:\WINDOWS\SYSTEM32\CRYPTSP.dll
0x00007ff93ec80000 - 0x00007ff93ecb4000 	C:\WINDOWS\system32\rsaenh.dll
0x00007ff93f540000 - 0x00007ff93f54c000 	C:\WINDOWS\SYSTEM32\CRYPTBASE.dll
0x00007ff91ec90000 - 0x00007ff922242000 	C:\WINDOWS\System32\DriverStore\FileRepository\iigd_dch.inf_amd64_52ad2da9d64c0488\igc64.dll
0x00007ff938fc0000 - 0x00007ff938ffb000 	C:\WINDOWS\SYSTEM32\dxcore.dll
0x00007ff914440000 - 0x00007ff914454000 	C:\Users\яв \.openjfx\cache\17.0.1\javafx_font.dll
0x00007ff922880000 - 0x00007ff922aff000 	C:\WINDOWS\SYSTEM32\dwrite.dll
0x00007ff929f60000 - 0x00007ff92a114000 	C:\WINDOWS\SYSTEM32\WindowsCodecs.dll
0x00007ff906eb0000 - 0x00007ff906eee000 	C:\WINDOWS\system32\dataexchange.dll
0x00007ff93b360000 - 0x00007ff93b5c3000 	C:\WINDOWS\system32\d3d11.dll
0x00007ff93b5d0000 - 0x00007ff93b7b3000 	C:\WINDOWS\system32\dcomp.dll
0x00007ff93e4d0000 - 0x00007ff93e5c3000 	C:\WINDOWS\system32\dxgi.dll
0x00007ff9364b0000 - 0x00007ff9366b0000 	C:\WINDOWS\system32\twinapi.appcore.dll
0x00007ff902480000 - 0x00007ff9024b4000 	C:\Program Files\Common Files\Microsoft Shared\Ink\rtscom.dll
0x00007ff927930000 - 0x00007ff927a29000 	C:\WINDOWS\SYSTEM32\textinputframework.dll
0x00007ff93bc40000 - 0x00007ff93bf9e000 	C:\WINDOWS\System32\CoreUIComponents.dll
0x00007ff93bb40000 - 0x00007ff93bc32000 	C:\WINDOWS\System32\CoreMessaging.dll
0x00007ff93c430000 - 0x00007ff93c584000 	C:\WINDOWS\SYSTEM32\wintypes.dll
0x00007ff93eda0000 - 0x00007ff93edd3000 	C:\WINDOWS\SYSTEM32\ntmarta.dll
0x00007ff93f0b0000 - 0x00007ff93f17a000 	C:\WINDOWS\SYSTEM32\DNSAPI.dll

dbghelp: loaded successfully - version: 4.0.5 - missing functions: none
symbol engine: initialized successfully - sym options: 0x614 - pdb path: .;C:\Program Files\Java\jdk-17.0.2\bin;C:\WINDOWS\SYSTEM32;C:\WINDOWS\WinSxS\amd64_microsoft.windows.common-controls_6595b64144ccf1df_6.0.19041.1110_none_60b5254171f9507e;C:\Program Files\Java\jdk-17.0.2\bin\server;C:\Program Files\JetBrains\IntelliJ IDEA Community Edition 2021.3.2\bin;C:\Users\яв \.openjfx\cache\17.0.1;C:\WINDOWS\System32\DriverStore\FileRepository\iigd_dch.inf_amd64_52ad2da9d64c0488;C:\Program Files\Common Files\Microsoft Shared\Ink

VM Arguments:
jvm_args: -javaagent:C:\Program Files\JetBrains\IntelliJ IDEA Community Edition 2021.3.2\lib\idea_rt.jar=59082:C:\Program Files\JetBrains\IntelliJ IDEA Community Edition 2021.3.2\bin -Dfile.encoding=UTF-8 --module-path=C:\Users\яв \.m2\repository\org\openjfx\javafx-graphics\17.0.1\javafx-graphics-17.0.1-win.jar;C:\Users\яв \.m2\repository\org\openjfx\javafx-controls\17.0.1\javafx-controls-17.0.1-win.jar;C:\Users\яв \.m2\repository\org\openjfx\javafx-fxml\17.0.1\javafx-fxml-17.0.1-win.jar;C:\Users\яв \.m2\repository\org\openjfx\javafx-base\17.0.1\javafx-base-17.0.1-win.jar;D:\BD\target\classes -Djdk.module.main=com.example.bd 
java_command: com.example.bd/com.example.bd.HelloApplication
java_class_path (initial): C:\Users\яв \.m2\repository\org\openjfx\javafx-controls\17.0.1\javafx-controls-17.0.1.jar;C:\Users\яв \.m2\repository\org\openjfx\javafx-graphics\17.0.1\javafx-graphics-17.0.1.jar;C:\Users\яв \.m2\repository\org\openjfx\javafx-base\17.0.1\javafx-base-17.0.1.jar;C:\Users\яв \.m2\repository\org\openjfx\javafx-fxml\17.0.1\javafx-fxml-17.0.1.jar;D:\postgresql-42.5.1.jar
Launcher Type: SUN_STANDARD

[Global flags]
     intx CICompilerCount                          = 4                                         {product} {ergonomic}
     uint ConcGCThreads                            = 2                                         {product} {ergonomic}
     uint G1ConcRefinementThreads                  = 8                                         {product} {ergonomic}
   size_t G1HeapRegionSize                         = 2097152                                   {product} {ergonomic}
    uintx GCDrainStackTargetSize                   = 64                                        {product} {ergonomic}
   size_t InitialHeapSize                          = 266338304                                 {product} {ergonomic}
   size_t MarkStackSize                            = 4194304                                   {product} {ergonomic}
   size_t MaxHeapSize                              = 4236247040                                {product} {ergonomic}
   size_t MaxNewSize                               = 2541748224                                {product} {ergonomic}
   size_t MinHeapDeltaBytes                        = 2097152                                   {product} {ergonomic}
   size_t MinHeapSize                              = 8388608                                   {product} {ergonomic}
    uintx NonNMethodCodeHeapSize                   = 5839372                                {pd product} {ergonomic}
    uintx NonProfiledCodeHeapSize                  = 122909434                              {pd product} {ergonomic}
    uintx ProfiledCodeHeapSize                     = 122909434                              {pd product} {ergonomic}
    uintx ReservedCodeCacheSize                    = 251658240                              {pd product} {ergonomic}
     bool SegmentedCodeCache                       = true                                      {product} {ergonomic}
   size_t SoftMaxHeapSize                          = 4236247040                             {manageable} {ergonomic}
     bool UseCompressedClassPointers               = true                           {product lp64_product} {ergonomic}
     bool UseCompressedOops                        = true                           {product lp64_product} {ergonomic}
     bool UseG1GC                                  = true                                      {product} {ergonomic}
     bool UseLargePagesIndividualAllocation        = false                                  {pd product} {ergonomic}

Logging:
Log output configuration:
 #0: stdout all=off uptime,level,tags
 #1: stderr all=off uptime,level,tags

Environment Variables:
PATH=C:\Program Files\Microsoft\jdk-11.0.12.7-hotspot\bin;C:\Program Files\Common Files\Oracle\Java\javapath;C:\Program Files (x86)\Embarcadero\Studio\20.0\bin;C:\Users\Public\Documents\Embarcadero\Studio\20.0\Bpl;C:\Program Files (x86)\Embarcadero\Studio\20.0\bin64;C:\Users\Public\Documents\Embarcadero\Studio\20.0\Bpl\Win64;C:\WINDOWS\system32;C:\WINDOWS;C:\WINDOWS\System32\Wbem;C:\WINDOWS\System32\WindowsPowerShell\v1.0\;C:\WINDOWS\System32\OpenSSH\;C:\Program Files\dotnet\;C:\Program Files\Microsoft SQL Server\130\Tools\Binn\;C:\Program Files\Microsoft SQL Server\Client SDK\ODBC\170\Tools\Binn\;C:\Program Files (x86)\Windows Kits\10\Windows Performance Toolkit\;C:\Program Files\Microsoft SQL Server\120\Tools\Binn\;C:\Program Files\Docker\Docker\resources\bin;C:\ProgramData\DockerDesktop\version-bin;C:\Program Files\Git\cmd;C:\Program Files\PuTTY\;C:\Program Files\Microsoft SQL Server\150\Tools\Binn\;C:\Users\яв \AppData\Local\Programs\Python\Python310\Scripts\;C:\Users\яв \AppData\Local\Programs\Python\Python310\;C:\Users\яв \AppData\Local\Microsoft\WindowsApps;C:\Users\яв \.dotnet\tools;C:\Users\яв \AppData\Local\GitHubDesktop\bin;;C:\Users\яв \AppData\Local\Programs\Microsoft VS Code\bin;C:\Program Files\JetBrains\IntelliJ IDEA 2021.3.2\bin;;C:\Program Files\JetBrains\IntelliJ IDEA Community Edition 2021.3.2\bin;;C:\Program Files\JetBrains\PyCharm Community Edition 2021.3.2\bin;;C:\intelFPGA_lite\21.1\questa_fse\win64;C:\intelFPGA_lite\18.0\modelsim_ase\win32aloem;C:\Users\яв \AppData\Local\JetBrains\PyCharm 2022.1.1\bin;;C:\Program Files\heroku\bin
USERNAME=яв 
OS=Windows_NT
PROCESSOR_IDENTIFIER=Intel64 Family 6 Model 142 Stepping 12, GenuineIntel



---------------  S Y S T E M  ---------------

OS:
 Windows 10 , 64 bit Build 19041 (10.0.19041.2251)
OS uptime: 2 days 14:57 hours
Hyper-V role detected

CPU: total 8 (initial active 8) (4 cores per cpu, 2 threads per core) family 6 model 142 stepping 12 microcode 0xde, cx8, cmov, fxsr, ht, mmx, 3dnowpref, sse, sse2, sse3, ssse3, sse4.1, sse4.2, popcnt, lzcnt, tsc, tscinvbit, avx, avx2, aes, erms, clmul, bmi1, bmi2, adx, fma, vzeroupper, clflush, clflushopt, hv

Memory: 4k page, system-wide physical 16155M (4208M free)
TotalPageFile size 51088M (AvailPageFile size 5589M)
current process WorkingSet (physical memory assigned to process): 167M, peak: 186M
current process commit charge ("private bytes"): 415M, peak: 434M

vm_info: Java HotSpot(TM) 64-Bit Server VM (17.0.2+8-LTS-86) for windows-amd64 JRE (17.0.2+8-LTS-86), built on Dec  7 2021 21:51:03 by "mach5one" with MS VC++ 16.8 / 16.9 (VS2019)

END.
