#
# A fatal error has been detected by the Java Runtime Environment:
#
#  EXCEPTION_ACCESS_VIOLATION (0xc0000005) at pc=0x00007ff914446a87, pid=33772, tid=28904
#
# JRE version: Java(TM) SE Runtime Environment (17.0.2+8) (build 17.0.2+8-LTS-86)
# Java VM: Java HotSpot(TM) 64-Bit Server VM (17.0.2+8-LTS-86, mixed mode, sharing, tiered, compressed oops, compressed class ptrs, g1 gc, windows-amd64)
# Problematic frame:
# C  [glass.dll+0x26a87]
#
# No core dump will be written. Minidumps are not enabled by default on client versions of Windows
#
# If you would like to submit a bug report, please visit:
#   https://bugreport.java.com/bugreport/crash.jsp
#

---------------  S U M M A R Y ------------

Command Line: -javaagent:C:\Program Files\JetBrains\IntelliJ IDEA Community Edition 2021.3.2\lib\idea_rt.jar=54054:C:\Program Files\JetBrains\IntelliJ IDEA Community Edition 2021.3.2\bin -Dfile.encoding=UTF-8 --module-path=C:\Users\яв \.m2\repository\org\openjfx\javafx-graphics\17.0.1\javafx-graphics-17.0.1-win.jar;C:\Users\яв \.m2\repository\org\openjfx\javafx-controls\17.0.1\javafx-controls-17.0.1-win.jar;C:\Users\яв \.m2\repository\org\openjfx\javafx-fxml\17.0.1\javafx-fxml-17.0.1-win.jar;C:\Users\яв \.m2\repository\org\openjfx\javafx-base\17.0.1\javafx-base-17.0.1-win.jar;D:\BD\target\classes -Djdk.module.main=com.example.bd com.example.bd/com.example.bd.HelloApplication

Host: Intel(R) Core(TM) i5-8265U CPU @ 1.60GHz, 8 cores, 15G,  Windows 10 , 64 bit Build 19041 (10.0.19041.2251)
Time: Tue Dec 13 22:37:26 2022  Windows 10 , 64 bit Build 19041 (10.0.19041.2251) elapsed time: 96.355722 seconds (0d 0h 1m 36s)

---------------  T H R E A D  ---------------

Current thread (0x0000022020cb3370):  VMThread "VM Thread" [stack: 0x0000004e40700000,0x0000004e40800000] [id=28904]

Stack: [0x0000004e40700000,0x0000004e40800000],  sp=0x0000004e407ff330,  free space=1020k
Native frames: (J=compiled Java code, j=interpreted, Vv=VM code, C=native code)
C  [glass.dll+0x26a87]


siginfo: EXCEPTION_ACCESS_VIOLATION (0xc0000005), reading address 0x0000000000000000


Register to memory mapping:

RIP=0x00007ff914446a87 glass.dll
RAX=0x0 is NULL
RBX=0x0000022020cc2768 is a global jni handle
RCX=0x0000022020cb3370 points into unknown readable memory: 0x00007ff8a56be890 | 90 e8 6b a5 f8 7f 00 00
RDX=0x0000004e407ff330 points into unknown readable memory: 0x0000000000000000 | 00 00 00 00 00 00 00 00
RSP=0x0000004e407ff330 points into unknown readable memory: 0x0000000000000000 | 00 00 00 00 00 00 00 00
RBP=0x0000022021b0b3e8 points into unknown readable memory: 0x000029283484e055 | 55 e0 84 34 28 29 00 00
RSI=0x0000022021b0b3c0 points into unknown readable memory: 0xff22a1aff904e05a | 5a e0 04 f9 af a1 22 ff
RDI=0x000029283484e055 is an unknown value
R8 =0x0000000000010002 is an unknown value
R9 =0x000029283484e055 is an unknown value
R10=0x0000000000008000 is an unknown value
R11=0x0000004e407ff2c0 points into unknown readable memory: 0x0000022021b0b3c0 | c0 b3 b0 21 20 02 00 00
R12=0x00007ff914444354 glass.dll
R13=0x00007ff8a58649d0 jvm.dll
R14=0x0000004e407ff428 points into unknown readable memory: 0x0000004e407ff410 | 10 f4 7f 40 4e 00 00 00
R15=0x0000022021b0b3c0 points into unknown readable memory: 0xff22a1aff904e05a | 5a e0 04 f9 af a1 22 ff


Registers:
RAX=0x0000000000000000, RBX=0x0000022020cc2768, RCX=0x0000022020cb3370, RDX=0x0000004e407ff330
RSP=0x0000004e407ff330, RBP=0x0000022021b0b3e8, RSI=0x0000022021b0b3c0, RDI=0x000029283484e055
R8 =0x0000000000010002, R9 =0x000029283484e055, R10=0x0000000000008000, R11=0x0000004e407ff2c0
R12=0x00007ff914444354, R13=0x00007ff8a58649d0, R14=0x0000004e407ff428, R15=0x0000022021b0b3c0
RIP=0x00007ff914446a87, EFLAGS=0x0000000000010206

Top of Stack: (sp=0x0000004e407ff330)
0x0000004e407ff330:   0000000000000000 0000022021b0b3c0
0x0000004e407ff340:   00007ff8a58649d0 00007ff914444354
0x0000004e407ff350:   0000022021b0b3c8 00007ff9401d42d6
0x0000004e407ff360:   000029283484e055 0000022000000000
0x0000004e407ff370:   0000022021b0b3e8 0000022021b0b3c0
0x0000004e407ff380:   fffffffffffffffe 0000000000000000
0x0000004e407ff390:   0000000000000001 00007ff914420000
0x0000004e407ff3a0:   0000004e407ff418 00007ff9401d41fb
0x0000004e407ff3b0:   0000000000000000 0000004e407ff428
0x0000004e407ff3c0:   0000004e407ff6f0 00007ff9402b0e40
0x0000004e407ff3d0:   0000000000000001 00007ff9401d41b4
0x0000004e407ff3e0:   0000000000000000 0000000000000001
0x0000004e407ff3f0:   00007ff800000001 0000004e407ff418
0x0000004e407ff400:   0000000000000000 00007ff9144441e1
0x0000004e407ff410:   00007ff91445a138 00007ff900000002
0x0000004e407ff420:   0000000000000002 0000004e407ff410 

Instructions: (pc=0x00007ff914446a87)
0x00007ff914446987:   8b 4d 58 e8 01 cf ff ff 48 8b 4d 60 e8 f8 ce ff
0x00007ff914446997:   ff 48 8b 95 80 00 00 00 48 8b 8d 18 01 00 00 e8
0x00007ff9144469a7:   c6 c3 ff ff 33 d2 33 c9 e8 3c e1 ff ff 90 48 89
0x00007ff9144469b7:   54 24 10 55 48 83 ec 20 48 8b ea 48 b8 00 00 00
0x00007ff9144469c7:   00 00 00 00 00 48 83 c4 20 5d c3 cc 40 55 48 8b
0x00007ff9144469d7:   ea 48 8b 01 33 c9 81 38 05 00 00 c0 0f 94 c1 8b
0x00007ff9144469e7:   c1 5d c3 cc 40 55 48 83 ec 20 48 8b ea 8a 4d 40
0x00007ff9144469f7:   48 83 c4 20 5d e9 f7 d2 ff ff cc 40 55 48 83 ec
0x00007ff914446a07:   20 48 8b ea 8a 4d 20 e8 e5 d2 ff ff 90 48 83 c4
0x00007ff914446a17:   20 5d c3 cc 40 55 48 83 ec 20 48 8b ea 48 83 c4
0x00007ff914446a27:   20 5d e9 46 d1 ff ff cc 40 55 48 83 ec 30 48 8b
0x00007ff914446a37:   ea 48 8b 01 8b 10 48 89 4c 24 28 89 54 24 20 4c
0x00007ff914446a47:   8d 0d e7 d5 ff ff 4c 8b 45 70 8b 55 68 48 8b 4d
0x00007ff914446a57:   60 e8 87 d0 ff ff 90 48 83 c4 30 5d c3 cc cc cc
0x00007ff914446a67:   cc cc cc cc cc cc cc cc cc 40 53 48 83 ec 20 48
0x00007ff914446a77:   8b 1d b3 30 01 00 48 85 db 74 16 e8 09 8b ff ff
0x00007ff914446a87:   4c 8b 00 48 8b d3 48 8b c8 41 ff 90 b0 00 00 00
0x00007ff914446a97:   90 48 83 c4 20 5b c3 cc cc 40 53 48 83 ec 20 48
0x00007ff914446aa7:   8b 1d 2b 32 01 00 48 85 db 74 57 b8 ff ff ff ff
0x00007ff914446ab7:   f0 0f c1 43 10 83 f8 01 75 3d 48 85 db 74 38 48
0x00007ff914446ac7:   8b 0b 48 85 c9 74 0d ff 15 d4 07 00 00 48 c7 03
0x00007ff914446ad7:   00 00 00 00 48 8b 4b 08 48 85 c9 74 0d e8 a7 cd
0x00007ff914446ae7:   ff ff 48 c7 43 08 00 00 00 00 ba 18 00 00 00 48
0x00007ff914446af7:   8b cb e8 92 cd ff ff 48 c7 05 cf 31 01 00 00 00
0x00007ff914446b07:   00 00 48 83 c4 20 5b c3 cc 40 53 48 83 ec 20 48
0x00007ff914446b17:   8b 1d 9b 31 01 00 48 85 db 74 57 b8 ff ff ff ff
0x00007ff914446b27:   f0 0f c1 43 10 83 f8 01 75 3d 48 85 db 74 38 48
0x00007ff914446b37:   8b 0b 48 85 c9 74 0d ff 15 64 07 00 00 48 c7 03
0x00007ff914446b47:   00 00 00 00 48 8b 4b 08 48 85 c9 74 0d e8 37 cd
0x00007ff914446b57:   ff ff 48 c7 43 08 00 00 00 00 ba 18 00 00 00 48
0x00007ff914446b67:   8b cb e8 22 cd ff ff 48 c7 05 3f 31 01 00 00 00
0x00007ff914446b77:   00 00 48 83 c4 20 5b c3 cc 40 53 48 83 ec 20 48 


Stack slot to memory mapping:
stack at sp + 0 slots: 0x0 is NULL
stack at sp + 1 slots: 0x0000022021b0b3c0 points into unknown readable memory: 0xff22a1aff904e05a | 5a e0 04 f9 af a1 22 ff
stack at sp + 2 slots: 0x00007ff8a58649d0 jvm.dll
stack at sp + 3 slots: 0x00007ff914444354 glass.dll
stack at sp + 4 slots: 0x0000022021b0b3c8 points into unknown readable memory: 0x000029283484e055 | 55 e0 84 34 28 29 00 00
stack at sp + 5 slots: 0x00007ff9401d42d6 ucrtbase.dll
stack at sp + 6 slots: 0x000029283484e055 is an unknown value
stack at sp + 7 slots: 0x0000022000000000 points into unknown readable memory: 0x00010000cafedada | da da fe ca 00 00 01 00

VM_Operation (0x0000004e3feff070): Exit, mode: safepoint, requested by thread 0x0000022022a38060


---------------  P R O C E S S  ---------------

Threads class SMR info:
_java_thread_list=0x00000220296946c0, length=21, elements={
0x000002207dff7130, 0x0000022020cb8c30, 0x0000022020cb9aa0, 0x0000022020cd0230,
0x0000022020cd3000, 0x0000022020cd49c0, 0x0000022020cd5370, 0x0000022020cd9550,
0x0000022020ce1f50, 0x0000022020ce4950, 0x0000022020ca3b60, 0x0000022022216a80,
0x0000022022216f50, 0x0000022022557d80, 0x000002202263d310, 0x000002202267b700,
0x0000022022f75660, 0x0000022022410b20, 0x0000022022a36d20, 0x0000022022a37b90,
0x0000022022a38060
}

Java Threads: ( => current thread )
  0x000002207dff7130 JavaThread "main" [_thread_blocked, id=11456, stack(0x0000004e40100000,0x0000004e40200000)]
  0x0000022020cb8c30 JavaThread "Reference Handler" daemon [_thread_blocked, id=29404, stack(0x0000004e40800000,0x0000004e40900000)]
  0x0000022020cb9aa0 JavaThread "Finalizer" daemon [_thread_blocked, id=31316, stack(0x0000004e40900000,0x0000004e40a00000)]
  0x0000022020cd0230 JavaThread "Signal Dispatcher" daemon [_thread_blocked, id=9140, stack(0x0000004e40a00000,0x0000004e40b00000)]
  0x0000022020cd3000 JavaThread "Attach Listener" daemon [_thread_blocked, id=28052, stack(0x0000004e40b00000,0x0000004e40c00000)]
  0x0000022020cd49c0 JavaThread "Service Thread" daemon [_thread_blocked, id=26092, stack(0x0000004e40c00000,0x0000004e40d00000)]
  0x0000022020cd5370 JavaThread "Monitor Deflation Thread" daemon [_thread_blocked, id=29844, stack(0x0000004e40d00000,0x0000004e40e00000)]
  0x0000022020cd9550 JavaThread "C2 CompilerThread0" daemon [_thread_blocked, id=30172, stack(0x0000004e40e00000,0x0000004e40f00000)]
  0x0000022020ce1f50 JavaThread "C1 CompilerThread0" daemon [_thread_blocked, id=33008, stack(0x0000004e40f00000,0x0000004e41000000)]
  0x0000022020ce4950 JavaThread "Sweeper thread" daemon [_thread_blocked, id=34392, stack(0x0000004e41000000,0x0000004e41100000)]
  0x0000022020ca3b60 JavaThread "Common-Cleaner" daemon [_thread_blocked, id=14988, stack(0x0000004e41100000,0x0000004e41200000)]
  0x0000022022216a80 JavaThread "Monitor Ctrl-Break" daemon [_thread_in_native, id=28648, stack(0x0000004e41400000,0x0000004e41500000)]
  0x0000022022216f50 JavaThread "Notification Thread" daemon [_thread_blocked, id=13512, stack(0x0000004e41500000,0x0000004e41600000)]
  0x0000022022557d80 JavaThread "QuantumRenderer-0" daemon [_thread_blocked, id=24020, stack(0x0000004e41700000,0x0000004e41800000)]
  0x000002202263d310 JavaThread "InvokeLaterDispatcher" daemon [_thread_blocked, id=13928, stack(0x0000004e41800000,0x0000004e41900000)]
  0x000002202267b700 JavaThread "JavaFX Application Thread" [_thread_in_native, id=25380, stack(0x0000004e41900000,0x0000004e41a00000)]
  0x0000022022f75660 JavaThread "Thread-1" daemon [_thread_in_native, id=3360, stack(0x0000004e41300000,0x0000004e41400000)]
  0x0000022022410b20 JavaThread "JavaFX-Launcher" [_thread_blocked, id=19312, stack(0x0000004e41d00000,0x0000004e41e00000)]
  0x0000022022a36d20 JavaThread "Prism Font Disposer" daemon [_thread_blocked, id=33668, stack(0x0000004e42500000,0x0000004e42600000)]
  0x0000022022a37b90 JavaThread "Cleaner-0" daemon [_thread_blocked, id=27240, stack(0x0000004e42900000,0x0000004e42a00000)]
  0x0000022022a38060 JavaThread "SIGINT handler" daemon [_thread_blocked, id=30280, stack(0x0000004e3fe00000,0x0000004e3ff00000)]

Other Threads:
=>0x0000022020cb3370 VMThread "VM Thread" [stack: 0x0000004e40700000,0x0000004e40800000] [id=28904]
  0x000002207e045aa0 GCTaskThread "GC Thread#0" [stack: 0x0000004e40200000,0x0000004e40300000] [id=28224]
  0x0000022022fcfe70 GCTaskThread "GC Thread#1" [stack: 0x0000004e41e00000,0x0000004e41f00000] [id=6120]
  0x0000022022fce700 GCTaskThread "GC Thread#2" [stack: 0x0000004e41f00000,0x0000004e42000000] [id=34800]
  0x0000022022fee760 GCTaskThread "GC Thread#3" [stack: 0x0000004e42000000,0x0000004e42100000] [id=31812]
  0x0000022022fe4b30 GCTaskThread "GC Thread#4" [stack: 0x0000004e42100000,0x0000004e42200000] [id=3788]
  0x0000022022fcafe0 GCTaskThread "GC Thread#5" [stack: 0x0000004e42200000,0x0000004e42300000] [id=8228]
  0x000002202295e3b0 GCTaskThread "GC Thread#6" [stack: 0x0000004e42300000,0x0000004e42400000] [id=33332]
  0x0000022023035b40 GCTaskThread "GC Thread#7" [stack: 0x0000004e42400000,0x0000004e42500000] [id=29072]
  0x000002207e051f00 ConcurrentGCThread "G1 Main Marker" terminated
  0x000002207e0540c0 ConcurrentGCThread "G1 Conc#0" [stack: 0x0000004e40400000,0x0000004e40500000] [id=25784]
  0x0000022020b724c0 ConcurrentGCThread "G1 Refine#0" terminated
  0x0000022020b72ee0 ConcurrentGCThread "G1 Service" terminated

Threads with active compile tasks:

VM state: at safepoint (shutting down)

VM Mutex/Monitor currently owned by a thread:  ([mutex/lock_event])
[0x000002207dff3a10] Threads_lock - owner thread: 0x0000022020cb3370
[0x000002207dff38f0] Heap_lock - owner thread: 0x0000022022a38060

Heap address: 0x0000000703800000, size: 4040 MB, Compressed Oops mode: Zero based, Oop shift amount: 3

CDS archive(s) mapped at: [0x0000000800000000-0x0000000800bc0000-0x0000000800bc0000), size 12320768, SharedBaseAddress: 0x0000000800000000, ArchiveRelocationMode: 0.
Compressed class space mapped at: 0x0000000800c00000-0x0000000840c00000, reserved size: 1073741824
Narrow klass base: 0x0000000800000000, Narrow klass shift: 0, Narrow klass range: 0x100000000

GC Precious Log:
 CPUs: 8 total, 8 available
 Memory: 16155M
 Large Page Support: Disabled
 NUMA Support: Disabled
 Compressed Oops: Enabled (Zero based)
 Heap Region Size: 2M
 Heap Min Capacity: 8M
 Heap Initial Capacity: 254M
 Heap Max Capacity: 4040M
 Pre-touch: Disabled
 Parallel Workers: 8
 Concurrent Workers: 2
 Concurrent Refinement Workers: 8
 Periodic GC: Disabled

Heap:
 garbage-first heap   total 260096K, used 30073K [0x0000000703800000, 0x0000000800000000)
  region size 2048K, 14 young (28672K), 3 survivors (6144K)
 Metaspace       used 18417K, committed 18688K, reserved 1064960K
  class space    used 2517K, committed 2624K, reserved 1048576K

Heap Regions: E=young(eden), S=young(survivor), O=old, HS=humongous(starts), HC=humongous(continues), CS=collection set, F=free, OA=open archive, CA=closed archive, TAMS=top-at-mark-start (previous, next)
|   0|0x0000000703800000, 0x0000000703a00000, 0x0000000703a00000|100%| O|  |TAMS 0x0000000703800000, 0x0000000703800000| Untracked 
|   1|0x0000000703a00000, 0x0000000703b04e00, 0x0000000703c00000| 50%| O|  |TAMS 0x0000000703a00000, 0x0000000703a00000| Untracked 
|   2|0x0000000703c00000, 0x0000000703e00000, 0x0000000703e00000|100%|HS|  |TAMS 0x0000000703c00000, 0x0000000703c00000| Complete 
|   3|0x0000000703e00000, 0x0000000703e00000, 0x0000000704000000|  0%| F|  |TAMS 0x0000000703e00000, 0x0000000703e00000| Untracked 
|   4|0x0000000704000000, 0x0000000704000000, 0x0000000704200000|  0%| F|  |TAMS 0x0000000704000000, 0x0000000704000000| Untracked 
|   5|0x0000000704200000, 0x0000000704200000, 0x0000000704400000|  0%| F|  |TAMS 0x0000000704200000, 0x0000000704200000| Untracked 
|   6|0x0000000704400000, 0x0000000704400000, 0x0000000704600000|  0%| F|  |TAMS 0x0000000704400000, 0x0000000704400000| Untracked 
|   7|0x0000000704600000, 0x0000000704600000, 0x0000000704800000|  0%| F|  |TAMS 0x0000000704600000, 0x0000000704600000| Untracked 
|   8|0x0000000704800000, 0x0000000704800000, 0x0000000704a00000|  0%| F|  |TAMS 0x0000000704800000, 0x0000000704800000| Untracked 
|   9|0x0000000704a00000, 0x0000000704a00000, 0x0000000704c00000|  0%| F|  |TAMS 0x0000000704a00000, 0x0000000704a00000| Untracked 
|  10|0x0000000704c00000, 0x0000000704c00000, 0x0000000704e00000|  0%| F|  |TAMS 0x0000000704c00000, 0x0000000704c00000| Untracked 
|  11|0x0000000704e00000, 0x0000000704e00000, 0x0000000705000000|  0%| F|  |TAMS 0x0000000704e00000, 0x0000000704e00000| Untracked 
|  12|0x0000000705000000, 0x0000000705000000, 0x0000000705200000|  0%| F|  |TAMS 0x0000000705000000, 0x0000000705000000| Untracked 
|  13|0x0000000705200000, 0x0000000705200000, 0x0000000705400000|  0%| F|  |TAMS 0x0000000705200000, 0x0000000705200000| Untracked 
|  14|0x0000000705400000, 0x0000000705400000, 0x0000000705600000|  0%| F|  |TAMS 0x0000000705400000, 0x0000000705400000| Untracked 
|  15|0x0000000705600000, 0x0000000705600000, 0x0000000705800000|  0%| F|  |TAMS 0x0000000705600000, 0x0000000705600000| Untracked 
|  16|0x0000000705800000, 0x0000000705800000, 0x0000000705a00000|  0%| F|  |TAMS 0x0000000705800000, 0x0000000705800000| Untracked 
|  17|0x0000000705a00000, 0x0000000705a00000, 0x0000000705c00000|  0%| F|  |TAMS 0x0000000705a00000, 0x0000000705a00000| Untracked 
|  18|0x0000000705c00000, 0x0000000705c00000, 0x0000000705e00000|  0%| F|  |TAMS 0x0000000705c00000, 0x0000000705c00000| Untracked 
|  19|0x0000000705e00000, 0x0000000705e00000, 0x0000000706000000|  0%| F|  |TAMS 0x0000000705e00000, 0x0000000705e00000| Untracked 
|  20|0x0000000706000000, 0x0000000706000000, 0x0000000706200000|  0%| F|  |TAMS 0x0000000706000000, 0x0000000706000000| Untracked 
|  21|0x0000000706200000, 0x0000000706200000, 0x0000000706400000|  0%| F|  |TAMS 0x0000000706200000, 0x0000000706200000| Untracked 
|  22|0x0000000706400000, 0x0000000706400000, 0x0000000706600000|  0%| F|  |TAMS 0x0000000706400000, 0x0000000706400000| Untracked 
|  23|0x0000000706600000, 0x0000000706600000, 0x0000000706800000|  0%| F|  |TAMS 0x0000000706600000, 0x0000000706600000| Untracked 
|  24|0x0000000706800000, 0x0000000706800000, 0x0000000706a00000|  0%| F|  |TAMS 0x0000000706800000, 0x0000000706800000| Untracked 
|  25|0x0000000706a00000, 0x0000000706a00000, 0x0000000706c00000|  0%| F|  |TAMS 0x0000000706a00000, 0x0000000706a00000| Untracked 
|  26|0x0000000706c00000, 0x0000000706c00000, 0x0000000706e00000|  0%| F|  |TAMS 0x0000000706c00000, 0x0000000706c00000| Untracked 
|  27|0x0000000706e00000, 0x0000000706e00000, 0x0000000707000000|  0%| F|  |TAMS 0x0000000706e00000, 0x0000000706e00000| Untracked 
|  28|0x0000000707000000, 0x0000000707000000, 0x0000000707200000|  0%| F|  |TAMS 0x0000000707000000, 0x0000000707000000| Untracked 
|  29|0x0000000707200000, 0x0000000707200000, 0x0000000707400000|  0%| F|  |TAMS 0x0000000707200000, 0x0000000707200000| Untracked 
|  30|0x0000000707400000, 0x0000000707400000, 0x0000000707600000|  0%| F|  |TAMS 0x0000000707400000, 0x0000000707400000| Untracked 
|  31|0x0000000707600000, 0x0000000707600000, 0x0000000707800000|  0%| F|  |TAMS 0x0000000707600000, 0x0000000707600000| Untracked 
|  32|0x0000000707800000, 0x0000000707800000, 0x0000000707a00000|  0%| F|  |TAMS 0x0000000707800000, 0x0000000707800000| Untracked 
|  33|0x0000000707a00000, 0x0000000707a00000, 0x0000000707c00000|  0%| F|  |TAMS 0x0000000707a00000, 0x0000000707a00000| Untracked 
|  34|0x0000000707c00000, 0x0000000707c00000, 0x0000000707e00000|  0%| F|  |TAMS 0x0000000707c00000, 0x0000000707c00000| Untracked 
|  35|0x0000000707e00000, 0x0000000707e00000, 0x0000000708000000|  0%| F|  |TAMS 0x0000000707e00000, 0x0000000707e00000| Untracked 
|  36|0x0000000708000000, 0x0000000708000000, 0x0000000708200000|  0%| F|  |TAMS 0x0000000708000000, 0x0000000708000000| Untracked 
|  37|0x0000000708200000, 0x0000000708200000, 0x0000000708400000|  0%| F|  |TAMS 0x0000000708200000, 0x0000000708200000| Untracked 
|  38|0x0000000708400000, 0x0000000708400000, 0x0000000708600000|  0%| F|  |TAMS 0x0000000708400000, 0x0000000708400000| Untracked 
|  39|0x0000000708600000, 0x0000000708600000, 0x0000000708800000|  0%| F|  |TAMS 0x0000000708600000, 0x0000000708600000| Untracked 
|  40|0x0000000708800000, 0x0000000708800000, 0x0000000708a00000|  0%| F|  |TAMS 0x0000000708800000, 0x0000000708800000| Untracked 
|  41|0x0000000708a00000, 0x0000000708a00000, 0x0000000708c00000|  0%| F|  |TAMS 0x0000000708a00000, 0x0000000708a00000| Untracked 
|  42|0x0000000708c00000, 0x0000000708c00000, 0x0000000708e00000|  0%| F|  |TAMS 0x0000000708c00000, 0x0000000708c00000| Untracked 
|  43|0x0000000708e00000, 0x0000000708e00000, 0x0000000709000000|  0%| F|  |TAMS 0x0000000708e00000, 0x0000000708e00000| Untracked 
|  44|0x0000000709000000, 0x0000000709000000, 0x0000000709200000|  0%| F|  |TAMS 0x0000000709000000, 0x0000000709000000| Untracked 
|  45|0x0000000709200000, 0x0000000709200000, 0x0000000709400000|  0%| F|  |TAMS 0x0000000709200000, 0x0000000709200000| Untracked 
|  46|0x0000000709400000, 0x0000000709400000, 0x0000000709600000|  0%| F|  |TAMS 0x0000000709400000, 0x0000000709400000| Untracked 
|  47|0x0000000709600000, 0x0000000709600000, 0x0000000709800000|  0%| F|  |TAMS 0x0000000709600000, 0x0000000709600000| Untracked 
|  48|0x0000000709800000, 0x0000000709800000, 0x0000000709a00000|  0%| F|  |TAMS 0x0000000709800000, 0x0000000709800000| Untracked 
|  49|0x0000000709a00000, 0x0000000709a00000, 0x0000000709c00000|  0%| F|  |TAMS 0x0000000709a00000, 0x0000000709a00000| Untracked 
|  50|0x0000000709c00000, 0x0000000709c00000, 0x0000000709e00000|  0%| F|  |TAMS 0x0000000709c00000, 0x0000000709c00000| Untracked 
|  51|0x0000000709e00000, 0x0000000709e00000, 0x000000070a000000|  0%| F|  |TAMS 0x0000000709e00000, 0x0000000709e00000| Untracked 
|  52|0x000000070a000000, 0x000000070a000000, 0x000000070a200000|  0%| F|  |TAMS 0x000000070a000000, 0x000000070a000000| Untracked 
|  53|0x000000070a200000, 0x000000070a200000, 0x000000070a400000|  0%| F|  |TAMS 0x000000070a200000, 0x000000070a200000| Untracked 
|  54|0x000000070a400000, 0x000000070a400000, 0x000000070a600000|  0%| F|  |TAMS 0x000000070a400000, 0x000000070a400000| Untracked 
|  55|0x000000070a600000, 0x000000070a600000, 0x000000070a800000|  0%| F|  |TAMS 0x000000070a600000, 0x000000070a600000| Untracked 
|  56|0x000000070a800000, 0x000000070a800000, 0x000000070aa00000|  0%| F|  |TAMS 0x000000070a800000, 0x000000070a800000| Untracked 
|  57|0x000000070aa00000, 0x000000070aa00000, 0x000000070ac00000|  0%| F|  |TAMS 0x000000070aa00000, 0x000000070aa00000| Untracked 
|  58|0x000000070ac00000, 0x000000070ac00000, 0x000000070ae00000|  0%| F|  |TAMS 0x000000070ac00000, 0x000000070ac00000| Untracked 
|  59|0x000000070ae00000, 0x000000070ae00000, 0x000000070b000000|  0%| F|  |TAMS 0x000000070ae00000, 0x000000070ae00000| Untracked 
|  60|0x000000070b000000, 0x000000070b000000, 0x000000070b200000|  0%| F|  |TAMS 0x000000070b000000, 0x000000070b000000| Untracked 
|  61|0x000000070b200000, 0x000000070b200000, 0x000000070b400000|  0%| F|  |TAMS 0x000000070b200000, 0x000000070b200000| Untracked 
|  62|0x000000070b400000, 0x000000070b400000, 0x000000070b600000|  0%| F|  |TAMS 0x000000070b400000, 0x000000070b400000| Untracked 
|  63|0x000000070b600000, 0x000000070b600000, 0x000000070b800000|  0%| F|  |TAMS 0x000000070b600000, 0x000000070b600000| Untracked 
|  64|0x000000070b800000, 0x000000070b800000, 0x000000070ba00000|  0%| F|  |TAMS 0x000000070b800000, 0x000000070b800000| Untracked 
|  65|0x000000070ba00000, 0x000000070ba00000, 0x000000070bc00000|  0%| F|  |TAMS 0x000000070ba00000, 0x000000070ba00000| Untracked 
|  66|0x000000070bc00000, 0x000000070bc00000, 0x000000070be00000|  0%| F|  |TAMS 0x000000070bc00000, 0x000000070bc00000| Untracked 
|  67|0x000000070be00000, 0x000000070be00000, 0x000000070c000000|  0%| F|  |TAMS 0x000000070be00000, 0x000000070be00000| Untracked 
|  68|0x000000070c000000, 0x000000070c000000, 0x000000070c200000|  0%| F|  |TAMS 0x000000070c000000, 0x000000070c000000| Untracked 
|  69|0x000000070c200000, 0x000000070c200000, 0x000000070c400000|  0%| F|  |TAMS 0x000000070c200000, 0x000000070c200000| Untracked 
|  70|0x000000070c400000, 0x000000070c400000, 0x000000070c600000|  0%| F|  |TAMS 0x000000070c400000, 0x000000070c400000| Untracked 
|  71|0x000000070c600000, 0x000000070c600000, 0x000000070c800000|  0%| F|  |TAMS 0x000000070c600000, 0x000000070c600000| Untracked 
|  72|0x000000070c800000, 0x000000070c800000, 0x000000070ca00000|  0%| F|  |TAMS 0x000000070c800000, 0x000000070c800000| Untracked 
|  73|0x000000070ca00000, 0x000000070ca00000, 0x000000070cc00000|  0%| F|  |TAMS 0x000000070ca00000, 0x000000070ca00000| Untracked 
|  74|0x000000070cc00000, 0x000000070cc00000, 0x000000070ce00000|  0%| F|  |TAMS 0x000000070cc00000, 0x000000070cc00000| Untracked 
|  75|0x000000070ce00000, 0x000000070ce00000, 0x000000070d000000|  0%| F|  |TAMS 0x000000070ce00000, 0x000000070ce00000| Untracked 
|  76|0x000000070d000000, 0x000000070d000000, 0x000000070d200000|  0%| F|  |TAMS 0x000000070d000000, 0x000000070d000000| Untracked 
|  77|0x000000070d200000, 0x000000070d200000, 0x000000070d400000|  0%| F|  |TAMS 0x000000070d200000, 0x000000070d200000| Untracked 
|  78|0x000000070d400000, 0x000000070d400000, 0x000000070d600000|  0%| F|  |TAMS 0x000000070d400000, 0x000000070d400000| Untracked 
|  79|0x000000070d600000, 0x000000070d600000, 0x000000070d800000|  0%| F|  |TAMS 0x000000070d600000, 0x000000070d600000| Untracked 
|  80|0x000000070d800000, 0x000000070d800000, 0x000000070da00000|  0%| F|  |TAMS 0x000000070d800000, 0x000000070d800000| Untracked 
|  81|0x000000070da00000, 0x000000070da00000, 0x000000070dc00000|  0%| F|  |TAMS 0x000000070da00000, 0x000000070da00000| Untracked 
|  82|0x000000070dc00000, 0x000000070dc00000, 0x000000070de00000|  0%| F|  |TAMS 0x000000070dc00000, 0x000000070dc00000| Untracked 
|  83|0x000000070de00000, 0x000000070de00000, 0x000000070e000000|  0%| F|  |TAMS 0x000000070de00000, 0x000000070de00000| Untracked 
|  84|0x000000070e000000, 0x000000070e000000, 0x000000070e200000|  0%| F|  |TAMS 0x000000070e000000, 0x000000070e000000| Untracked 
|  85|0x000000070e200000, 0x000000070e200000, 0x000000070e400000|  0%| F|  |TAMS 0x000000070e200000, 0x000000070e200000| Untracked 
|  86|0x000000070e400000, 0x000000070e400000, 0x000000070e600000|  0%| F|  |TAMS 0x000000070e400000, 0x000000070e400000| Untracked 
|  87|0x000000070e600000, 0x000000070e600000, 0x000000070e800000|  0%| F|  |TAMS 0x000000070e600000, 0x000000070e600000| Untracked 
|  88|0x000000070e800000, 0x000000070e800000, 0x000000070ea00000|  0%| F|  |TAMS 0x000000070e800000, 0x000000070e800000| Untracked 
|  89|0x000000070ea00000, 0x000000070ea00000, 0x000000070ec00000|  0%| F|  |TAMS 0x000000070ea00000, 0x000000070ea00000| Untracked 
|  90|0x000000070ec00000, 0x000000070ec00000, 0x000000070ee00000|  0%| F|  |TAMS 0x000000070ec00000, 0x000000070ec00000| Untracked 
|  91|0x000000070ee00000, 0x000000070ee00000, 0x000000070f000000|  0%| F|  |TAMS 0x000000070ee00000, 0x000000070ee00000| Untracked 
|  92|0x000000070f000000, 0x000000070f000000, 0x000000070f200000|  0%| F|  |TAMS 0x000000070f000000, 0x000000070f000000| Untracked 
|  93|0x000000070f200000, 0x000000070f200000, 0x000000070f400000|  0%| F|  |TAMS 0x000000070f200000, 0x000000070f200000| Untracked 
|  94|0x000000070f400000, 0x000000070f400000, 0x000000070f600000|  0%| F|  |TAMS 0x000000070f400000, 0x000000070f400000| Untracked 
|  95|0x000000070f600000, 0x000000070f600000, 0x000000070f800000|  0%| F|  |TAMS 0x000000070f600000, 0x000000070f600000| Untracked 
|  96|0x000000070f800000, 0x000000070f800000, 0x000000070fa00000|  0%| F|  |TAMS 0x000000070f800000, 0x000000070f800000| Untracked 
|  97|0x000000070fa00000, 0x000000070fa00000, 0x000000070fc00000|  0%| F|  |TAMS 0x000000070fa00000, 0x000000070fa00000| Untracked 
|  98|0x000000070fc00000, 0x000000070fc00000, 0x000000070fe00000|  0%| F|  |TAMS 0x000000070fc00000, 0x000000070fc00000| Untracked 
|  99|0x000000070fe00000, 0x000000070fe00000, 0x0000000710000000|  0%| F|  |TAMS 0x000000070fe00000, 0x000000070fe00000| Untracked 
| 100|0x0000000710000000, 0x0000000710000000, 0x0000000710200000|  0%| F|  |TAMS 0x0000000710000000, 0x0000000710000000| Untracked 
| 101|0x0000000710200000, 0x0000000710200000, 0x0000000710400000|  0%| F|  |TAMS 0x0000000710200000, 0x0000000710200000| Untracked 
| 102|0x0000000710400000, 0x0000000710400000, 0x0000000710600000|  0%| F|  |TAMS 0x0000000710400000, 0x0000000710400000| Untracked 
| 103|0x0000000710600000, 0x0000000710600000, 0x0000000710800000|  0%| F|  |TAMS 0x0000000710600000, 0x0000000710600000| Untracked 
| 104|0x0000000710800000, 0x0000000710800000, 0x0000000710a00000|  0%| F|  |TAMS 0x0000000710800000, 0x0000000710800000| Untracked 
| 105|0x0000000710a00000, 0x0000000710a59630, 0x0000000710c00000| 17%| S|CS|TAMS 0x0000000710a00000, 0x0000000710a00000| Complete 
| 106|0x0000000710c00000, 0x0000000710e00000, 0x0000000710e00000|100%| S|CS|TAMS 0x0000000710c00000, 0x0000000710c00000| Complete 
| 107|0x0000000710e00000, 0x0000000711000000, 0x0000000711000000|100%| S|CS|TAMS 0x0000000710e00000, 0x0000000710e00000| Complete 
| 108|0x0000000711000000, 0x0000000711000000, 0x0000000711200000|  0%| F|  |TAMS 0x0000000711000000, 0x0000000711000000| Untracked 
| 109|0x0000000711200000, 0x0000000711200000, 0x0000000711400000|  0%| F|  |TAMS 0x0000000711200000, 0x0000000711200000| Untracked 
| 110|0x0000000711400000, 0x0000000711400000, 0x0000000711600000|  0%| F|  |TAMS 0x0000000711400000, 0x0000000711400000| Untracked 
| 111|0x0000000711600000, 0x0000000711600000, 0x0000000711800000|  0%| F|  |TAMS 0x0000000711600000, 0x0000000711600000| Untracked 
| 112|0x0000000711800000, 0x0000000711800000, 0x0000000711a00000|  0%| F|  |TAMS 0x0000000711800000, 0x0000000711800000| Untracked 
| 113|0x0000000711a00000, 0x0000000711a00000, 0x0000000711c00000|  0%| F|  |TAMS 0x0000000711a00000, 0x0000000711a00000| Untracked 
| 114|0x0000000711c00000, 0x0000000711c00000, 0x0000000711e00000|  0%| F|  |TAMS 0x0000000711c00000, 0x0000000711c00000| Untracked 
| 115|0x0000000711e00000, 0x0000000711e00000, 0x0000000712000000|  0%| F|  |TAMS 0x0000000711e00000, 0x0000000711e00000| Untracked 
| 116|0x0000000712000000, 0x000000071212b870, 0x0000000712200000| 58%| E|  |TAMS 0x0000000712000000, 0x0000000712000000| Complete 
| 117|0x0000000712200000, 0x0000000712400000, 0x0000000712400000|100%| E|CS|TAMS 0x0000000712200000, 0x0000000712200000| Complete 
| 118|0x0000000712400000, 0x0000000712600000, 0x0000000712600000|100%| E|CS|TAMS 0x0000000712400000, 0x0000000712400000| Complete 
| 119|0x0000000712600000, 0x0000000712800000, 0x0000000712800000|100%| E|CS|TAMS 0x0000000712600000, 0x0000000712600000| Complete 
| 120|0x0000000712800000, 0x0000000712a00000, 0x0000000712a00000|100%| E|CS|TAMS 0x0000000712800000, 0x0000000712800000| Complete 
| 121|0x0000000712a00000, 0x0000000712c00000, 0x0000000712c00000|100%| E|CS|TAMS 0x0000000712a00000, 0x0000000712a00000| Complete 
| 122|0x0000000712c00000, 0x0000000712e00000, 0x0000000712e00000|100%| E|CS|TAMS 0x0000000712c00000, 0x0000000712c00000| Complete 
| 123|0x0000000712e00000, 0x0000000713000000, 0x0000000713000000|100%| E|CS|TAMS 0x0000000712e00000, 0x0000000712e00000| Complete 
| 124|0x0000000713000000, 0x0000000713200000, 0x0000000713200000|100%| E|CS|TAMS 0x0000000713000000, 0x0000000713000000| Complete 
| 125|0x0000000713200000, 0x0000000713400000, 0x0000000713400000|100%| E|CS|TAMS 0x0000000713200000, 0x0000000713200000| Complete 
| 126|0x0000000713400000, 0x0000000713600000, 0x0000000713600000|100%| E|CS|TAMS 0x0000000713400000, 0x0000000713400000| Complete 

Card table byte_map: [0x000002207ebf0000,0x000002207f3e0000] _byte_map_base: 0x000002207b3d4000

Marking Bits (Prev, Next): (CMBitMap*) 0x000002207beea980, (CMBitMap*) 0x000002207beea9c0
 Prev Bits: [0x0000022016780000, 0x000002201a6a0000)
 Next Bits: [0x000002201a6a0000, 0x000002201e5c0000)

Polling page: 0x000002207d7d0000

Metaspace:

Usage:
  Non-class:     15.53 MB used.
      Class:      2.46 MB used.
       Both:     17.99 MB used.

Virtual space:
  Non-class space:       16.00 MB reserved,      15.69 MB ( 98%) committed,  2 nodes.
      Class space:        1.00 GB reserved,       2.56 MB ( <1%) committed,  1 nodes.
             Both:        1.02 GB reserved,      18.25 MB (  2%) committed. 

Chunk freelists:
   Non-Class:  32.00 KB
       Class:  1.46 MB
        Both:  1.49 MB

MaxMetaspaceSize: unlimited
CompressedClassSpaceSize: 1.00 GB
Initial GC threshold: 21.00 MB
Current GC threshold: 21.00 MB
CDS: on
MetaspaceReclaimPolicy: balanced
 - commit_granule_bytes: 65536.
 - commit_granule_words: 8192.
 - virtual_space_node_default_size: 1048576.
 - enlarge_chunks_in_place: 1.
 - new_chunks_are_fully_committed: 0.
 - uncommit_free_chunks: 1.
 - use_allocation_guard: 0.
 - handle_deallocations: 1.


Internal statistics:

num_allocs_failed_limit: 0.
num_arena_births: 226.
num_arena_deaths: 0.
num_vsnodes_births: 3.
num_vsnodes_deaths: 0.
num_space_committed: 292.
num_space_uncommitted: 0.
num_chunks_returned_to_freelist: 0.
num_chunks_taken_from_freelist: 773.
num_chunk_merges: 0.
num_chunk_splits: 532.
num_chunks_enlarged: 414.
num_purges: 0.
num_inconsistent_stats: 0.

CodeHeap 'non-profiled nmethods': size=120000Kb used=1352Kb max_used=1352Kb free=118647Kb
 bounds [0x000002200f250000, 0x000002200f4c0000, 0x0000022016780000]
CodeHeap 'profiled nmethods': size=120000Kb used=5614Kb max_used=5614Kb free=114385Kb
 bounds [0x0000022007d20000, 0x00000220082a0000, 0x000002200f250000]
CodeHeap 'non-nmethods': size=5760Kb used=1437Kb max_used=1522Kb free=4322Kb
 bounds [0x0000022007780000, 0x00000220079f0000, 0x0000022007d20000]
 total_blobs=3858 nmethods=3052 adapters=717
 compilation: enabled
              stopped_count=0, restarted_count=0
 full_count=0

Compilation events (20 events):
Event: 12.886 Thread 0x0000022020ce1f50 3046       3       com.sun.javafx.tk.quantum.GlassViewEventHandler::lambda$handleMouseEvent$2 (18 bytes)
Event: 12.887 Thread 0x0000022020ce1f50 nmethod 3046 0x0000022008298810 code [0x0000022008298a20, 0x0000022008298fc8]
Event: 12.887 Thread 0x0000022020ce1f50 3047       3       com.sun.javafx.tk.quantum.GlassViewEventHandler$MouseEventNotification::run (5 bytes)
Event: 12.887 Thread 0x0000022020ce1f50 nmethod 3047 0x0000022008299290 code [0x0000022008299440, 0x0000022008299588]
Event: 12.888 Thread 0x0000022020ce1f50 3048       3       javafx.scene.Scene$TargetWrapper::clear (12 bytes)
Event: 12.888 Thread 0x0000022020ce1f50 nmethod 3048 0x0000022008299610 code [0x00000220082997a0, 0x00000220082999b8]
Event: 12.888 Thread 0x0000022020ce1f50 3049       3       com.sun.javafx.css.PseudoClassState::cast (6 bytes)
Event: 12.889 Thread 0x0000022020ce1f50 nmethod 3049 0x0000022008299a90 code [0x0000022008299c40, 0x0000022008299fa8]
Event: 12.889 Thread 0x0000022020ce1f50 3050       3       com.sun.javafx.css.PseudoClassState::cast (21 bytes)
Event: 12.890 Thread 0x0000022020ce1f50 nmethod 3050 0x000002200829a110 code [0x000002200829a2c0, 0x000002200829a5c8]
Event: 12.895 Thread 0x0000022020ce1f50 3051       3       javafx.scene.Scene$MouseHandler::clearPDREventTargets (55 bytes)
Event: 12.896 Thread 0x0000022020ce1f50 nmethod 3051 0x000002200829a690 code [0x000002200829a880, 0x000002200829af48]
Event: 12.965 Thread 0x0000022020ce1f50 3052       3       com.sun.javafx.stage.WindowCloseRequestHandler::dispatchBubblingEvent (23 bytes)
Event: 12.966 Thread 0x0000022020ce1f50 nmethod 3052 0x000002200829b110 code [0x000002200829b2e0, 0x000002200829b6b8]
Event: 12.966 Thread 0x0000022020ce1f50 3053       3       com.sun.javafx.event.BasicEventDispatcher::dispatchBubblingEvent (2 bytes)
Event: 12.967 Thread 0x0000022020ce1f50 nmethod 3053 0x000002200829b810 code [0x000002200829b9a0, 0x000002200829bab8]
Event: 86.781 Thread 0x0000022020cd9550 3054       4       com.sun.javafx.tk.quantum.QuantumToolkit::postPulse (133 bytes)
Event: 86.793 Thread 0x0000022020cd9550 nmethod 3054 0x000002200f3a1310 code [0x000002200f3a14c0, 0x000002200f3a1738]
Event: 89.229 Thread 0x0000022020cd9550 3055       4       com.sun.javafx.tk.quantum.QuantumToolkit$$Lambda$83/0x0000000800c31880::run (8 bytes)
Event: 89.246 Thread 0x0000022020cd9550 nmethod 3055 0x000002200f3a1a90 code [0x000002200f3a1c60, 0x000002200f3a1f28]

GC Heap History (4 events):
Event: 1.243 GC heap before
{Heap before GC invocations=0 (full 0):
 garbage-first heap   total 260096K, used 20480K [0x0000000703800000, 0x0000000800000000)
  region size 2048K, 11 young (22528K), 0 survivors (0K)
 Metaspace       used 4977K, committed 5120K, reserved 1056768K
  class space    used 567K, committed 640K, reserved 1048576K
}
Event: 1.250 GC heap after
{Heap after GC invocations=1 (full 0):
 garbage-first heap   total 260096K, used 3188K [0x0000000703800000, 0x0000000800000000)
  region size 2048K, 2 young (4096K), 2 survivors (4096K)
 Metaspace       used 4977K, committed 5120K, reserved 1056768K
  class space    used 567K, committed 640K, reserved 1048576K
}
Event: 2.379 GC heap before
{Heap before GC invocations=1 (full 0):
 garbage-first heap   total 260096K, used 38004K [0x0000000703800000, 0x0000000800000000)
  region size 2048K, 19 young (38912K), 2 survivors (4096K)
 Metaspace       used 13438K, committed 13696K, reserved 1064960K
  class space    used 1982K, committed 2112K, reserved 1048576K
}
Event: 2.389 GC heap after
{Heap after GC invocations=2 (full 0):
 garbage-first heap   total 260096K, used 7545K [0x0000000703800000, 0x0000000800000000)
  region size 2048K, 3 young (6144K), 3 survivors (6144K)
 Metaspace       used 13438K, committed 13696K, reserved 1064960K
  class space    used 1982K, committed 2112K, reserved 1048576K
}

Deoptimization events (20 events):
Event: 9.512 Thread 0x000002202267b700 Uncommon trap: trap_request=0xffffff45 fr.pc=0x000002200f263e08 relative=0x0000000000000088
Event: 9.512 Thread 0x000002202267b700 Uncommon trap: reason=unstable_if action=reinterpret pc=0x000002200f263e08 method=java.lang.CharacterDataLatin1.isJavaIdentifierStart(I)Z @ 14 c2
Event: 9.512 Thread 0x000002202267b700 DEOPT PACKING pc=0x000002200f263e08 sp=0x0000004e419f9e70
Event: 9.512 Thread 0x000002202267b700 DEOPT UNPACKING pc=0x00000220077d23a3 sp=0x0000004e419f9df0 mode 2
Event: 10.971 Thread 0x000002202267b700 Uncommon trap: trap_request=0xffffffbe fr.pc=0x000002200f3949a0 relative=0x0000000000000400
Event: 10.971 Thread 0x000002202267b700 Uncommon trap: reason=profile_predicate action=maybe_recompile pc=0x000002200f3949a0 method=jdk.internal.jimage.ImageStringsReader.unmaskedHashCode(Ljava/lang/String;I)I @ 13 c2
Event: 10.971 Thread 0x000002202267b700 DEOPT PACKING pc=0x000002200f3949a0 sp=0x0000004e419f6ed0
Event: 10.971 Thread 0x000002202267b700 DEOPT UNPACKING pc=0x00000220077d23a3 sp=0x0000004e419f6e38 mode 2
Event: 10.971 Thread 0x000002202267b700 Uncommon trap: trap_request=0xffffffbe fr.pc=0x000002200f3949a0 relative=0x0000000000000400
Event: 10.971 Thread 0x000002202267b700 Uncommon trap: reason=profile_predicate action=maybe_recompile pc=0x000002200f3949a0 method=jdk.internal.jimage.ImageStringsReader.unmaskedHashCode(Ljava/lang/String;I)I @ 13 c2
Event: 10.971 Thread 0x000002202267b700 DEOPT PACKING pc=0x000002200f3949a0 sp=0x0000004e419f6ed0
Event: 10.972 Thread 0x000002202267b700 DEOPT UNPACKING pc=0x00000220077d23a3 sp=0x0000004e419f6e38 mode 2
Event: 10.972 Thread 0x000002202267b700 Uncommon trap: trap_request=0xffffffbe fr.pc=0x000002200f3949a0 relative=0x0000000000000400
Event: 10.972 Thread 0x000002202267b700 Uncommon trap: reason=profile_predicate action=maybe_recompile pc=0x000002200f3949a0 method=jdk.internal.jimage.ImageStringsReader.unmaskedHashCode(Ljava/lang/String;I)I @ 13 c2
Event: 10.972 Thread 0x000002202267b700 DEOPT PACKING pc=0x000002200f3949a0 sp=0x0000004e419f6fa0
Event: 10.972 Thread 0x000002202267b700 DEOPT UNPACKING pc=0x00000220077d23a3 sp=0x0000004e419f6f08 mode 2
Event: 10.972 Thread 0x000002202267b700 Uncommon trap: trap_request=0xffffffbe fr.pc=0x000002200f3949a0 relative=0x0000000000000400
Event: 10.972 Thread 0x000002202267b700 Uncommon trap: reason=profile_predicate action=maybe_recompile pc=0x000002200f3949a0 method=jdk.internal.jimage.ImageStringsReader.unmaskedHashCode(Ljava/lang/String;I)I @ 13 c2
Event: 10.972 Thread 0x000002202267b700 DEOPT PACKING pc=0x000002200f3949a0 sp=0x0000004e419f6fa0
Event: 10.972 Thread 0x000002202267b700 DEOPT UNPACKING pc=0x00000220077d23a3 sp=0x0000004e419f6f08 mode 2

Classes unloaded (0 events):
No events

Classes redefined (0 events):
No events

Internal exceptions (20 events):
Event: 2.454 Thread 0x000002202267b700 Exception <a 'java/lang/NoSuchMethodError'{0x0000000713588608}: 'java.lang.Object java.lang.invoke.DirectMethodHandle$Holder.newInvokeSpecial(java.lang.Object, java.lang.Object, long)'> (0x0000000713588608) 
thrown [t:\workspace\open\src\hotspot\share\interpreter\linkResolver.cpp, line 766]
Event: 2.455 Thread 0x000002202267b700 Exception <a 'java/lang/NoSuchMethodError'{0x000000071358c178}: 'java.lang.Object java.lang.invoke.Invokers$Holder.linkToTargetMethod(java.lang.Object, long, java.lang.Object)'> (0x000000071358c178) 
thrown [t:\workspace\open\src\hotspot\share\interpreter\linkResolver.cpp, line 766]
Event: 8.907 Thread 0x000002202267b700 Exception <a 'sun/nio/fs/WindowsException'{0x0000000712a2f178}> (0x0000000712a2f178) 
thrown [t:\workspace\open\src\hotspot\share\prims\jni.cpp, line 516]
Event: 8.919 Thread 0x000002202267b700 Exception <a 'sun/nio/fs/WindowsException'{0x0000000712a5c8f0}> (0x0000000712a5c8f0) 
thrown [t:\workspace\open\src\hotspot\share\prims\jni.cpp, line 516]
Event: 8.926 Thread 0x000002202267b700 Exception <a 'java/lang/NoSuchMethodError'{0x0000000712a62a20}: 'java.lang.Object java.lang.invoke.DirectMethodHandle$Holder.invokeVirtual(java.lang.Object, java.lang.Object, java.lang.Object, java.lang.Object)'> (0x0000000712a62a20) 
thrown [t:\workspace\open\src\hotspot\share\interpreter\linkResolver.cpp, line 766]
Event: 8.959 Thread 0x000002202267b700 Exception <a 'java/lang/NoSuchMethodError'{0x0000000712aaf940}: 'int java.lang.invoke.DirectMethodHandle$Holder.invokeStatic(java.lang.Object, java.lang.Object, java.lang.Object, java.lang.Object)'> (0x0000000712aaf940) 
thrown [t:\workspace\open\src\hotspot\share\interpreter\linkResolver.cpp, line 766]
Event: 8.960 Thread 0x000002202267b700 Exception <a 'java/lang/NoSuchMethodError'{0x0000000712ab3698}: 'int java.lang.invoke.DirectMethodHandle$Holder.invokeStaticInit(java.lang.Object, java.lang.Object, java.lang.Object, java.lang.Object)'> (0x0000000712ab3698) 
thrown [t:\workspace\open\src\hotspot\share\interpreter\linkResolver.cpp, line 766]
Event: 8.962 Thread 0x000002202267b700 Exception <a 'java/lang/NoSuchMethodError'{0x0000000712abd190}: 'java.lang.Object java.lang.invoke.DirectMethodHandle$Holder.invokeInterface(java.lang.Object, java.lang.Object)'> (0x0000000712abd190) 
thrown [t:\workspace\open\src\hotspot\share\interpreter\linkResolver.cpp, line 766]
Event: 8.964 Thread 0x000002202267b700 Exception <a 'java/lang/IncompatibleClassChangeError'{0x0000000712ac0ed8}: Found class java.lang.Object, but interface was expected> (0x0000000712ac0ed8) 
thrown [t:\workspace\open\src\hotspot\share\interpreter\linkResolver.cpp, line 833]
Event: 9.090 Thread 0x000002202267b700 Exception <a 'java/lang/NoSuchMethodError'{0x0000000712b7f668}: 'int java.lang.invoke.DirectMethodHandle$Holder.invokeSpecial(java.lang.Object, java.lang.Object, java.lang.Object)'> (0x0000000712b7f668) 
thrown [t:\workspace\open\src\hotspot\share\interpreter\linkResolver.cpp, line 766]
Event: 9.202 Thread 0x000002202267b700 Exception <a 'java/lang/NoSuchMethodError'{0x0000000712be7a88}: 'java.lang.Object java.lang.invoke.DirectMethodHandle$Holder.invokeStaticInit(java.lang.Object, int, int, int, int)'> (0x0000000712be7a88) 
thrown [t:\workspace\open\src\hotspot\share\interpreter\linkResolver.cpp, line 766]
Event: 9.290 Thread 0x000002202267b700 Exception <a 'java/lang/NoSuchMethodError'{0x00000007128d5ca8}: 'java.lang.Object java.lang.invoke.DirectMethodHandle$Holder.invokeStaticInit(java.lang.Object, java.lang.Object, int, int, int, int)'> (0x00000007128d5ca8) 
thrown [t:\workspace\open\src\hotspot\share\interpreter\linkResolver.cpp, line 766]
Event: 9.362 Thread 0x000002202267b700 Exception <a 'sun/nio/fs/WindowsException'{0x0000000712640360}> (0x0000000712640360) 
thrown [t:\workspace\open\src\hotspot\share\prims\jni.cpp, line 516]
Event: 9.371 Thread 0x000002202267b700 Exception <a 'sun/nio/fs/WindowsException'{0x0000000712656228}> (0x0000000712656228) 
thrown [t:\workspace\open\src\hotspot\share\prims\jni.cpp, line 516]
Event: 9.577 Thread 0x000002202267b700 Exception <a 'sun/nio/fs/WindowsException'{0x0000000712512020}> (0x0000000712512020) 
thrown [t:\workspace\open\src\hotspot\share\prims\jni.cpp, line 516]
Event: 9.578 Thread 0x000002202267b700 Exception <a 'sun/nio/fs/WindowsException'{0x0000000712514678}> (0x0000000712514678) 
thrown [t:\workspace\open\src\hotspot\share\prims\jni.cpp, line 516]
Event: 9.584 Thread 0x000002202267b700 Exception <a 'sun/nio/fs/WindowsException'{0x0000000712531f98}> (0x0000000712531f98) 
thrown [t:\workspace\open\src\hotspot\share\prims\jni.cpp, line 516]
Event: 12.432 Thread 0x000002202267b700 Exception <a 'java/lang/NoSuchMethodError'{0x0000000712275308}: 'java.lang.Object java.lang.invoke.DirectMethodHandle$Holder.newInvokeSpecial(java.lang.Object, java.lang.Object, int, int, int, int, int, java.lang.Object)'> (0x0000000712275308) 
thrown [t:\workspace\open\src\hotspot\share\interpreter\linkResolver.cpp, line 766]
Event: 12.438 Thread 0x000002202267b700 Exception <a 'java/lang/NoSuchMethodError'{0x0000000712288ae0}: 'java.lang.Object java.lang.invoke.DirectMethodHandle$Holder.newInvokeSpecial(java.lang.Object, java.lang.Object, java.lang.Object, int, int, int, int, int)'> (0x0000000712288ae0) 
thrown [t:\workspace\open\src\hotspot\share\interpreter\linkResolver.cpp, line 766]
Event: 12.440 Thread 0x000002202267b700 Exception <a 'java/lang/NoSuchMethodError'{0x0000000712290de0}: 'java.lang.Object java.lang.invoke.Invokers$Holder.linkToTargetMethod(java.lang.Object, java.lang.Object, int, int, int, int, int, java.lang.Object)'> (0x0000000712290de0) 
thrown [t:\workspace\open\src\hotspot\share\interpreter\linkResolver.cpp, line 766]

VM Operations (20 events):
Event: 8.942 Executing VM operation: Cleanup done
Event: 9.210 Executing VM operation: HandshakeAllThreads
Event: 9.210 Executing VM operation: HandshakeAllThreads done
Event: 9.326 Executing VM operation: HandshakeAllThreads
Event: 9.326 Executing VM operation: HandshakeAllThreads done
Event: 9.364 Executing VM operation: HandshakeAllThreads
Event: 9.364 Executing VM operation: HandshakeAllThreads done
Event: 9.372 Executing VM operation: HandshakeAllThreads
Event: 9.372 Executing VM operation: HandshakeAllThreads done
Event: 9.490 Executing VM operation: HandshakeAllThreads
Event: 9.490 Executing VM operation: HandshakeAllThreads done
Event: 9.572 Executing VM operation: HandshakeAllThreads
Event: 9.572 Executing VM operation: HandshakeAllThreads done
Event: 10.573 Executing VM operation: Cleanup
Event: 10.574 Executing VM operation: Cleanup done
Event: 12.574 Executing VM operation: Cleanup
Event: 12.575 Executing VM operation: Cleanup done
Event: 13.575 Executing VM operation: Cleanup
Event: 13.576 Executing VM operation: Cleanup done
Event: 95.978 Executing VM operation: Exit

Events (20 events):
Event: 10.971 loading class sun/util/resources/BreakIteratorResourceBundle
Event: 10.971 loading class sun/util/resources/BreakIteratorResourceBundle done
Event: 10.971 loading class sun/text/resources/BreakIteratorResources done
Event: 10.973 loading class sun/text/RuleBasedBreakIterator
Event: 10.974 loading class sun/text/RuleBasedBreakIterator done
Event: 10.977 loading class sun/text/CompactByteArray
Event: 10.977 loading class sun/text/CompactByteArray done
Event: 10.977 loading class sun/text/SupplementaryCharacterData
Event: 10.977 loading class sun/text/SupplementaryCharacterData done
Event: 10.978 loading class java/text/BreakIterator$BreakIteratorCache
Event: 10.978 loading class java/text/BreakIterator$BreakIteratorCache done
Event: 12.426 loading class java/text/StringCharacterIterator
Event: 12.426 loading class java/text/StringCharacterIterator done
Event: 95.970 loading class jdk/internal/misc/Signal$1
Event: 95.970 loading class jdk/internal/misc/Signal$1 done
Event: 95.971 Thread 0x0000022022a38060 Thread added: 0x0000022022a38060
Event: 95.972 Thread 0x0000022022a36380 Thread added: 0x0000022022a36380
Event: 95.973 Thread 0x0000022022a36850 Thread added: 0x0000022022a36850
Event: 95.974 Thread 0x0000022022a36380 Thread exited: 0x0000022022a36380
Event: 95.977 Thread 0x0000022022a36850 Thread exited: 0x0000022022a36850


Dynamic libraries:
0x00007ff6cbd80000 - 0x00007ff6cbd90000 	C:\Program Files\Java\jdk-17.0.2\bin\java.exe
0x00007ff942550000 - 0x00007ff942748000 	C:\WINDOWS\SYSTEM32\ntdll.dll
0x00007ff941cb0000 - 0x00007ff941d6f000 	C:\WINDOWS\System32\KERNEL32.DLL
0x00007ff93fc50000 - 0x00007ff93ff22000 	C:\WINDOWS\System32\KERNELBASE.dll
0x00007ff9401c0000 - 0x00007ff9402c0000 	C:\WINDOWS\System32\ucrtbase.dll
0x00007ff93a8b0000 - 0x00007ff93a8ca000 	C:\Program Files\Java\jdk-17.0.2\bin\VCRUNTIME140.dll
0x00007ff93a8d0000 - 0x00007ff93a8e8000 	C:\Program Files\Java\jdk-17.0.2\bin\jli.dll
0x00007ff940be0000 - 0x00007ff940c8e000 	C:\WINDOWS\System32\ADVAPI32.dll
0x00007ff942190000 - 0x00007ff94222e000 	C:\WINDOWS\System32\msvcrt.dll
0x00007ff940dc0000 - 0x00007ff940e5c000 	C:\WINDOWS\System32\sechost.dll
0x00007ff9405a0000 - 0x00007ff9406c5000 	C:\WINDOWS\System32\RPCRT4.dll
0x00007ff9422f0000 - 0x00007ff94248d000 	C:\WINDOWS\System32\USER32.dll
0x00007ff93ffe0000 - 0x00007ff940002000 	C:\WINDOWS\System32\win32u.dll
0x00007ff91b880000 - 0x00007ff91bb1a000 	C:\WINDOWS\WinSxS\amd64_microsoft.windows.common-controls_6595b64144ccf1df_6.0.19041.1110_none_60b5254171f9507e\COMCTL32.dll
0x00007ff941000000 - 0x00007ff94102b000 	C:\WINDOWS\System32\GDI32.dll
0x00007ff9400b0000 - 0x00007ff9401bf000 	C:\WINDOWS\System32\gdi32full.dll
0x00007ff940010000 - 0x00007ff9400ad000 	C:\WINDOWS\System32\msvcp_win.dll
0x00007ff9374a0000 - 0x00007ff9374aa000 	C:\WINDOWS\SYSTEM32\VERSION.dll
0x00007ff940e60000 - 0x00007ff940e92000 	C:\WINDOWS\System32\IMM32.DLL
0x00007ff93a890000 - 0x00007ff93a89c000 	C:\Program Files\Java\jdk-17.0.2\bin\vcruntime140_1.dll
0x00007ff912340000 - 0x00007ff9123cd000 	C:\Program Files\Java\jdk-17.0.2\bin\msvcp140.dll
0x00007ff8a4d40000 - 0x00007ff8a5901000 	C:\Program Files\Java\jdk-17.0.2\bin\server\jvm.dll
0x00007ff941f20000 - 0x00007ff941f28000 	C:\WINDOWS\System32\PSAPI.DLL
0x00007ff929c50000 - 0x00007ff929c59000 	C:\WINDOWS\SYSTEM32\WSOCK32.dll
0x00007ff916c40000 - 0x00007ff916c67000 	C:\WINDOWS\SYSTEM32\WINMM.dll
0x00007ff9424a0000 - 0x00007ff94250b000 	C:\WINDOWS\System32\WS2_32.dll
0x00007ff93dcb0000 - 0x00007ff93dcc2000 	C:\WINDOWS\SYSTEM32\kernel.appcore.dll
0x00007ff93a810000 - 0x00007ff93a81a000 	C:\Program Files\Java\jdk-17.0.2\bin\jimage.dll
0x00007ff93d860000 - 0x00007ff93da44000 	C:\WINDOWS\SYSTEM32\DBGHELP.DLL
0x00007ff92d440000 - 0x00007ff92d46c000 	C:\WINDOWS\SYSTEM32\dbgcore.DLL
0x00007ff940380000 - 0x00007ff940402000 	C:\WINDOWS\System32\bcryptPrimitives.dll
0x00007ff93a800000 - 0x00007ff93a80e000 	C:\Program Files\Java\jdk-17.0.2\bin\instrument.dll
0x00007ff937150000 - 0x00007ff937175000 	C:\Program Files\Java\jdk-17.0.2\bin\java.dll
0x00007ff8fccc0000 - 0x00007ff8fcd96000 	C:\Program Files\Java\jdk-17.0.2\bin\jsvml.dll
0x00007ff941030000 - 0x00007ff941773000 	C:\WINDOWS\System32\SHELL32.dll
0x00007ff93dcd0000 - 0x00007ff93e462000 	C:\WINDOWS\SYSTEM32\windows.storage.dll
0x00007ff940880000 - 0x00007ff940bd4000 	C:\WINDOWS\System32\combase.dll
0x00007ff93f5d0000 - 0x00007ff93f600000 	C:\WINDOWS\SYSTEM32\Wldp.dll
0x00007ff941f30000 - 0x00007ff941fdd000 	C:\WINDOWS\System32\SHCORE.dll
0x00007ff942290000 - 0x00007ff9422e5000 	C:\WINDOWS\System32\shlwapi.dll
0x00007ff93fb90000 - 0x00007ff93fbaf000 	C:\WINDOWS\SYSTEM32\profapi.dll
0x00007ff92cc80000 - 0x00007ff92cc99000 	C:\Program Files\Java\jdk-17.0.2\bin\net.dll
0x00007ff9392c0000 - 0x00007ff9393cc000 	C:\WINDOWS\SYSTEM32\WINHTTP.dll
0x00007ff93f3b0000 - 0x00007ff93f41a000 	C:\WINDOWS\system32\mswsock.dll
0x00007ff91e220000 - 0x00007ff91e236000 	C:\Program Files\Java\jdk-17.0.2\bin\nio.dll
0x00007ff91e200000 - 0x00007ff91e218000 	C:\Program Files\Java\jdk-17.0.2\bin\zip.dll
0x00007ff914520000 - 0x00007ff91453a000 	C:\Program Files\JetBrains\IntelliJ IDEA Community Edition 2021.3.2\bin\breakgen64.dll
0x0000022020e40000 - 0x0000022020e43000 	C:\Users\яв \.openjfx\cache\17.0.1\api-ms-win-core-console-l1-1-0.dll
0x0000022020e50000 - 0x0000022020e53000 	C:\Users\яв \.openjfx\cache\17.0.1\api-ms-win-core-console-l1-2-0.dll
0x0000022020e60000 - 0x0000022020e63000 	C:\Users\яв \.openjfx\cache\17.0.1\api-ms-win-core-datetime-l1-1-0.dll
0x0000022020e70000 - 0x0000022020e73000 	C:\Users\яв \.openjfx\cache\17.0.1\api-ms-win-core-debug-l1-1-0.dll
0x0000022020e80000 - 0x0000022020e83000 	C:\Users\яв \.openjfx\cache\17.0.1\api-ms-win-core-errorhandling-l1-1-0.dll
0x0000022020e90000 - 0x0000022020e94000 	C:\Users\яв \.openjfx\cache\17.0.1\api-ms-win-core-file-l1-1-0.dll
0x0000022020ea0000 - 0x0000022020ea3000 	C:\Users\яв \.openjfx\cache\17.0.1\api-ms-win-core-file-l1-2-0.dll
0x0000022020eb0000 - 0x0000022020eb3000 	C:\Users\яв \.openjfx\cache\17.0.1\api-ms-win-core-file-l2-1-0.dll
0x0000022020ec0000 - 0x0000022020ec3000 	C:\Users\яв \.openjfx\cache\17.0.1\api-ms-win-core-handle-l1-1-0.dll
0x0000022020ed0000 - 0x0000022020ed3000 	C:\Users\яв \.openjfx\cache\17.0.1\api-ms-win-core-heap-l1-1-0.dll
0x0000022020ee0000 - 0x0000022020ee3000 	C:\Users\яв \.openjfx\cache\17.0.1\api-ms-win-core-interlocked-l1-1-0.dll
0x0000022020ef0000 - 0x0000022020ef3000 	C:\Users\яв \.openjfx\cache\17.0.1\api-ms-win-core-libraryloader-l1-1-0.dll
0x0000022020f00000 - 0x0000022020f03000 	C:\Users\яв \.openjfx\cache\17.0.1\api-ms-win-core-localization-l1-2-0.dll
0x0000022020f10000 - 0x0000022020f13000 	C:\Users\яв \.openjfx\cache\17.0.1\api-ms-win-core-memory-l1-1-0.dll
0x0000022020f20000 - 0x0000022020f23000 	C:\Users\яв \.openjfx\cache\17.0.1\api-ms-win-core-namedpipe-l1-1-0.dll
0x0000022020f30000 - 0x0000022020f33000 	C:\Users\яв \.openjfx\cache\17.0.1\api-ms-win-core-processenvironment-l1-1-0.dll
0x0000022020f40000 - 0x0000022020f43000 	C:\Users\яв \.openjfx\cache\17.0.1\api-ms-win-core-processthreads-l1-1-0.dll
0x0000022020f50000 - 0x0000022020f53000 	C:\Users\яв \.openjfx\cache\17.0.1\api-ms-win-core-processthreads-l1-1-1.dll
0x0000022020f60000 - 0x0000022020f63000 	C:\Users\яв \.openjfx\cache\17.0.1\api-ms-win-core-profile-l1-1-0.dll
0x0000022020f70000 - 0x0000022020f73000 	C:\Users\яв \.openjfx\cache\17.0.1\api-ms-win-core-rtlsupport-l1-1-0.dll
0x0000022020f80000 - 0x0000022020f83000 	C:\Users\яв \.openjfx\cache\17.0.1\api-ms-win-core-string-l1-1-0.dll
0x0000022020f90000 - 0x0000022020f93000 	C:\Users\яв \.openjfx\cache\17.0.1\api-ms-win-core-synch-l1-1-0.dll
0x0000022020fa0000 - 0x0000022020fa3000 	C:\Users\яв \.openjfx\cache\17.0.1\api-ms-win-core-synch-l1-2-0.dll
0x0000022020fb0000 - 0x0000022020fb3000 	C:\Users\яв \.openjfx\cache\17.0.1\api-ms-win-core-sysinfo-l1-1-0.dll
0x0000022020fc0000 - 0x0000022020fc3000 	C:\Users\яв \.openjfx\cache\17.0.1\api-ms-win-core-timezone-l1-1-0.dll
0x0000022020fd0000 - 0x0000022020fd3000 	C:\Users\яв \.openjfx\cache\17.0.1\api-ms-win-core-util-l1-1-0.dll
0x0000022020fe0000 - 0x0000022020fe3000 	C:\Users\яв \.openjfx\cache\17.0.1\api-ms-win-crt-conio-l1-1-0.dll
0x0000022020ff0000 - 0x0000022020ff4000 	C:\Users\яв \.openjfx\cache\17.0.1\api-ms-win-crt-convert-l1-1-0.dll
0x00000220233d0000 - 0x00000220233d3000 	C:\Users\яв \.openjfx\cache\17.0.1\api-ms-win-crt-environment-l1-1-0.dll
0x0000022023610000 - 0x0000022023613000 	C:\Users\яв \.openjfx\cache\17.0.1\api-ms-win-crt-filesystem-l1-1-0.dll
0x0000022023620000 - 0x0000022023623000 	C:\Users\яв \.openjfx\cache\17.0.1\api-ms-win-crt-heap-l1-1-0.dll
0x0000022023630000 - 0x0000022023633000 	C:\Users\яв \.openjfx\cache\17.0.1\api-ms-win-crt-locale-l1-1-0.dll
0x0000022023640000 - 0x0000022023645000 	C:\Users\яв \.openjfx\cache\17.0.1\api-ms-win-crt-math-l1-1-0.dll
0x0000022023650000 - 0x0000022023655000 	C:\Users\яв \.openjfx\cache\17.0.1\api-ms-win-crt-multibyte-l1-1-0.dll
0x0000022023500000 - 0x0000022023510000 	C:\Users\яв \.openjfx\cache\17.0.1\api-ms-win-crt-private-l1-1-0.dll
0x0000022023510000 - 0x0000022023513000 	C:\Users\яв \.openjfx\cache\17.0.1\api-ms-win-crt-process-l1-1-0.dll
0x0000022023520000 - 0x0000022023524000 	C:\Users\яв \.openjfx\cache\17.0.1\api-ms-win-crt-runtime-l1-1-0.dll
0x0000022023530000 - 0x0000022023534000 	C:\Users\яв \.openjfx\cache\17.0.1\api-ms-win-crt-stdio-l1-1-0.dll
0x0000022023540000 - 0x0000022023544000 	C:\Users\яв \.openjfx\cache\17.0.1\api-ms-win-crt-string-l1-1-0.dll
0x0000022023550000 - 0x0000022023553000 	C:\Users\яв \.openjfx\cache\17.0.1\api-ms-win-crt-time-l1-1-0.dll
0x0000022023560000 - 0x0000022023563000 	C:\Users\яв \.openjfx\cache\17.0.1\api-ms-win-crt-utility-l1-1-0.dll
0x00007ff8f85e0000 - 0x00007ff8f86dc000 	C:\Users\яв \.openjfx\cache\17.0.1\ucrtbase.dll
0x00007ff9144e0000 - 0x00007ff9144fa000 	C:\Users\яв \.openjfx\cache\17.0.1\vcruntime140.dll
0x00007ff91a8f0000 - 0x00007ff91a8fc000 	C:\Users\яв \.openjfx\cache\17.0.1\vcruntime140_1.dll
0x00007ff8fcdf0000 - 0x00007ff8fce7d000 	C:\Users\яв \.openjfx\cache\17.0.1\msvcp140.dll
0x00007ff914470000 - 0x00007ff91449a000 	C:\Users\яв \.openjfx\cache\17.0.1\prism_d3d.dll
0x00007ff8d0de0000 - 0x00007ff8d0faf000 	C:\WINDOWS\system32\d3d9.dll
0x00007ff93d420000 - 0x00007ff93d44f000 	C:\WINDOWS\SYSTEM32\dwmapi.dll
0x00007ff93c1e0000 - 0x00007ff93c27e000 	C:\WINDOWS\system32\uxtheme.dll
0x00007ff8d0c30000 - 0x00007ff8d0dd2000 	C:\WINDOWS\System32\DriverStore\FileRepository\iigd_dch.inf_amd64_52ad2da9d64c0488\igdumdim64.dll
0x00007ff940c90000 - 0x00007ff940dba000 	C:\WINDOWS\System32\ole32.dll
0x00007ff8ccbc0000 - 0x00007ff8d07d0000 	C:\WINDOWS\System32\DriverStore\FileRepository\iigd_dch.inf_amd64_52ad2da9d64c0488\igd9dxva64.dll
0x00007ff941d70000 - 0x00007ff941e3d000 	C:\WINDOWS\System32\OLEAUT32.dll
0x00007ff941780000 - 0x00007ff941be8000 	C:\WINDOWS\System32\SETUPAPI.dll
0x00007ff9402c0000 - 0x00007ff94030e000 	C:\WINDOWS\System32\cfgmgr32.dll
0x00007ff940410000 - 0x00007ff940437000 	C:\WINDOWS\System32\bcrypt.dll
0x00007ff9224b0000 - 0x00007ff922877000 	C:\WINDOWS\System32\DriverStore\FileRepository\iigd_dch.inf_amd64_52ad2da9d64c0488\igdgmm64.dll
0x00007ff914420000 - 0x00007ff914462000 	C:\Users\яв \.openjfx\cache\17.0.1\glass.dll
0x00007ff941e40000 - 0x00007ff941f1a000 	C:\WINDOWS\System32\COMDLG32.dll
0x00007ff941fe0000 - 0x00007ff9420f5000 	C:\WINDOWS\System32\MSCTF.dll
0x00007ff8e7f90000 - 0x00007ff8e7fb7000 	C:\WINDOWS\System32\DriverStore\FileRepository\iigd_dch.inf_amd64_52ad2da9d64c0488\igdinfo64.dll
0x00007ff93f610000 - 0x00007ff93f628000 	C:\WINDOWS\SYSTEM32\CRYPTSP.dll
0x00007ff93ec80000 - 0x00007ff93ecb4000 	C:\WINDOWS\system32\rsaenh.dll
0x00007ff93f540000 - 0x00007ff93f54c000 	C:\WINDOWS\SYSTEM32\CRYPTBASE.dll
0x00007ff91ec90000 - 0x00007ff922242000 	C:\WINDOWS\System32\DriverStore\FileRepository\iigd_dch.inf_amd64_52ad2da9d64c0488\igc64.dll
0x00007ff938fc0000 - 0x00007ff938ffb000 	C:\WINDOWS\SYSTEM32\dxcore.dll
0x00007ff9144c0000 - 0x00007ff9144d4000 	C:\Users\яв \.openjfx\cache\17.0.1\javafx_font.dll
0x00007ff922880000 - 0x00007ff922aff000 	C:\WINDOWS\SYSTEM32\dwrite.dll
0x00007ff929f60000 - 0x00007ff92a114000 	C:\WINDOWS\SYSTEM32\WindowsCodecs.dll
0x00007ff906eb0000 - 0x00007ff906eee000 	C:\WINDOWS\system32\dataexchange.dll
0x00007ff93b360000 - 0x00007ff93b5c3000 	C:\WINDOWS\system32\d3d11.dll
0x00007ff93b5d0000 - 0x00007ff93b7b3000 	C:\WINDOWS\system32\dcomp.dll
0x00007ff93e4d0000 - 0x00007ff93e5c3000 	C:\WINDOWS\system32\dxgi.dll
0x00007ff9364b0000 - 0x00007ff9366b0000 	C:\WINDOWS\system32\twinapi.appcore.dll
0x00007ff902480000 - 0x00007ff9024b4000 	C:\Program Files\Common Files\Microsoft Shared\Ink\rtscom.dll
0x00007ff927930000 - 0x00007ff927a29000 	C:\WINDOWS\SYSTEM32\textinputframework.dll
0x00007ff93bc40000 - 0x00007ff93bf9e000 	C:\WINDOWS\System32\CoreUIComponents.dll
0x00007ff93bb40000 - 0x00007ff93bc32000 	C:\WINDOWS\System32\CoreMessaging.dll
0x00007ff93eda0000 - 0x00007ff93edd3000 	C:\WINDOWS\SYSTEM32\ntmarta.dll
0x00007ff93c430000 - 0x00007ff93c584000 	C:\WINDOWS\SYSTEM32\wintypes.dll
0x00007ff93f0b0000 - 0x00007ff93f17a000 	C:\WINDOWS\SYSTEM32\DNSAPI.dll

dbghelp: loaded successfully - version: 4.0.5 - missing functions: none
symbol engine: initialized successfully - sym options: 0x614 - pdb path: .;C:\Program Files\Java\jdk-17.0.2\bin;C:\WINDOWS\SYSTEM32;C:\WINDOWS\WinSxS\amd64_microsoft.windows.common-controls_6595b64144ccf1df_6.0.19041.1110_none_60b5254171f9507e;C:\Program Files\Java\jdk-17.0.2\bin\server;C:\Program Files\JetBrains\IntelliJ IDEA Community Edition 2021.3.2\bin;C:\Users\яв \.openjfx\cache\17.0.1;C:\WINDOWS\System32\DriverStore\FileRepository\iigd_dch.inf_amd64_52ad2da9d64c0488;C:\Program Files\Common Files\Microsoft Shared\Ink

VM Arguments:
jvm_args: -javaagent:C:\Program Files\JetBrains\IntelliJ IDEA Community Edition 2021.3.2\lib\idea_rt.jar=54054:C:\Program Files\JetBrains\IntelliJ IDEA Community Edition 2021.3.2\bin -Dfile.encoding=UTF-8 --module-path=C:\Users\яв \.m2\repository\org\openjfx\javafx-graphics\17.0.1\javafx-graphics-17.0.1-win.jar;C:\Users\яв \.m2\repository\org\openjfx\javafx-controls\17.0.1\javafx-controls-17.0.1-win.jar;C:\Users\яв \.m2\repository\org\openjfx\javafx-fxml\17.0.1\javafx-fxml-17.0.1-win.jar;C:\Users\яв \.m2\repository\org\openjfx\javafx-base\17.0.1\javafx-base-17.0.1-win.jar;D:\BD\target\classes -Djdk.module.main=com.example.bd 
java_command: com.example.bd/com.example.bd.HelloApplication
java_class_path (initial): C:\Users\яв \.m2\repository\org\openjfx\javafx-controls\17.0.1\javafx-controls-17.0.1.jar;C:\Users\яв \.m2\repository\org\openjfx\javafx-graphics\17.0.1\javafx-graphics-17.0.1.jar;C:\Users\яв \.m2\repository\org\openjfx\javafx-base\17.0.1\javafx-base-17.0.1.jar;C:\Users\яв \.m2\repository\org\openjfx\javafx-fxml\17.0.1\javafx-fxml-17.0.1.jar;D:\postgresql-42.5.1.jar
Launcher Type: SUN_STANDARD

[Global flags]
     intx CICompilerCount                          = 4                                         {product} {ergonomic}
     uint ConcGCThreads                            = 2                                         {product} {ergonomic}
     uint G1ConcRefinementThreads                  = 8                                         {product} {ergonomic}
   size_t G1HeapRegionSize                         = 2097152                                   {product} {ergonomic}
    uintx GCDrainStackTargetSize                   = 64                                        {product} {ergonomic}
   size_t InitialHeapSize                          = 266338304                                 {product} {ergonomic}
   size_t MarkStackSize                            = 4194304                                   {product} {ergonomic}
   size_t MaxHeapSize                              = 4236247040                                {product} {ergonomic}
   size_t MaxNewSize                               = 2541748224                                {product} {ergonomic}
   size_t MinHeapDeltaBytes                        = 2097152                                   {product} {ergonomic}
   size_t MinHeapSize                              = 8388608                                   {product} {ergonomic}
    uintx NonNMethodCodeHeapSize                   = 5839372                                {pd product} {ergonomic}
    uintx NonProfiledCodeHeapSize                  = 122909434                              {pd product} {ergonomic}
    uintx ProfiledCodeHeapSize                     = 122909434                              {pd product} {ergonomic}
    uintx ReservedCodeCacheSize                    = 251658240                              {pd product} {ergonomic}
     bool SegmentedCodeCache                       = true                                      {product} {ergonomic}
   size_t SoftMaxHeapSize                          = 4236247040                             {manageable} {ergonomic}
     bool UseCompressedClassPointers               = true                           {product lp64_product} {ergonomic}
     bool UseCompressedOops                        = true                           {product lp64_product} {ergonomic}
     bool UseG1GC                                  = true                                      {product} {ergonomic}
     bool UseLargePagesIndividualAllocation        = false                                  {pd product} {ergonomic}

Logging:
Log output configuration:
 #0: stdout all=off uptime,level,tags
 #1: stderr all=off uptime,level,tags

Environment Variables:
PATH=C:\Program Files\Microsoft\jdk-11.0.12.7-hotspot\bin;C:\Program Files\Common Files\Oracle\Java\javapath;C:\Program Files (x86)\Embarcadero\Studio\20.0\bin;C:\Users\Public\Documents\Embarcadero\Studio\20.0\Bpl;C:\Program Files (x86)\Embarcadero\Studio\20.0\bin64;C:\Users\Public\Documents\Embarcadero\Studio\20.0\Bpl\Win64;C:\WINDOWS\system32;C:\WINDOWS;C:\WINDOWS\System32\Wbem;C:\WINDOWS\System32\WindowsPowerShell\v1.0\;C:\WINDOWS\System32\OpenSSH\;C:\Program Files\dotnet\;C:\Program Files\Microsoft SQL Server\130\Tools\Binn\;C:\Program Files\Microsoft SQL Server\Client SDK\ODBC\170\Tools\Binn\;C:\Program Files (x86)\Windows Kits\10\Windows Performance Toolkit\;C:\Program Files\Microsoft SQL Server\120\Tools\Binn\;C:\Program Files\Docker\Docker\resources\bin;C:\ProgramData\DockerDesktop\version-bin;C:\Program Files\Git\cmd;C:\Program Files\PuTTY\;C:\Program Files\Microsoft SQL Server\150\Tools\Binn\;C:\Users\яв \AppData\Local\Programs\Python\Python310\Scripts\;C:\Users\яв \AppData\Local\Programs\Python\Python310\;C:\Users\яв \AppData\Local\Microsoft\WindowsApps;C:\Users\яв \.dotnet\tools;C:\Users\яв \AppData\Local\GitHubDesktop\bin;;C:\Users\яв \AppData\Local\Programs\Microsoft VS Code\bin;C:\Program Files\JetBrains\IntelliJ IDEA 2021.3.2\bin;;C:\Program Files\JetBrains\IntelliJ IDEA Community Edition 2021.3.2\bin;;C:\Program Files\JetBrains\PyCharm Community Edition 2021.3.2\bin;;C:\intelFPGA_lite\21.1\questa_fse\win64;C:\intelFPGA_lite\18.0\modelsim_ase\win32aloem;C:\Users\яв \AppData\Local\JetBrains\PyCharm 2022.1.1\bin;;C:\Program Files\heroku\bin
USERNAME=яв 
OS=Windows_NT
PROCESSOR_IDENTIFIER=Intel64 Family 6 Model 142 Stepping 12, GenuineIntel



---------------  S Y S T E M  ---------------

OS:
 Windows 10 , 64 bit Build 19041 (10.0.19041.2251)
OS uptime: 2 days 12:40 hours
Hyper-V role detected

CPU: total 8 (initial active 8) (4 cores per cpu, 2 threads per core) family 6 model 142 stepping 12 microcode 0xde, cx8, cmov, fxsr, ht, mmx, 3dnowpref, sse, sse2, sse3, ssse3, sse4.1, sse4.2, popcnt, lzcnt, tsc, tscinvbit, avx, avx2, aes, erms, clmul, bmi1, bmi2, adx, fma, vzeroupper, clflush, clflushopt, hv

Memory: 4k page, system-wide physical 16155M (2302M free)
TotalPageFile size 50043M (AvailPageFile size 5547M)
current process WorkingSet (physical memory assigned to process): 164M, peak: 192M
current process commit charge ("private bytes"): 417M, peak: 442M

vm_info: Java HotSpot(TM) 64-Bit Server VM (17.0.2+8-LTS-86) for windows-amd64 JRE (17.0.2+8-LTS-86), built on Dec  7 2021 21:51:03 by "mach5one" with MS VC++ 16.8 / 16.9 (VS2019)

END.
