#
# A fatal error has been detected by the Java Runtime Environment:
#
#  EXCEPTION_ACCESS_VIOLATION (0xc0000005) at pc=0x00007ff91e216a87, pid=2664, tid=33200
#
# JRE version: Java(TM) SE Runtime Environment (17.0.2+8) (build 17.0.2+8-LTS-86)
# Java VM: Java HotSpot(TM) 64-Bit Server VM (17.0.2+8-LTS-86, mixed mode, sharing, tiered, compressed oops, compressed class ptrs, g1 gc, windows-amd64)
# Problematic frame:
# C  [glass.dll+0x26a87]
#
# No core dump will be written. Minidumps are not enabled by default on client versions of Windows
#
# If you would like to submit a bug report, please visit:
#   https://bugreport.java.com/bugreport/crash.jsp
#

---------------  S U M M A R Y ------------

Command Line: -javaagent:C:\Program Files\JetBrains\IntelliJ IDEA Community Edition 2021.3.2\lib\idea_rt.jar=56206:C:\Program Files\JetBrains\IntelliJ IDEA Community Edition 2021.3.2\bin -Dfile.encoding=UTF-8 --module-path=C:\Users\яв \.m2\repository\org\openjfx\javafx-graphics\17.0.1\javafx-graphics-17.0.1-win.jar;C:\Users\яв \.m2\repository\org\openjfx\javafx-base\17.0.1\javafx-base-17.0.1-win.jar;D:\BD\target\classes;C:\Users\яв \.m2\repository\org\openjfx\javafx-fxml\17.0.1\javafx-fxml-17.0.1-win.jar;C:\Users\яв \.m2\repository\org\openjfx\javafx-controls\17.0.1\javafx-controls-17.0.1-win.jar -Djdk.module.main=com.example.bd com.example.bd/com.example.bd.HelloApplication

Host: Intel(R) Core(TM) i5-8265U CPU @ 1.60GHz, 8 cores, 15G,  Windows 10 , 64 bit Build 19041 (10.0.19041.2251)
Time: Fri Dec 16 00:51:55 2022  Windows 10 , 64 bit Build 19041 (10.0.19041.2251) elapsed time: 108.236366 seconds (0d 0h 1m 48s)

---------------  T H R E A D  ---------------

Current thread (0x000002241a514bd0):  VMThread "VM Thread" [stack: 0x00000081ab200000,0x00000081ab300000] [id=33200]

Stack: [0x00000081ab200000,0x00000081ab300000],  sp=0x00000081ab2ff1d0,  free space=1020k
Native frames: (J=compiled Java code, j=interpreted, Vv=VM code, C=native code)
C  [glass.dll+0x26a87]


siginfo: EXCEPTION_ACCESS_VIOLATION (0xc0000005), reading address 0x0000000000000000


Register to memory mapping:

RIP=0x00007ff91e216a87 glass.dll
RAX=0x0 is NULL
RBX=0x000002241a529d68 is a global jni handle
RCX=0x000002241a514bd0 points into unknown readable memory: 0x00007ff8f9b9e890 | 90 e8 b9 f9 f8 7f 00 00
RDX=0x00000081ab2ff1d0 points into unknown readable memory: 0x0000000000000000 | 00 00 00 00 00 00 00 00
RSP=0x00000081ab2ff1d0 points into unknown readable memory: 0x0000000000000000 | 00 00 00 00 00 00 00 00
RBP=0x000002241b9a7c58 points into unknown readable memory: 0x0000aeacb102db49 | 49 db 02 b1 ac ae 00 00
RSI=0x000002241b9a7c30 points into unknown readable memory: 0x00ff5c90f37e0349 | 49 03 7e f3 90 5c ff 00
RDI=0x0000aeacb102db49 is an unknown value
R8 =0x0000000000010002 is an unknown value
R9 =0x0000aeacb102db49 is an unknown value
R10=0x0000000000008000 is an unknown value
R11=0x00000081ab2ff160 points into unknown readable memory: 0x000002241b9a7c30 | 30 7c 9a 1b 24 02 00 00
R12=0x00007ff91e214354 glass.dll
R13=0x00007ff8f9d449d0 jvm.dll
R14=0x00000081ab2ff2c8 points into unknown readable memory: 0x00000081ab2ff2b0 | b0 f2 2f ab 81 00 00 00
R15=0x000002241b9a7c30 points into unknown readable memory: 0x00ff5c90f37e0349 | 49 03 7e f3 90 5c ff 00


Registers:
RAX=0x0000000000000000, RBX=0x000002241a529d68, RCX=0x000002241a514bd0, RDX=0x00000081ab2ff1d0
RSP=0x00000081ab2ff1d0, RBP=0x000002241b9a7c58, RSI=0x000002241b9a7c30, RDI=0x0000aeacb102db49
R8 =0x0000000000010002, R9 =0x0000aeacb102db49, R10=0x0000000000008000, R11=0x00000081ab2ff160
R12=0x00007ff91e214354, R13=0x00007ff8f9d449d0, R14=0x00000081ab2ff2c8, R15=0x000002241b9a7c30
RIP=0x00007ff91e216a87, EFLAGS=0x0000000000010202

Top of Stack: (sp=0x00000081ab2ff1d0)
0x00000081ab2ff1d0:   0000000000000000 000002241b9a7c30
0x00000081ab2ff1e0:   00007ff8f9d449d0 00007ff91e214354
0x00000081ab2ff1f0:   000002241b9a7c38 00007ff9401d42d6
0x00000081ab2ff200:   0000aeacb102db49 0000022400000000
0x00000081ab2ff210:   000002241b9a7c58 000002241b9a7c30
0x00000081ab2ff220:   fffffffffffffffe 0000000000000000
0x00000081ab2ff230:   0000000000000001 00007ff91e1f0000
0x00000081ab2ff240:   00000081ab2ff2b8 00007ff9401d41fb
0x00000081ab2ff250:   0000000000000000 00000081ab2ff2c8
0x00000081ab2ff260:   00000081ab2ff590 00007ff9402b0e40
0x00000081ab2ff270:   0000000000000001 00007ff9401d41b4
0x00000081ab2ff280:   0000000000000000 0000000000000001
0x00000081ab2ff290:   00007ff800000001 00000081ab2ff2b8
0x00000081ab2ff2a0:   0000000000000000 00007ff91e2141e1
0x00000081ab2ff2b0:   00007ff91e22a138 00007ff900000002
0x00000081ab2ff2c0:   0000000000000002 00000081ab2ff2b0 

Instructions: (pc=0x00007ff91e216a87)
0x00007ff91e216987:   8b 4d 58 e8 01 cf ff ff 48 8b 4d 60 e8 f8 ce ff
0x00007ff91e216997:   ff 48 8b 95 80 00 00 00 48 8b 8d 18 01 00 00 e8
0x00007ff91e2169a7:   c6 c3 ff ff 33 d2 33 c9 e8 3c e1 ff ff 90 48 89
0x00007ff91e2169b7:   54 24 10 55 48 83 ec 20 48 8b ea 48 b8 00 00 00
0x00007ff91e2169c7:   00 00 00 00 00 48 83 c4 20 5d c3 cc 40 55 48 8b
0x00007ff91e2169d7:   ea 48 8b 01 33 c9 81 38 05 00 00 c0 0f 94 c1 8b
0x00007ff91e2169e7:   c1 5d c3 cc 40 55 48 83 ec 20 48 8b ea 8a 4d 40
0x00007ff91e2169f7:   48 83 c4 20 5d e9 f7 d2 ff ff cc 40 55 48 83 ec
0x00007ff91e216a07:   20 48 8b ea 8a 4d 20 e8 e5 d2 ff ff 90 48 83 c4
0x00007ff91e216a17:   20 5d c3 cc 40 55 48 83 ec 20 48 8b ea 48 83 c4
0x00007ff91e216a27:   20 5d e9 46 d1 ff ff cc 40 55 48 83 ec 30 48 8b
0x00007ff91e216a37:   ea 48 8b 01 8b 10 48 89 4c 24 28 89 54 24 20 4c
0x00007ff91e216a47:   8d 0d e7 d5 ff ff 4c 8b 45 70 8b 55 68 48 8b 4d
0x00007ff91e216a57:   60 e8 87 d0 ff ff 90 48 83 c4 30 5d c3 cc cc cc
0x00007ff91e216a67:   cc cc cc cc cc cc cc cc cc 40 53 48 83 ec 20 48
0x00007ff91e216a77:   8b 1d b3 30 01 00 48 85 db 74 16 e8 09 8b ff ff
0x00007ff91e216a87:   4c 8b 00 48 8b d3 48 8b c8 41 ff 90 b0 00 00 00
0x00007ff91e216a97:   90 48 83 c4 20 5b c3 cc cc 40 53 48 83 ec 20 48
0x00007ff91e216aa7:   8b 1d 2b 32 01 00 48 85 db 74 57 b8 ff ff ff ff
0x00007ff91e216ab7:   f0 0f c1 43 10 83 f8 01 75 3d 48 85 db 74 38 48
0x00007ff91e216ac7:   8b 0b 48 85 c9 74 0d ff 15 d4 07 00 00 48 c7 03
0x00007ff91e216ad7:   00 00 00 00 48 8b 4b 08 48 85 c9 74 0d e8 a7 cd
0x00007ff91e216ae7:   ff ff 48 c7 43 08 00 00 00 00 ba 18 00 00 00 48
0x00007ff91e216af7:   8b cb e8 92 cd ff ff 48 c7 05 cf 31 01 00 00 00
0x00007ff91e216b07:   00 00 48 83 c4 20 5b c3 cc 40 53 48 83 ec 20 48
0x00007ff91e216b17:   8b 1d 9b 31 01 00 48 85 db 74 57 b8 ff ff ff ff
0x00007ff91e216b27:   f0 0f c1 43 10 83 f8 01 75 3d 48 85 db 74 38 48
0x00007ff91e216b37:   8b 0b 48 85 c9 74 0d ff 15 64 07 00 00 48 c7 03
0x00007ff91e216b47:   00 00 00 00 48 8b 4b 08 48 85 c9 74 0d e8 37 cd
0x00007ff91e216b57:   ff ff 48 c7 43 08 00 00 00 00 ba 18 00 00 00 48
0x00007ff91e216b67:   8b cb e8 22 cd ff ff 48 c7 05 3f 31 01 00 00 00
0x00007ff91e216b77:   00 00 48 83 c4 20 5b c3 cc 40 53 48 83 ec 20 48 


Stack slot to memory mapping:
stack at sp + 0 slots: 0x0 is NULL
stack at sp + 1 slots: 0x000002241b9a7c30 points into unknown readable memory: 0x00ff5c90f37e0349 | 49 03 7e f3 90 5c ff 00
stack at sp + 2 slots: 0x00007ff8f9d449d0 jvm.dll
stack at sp + 3 slots: 0x00007ff91e214354 glass.dll
stack at sp + 4 slots: 0x000002241b9a7c38 points into unknown readable memory: 0x0000aeacb102db49 | 49 db 02 b1 ac ae 00 00
stack at sp + 5 slots: 0x00007ff9401d42d6 ucrtbase.dll
stack at sp + 6 slots: 0x0000aeacb102db49 is an unknown value
stack at sp + 7 slots: 0x0000022400000000 points into unknown readable memory: 0x0000000000000006 | 06 00 00 00 00 00 00 00

VM_Operation (0x00000081aa9ff420): Exit, mode: safepoint, requested by thread 0x0000022423dfae80


---------------  P R O C E S S  ---------------

Threads class SMR info:
_java_thread_list=0x0000022420bd0ea0, length=21, elements={
0x0000022477911290, 0x000002241a51b7e0, 0x000002241a51c650, 0x000002241a531800,
0x000002241a5345d0, 0x000002241a534f80, 0x000002241a535930, 0x000002241a536e20,
0x000002241a542d20, 0x000002241a54def0, 0x000002241a505230, 0x000002241b822bb0,
0x000002241b823080, 0x000002241b298840, 0x000002241ba0fbb0, 0x000002241ba11070,
0x00000224202be130, 0x0000022420381f10, 0x00000224212062d0, 0x0000022423df8cd0,
0x0000022423dfae80
}

Java Threads: ( => current thread )
  0x0000022477911290 JavaThread "main" [_thread_blocked, id=25664, stack(0x00000081aac00000,0x00000081aad00000)]
  0x000002241a51b7e0 JavaThread "Reference Handler" daemon [_thread_blocked, id=22552, stack(0x00000081ab300000,0x00000081ab400000)]
  0x000002241a51c650 JavaThread "Finalizer" daemon [_thread_blocked, id=8716, stack(0x00000081ab400000,0x00000081ab500000)]
  0x000002241a531800 JavaThread "Signal Dispatcher" daemon [_thread_blocked, id=7080, stack(0x00000081ab500000,0x00000081ab600000)]
  0x000002241a5345d0 JavaThread "Attach Listener" daemon [_thread_blocked, id=27388, stack(0x00000081ab600000,0x00000081ab700000)]
  0x000002241a534f80 JavaThread "Service Thread" daemon [_thread_blocked, id=20828, stack(0x00000081ab700000,0x00000081ab800000)]
  0x000002241a535930 JavaThread "Monitor Deflation Thread" daemon [_thread_blocked, id=35948, stack(0x00000081ab800000,0x00000081ab900000)]
  0x000002241a536e20 JavaThread "C2 CompilerThread0" daemon [_thread_blocked, id=24060, stack(0x00000081ab900000,0x00000081aba00000)]
  0x000002241a542d20 JavaThread "C1 CompilerThread0" daemon [_thread_blocked, id=35388, stack(0x00000081aba00000,0x00000081abb00000)]
  0x000002241a54def0 JavaThread "Sweeper thread" daemon [_thread_blocked, id=39424, stack(0x00000081abb00000,0x00000081abc00000)]
  0x000002241a505230 JavaThread "Common-Cleaner" daemon [_thread_blocked, id=30708, stack(0x00000081abc00000,0x00000081abd00000)]
  0x000002241b822bb0 JavaThread "Monitor Ctrl-Break" daemon [_thread_in_native, id=37968, stack(0x00000081abf00000,0x00000081ac000000)]
  0x000002241b823080 JavaThread "Notification Thread" daemon [_thread_blocked, id=32496, stack(0x00000081ac000000,0x00000081ac100000)]
  0x000002241b298840 JavaThread "QuantumRenderer-0" daemon [_thread_blocked, id=21880, stack(0x00000081abd00000,0x00000081abe00000)]
  0x000002241ba0fbb0 JavaThread "InvokeLaterDispatcher" daemon [_thread_blocked, id=28428, stack(0x00000081abe00000,0x00000081abf00000)]
  0x000002241ba11070 JavaThread "JavaFX Application Thread" [_thread_in_native, id=37120, stack(0x00000081ac200000,0x00000081ac300000)]
  0x00000224202be130 JavaThread "Thread-1" daemon [_thread_in_native, id=30580, stack(0x00000081ac600000,0x00000081ac700000)]
  0x0000022420381f10 JavaThread "JavaFX-Launcher" [_thread_blocked, id=39704, stack(0x00000081ac800000,0x00000081ac900000)]
  0x00000224212062d0 JavaThread "Prism Font Disposer" daemon [_thread_blocked, id=37364, stack(0x00000081ad400000,0x00000081ad500000)]
  0x0000022423df8cd0 JavaThread "Cleaner-0" daemon [_thread_blocked, id=37088, stack(0x00000081ad500000,0x00000081ad600000)]
  0x0000022423dfae80 JavaThread "SIGINT handler" daemon [_thread_blocked, id=25340, stack(0x00000081aa900000,0x00000081aaa00000)]

Other Threads:
=>0x000002241a514bd0 VMThread "VM Thread" [stack: 0x00000081ab200000,0x00000081ab300000] [id=33200]
  0x0000022477960400 GCTaskThread "GC Thread#0" [stack: 0x00000081aad00000,0x00000081aae00000] [id=39628]
  0x00000224202b26a0 GCTaskThread "GC Thread#1" [stack: 0x00000081ac700000,0x00000081ac800000] [id=34444]
  0x0000022420340ad0 GCTaskThread "GC Thread#2" [stack: 0x00000081ac900000,0x00000081aca00000] [id=28508]
  0x000002242033a050 GCTaskThread "GC Thread#3" [stack: 0x00000081aca00000,0x00000081acb00000] [id=29552]
  0x000002242039f980 GCTaskThread "GC Thread#4" [stack: 0x00000081acb00000,0x00000081acc00000] [id=1104]
  0x000002242039fc30 GCTaskThread "GC Thread#5" [stack: 0x00000081acc00000,0x00000081acd00000] [id=39832]
  0x00000224203cd430 GCTaskThread "GC Thread#6" [stack: 0x00000081acd00000,0x00000081ace00000] [id=28176]
  0x000002242040c2d0 GCTaskThread "GC Thread#7" [stack: 0x00000081ace00000,0x00000081acf00000] [id=38080]
  0x0000022477970fc0 ConcurrentGCThread "G1 Main Marker" terminated
  0x0000022477972170 ConcurrentGCThread "G1 Conc#0" [stack: 0x00000081aaf00000,0x00000081ab000000] [id=37388]
  0x000002241a3d20c0 ConcurrentGCThread "G1 Refine#0" terminated
  0x000002241a3d2ae0 ConcurrentGCThread "G1 Service" terminated

Threads with active compile tasks:
C1 CompilerThread0  
[error occurred during error reporting (printing all threads), id 0xc0000005, EXCEPTION_ACCESS_VIOLATION (0xc0000005) at pc=0x00007ff8f99ae683]

VM state: at safepoint (shutting down)

VM Mutex/Monitor currently owned by a thread:  ([mutex/lock_event])
[0x000002247790afc0] Threads_lock - owner thread: 0x000002241a514bd0
[0x000002247790bef0] Heap_lock - owner thread: 0x0000022423dfae80

Heap address: 0x0000000703800000, size: 4040 MB, Compressed Oops mode: Zero based, Oop shift amount: 3

CDS archive(s) mapped at: [0x0000000800000000-0x0000000800bc0000-0x0000000800bc0000), size 12320768, SharedBaseAddress: 0x0000000800000000, ArchiveRelocationMode: 0.
Compressed class space mapped at: 0x0000000800c00000-0x0000000840c00000, reserved size: 1073741824
Narrow klass base: 0x0000000800000000, Narrow klass shift: 0, Narrow klass range: 0x100000000

GC Precious Log:
 CPUs: 8 total, 8 available
 Memory: 16155M
 Large Page Support: Disabled
 NUMA Support: Disabled
 Compressed Oops: Enabled (Zero based)
 Heap Region Size: 2M
 Heap Min Capacity: 8M
 Heap Initial Capacity: 254M
 Heap Max Capacity: 4040M
 Pre-touch: Disabled
 Parallel Workers: 8
 Concurrent Workers: 2
 Concurrent Refinement Workers: 8
 Periodic GC: Disabled

Heap:
 garbage-first heap   total 260096K, used 42217K [0x0000000703800000, 0x0000000800000000)
  region size 2048K, 20 young (40960K), 3 survivors (6144K)
 Metaspace       used 20590K, committed 20864K, reserved 1073152K
  class space    used 2828K, committed 2944K, reserved 1048576K

Heap Regions: E=young(eden), S=young(survivor), O=old, HS=humongous(starts), HC=humongous(continues), CS=collection set, F=free, OA=open archive, CA=closed archive, TAMS=top-at-mark-start (previous, next)
|   0|0x0000000703800000, 0x0000000703a00000, 0x0000000703a00000|100%| O|  |TAMS 0x0000000703800000, 0x0000000703800000| Untracked 
|   1|0x0000000703a00000, 0x0000000703afde00, 0x0000000703c00000| 49%| O|  |TAMS 0x0000000703a00000, 0x0000000703a00000| Untracked 
|   2|0x0000000703c00000, 0x0000000703e00000, 0x0000000703e00000|100%|HS|  |TAMS 0x0000000703c00000, 0x0000000703c00000| Complete 
|   3|0x0000000703e00000, 0x0000000703e00000, 0x0000000704000000|  0%| F|  |TAMS 0x0000000703e00000, 0x0000000703e00000| Untracked 
|   4|0x0000000704000000, 0x0000000704000000, 0x0000000704200000|  0%| F|  |TAMS 0x0000000704000000, 0x0000000704000000| Untracked 
|   5|0x0000000704200000, 0x0000000704200000, 0x0000000704400000|  0%| F|  |TAMS 0x0000000704200000, 0x0000000704200000| Untracked 
|   6|0x0000000704400000, 0x0000000704400000, 0x0000000704600000|  0%| F|  |TAMS 0x0000000704400000, 0x0000000704400000| Untracked 
|   7|0x0000000704600000, 0x0000000704600000, 0x0000000704800000|  0%| F|  |TAMS 0x0000000704600000, 0x0000000704600000| Untracked 
|   8|0x0000000704800000, 0x0000000704800000, 0x0000000704a00000|  0%| F|  |TAMS 0x0000000704800000, 0x0000000704800000| Untracked 
|   9|0x0000000704a00000, 0x0000000704a00000, 0x0000000704c00000|  0%| F|  |TAMS 0x0000000704a00000, 0x0000000704a00000| Untracked 
|  10|0x0000000704c00000, 0x0000000704c00000, 0x0000000704e00000|  0%| F|  |TAMS 0x0000000704c00000, 0x0000000704c00000| Untracked 
|  11|0x0000000704e00000, 0x0000000704e00000, 0x0000000705000000|  0%| F|  |TAMS 0x0000000704e00000, 0x0000000704e00000| Untracked 
|  12|0x0000000705000000, 0x0000000705000000, 0x0000000705200000|  0%| F|  |TAMS 0x0000000705000000, 0x0000000705000000| Untracked 
|  13|0x0000000705200000, 0x0000000705200000, 0x0000000705400000|  0%| F|  |TAMS 0x0000000705200000, 0x0000000705200000| Untracked 
|  14|0x0000000705400000, 0x0000000705400000, 0x0000000705600000|  0%| F|  |TAMS 0x0000000705400000, 0x0000000705400000| Untracked 
|  15|0x0000000705600000, 0x0000000705600000, 0x0000000705800000|  0%| F|  |TAMS 0x0000000705600000, 0x0000000705600000| Untracked 
|  16|0x0000000705800000, 0x0000000705800000, 0x0000000705a00000|  0%| F|  |TAMS 0x0000000705800000, 0x0000000705800000| Untracked 
|  17|0x0000000705a00000, 0x0000000705a00000, 0x0000000705c00000|  0%| F|  |TAMS 0x0000000705a00000, 0x0000000705a00000| Untracked 
|  18|0x0000000705c00000, 0x0000000705c00000, 0x0000000705e00000|  0%| F|  |TAMS 0x0000000705c00000, 0x0000000705c00000| Untracked 
|  19|0x0000000705e00000, 0x0000000705e00000, 0x0000000706000000|  0%| F|  |TAMS 0x0000000705e00000, 0x0000000705e00000| Untracked 
|  20|0x0000000706000000, 0x0000000706000000, 0x0000000706200000|  0%| F|  |TAMS 0x0000000706000000, 0x0000000706000000| Untracked 
|  21|0x0000000706200000, 0x0000000706200000, 0x0000000706400000|  0%| F|  |TAMS 0x0000000706200000, 0x0000000706200000| Untracked 
|  22|0x0000000706400000, 0x0000000706400000, 0x0000000706600000|  0%| F|  |TAMS 0x0000000706400000, 0x0000000706400000| Untracked 
|  23|0x0000000706600000, 0x0000000706600000, 0x0000000706800000|  0%| F|  |TAMS 0x0000000706600000, 0x0000000706600000| Untracked 
|  24|0x0000000706800000, 0x0000000706800000, 0x0000000706a00000|  0%| F|  |TAMS 0x0000000706800000, 0x0000000706800000| Untracked 
|  25|0x0000000706a00000, 0x0000000706a00000, 0x0000000706c00000|  0%| F|  |TAMS 0x0000000706a00000, 0x0000000706a00000| Untracked 
|  26|0x0000000706c00000, 0x0000000706c00000, 0x0000000706e00000|  0%| F|  |TAMS 0x0000000706c00000, 0x0000000706c00000| Untracked 
|  27|0x0000000706e00000, 0x0000000706e00000, 0x0000000707000000|  0%| F|  |TAMS 0x0000000706e00000, 0x0000000706e00000| Untracked 
|  28|0x0000000707000000, 0x0000000707000000, 0x0000000707200000|  0%| F|  |TAMS 0x0000000707000000, 0x0000000707000000| Untracked 
|  29|0x0000000707200000, 0x0000000707200000, 0x0000000707400000|  0%| F|  |TAMS 0x0000000707200000, 0x0000000707200000| Untracked 
|  30|0x0000000707400000, 0x0000000707400000, 0x0000000707600000|  0%| F|  |TAMS 0x0000000707400000, 0x0000000707400000| Untracked 
|  31|0x0000000707600000, 0x0000000707600000, 0x0000000707800000|  0%| F|  |TAMS 0x0000000707600000, 0x0000000707600000| Untracked 
|  32|0x0000000707800000, 0x0000000707800000, 0x0000000707a00000|  0%| F|  |TAMS 0x0000000707800000, 0x0000000707800000| Untracked 
|  33|0x0000000707a00000, 0x0000000707a00000, 0x0000000707c00000|  0%| F|  |TAMS 0x0000000707a00000, 0x0000000707a00000| Untracked 
|  34|0x0000000707c00000, 0x0000000707c00000, 0x0000000707e00000|  0%| F|  |TAMS 0x0000000707c00000, 0x0000000707c00000| Untracked 
|  35|0x0000000707e00000, 0x0000000707e00000, 0x0000000708000000|  0%| F|  |TAMS 0x0000000707e00000, 0x0000000707e00000| Untracked 
|  36|0x0000000708000000, 0x0000000708000000, 0x0000000708200000|  0%| F|  |TAMS 0x0000000708000000, 0x0000000708000000| Untracked 
|  37|0x0000000708200000, 0x0000000708200000, 0x0000000708400000|  0%| F|  |TAMS 0x0000000708200000, 0x0000000708200000| Untracked 
|  38|0x0000000708400000, 0x0000000708400000, 0x0000000708600000|  0%| F|  |TAMS 0x0000000708400000, 0x0000000708400000| Untracked 
|  39|0x0000000708600000, 0x0000000708600000, 0x0000000708800000|  0%| F|  |TAMS 0x0000000708600000, 0x0000000708600000| Untracked 
|  40|0x0000000708800000, 0x0000000708800000, 0x0000000708a00000|  0%| F|  |TAMS 0x0000000708800000, 0x0000000708800000| Untracked 
|  41|0x0000000708a00000, 0x0000000708a00000, 0x0000000708c00000|  0%| F|  |TAMS 0x0000000708a00000, 0x0000000708a00000| Untracked 
|  42|0x0000000708c00000, 0x0000000708c00000, 0x0000000708e00000|  0%| F|  |TAMS 0x0000000708c00000, 0x0000000708c00000| Untracked 
|  43|0x0000000708e00000, 0x0000000708e00000, 0x0000000709000000|  0%| F|  |TAMS 0x0000000708e00000, 0x0000000708e00000| Untracked 
|  44|0x0000000709000000, 0x0000000709000000, 0x0000000709200000|  0%| F|  |TAMS 0x0000000709000000, 0x0000000709000000| Untracked 
|  45|0x0000000709200000, 0x0000000709200000, 0x0000000709400000|  0%| F|  |TAMS 0x0000000709200000, 0x0000000709200000| Untracked 
|  46|0x0000000709400000, 0x0000000709400000, 0x0000000709600000|  0%| F|  |TAMS 0x0000000709400000, 0x0000000709400000| Untracked 
|  47|0x0000000709600000, 0x0000000709600000, 0x0000000709800000|  0%| F|  |TAMS 0x0000000709600000, 0x0000000709600000| Untracked 
|  48|0x0000000709800000, 0x0000000709800000, 0x0000000709a00000|  0%| F|  |TAMS 0x0000000709800000, 0x0000000709800000| Untracked 
|  49|0x0000000709a00000, 0x0000000709a00000, 0x0000000709c00000|  0%| F|  |TAMS 0x0000000709a00000, 0x0000000709a00000| Untracked 
|  50|0x0000000709c00000, 0x0000000709c00000, 0x0000000709e00000|  0%| F|  |TAMS 0x0000000709c00000, 0x0000000709c00000| Untracked 
|  51|0x0000000709e00000, 0x0000000709e00000, 0x000000070a000000|  0%| F|  |TAMS 0x0000000709e00000, 0x0000000709e00000| Untracked 
|  52|0x000000070a000000, 0x000000070a000000, 0x000000070a200000|  0%| F|  |TAMS 0x000000070a000000, 0x000000070a000000| Untracked 
|  53|0x000000070a200000, 0x000000070a200000, 0x000000070a400000|  0%| F|  |TAMS 0x000000070a200000, 0x000000070a200000| Untracked 
|  54|0x000000070a400000, 0x000000070a400000, 0x000000070a600000|  0%| F|  |TAMS 0x000000070a400000, 0x000000070a400000| Untracked 
|  55|0x000000070a600000, 0x000000070a600000, 0x000000070a800000|  0%| F|  |TAMS 0x000000070a600000, 0x000000070a600000| Untracked 
|  56|0x000000070a800000, 0x000000070a800000, 0x000000070aa00000|  0%| F|  |TAMS 0x000000070a800000, 0x000000070a800000| Untracked 
|  57|0x000000070aa00000, 0x000000070aa00000, 0x000000070ac00000|  0%| F|  |TAMS 0x000000070aa00000, 0x000000070aa00000| Untracked 
|  58|0x000000070ac00000, 0x000000070ac00000, 0x000000070ae00000|  0%| F|  |TAMS 0x000000070ac00000, 0x000000070ac00000| Untracked 
|  59|0x000000070ae00000, 0x000000070ae00000, 0x000000070b000000|  0%| F|  |TAMS 0x000000070ae00000, 0x000000070ae00000| Untracked 
|  60|0x000000070b000000, 0x000000070b000000, 0x000000070b200000|  0%| F|  |TAMS 0x000000070b000000, 0x000000070b000000| Untracked 
|  61|0x000000070b200000, 0x000000070b200000, 0x000000070b400000|  0%| F|  |TAMS 0x000000070b200000, 0x000000070b200000| Untracked 
|  62|0x000000070b400000, 0x000000070b400000, 0x000000070b600000|  0%| F|  |TAMS 0x000000070b400000, 0x000000070b400000| Untracked 
|  63|0x000000070b600000, 0x000000070b600000, 0x000000070b800000|  0%| F|  |TAMS 0x000000070b600000, 0x000000070b600000| Untracked 
|  64|0x000000070b800000, 0x000000070b800000, 0x000000070ba00000|  0%| F|  |TAMS 0x000000070b800000, 0x000000070b800000| Untracked 
|  65|0x000000070ba00000, 0x000000070ba00000, 0x000000070bc00000|  0%| F|  |TAMS 0x000000070ba00000, 0x000000070ba00000| Untracked 
|  66|0x000000070bc00000, 0x000000070bc00000, 0x000000070be00000|  0%| F|  |TAMS 0x000000070bc00000, 0x000000070bc00000| Untracked 
|  67|0x000000070be00000, 0x000000070be00000, 0x000000070c000000|  0%| F|  |TAMS 0x000000070be00000, 0x000000070be00000| Untracked 
|  68|0x000000070c000000, 0x000000070c000000, 0x000000070c200000|  0%| F|  |TAMS 0x000000070c000000, 0x000000070c000000| Untracked 
|  69|0x000000070c200000, 0x000000070c200000, 0x000000070c400000|  0%| F|  |TAMS 0x000000070c200000, 0x000000070c200000| Untracked 
|  70|0x000000070c400000, 0x000000070c400000, 0x000000070c600000|  0%| F|  |TAMS 0x000000070c400000, 0x000000070c400000| Untracked 
|  71|0x000000070c600000, 0x000000070c600000, 0x000000070c800000|  0%| F|  |TAMS 0x000000070c600000, 0x000000070c600000| Untracked 
|  72|0x000000070c800000, 0x000000070c800000, 0x000000070ca00000|  0%| F|  |TAMS 0x000000070c800000, 0x000000070c800000| Untracked 
|  73|0x000000070ca00000, 0x000000070ca00000, 0x000000070cc00000|  0%| F|  |TAMS 0x000000070ca00000, 0x000000070ca00000| Untracked 
|  74|0x000000070cc00000, 0x000000070cc00000, 0x000000070ce00000|  0%| F|  |TAMS 0x000000070cc00000, 0x000000070cc00000| Untracked 
|  75|0x000000070ce00000, 0x000000070ce00000, 0x000000070d000000|  0%| F|  |TAMS 0x000000070ce00000, 0x000000070ce00000| Untracked 
|  76|0x000000070d000000, 0x000000070d000000, 0x000000070d200000|  0%| F|  |TAMS 0x000000070d000000, 0x000000070d000000| Untracked 
|  77|0x000000070d200000, 0x000000070d200000, 0x000000070d400000|  0%| F|  |TAMS 0x000000070d200000, 0x000000070d200000| Untracked 
|  78|0x000000070d400000, 0x000000070d400000, 0x000000070d600000|  0%| F|  |TAMS 0x000000070d400000, 0x000000070d400000| Untracked 
|  79|0x000000070d600000, 0x000000070d600000, 0x000000070d800000|  0%| F|  |TAMS 0x000000070d600000, 0x000000070d600000| Untracked 
|  80|0x000000070d800000, 0x000000070d800000, 0x000000070da00000|  0%| F|  |TAMS 0x000000070d800000, 0x000000070d800000| Untracked 
|  81|0x000000070da00000, 0x000000070da00000, 0x000000070dc00000|  0%| F|  |TAMS 0x000000070da00000, 0x000000070da00000| Untracked 
|  82|0x000000070dc00000, 0x000000070dc00000, 0x000000070de00000|  0%| F|  |TAMS 0x000000070dc00000, 0x000000070dc00000| Untracked 
|  83|0x000000070de00000, 0x000000070de00000, 0x000000070e000000|  0%| F|  |TAMS 0x000000070de00000, 0x000000070de00000| Untracked 
|  84|0x000000070e000000, 0x000000070e000000, 0x000000070e200000|  0%| F|  |TAMS 0x000000070e000000, 0x000000070e000000| Untracked 
|  85|0x000000070e200000, 0x000000070e200000, 0x000000070e400000|  0%| F|  |TAMS 0x000000070e200000, 0x000000070e200000| Untracked 
|  86|0x000000070e400000, 0x000000070e400000, 0x000000070e600000|  0%| F|  |TAMS 0x000000070e400000, 0x000000070e400000| Untracked 
|  87|0x000000070e600000, 0x000000070e600000, 0x000000070e800000|  0%| F|  |TAMS 0x000000070e600000, 0x000000070e600000| Untracked 
|  88|0x000000070e800000, 0x000000070e800000, 0x000000070ea00000|  0%| F|  |TAMS 0x000000070e800000, 0x000000070e800000| Untracked 
|  89|0x000000070ea00000, 0x000000070ea00000, 0x000000070ec00000|  0%| F|  |TAMS 0x000000070ea00000, 0x000000070ea00000| Untracked 
|  90|0x000000070ec00000, 0x000000070ec00000, 0x000000070ee00000|  0%| F|  |TAMS 0x000000070ec00000, 0x000000070ec00000| Untracked 
|  91|0x000000070ee00000, 0x000000070ee00000, 0x000000070f000000|  0%| F|  |TAMS 0x000000070ee00000, 0x000000070ee00000| Untracked 
|  92|0x000000070f000000, 0x000000070f000000, 0x000000070f200000|  0%| F|  |TAMS 0x000000070f000000, 0x000000070f000000| Untracked 
|  93|0x000000070f200000, 0x000000070f200000, 0x000000070f400000|  0%| F|  |TAMS 0x000000070f200000, 0x000000070f200000| Untracked 
|  94|0x000000070f400000, 0x000000070f400000, 0x000000070f600000|  0%| F|  |TAMS 0x000000070f400000, 0x000000070f400000| Untracked 
|  95|0x000000070f600000, 0x000000070f600000, 0x000000070f800000|  0%| F|  |TAMS 0x000000070f600000, 0x000000070f600000| Untracked 
|  96|0x000000070f800000, 0x000000070f800000, 0x000000070fa00000|  0%| F|  |TAMS 0x000000070f800000, 0x000000070f800000| Untracked 
|  97|0x000000070fa00000, 0x000000070fa00000, 0x000000070fc00000|  0%| F|  |TAMS 0x000000070fa00000, 0x000000070fa00000| Untracked 
|  98|0x000000070fc00000, 0x000000070fc00000, 0x000000070fe00000|  0%| F|  |TAMS 0x000000070fc00000, 0x000000070fc00000| Untracked 
|  99|0x000000070fe00000, 0x000000070fe00000, 0x0000000710000000|  0%| F|  |TAMS 0x000000070fe00000, 0x000000070fe00000| Untracked 
| 100|0x0000000710000000, 0x0000000710000000, 0x0000000710200000|  0%| F|  |TAMS 0x0000000710000000, 0x0000000710000000| Untracked 
| 101|0x0000000710200000, 0x0000000710200000, 0x0000000710400000|  0%| F|  |TAMS 0x0000000710200000, 0x0000000710200000| Untracked 
| 102|0x0000000710400000, 0x0000000710400000, 0x0000000710600000|  0%| F|  |TAMS 0x0000000710400000, 0x0000000710400000| Untracked 
| 103|0x0000000710600000, 0x0000000710600000, 0x0000000710800000|  0%| F|  |TAMS 0x0000000710600000, 0x0000000710600000| Untracked 
| 104|0x0000000710800000, 0x0000000710800000, 0x0000000710a00000|  0%| F|  |TAMS 0x0000000710800000, 0x0000000710800000| Untracked 
| 105|0x0000000710a00000, 0x0000000710a3c9a0, 0x0000000710c00000| 11%| S|CS|TAMS 0x0000000710a00000, 0x0000000710a00000| Complete 
| 106|0x0000000710c00000, 0x0000000710e00000, 0x0000000710e00000|100%| S|CS|TAMS 0x0000000710c00000, 0x0000000710c00000| Complete 
| 107|0x0000000710e00000, 0x0000000711000000, 0x0000000711000000|100%| S|CS|TAMS 0x0000000710e00000, 0x0000000710e00000| Complete 
| 108|0x0000000711000000, 0x0000000711000000, 0x0000000711200000|  0%| F|  |TAMS 0x0000000711000000, 0x0000000711000000| Untracked 
| 109|0x0000000711200000, 0x0000000711200000, 0x0000000711400000|  0%| F|  |TAMS 0x0000000711200000, 0x0000000711200000| Untracked 
| 110|0x0000000711400000, 0x00000007114f9b10, 0x0000000711600000| 48%| E|  |TAMS 0x0000000711400000, 0x0000000711400000| Complete 
| 111|0x0000000711600000, 0x0000000711800000, 0x0000000711800000|100%| E|CS|TAMS 0x0000000711600000, 0x0000000711600000| Complete 
| 112|0x0000000711800000, 0x0000000711a00000, 0x0000000711a00000|100%| E|CS|TAMS 0x0000000711800000, 0x0000000711800000| Complete 
| 113|0x0000000711a00000, 0x0000000711c00000, 0x0000000711c00000|100%| E|CS|TAMS 0x0000000711a00000, 0x0000000711a00000| Complete 
| 114|0x0000000711c00000, 0x0000000711e00000, 0x0000000711e00000|100%| E|CS|TAMS 0x0000000711c00000, 0x0000000711c00000| Complete 
| 115|0x0000000711e00000, 0x0000000712000000, 0x0000000712000000|100%| E|CS|TAMS 0x0000000711e00000, 0x0000000711e00000| Complete 
| 116|0x0000000712000000, 0x0000000712200000, 0x0000000712200000|100%| E|CS|TAMS 0x0000000712000000, 0x0000000712000000| Complete 
| 117|0x0000000712200000, 0x0000000712400000, 0x0000000712400000|100%| E|CS|TAMS 0x0000000712200000, 0x0000000712200000| Complete 
| 118|0x0000000712400000, 0x0000000712600000, 0x0000000712600000|100%| E|CS|TAMS 0x0000000712400000, 0x0000000712400000| Complete 
| 119|0x0000000712600000, 0x0000000712800000, 0x0000000712800000|100%| E|CS|TAMS 0x0000000712600000, 0x0000000712600000| Complete 
| 120|0x0000000712800000, 0x0000000712a00000, 0x0000000712a00000|100%| E|CS|TAMS 0x0000000712800000, 0x0000000712800000| Complete 
| 121|0x0000000712a00000, 0x0000000712c00000, 0x0000000712c00000|100%| E|CS|TAMS 0x0000000712a00000, 0x0000000712a00000| Complete 
| 122|0x0000000712c00000, 0x0000000712e00000, 0x0000000712e00000|100%| E|CS|TAMS 0x0000000712c00000, 0x0000000712c00000| Complete 
| 123|0x0000000712e00000, 0x0000000713000000, 0x0000000713000000|100%| E|CS|TAMS 0x0000000712e00000, 0x0000000712e00000| Complete 
| 124|0x0000000713000000, 0x0000000713200000, 0x0000000713200000|100%| E|CS|TAMS 0x0000000713000000, 0x0000000713000000| Complete 
| 125|0x0000000713200000, 0x0000000713400000, 0x0000000713400000|100%| E|CS|TAMS 0x0000000713200000, 0x0000000713200000| Complete 
| 126|0x0000000713400000, 0x0000000713600000, 0x0000000713600000|100%| E|CS|TAMS 0x0000000713400000, 0x0000000713400000| Complete 

Card table byte_map: [0x000002240f000000,0x000002240f7f0000] _byte_map_base: 0x000002240b7e4000

Marking Bits (Prev, Next): (CMBitMap*) 0x0000022477960a10, (CMBitMap*) 0x0000022477960a50
 Prev Bits: [0x000002240ffe0000, 0x0000022413f00000)
 Next Bits: [0x0000022413f00000, 0x0000022417e20000)

Polling page: 0x0000022475850000

Metaspace:

Usage:
  Non-class:     17.35 MB used.
      Class:      2.76 MB used.
       Both:     20.11 MB used.

Virtual space:
  Non-class space:       24.00 MB reserved,      17.50 MB ( 73%) committed,  3 nodes.
      Class space:        1.00 GB reserved,       2.88 MB ( <1%) committed,  1 nodes.
             Both:        1.02 GB reserved,      20.38 MB (  2%) committed. 

Chunk freelists:
   Non-Class:  2.09 MB
       Class:  1.16 MB
        Both:  3.25 MB

MaxMetaspaceSize: unlimited
CompressedClassSpaceSize: 1.00 GB
Initial GC threshold: 21.00 MB
Current GC threshold: 21.00 MB
CDS: on
MetaspaceReclaimPolicy: balanced
 - commit_granule_bytes: 65536.
 - commit_granule_words: 8192.
 - virtual_space_node_default_size: 1048576.
 - enlarge_chunks_in_place: 1.
 - new_chunks_are_fully_committed: 0.
 - uncommit_free_chunks: 1.
 - use_allocation_guard: 0.
 - handle_deallocations: 1.


Internal statistics:

num_allocs_failed_limit: 0.
num_arena_births: 214.
num_arena_deaths: 0.
num_vsnodes_births: 4.
num_vsnodes_deaths: 0.
num_space_committed: 326.
num_space_uncommitted: 0.
num_chunks_returned_to_freelist: 0.
num_chunks_taken_from_freelist: 856.
num_chunk_merges: 0.
num_chunk_splits: 580.
num_chunks_enlarged: 463.
num_purges: 0.
num_inconsistent_stats: 0.

CodeHeap 'non-profiled nmethods': size=120000Kb used=1524Kb max_used=1524Kb free=118475Kb
 bounds [0x0000022407ad0000, 0x0000022407d40000, 0x000002240f000000]
CodeHeap 'profiled nmethods': size=120000Kb used=7120Kb max_used=7120Kb free=112879Kb
 bounds [0x00000224005a0000, 0x0000022400ca0000, 0x0000022407ad0000]
CodeHeap 'non-nmethods': size=5760Kb used=1452Kb max_used=1507Kb free=4307Kb
 bounds [0x0000022400000000, 0x0000022400270000, 0x00000224005a0000]
 total_blobs=4388 nmethods=3571 adapters=728
 compilation: enabled
              stopped_count=0, restarted_count=0
 full_count=0

Compilation events (20 events):
Event: 38.737 Thread 0x000002241a542d20 nmethod 3565 0x0000022400c8ed90 code [0x0000022400c8f080, 0x0000022400c904d8]
Event: 38.737 Thread 0x000002241a542d20 3566       3       com.sun.javafx.event.EventRedirector::dispatchCapturingEvent (52 bytes)
Event: 38.738 Thread 0x000002241a542d20 nmethod 3566 0x0000022400c90a90 code [0x0000022400c90c80, 0x0000022400c91308]
Event: 38.738 Thread 0x000002241a542d20 3567       3       com.sun.javafx.event.EventRedirector::redirectEvent (97 bytes)
Event: 38.739 Thread 0x000002241a542d20 nmethod 3567 0x0000022400c91490 code [0x0000022400c916e0, 0x0000022400c92238]
Event: 38.740 Thread 0x000002241a542d20 3568       3       java.util.concurrent.CopyOnWriteArrayList::isEmpty (13 bytes)
Event: 38.740 Thread 0x000002241a542d20 nmethod 3568 0x0000022400c92590 code [0x0000022400c92740, 0x0000022400c92938]
Event: 38.740 Thread 0x000002241a542d20 3569       3       com.sun.javafx.event.BasicEventDispatcher::dispatchCapturingEvent (2 bytes)
Event: 38.740 Thread 0x000002241a542d20 nmethod 3569 0x0000022400c92a10 code [0x0000022400c92ba0, 0x0000022400c92cb8]
Event: 38.743 Thread 0x000002241a542d20 3570       3       javafx.scene.Scene$TargetWrapper::clear (12 bytes)
Event: 38.744 Thread 0x000002241a542d20 nmethod 3570 0x0000022400c92d90 code [0x0000022400c92f20, 0x0000022400c93138]
Event: 38.765 Thread 0x000002241a542d20 3571       3       javafx.scene.Scene$MouseHandler::clearPDREventTargets (55 bytes)
Event: 38.766 Thread 0x000002241a542d20 nmethod 3571 0x0000022400c93210 code [0x0000022400c93400, 0x0000022400c93ae8]
Event: 38.793 Thread 0x000002241a542d20 3572       3       com.sun.glass.ui.View::getWindow (8 bytes)
Event: 38.794 Thread 0x000002241a542d20 nmethod 3572 0x0000022400c93c90 code [0x0000022400c93e60, 0x0000022400c941b8]
Event: 86.177 Thread 0x000002241a536e20 3573       4       com.sun.javafx.tk.quantum.QuantumToolkit::postPulse (133 bytes)
Event: 86.267 Thread 0x000002241a536e20 nmethod 3573 0x0000022407c4b410 code [0x0000022407c4b600, 0x0000022407c4c6c8]
Event: 87.186 Thread 0x000002241a536e20 3574       4       com.sun.javafx.tk.quantum.QuantumToolkit$$Lambda$83/0x0000000800c31a70::run (8 bytes)
Event: 87.189 Thread 0x000002241a536e20 nmethod 3574 0x0000022407c4cf90 code [0x0000022407c4d120, 0x0000022407c4d218]
Event: 107.871 Thread 0x000002241a542d20 3575       3       jdk.internal.org.objectweb.asm.Type::getClassName (172 bytes)

GC Heap History (4 events):
Event: 1.264 GC heap before
{Heap before GC invocations=0 (full 0):
 garbage-first heap   total 260096K, used 20480K [0x0000000703800000, 0x0000000800000000)
  region size 2048K, 11 young (22528K), 0 survivors (0K)
 Metaspace       used 5001K, committed 5184K, reserved 1056768K
  class space    used 577K, committed 640K, reserved 1048576K
}
Event: 1.273 GC heap after
{Heap after GC invocations=1 (full 0):
 garbage-first heap   total 260096K, used 3471K [0x0000000703800000, 0x0000000800000000)
  region size 2048K, 2 young (4096K), 2 survivors (4096K)
 Metaspace       used 5001K, committed 5184K, reserved 1056768K
  class space    used 577K, committed 640K, reserved 1048576K
}
Event: 2.602 GC heap before
{Heap before GC invocations=1 (full 0):
 garbage-first heap   total 260096K, used 38287K [0x0000000703800000, 0x0000000800000000)
  region size 2048K, 19 young (38912K), 2 survivors (4096K)
 Metaspace       used 13345K, committed 13504K, reserved 1064960K
  class space    used 1969K, committed 2048K, reserved 1048576K
}
Event: 2.614 GC heap after
{Heap after GC invocations=2 (full 0):
 garbage-first heap   total 260096K, used 7401K [0x0000000703800000, 0x0000000800000000)
  region size 2048K, 3 young (6144K), 3 survivors (6144K)
 Metaspace       used 13345K, committed 13504K, reserved 1064960K
  class space    used 1969K, committed 2048K, reserved 1048576K
}

Deoptimization events (20 events):
Event: 23.197 Thread 0x000002241ba11070 DEOPT PACKING pc=0x0000022400b9cdbe sp=0x00000081ac2f8a20
Event: 23.197 Thread 0x000002241ba11070 DEOPT UNPACKING pc=0x0000022400052b43 sp=0x00000081ac2f7e78 mode 0
Event: 23.197 Thread 0x000002241ba11070 DEOPT PACKING pc=0x0000022400b9ce96 sp=0x00000081ac2f8c30
Event: 23.197 Thread 0x000002241ba11070 DEOPT UNPACKING pc=0x0000022400052b43 sp=0x00000081ac2f8088 mode 0
Event: 23.197 Thread 0x000002241ba11070 DEOPT PACKING pc=0x0000022400b9ce96 sp=0x00000081ac2f8a40
Event: 23.197 Thread 0x000002241ba11070 DEOPT UNPACKING pc=0x0000022400052b43 sp=0x00000081ac2f7e98 mode 0
Event: 23.198 Thread 0x000002241ba11070 DEOPT PACKING pc=0x0000022400b9ce96 sp=0x00000081ac2f8b20
Event: 23.198 Thread 0x000002241ba11070 DEOPT UNPACKING pc=0x0000022400052b43 sp=0x00000081ac2f7f78 mode 0
Event: 23.198 Thread 0x000002241ba11070 DEOPT PACKING pc=0x0000022400b3e41b sp=0x00000081ac2f8f00
Event: 23.198 Thread 0x000002241ba11070 DEOPT UNPACKING pc=0x0000022400052b43 sp=0x00000081ac2f83d8 mode 0
Event: 23.213 Thread 0x000002241ba11070 Uncommon trap: trap_request=0xffffff45 fr.pc=0x0000022407c09c60 relative=0x00000000000020e0
Event: 23.213 Thread 0x000002241ba11070 Uncommon trap: reason=unstable_if action=reinterpret pc=0x0000022407c09c60 method=com.sun.crypto.provider.PBKDF2KeyImpl.deriveKey(Ljavax/crypto/Mac;[B[BII)[B @ 172 c2
Event: 23.213 Thread 0x000002241ba11070 DEOPT PACKING pc=0x0000022407c09c60 sp=0x00000081ac2f8ed0
Event: 23.213 Thread 0x000002241ba11070 DEOPT UNPACKING pc=0x00000224000523a3 sp=0x00000081ac2f8ed8 mode 2
Event: 23.221 Thread 0x000002241ba11070 DEOPT PACKING pc=0x0000022400b9ce96 sp=0x00000081ac2f8d10
Event: 23.221 Thread 0x000002241ba11070 DEOPT UNPACKING pc=0x0000022400052b43 sp=0x00000081ac2f8168 mode 0
Event: 23.501 Thread 0x000002241ba11070 Uncommon trap: trap_request=0xffffff45 fr.pc=0x0000022407c26aa0 relative=0x0000000000000b80
Event: 23.501 Thread 0x000002241ba11070 Uncommon trap: reason=unstable_if action=reinterpret pc=0x0000022407c26aa0 method=javafx.scene.CssStyleHelper.getStyle(Ljavafx/css/Styleable;Ljava/lang/String;Lcom/sun/javafx/css/StyleMap;Ljava/util/Set;)Lcom/sun/javafx/css/CascadingStyle; @ 8 c2
Event: 23.501 Thread 0x000002241ba11070 DEOPT PACKING pc=0x0000022407c26aa0 sp=0x00000081ac2f9db0
Event: 23.501 Thread 0x000002241ba11070 DEOPT UNPACKING pc=0x00000224000523a3 sp=0x00000081ac2f9d38 mode 2

Classes unloaded (0 events):
No events

Classes redefined (0 events):
No events

Internal exceptions (20 events):
Event: 2.712 Thread 0x000002241ba11070 Exception <a 'java/lang/NoSuchMethodError'{0x00000007134a45f8}: 'long java.lang.invoke.DirectMethodHandle$Holder.invokeStaticInit(java.lang.Object, java.lang.Object, java.lang.Object)'> (0x00000007134a45f8) 
thrown [t:\workspace\open\src\hotspot\share\interpreter\linkResolver.cpp, line 766]
Event: 2.719 Thread 0x000002241ba11070 Exception <a 'java/lang/NoSuchMethodError'{0x00000007134bc200}: 'java.lang.Object java.lang.invoke.DirectMethodHandle$Holder.newInvokeSpecial(java.lang.Object, java.lang.Object, long)'> (0x00000007134bc200) 
thrown [t:\workspace\open\src\hotspot\share\interpreter\linkResolver.cpp, line 766]
Event: 2.720 Thread 0x000002241ba11070 Exception <a 'java/lang/NoSuchMethodError'{0x00000007134bfd70}: 'java.lang.Object java.lang.invoke.Invokers$Holder.linkToTargetMethod(java.lang.Object, long, java.lang.Object)'> (0x00000007134bfd70) 
thrown [t:\workspace\open\src\hotspot\share\interpreter\linkResolver.cpp, line 766]
Event: 21.910 Thread 0x000002241ba11070 Exception <a 'sun/nio/fs/WindowsException'{0x0000000712aee780}> (0x0000000712aee780) 
thrown [t:\workspace\open\src\hotspot\share\prims\jni.cpp, line 516]
Event: 21.923 Thread 0x000002241ba11070 Exception <a 'sun/nio/fs/WindowsException'{0x0000000712b1c170}> (0x0000000712b1c170) 
thrown [t:\workspace\open\src\hotspot\share\prims\jni.cpp, line 516]
Event: 21.931 Thread 0x000002241ba11070 Exception <a 'java/lang/NoSuchMethodError'{0x0000000712b222a0}: 'java.lang.Object java.lang.invoke.DirectMethodHandle$Holder.invokeVirtual(java.lang.Object, java.lang.Object, java.lang.Object, java.lang.Object)'> (0x0000000712b222a0) 
thrown [t:\workspace\open\src\hotspot\share\interpreter\linkResolver.cpp, line 766]
Event: 21.965 Thread 0x000002241ba11070 Exception <a 'java/lang/NoSuchMethodError'{0x0000000712b6f1c0}: 'int java.lang.invoke.DirectMethodHandle$Holder.invokeStatic(java.lang.Object, java.lang.Object, java.lang.Object, java.lang.Object)'> (0x0000000712b6f1c0) 
thrown [t:\workspace\open\src\hotspot\share\interpreter\linkResolver.cpp, line 766]
Event: 21.966 Thread 0x000002241ba11070 Exception <a 'java/lang/NoSuchMethodError'{0x0000000712b72f18}: 'int java.lang.invoke.DirectMethodHandle$Holder.invokeStaticInit(java.lang.Object, java.lang.Object, java.lang.Object, java.lang.Object)'> (0x0000000712b72f18) 
thrown [t:\workspace\open\src\hotspot\share\interpreter\linkResolver.cpp, line 766]
Event: 21.969 Thread 0x000002241ba11070 Exception <a 'java/lang/NoSuchMethodError'{0x0000000712b7ca10}: 'java.lang.Object java.lang.invoke.DirectMethodHandle$Holder.invokeInterface(java.lang.Object, java.lang.Object)'> (0x0000000712b7ca10) 
thrown [t:\workspace\open\src\hotspot\share\interpreter\linkResolver.cpp, line 766]
Event: 21.970 Thread 0x000002241ba11070 Exception <a 'java/lang/IncompatibleClassChangeError'{0x0000000712b80758}: Found class java.lang.Object, but interface was expected> (0x0000000712b80758) 
thrown [t:\workspace\open\src\hotspot\share\interpreter\linkResolver.cpp, line 833]
Event: 22.128 Thread 0x000002241ba11070 Exception <a 'java/lang/NoSuchMethodError'{0x000000071283d1b0}: 'int java.lang.invoke.DirectMethodHandle$Holder.invokeSpecial(java.lang.Object, java.lang.Object, java.lang.Object)'> (0x000000071283d1b0) 
thrown [t:\workspace\open\src\hotspot\share\interpreter\linkResolver.cpp, line 766]
Event: 22.290 Thread 0x000002241ba11070 Exception <a 'java/lang/NoSuchMethodError'{0x00000007128a5878}: 'java.lang.Object java.lang.invoke.DirectMethodHandle$Holder.invokeStaticInit(java.lang.Object, int, int, int, int)'> (0x00000007128a5878) 
thrown [t:\workspace\open\src\hotspot\share\interpreter\linkResolver.cpp, line 766]
Event: 22.544 Thread 0x000002241ba11070 Exception <a 'java/lang/NoSuchMethodError'{0x00000007126919f8}: 'java.lang.Object java.lang.invoke.DirectMethodHandle$Holder.invokeStaticInit(java.lang.Object, java.lang.Object, int, int, int, int)'> (0x00000007126919f8) 
thrown [t:\workspace\open\src\hotspot\share\interpreter\linkResolver.cpp, line 766]
Event: 22.720 Thread 0x000002241ba11070 Exception <a 'sun/nio/fs/WindowsException'{0x0000000712418f48}> (0x0000000712418f48) 
thrown [t:\workspace\open\src\hotspot\share\prims\jni.cpp, line 516]
Event: 22.730 Thread 0x000002241ba11070 Exception <a 'sun/nio/fs/WindowsException'{0x000000071242ee10}> (0x000000071242ee10) 
thrown [t:\workspace\open\src\hotspot\share\prims\jni.cpp, line 516]
Event: 23.192 Thread 0x000002241ba11070 Implicit null exception at 0x0000022407bf25d3 to 0x0000022407bf2e28
Event: 23.192 Thread 0x000002241ba11070 Implicit null exception at 0x0000022407bff653 to 0x0000022407bfffa4
Event: 23.248 Thread 0x000002241ba11070 Exception <a 'sun/nio/fs/WindowsException'{0x00000007121e5fb0}> (0x00000007121e5fb0) 
thrown [t:\workspace\open\src\hotspot\share\prims\jni.cpp, line 516]
Event: 23.249 Thread 0x000002241ba11070 Exception <a 'sun/nio/fs/WindowsException'{0x00000007121e83b8}> (0x00000007121e83b8) 
thrown [t:\workspace\open\src\hotspot\share\prims\jni.cpp, line 516]
Event: 23.254 Thread 0x000002241ba11070 Exception <a 'sun/nio/fs/WindowsException'{0x0000000711e06178}> (0x0000000711e06178) 
thrown [t:\workspace\open\src\hotspot\share\prims\jni.cpp, line 516]

VM Operations (20 events):
Event: 22.857 Executing VM operation: HandshakeAllThreads done
Event: 23.243 Executing VM operation: HandshakeAllThreads
Event: 23.243 Executing VM operation: HandshakeAllThreads done
Event: 23.321 Executing VM operation: HandshakeAllThreads
Event: 23.321 Executing VM operation: HandshakeAllThreads done
Event: 23.328 Executing VM operation: HandshakeAllThreads
Event: 23.328 Executing VM operation: HandshakeAllThreads done
Event: 23.506 Executing VM operation: ICBufferFull
Event: 23.506 Executing VM operation: ICBufferFull done
Event: 23.646 Executing VM operation: HandshakeAllThreads
Event: 23.646 Executing VM operation: HandshakeAllThreads done
Event: 24.645 Executing VM operation: Cleanup
Event: 24.646 Executing VM operation: Cleanup done
Event: 26.646 Executing VM operation: Cleanup
Event: 26.646 Executing VM operation: Cleanup done
Event: 38.653 Executing VM operation: Cleanup
Event: 38.653 Executing VM operation: Cleanup done
Event: 39.653 Executing VM operation: Cleanup
Event: 39.654 Executing VM operation: Cleanup done
Event: 107.872 Executing VM operation: Exit

Events (20 events):
Event: 23.249 loading class java/util/ResourceBundle$Control$2 done
Event: 23.251 loading class java/util/ResourceBundle$Control$1
Event: 23.251 loading class java/util/ResourceBundle$Control$1 done
Event: 23.254 loading class java/text/MessageFormat
Event: 23.255 loading class java/text/MessageFormat done
Event: 23.255 loading class java/text/MessageFormat$Field
Event: 23.255 loading class java/text/MessageFormat$Field done
Event: 23.257 loading class java/lang/Throwable$WrappedPrintStream
Event: 23.257 loading class java/lang/Throwable$PrintStreamOrWriter
Event: 23.257 loading class java/lang/Throwable$PrintStreamOrWriter done
Event: 23.257 loading class java/lang/Throwable$WrappedPrintStream done
Event: 25.324 Thread 0x00000224205e13d0 Thread exited: 0x00000224205e13d0
Event: 25.329 Thread 0x00000224205e18e0 Thread exited: 0x00000224205e18e0
Event: 107.864 loading class jdk/internal/misc/Signal$1
Event: 107.864 loading class jdk/internal/misc/Signal$1 done
Event: 107.865 Thread 0x0000022423dfae80 Thread added: 0x0000022423dfae80
Event: 107.866 Thread 0x0000022423df9670 Thread added: 0x0000022423df9670
Event: 107.867 Thread 0x0000022423dfb820 Thread added: 0x0000022423dfb820
Event: 107.868 Thread 0x0000022423df9670 Thread exited: 0x0000022423df9670
Event: 107.872 Thread 0x0000022423dfb820 Thread exited: 0x0000022423dfb820


Dynamic libraries:
0x00007ff6cbd80000 - 0x00007ff6cbd90000 	C:\Program Files\Java\jdk-17.0.2\bin\java.exe
0x00007ff942550000 - 0x00007ff942748000 	C:\WINDOWS\SYSTEM32\ntdll.dll
0x00007ff941cb0000 - 0x00007ff941d6f000 	C:\WINDOWS\System32\KERNEL32.DLL
0x00007ff93fc50000 - 0x00007ff93ff22000 	C:\WINDOWS\System32\KERNELBASE.dll
0x00007ff9401c0000 - 0x00007ff9402c0000 	C:\WINDOWS\System32\ucrtbase.dll
0x00007ff93a8d0000 - 0x00007ff93a8e8000 	C:\Program Files\Java\jdk-17.0.2\bin\jli.dll
0x00007ff93a8b0000 - 0x00007ff93a8ca000 	C:\Program Files\Java\jdk-17.0.2\bin\VCRUNTIME140.dll
0x00007ff940be0000 - 0x00007ff940c8e000 	C:\WINDOWS\System32\ADVAPI32.dll
0x00007ff942190000 - 0x00007ff94222e000 	C:\WINDOWS\System32\msvcrt.dll
0x00007ff940dc0000 - 0x00007ff940e5c000 	C:\WINDOWS\System32\sechost.dll
0x00007ff9405a0000 - 0x00007ff9406c5000 	C:\WINDOWS\System32\RPCRT4.dll
0x00007ff9422f0000 - 0x00007ff94248d000 	C:\WINDOWS\System32\USER32.dll
0x00007ff91b880000 - 0x00007ff91bb1a000 	C:\WINDOWS\WinSxS\amd64_microsoft.windows.common-controls_6595b64144ccf1df_6.0.19041.1110_none_60b5254171f9507e\COMCTL32.dll
0x00007ff93ffe0000 - 0x00007ff940002000 	C:\WINDOWS\System32\win32u.dll
0x00007ff941000000 - 0x00007ff94102b000 	C:\WINDOWS\System32\GDI32.dll
0x00007ff9400b0000 - 0x00007ff9401bf000 	C:\WINDOWS\System32\gdi32full.dll
0x00007ff940010000 - 0x00007ff9400ad000 	C:\WINDOWS\System32\msvcp_win.dll
0x00007ff9374a0000 - 0x00007ff9374aa000 	C:\WINDOWS\SYSTEM32\VERSION.dll
0x00007ff940e60000 - 0x00007ff940e92000 	C:\WINDOWS\System32\IMM32.DLL
0x00007ff93a8a0000 - 0x00007ff93a8ac000 	C:\Program Files\Java\jdk-17.0.2\bin\vcruntime140_1.dll
0x00007ff917af0000 - 0x00007ff917b7d000 	C:\Program Files\Java\jdk-17.0.2\bin\msvcp140.dll
0x00007ff8f9220000 - 0x00007ff8f9de1000 	C:\Program Files\Java\jdk-17.0.2\bin\server\jvm.dll
0x00007ff941f20000 - 0x00007ff941f28000 	C:\WINDOWS\System32\PSAPI.DLL
0x00007ff916c40000 - 0x00007ff916c67000 	C:\WINDOWS\SYSTEM32\WINMM.dll
0x00007ff929c50000 - 0x00007ff929c59000 	C:\WINDOWS\SYSTEM32\WSOCK32.dll
0x00007ff9424a0000 - 0x00007ff94250b000 	C:\WINDOWS\System32\WS2_32.dll
0x00007ff93dcb0000 - 0x00007ff93dcc2000 	C:\WINDOWS\SYSTEM32\kernel.appcore.dll
0x00007ff93a890000 - 0x00007ff93a89a000 	C:\Program Files\Java\jdk-17.0.2\bin\jimage.dll
0x00007ff93d860000 - 0x00007ff93da44000 	C:\WINDOWS\SYSTEM32\DBGHELP.DLL
0x00007ff92d440000 - 0x00007ff92d46c000 	C:\WINDOWS\SYSTEM32\dbgcore.DLL
0x00007ff940380000 - 0x00007ff940402000 	C:\WINDOWS\System32\bcryptPrimitives.dll
0x00007ff93a800000 - 0x00007ff93a80e000 	C:\Program Files\Java\jdk-17.0.2\bin\instrument.dll
0x00007ff937160000 - 0x00007ff937185000 	C:\Program Files\Java\jdk-17.0.2\bin\java.dll
0x00007ff917890000 - 0x00007ff917966000 	C:\Program Files\Java\jdk-17.0.2\bin\jsvml.dll
0x00007ff941030000 - 0x00007ff941773000 	C:\WINDOWS\System32\SHELL32.dll
0x00007ff93dcd0000 - 0x00007ff93e462000 	C:\WINDOWS\SYSTEM32\windows.storage.dll
0x00007ff940880000 - 0x00007ff940bd4000 	C:\WINDOWS\System32\combase.dll
0x00007ff93f5d0000 - 0x00007ff93f600000 	C:\WINDOWS\SYSTEM32\Wldp.dll
0x00007ff941f30000 - 0x00007ff941fdd000 	C:\WINDOWS\System32\SHCORE.dll
0x00007ff942290000 - 0x00007ff9422e5000 	C:\WINDOWS\System32\shlwapi.dll
0x00007ff93fb90000 - 0x00007ff93fbaf000 	C:\WINDOWS\SYSTEM32\profapi.dll
0x00007ff9372c0000 - 0x00007ff9372d9000 	C:\Program Files\Java\jdk-17.0.2\bin\net.dll
0x00007ff9392c0000 - 0x00007ff9393cc000 	C:\WINDOWS\SYSTEM32\WINHTTP.dll
0x00007ff93f3b0000 - 0x00007ff93f41a000 	C:\WINDOWS\system32\mswsock.dll
0x00007ff937140000 - 0x00007ff937156000 	C:\Program Files\Java\jdk-17.0.2\bin\nio.dll
0x00007ff92cc80000 - 0x00007ff92cc98000 	C:\Program Files\Java\jdk-17.0.2\bin\zip.dll
0x00007ff928cc0000 - 0x00007ff928cda000 	C:\Program Files\JetBrains\IntelliJ IDEA Community Edition 2021.3.2\bin\breakgen64.dll
0x000002241a6a0000 - 0x000002241a6a3000 	C:\Users\яв \.openjfx\cache\17.0.1\api-ms-win-core-console-l1-1-0.dll
0x000002241a6b0000 - 0x000002241a6b3000 	C:\Users\яв \.openjfx\cache\17.0.1\api-ms-win-core-console-l1-2-0.dll
0x000002241a6c0000 - 0x000002241a6c3000 	C:\Users\яв \.openjfx\cache\17.0.1\api-ms-win-core-datetime-l1-1-0.dll
0x000002241a6d0000 - 0x000002241a6d3000 	C:\Users\яв \.openjfx\cache\17.0.1\api-ms-win-core-debug-l1-1-0.dll
0x000002241a6e0000 - 0x000002241a6e3000 	C:\Users\яв \.openjfx\cache\17.0.1\api-ms-win-core-errorhandling-l1-1-0.dll
0x000002241a6f0000 - 0x000002241a6f4000 	C:\Users\яв \.openjfx\cache\17.0.1\api-ms-win-core-file-l1-1-0.dll
0x000002241a700000 - 0x000002241a703000 	C:\Users\яв \.openjfx\cache\17.0.1\api-ms-win-core-file-l1-2-0.dll
0x000002241a710000 - 0x000002241a713000 	C:\Users\яв \.openjfx\cache\17.0.1\api-ms-win-core-file-l2-1-0.dll
0x000002241a720000 - 0x000002241a723000 	C:\Users\яв \.openjfx\cache\17.0.1\api-ms-win-core-handle-l1-1-0.dll
0x000002241a730000 - 0x000002241a733000 	C:\Users\яв \.openjfx\cache\17.0.1\api-ms-win-core-heap-l1-1-0.dll
0x000002241a740000 - 0x000002241a743000 	C:\Users\яв \.openjfx\cache\17.0.1\api-ms-win-core-interlocked-l1-1-0.dll
0x000002241a750000 - 0x000002241a753000 	C:\Users\яв \.openjfx\cache\17.0.1\api-ms-win-core-libraryloader-l1-1-0.dll
0x000002241a760000 - 0x000002241a763000 	C:\Users\яв \.openjfx\cache\17.0.1\api-ms-win-core-localization-l1-2-0.dll
0x000002241a770000 - 0x000002241a773000 	C:\Users\яв \.openjfx\cache\17.0.1\api-ms-win-core-memory-l1-1-0.dll
0x000002241a780000 - 0x000002241a783000 	C:\Users\яв \.openjfx\cache\17.0.1\api-ms-win-core-namedpipe-l1-1-0.dll
0x000002241a790000 - 0x000002241a793000 	C:\Users\яв \.openjfx\cache\17.0.1\api-ms-win-core-processenvironment-l1-1-0.dll
0x000002241a7a0000 - 0x000002241a7a3000 	C:\Users\яв \.openjfx\cache\17.0.1\api-ms-win-core-processthreads-l1-1-0.dll
0x000002241a7b0000 - 0x000002241a7b3000 	C:\Users\яв \.openjfx\cache\17.0.1\api-ms-win-core-processthreads-l1-1-1.dll
0x000002241a7c0000 - 0x000002241a7c3000 	C:\Users\яв \.openjfx\cache\17.0.1\api-ms-win-core-profile-l1-1-0.dll
0x000002241a7d0000 - 0x000002241a7d3000 	C:\Users\яв \.openjfx\cache\17.0.1\api-ms-win-core-rtlsupport-l1-1-0.dll
0x000002241a7e0000 - 0x000002241a7e3000 	C:\Users\яв \.openjfx\cache\17.0.1\api-ms-win-core-string-l1-1-0.dll
0x000002241a7f0000 - 0x000002241a7f3000 	C:\Users\яв \.openjfx\cache\17.0.1\api-ms-win-core-synch-l1-1-0.dll
0x000002241bc00000 - 0x000002241bc03000 	C:\Users\яв \.openjfx\cache\17.0.1\api-ms-win-core-synch-l1-2-0.dll
0x000002241bc10000 - 0x000002241bc13000 	C:\Users\яв \.openjfx\cache\17.0.1\api-ms-win-core-sysinfo-l1-1-0.dll
0x000002241bc20000 - 0x000002241bc23000 	C:\Users\яв \.openjfx\cache\17.0.1\api-ms-win-core-timezone-l1-1-0.dll
0x000002241bc30000 - 0x000002241bc33000 	C:\Users\яв \.openjfx\cache\17.0.1\api-ms-win-core-util-l1-1-0.dll
0x000002241bc40000 - 0x000002241bc43000 	C:\Users\яв \.openjfx\cache\17.0.1\api-ms-win-crt-conio-l1-1-0.dll
0x000002241bc50000 - 0x000002241bc54000 	C:\Users\яв \.openjfx\cache\17.0.1\api-ms-win-crt-convert-l1-1-0.dll
0x000002241bc60000 - 0x000002241bc63000 	C:\Users\яв \.openjfx\cache\17.0.1\api-ms-win-crt-environment-l1-1-0.dll
0x000002241bc70000 - 0x000002241bc73000 	C:\Users\яв \.openjfx\cache\17.0.1\api-ms-win-crt-filesystem-l1-1-0.dll
0x000002241bc80000 - 0x000002241bc83000 	C:\Users\яв \.openjfx\cache\17.0.1\api-ms-win-crt-heap-l1-1-0.dll
0x000002241bc90000 - 0x000002241bc93000 	C:\Users\яв \.openjfx\cache\17.0.1\api-ms-win-crt-locale-l1-1-0.dll
0x000002241bca0000 - 0x000002241bca5000 	C:\Users\яв \.openjfx\cache\17.0.1\api-ms-win-crt-math-l1-1-0.dll
0x000002241bcb0000 - 0x000002241bcb5000 	C:\Users\яв \.openjfx\cache\17.0.1\api-ms-win-crt-multibyte-l1-1-0.dll
0x000002241bcc0000 - 0x000002241bcd0000 	C:\Users\яв \.openjfx\cache\17.0.1\api-ms-win-crt-private-l1-1-0.dll
0x000002241bcd0000 - 0x000002241bcd3000 	C:\Users\яв \.openjfx\cache\17.0.1\api-ms-win-crt-process-l1-1-0.dll
0x000002241bce0000 - 0x000002241bce4000 	C:\Users\яв \.openjfx\cache\17.0.1\api-ms-win-crt-runtime-l1-1-0.dll
0x000002241bcf0000 - 0x000002241bcf4000 	C:\Users\яв \.openjfx\cache\17.0.1\api-ms-win-crt-stdio-l1-1-0.dll
0x000002241bd00000 - 0x000002241bd04000 	C:\Users\яв \.openjfx\cache\17.0.1\api-ms-win-crt-string-l1-1-0.dll
0x000002241bd10000 - 0x000002241bd13000 	C:\Users\яв \.openjfx\cache\17.0.1\api-ms-win-crt-time-l1-1-0.dll
0x000002241bd20000 - 0x000002241bd23000 	C:\Users\яв \.openjfx\cache\17.0.1\api-ms-win-crt-utility-l1-1-0.dll
0x00007ff915d60000 - 0x00007ff915e5c000 	C:\Users\яв \.openjfx\cache\17.0.1\ucrtbase.dll
0x00007ff927f00000 - 0x00007ff927f1a000 	C:\Users\яв \.openjfx\cache\17.0.1\vcruntime140.dll
0x00007ff928c90000 - 0x00007ff928c9c000 	C:\Users\яв \.openjfx\cache\17.0.1\vcruntime140_1.dll
0x00007ff915cd0000 - 0x00007ff915d5d000 	C:\Users\яв \.openjfx\cache\17.0.1\msvcp140.dll
0x00007ff927ed0000 - 0x00007ff927efa000 	C:\Users\яв \.openjfx\cache\17.0.1\prism_d3d.dll
0x00007ff8d0de0000 - 0x00007ff8d0faf000 	C:\WINDOWS\system32\d3d9.dll
0x00007ff93d420000 - 0x00007ff93d44f000 	C:\WINDOWS\SYSTEM32\dwmapi.dll
0x00007ff93c1e0000 - 0x00007ff93c27e000 	C:\WINDOWS\system32\uxtheme.dll
0x00007ff8d0c30000 - 0x00007ff8d0dd2000 	C:\WINDOWS\System32\DriverStore\FileRepository\iigd_dch.inf_amd64_52ad2da9d64c0488\igdumdim64.dll
0x00007ff940c90000 - 0x00007ff940dba000 	C:\WINDOWS\System32\ole32.dll
0x00007ff8ccbc0000 - 0x00007ff8d07d0000 	C:\WINDOWS\System32\DriverStore\FileRepository\iigd_dch.inf_amd64_52ad2da9d64c0488\igd9dxva64.dll
0x00007ff941d70000 - 0x00007ff941e3d000 	C:\WINDOWS\System32\OLEAUT32.dll
0x00007ff941780000 - 0x00007ff941be8000 	C:\WINDOWS\System32\SETUPAPI.dll
0x00007ff9402c0000 - 0x00007ff94030e000 	C:\WINDOWS\System32\cfgmgr32.dll
0x00007ff940410000 - 0x00007ff940437000 	C:\WINDOWS\System32\bcrypt.dll
0x00007ff9224b0000 - 0x00007ff922877000 	C:\WINDOWS\System32\DriverStore\FileRepository\iigd_dch.inf_amd64_52ad2da9d64c0488\igdgmm64.dll
0x00007ff91e1f0000 - 0x00007ff91e232000 	C:\Users\яв \.openjfx\cache\17.0.1\glass.dll
0x00007ff941e40000 - 0x00007ff941f1a000 	C:\WINDOWS\System32\COMDLG32.dll
0x00007ff941fe0000 - 0x00007ff9420f5000 	C:\WINDOWS\System32\MSCTF.dll
0x00007ff8e7f90000 - 0x00007ff8e7fb7000 	C:\WINDOWS\System32\DriverStore\FileRepository\iigd_dch.inf_amd64_52ad2da9d64c0488\igdinfo64.dll
0x00007ff93f610000 - 0x00007ff93f628000 	C:\WINDOWS\SYSTEM32\CRYPTSP.dll
0x00007ff93ec80000 - 0x00007ff93ecb4000 	C:\WINDOWS\system32\rsaenh.dll
0x00007ff93f540000 - 0x00007ff93f54c000 	C:\WINDOWS\SYSTEM32\CRYPTBASE.dll
0x00007ff91ec90000 - 0x00007ff922242000 	C:\WINDOWS\System32\DriverStore\FileRepository\iigd_dch.inf_amd64_52ad2da9d64c0488\igc64.dll
0x00007ff938fc0000 - 0x00007ff938ffb000 	C:\WINDOWS\SYSTEM32\dxcore.dll
0x00007ff917db0000 - 0x00007ff917dc4000 	C:\Users\яв \.openjfx\cache\17.0.1\javafx_font.dll
0x00007ff922880000 - 0x00007ff922aff000 	C:\WINDOWS\SYSTEM32\dwrite.dll
0x00007ff929f60000 - 0x00007ff92a114000 	C:\WINDOWS\SYSTEM32\WindowsCodecs.dll
0x00007ff906eb0000 - 0x00007ff906eee000 	C:\WINDOWS\system32\dataexchange.dll
0x00007ff93b5d0000 - 0x00007ff93b7b3000 	C:\WINDOWS\system32\dcomp.dll
0x00007ff93b360000 - 0x00007ff93b5c3000 	C:\WINDOWS\system32\d3d11.dll
0x00007ff93e4d0000 - 0x00007ff93e5c3000 	C:\WINDOWS\system32\dxgi.dll
0x00007ff9364b0000 - 0x00007ff9366b0000 	C:\WINDOWS\system32\twinapi.appcore.dll
0x00007ff902480000 - 0x00007ff9024b4000 	C:\Program Files\Common Files\Microsoft Shared\Ink\rtscom.dll
0x00007ff927930000 - 0x00007ff927a29000 	C:\WINDOWS\SYSTEM32\textinputframework.dll
0x00007ff93bc40000 - 0x00007ff93bf9e000 	C:\WINDOWS\System32\CoreUIComponents.dll
0x00007ff93bb40000 - 0x00007ff93bc32000 	C:\WINDOWS\System32\CoreMessaging.dll
0x00007ff93eda0000 - 0x00007ff93edd3000 	C:\WINDOWS\SYSTEM32\ntmarta.dll
0x00007ff93c430000 - 0x00007ff93c584000 	C:\WINDOWS\SYSTEM32\wintypes.dll
0x00007ff93f0b0000 - 0x00007ff93f17a000 	C:\WINDOWS\SYSTEM32\DNSAPI.dll

dbghelp: loaded successfully - version: 4.0.5 - missing functions: none
symbol engine: initialized successfully - sym options: 0x614 - pdb path: .;C:\Program Files\Java\jdk-17.0.2\bin;C:\WINDOWS\SYSTEM32;C:\WINDOWS\WinSxS\amd64_microsoft.windows.common-controls_6595b64144ccf1df_6.0.19041.1110_none_60b5254171f9507e;C:\Program Files\Java\jdk-17.0.2\bin\server;C:\Program Files\JetBrains\IntelliJ IDEA Community Edition 2021.3.2\bin;C:\Users\яв \.openjfx\cache\17.0.1;C:\WINDOWS\System32\DriverStore\FileRepository\iigd_dch.inf_amd64_52ad2da9d64c0488;C:\Program Files\Common Files\Microsoft Shared\Ink

VM Arguments:
jvm_args: -javaagent:C:\Program Files\JetBrains\IntelliJ IDEA Community Edition 2021.3.2\lib\idea_rt.jar=56206:C:\Program Files\JetBrains\IntelliJ IDEA Community Edition 2021.3.2\bin -Dfile.encoding=UTF-8 --module-path=C:\Users\яв \.m2\repository\org\openjfx\javafx-graphics\17.0.1\javafx-graphics-17.0.1-win.jar;C:\Users\яв \.m2\repository\org\openjfx\javafx-base\17.0.1\javafx-base-17.0.1-win.jar;D:\BD\target\classes;C:\Users\яв \.m2\repository\org\openjfx\javafx-fxml\17.0.1\javafx-fxml-17.0.1-win.jar;C:\Users\яв \.m2\repository\org\openjfx\javafx-controls\17.0.1\javafx-controls-17.0.1-win.jar -Djdk.module.main=com.example.bd 
java_command: com.example.bd/com.example.bd.HelloApplication
java_class_path (initial): C:\Users\яв \.m2\repository\org\openjfx\javafx-controls\17.0.1\javafx-controls-17.0.1.jar;C:\Users\яв \.m2\repository\org\openjfx\javafx-graphics\17.0.1\javafx-graphics-17.0.1.jar;C:\Users\яв \.m2\repository\org\openjfx\javafx-base\17.0.1\javafx-base-17.0.1.jar;C:\Users\яв \.m2\repository\org\openjfx\javafx-fxml\17.0.1\javafx-fxml-17.0.1.jar;D:\postgresql-42.5.1.jar
Launcher Type: SUN_STANDARD

[Global flags]
     intx CICompilerCount                          = 4                                         {product} {ergonomic}
     uint ConcGCThreads                            = 2                                         {product} {ergonomic}
     uint G1ConcRefinementThreads                  = 8                                         {product} {ergonomic}
   size_t G1HeapRegionSize                         = 2097152                                   {product} {ergonomic}
    uintx GCDrainStackTargetSize                   = 64                                        {product} {ergonomic}
   size_t InitialHeapSize                          = 266338304                                 {product} {ergonomic}
   size_t MarkStackSize                            = 4194304                                   {product} {ergonomic}
   size_t MaxHeapSize                              = 4236247040                                {product} {ergonomic}
   size_t MaxNewSize                               = 2541748224                                {product} {ergonomic}
   size_t MinHeapDeltaBytes                        = 2097152                                   {product} {ergonomic}
   size_t MinHeapSize                              = 8388608                                   {product} {ergonomic}
    uintx NonNMethodCodeHeapSize                   = 5839372                                {pd product} {ergonomic}
    uintx NonProfiledCodeHeapSize                  = 122909434                              {pd product} {ergonomic}
    uintx ProfiledCodeHeapSize                     = 122909434                              {pd product} {ergonomic}
    uintx ReservedCodeCacheSize                    = 251658240                              {pd product} {ergonomic}
     bool SegmentedCodeCache                       = true                                      {product} {ergonomic}
   size_t SoftMaxHeapSize                          = 4236247040                             {manageable} {ergonomic}
     bool UseCompressedClassPointers               = true                           {product lp64_product} {ergonomic}
     bool UseCompressedOops                        = true                           {product lp64_product} {ergonomic}
     bool UseG1GC                                  = true                                      {product} {ergonomic}
     bool UseLargePagesIndividualAllocation        = false                                  {pd product} {ergonomic}

Logging:
Log output configuration:
 #0: stdout all=off uptime,level,tags
 #1: stderr all=off uptime,level,tags

Environment Variables:
PATH=C:\Program Files\Microsoft\jdk-11.0.12.7-hotspot\bin;C:\Program Files\Common Files\Oracle\Java\javapath;C:\Program Files (x86)\Embarcadero\Studio\20.0\bin;C:\Users\Public\Documents\Embarcadero\Studio\20.0\Bpl;C:\Program Files (x86)\Embarcadero\Studio\20.0\bin64;C:\Users\Public\Documents\Embarcadero\Studio\20.0\Bpl\Win64;C:\WINDOWS\system32;C:\WINDOWS;C:\WINDOWS\System32\Wbem;C:\WINDOWS\System32\WindowsPowerShell\v1.0\;C:\WINDOWS\System32\OpenSSH\;C:\Program Files\dotnet\;C:\Program Files\Microsoft SQL Server\130\Tools\Binn\;C:\Program Files\Microsoft SQL Server\Client SDK\ODBC\170\Tools\Binn\;C:\Program Files (x86)\Windows Kits\10\Windows Performance Toolkit\;C:\Program Files\Microsoft SQL Server\120\Tools\Binn\;C:\Program Files\Docker\Docker\resources\bin;C:\ProgramData\DockerDesktop\version-bin;C:\Program Files\Git\cmd;C:\Program Files\PuTTY\;C:\Program Files\Microsoft SQL Server\150\Tools\Binn\;C:\Users\яв \AppData\Local\Programs\Python\Python310\Scripts\;C:\Users\яв \AppData\Local\Programs\Python\Python310\;C:\Users\яв \AppData\Local\Microsoft\WindowsApps;C:\Users\яв \.dotnet\tools;C:\Users\яв \AppData\Local\GitHubDesktop\bin;;C:\Users\яв \AppData\Local\Programs\Microsoft VS Code\bin;C:\Program Files\JetBrains\IntelliJ IDEA 2021.3.2\bin;;C:\Program Files\JetBrains\IntelliJ IDEA Community Edition 2021.3.2\bin;;C:\Program Files\JetBrains\PyCharm Community Edition 2021.3.2\bin;;C:\intelFPGA_lite\21.1\questa_fse\win64;C:\intelFPGA_lite\18.0\modelsim_ase\win32aloem;C:\Users\яв \AppData\Local\JetBrains\PyCharm 2022.1.1\bin;;C:\Program Files\heroku\bin
USERNAME=яв 
OS=Windows_NT
PROCESSOR_IDENTIFIER=Intel64 Family 6 Model 142 Stepping 12, GenuineIntel



---------------  S Y S T E M  ---------------

OS:
 Windows 10 , 64 bit Build 19041 (10.0.19041.2251)
OS uptime: 4 days 14:54 hours
Hyper-V role detected

CPU: total 8 (initial active 8) (4 cores per cpu, 2 threads per core) family 6 model 142 stepping 12 microcode 0xde, cx8, cmov, fxsr, ht, mmx, 3dnowpref, sse, sse2, sse3, ssse3, sse4.1, sse4.2, popcnt, lzcnt, tsc, tscinvbit, avx, avx2, aes, erms, clmul, bmi1, bmi2, adx, fma, vzeroupper, clflush, clflushopt, hv

Memory: 4k page, system-wide physical 16155M (1336M free)
TotalPageFile size 65088M (AvailPageFile size 541M)
current process WorkingSet (physical memory assigned to process): 177M, peak: 206M
current process commit charge ("private bytes"): 421M, peak: 450M

vm_info: Java HotSpot(TM) 64-Bit Server VM (17.0.2+8-LTS-86) for windows-amd64 JRE (17.0.2+8-LTS-86), built on Dec  7 2021 21:51:03 by "mach5one" with MS VC++ 16.8 / 16.9 (VS2019)

END.
